ARM GAS  /tmp/ccp7yYAb.s 			page 1


   1              		.cpu cortex-m0
   2              		.arch armv6s-m
   3              		.fpu softvfp
   4              		.eabi_attribute 23, 1
   5              		.eabi_attribute 24, 1
   6              		.eabi_attribute 25, 1
   7              		.eabi_attribute 26, 1
   8              		.eabi_attribute 30, 4
   9              		.eabi_attribute 34, 0
  10              		.eabi_attribute 18, 4
  11              		.file	"alc_sync.c"
  12              		.text
  13              		.section	.text.alc_sync_init,"ax",%progbits
  14              		.align	1
  15              		.global	alc_sync_init
  16              		.syntax unified
  17              		.code	16
  18              		.thumb_func
  20              	alc_sync_init:
  21              		@ args = 0, pretend = 0, frame = 0
  22              		@ frame_needed = 0, uses_anonymous_args = 0
  23              		@ link register save eliminated.
  24 0000 0023     		movs	r3, #0
  25              		@ sp needed
  26 0002 064A     		ldr	r2, .L2
  27 0004 4370     		strb	r3, [r0, #1]
  28 0006 8282     		strh	r2, [r0, #20]
  29 0008 054A     		ldr	r2, .L2+4
  30 000a 8370     		strb	r3, [r0, #2]
  31 000c 8261     		str	r2, [r0, #24]
  32 000e 054A     		ldr	r2, .L2+8
  33 0010 4382     		strh	r3, [r0, #18]
  34 0012 C361     		str	r3, [r0, #28]
  35 0014 0362     		str	r3, [r0, #32]
  36 0016 4262     		str	r2, [r0, #36]
  37 0018 0385     		strh	r3, [r0, #40]
  38 001a 7047     		bx	lr
  39              	.L3:
  40              		.align	2
  41              	.L2:
  42 001c 0FCAFFFF 		.word	-13809
  43 0020 40FA0100 		.word	129600
  44 0024 80994000 		.word	4233600
  46              		.section	.rodata.alc_sync_parser.str1.1,"aMS",%progbits,1
  47              	.LC0:
  48 0000 6C626D2F 		.ascii	"lbm/smtc_modem_core/smtc_modem_services/src/alc_syn"
  48      736D7463 
  48      5F6D6F64 
  48      656D5F63 
  48      6F72652F 
  49 0033 632F616C 		.ascii	"c/alc_sync.c\000"
  49      635F7379 
  49      6E632E63 
  49      00
  50              	.LC2:
  51 0040 494E464F 		.ascii	"INFO\000"
  51      00
ARM GAS  /tmp/ccp7yYAb.s 			page 2


  52              	.LC4:
  53 0045 25732028 		.ascii	"%s (%s:%d) \000"
  53      25733A25 
  53      64292000 
  54              	.LC6:
  55 0051 414C4320 		.ascii	"ALC Sync time correction %d s -> new GPS Time: %d s"
  55      53796E63 
  55      2074696D 
  55      6520636F 
  55      72726563 
  56 0084 0A00     		.ascii	"\012\000"
  57              	.LC8:
  58 0086 5741524E 		.ascii	"WARN\000"
  58      00
  59              	.LC10:
  60 008b 414C4320 		.ascii	"ALC Sync token mismatch: %d - %d\012\000"
  60      53796E63 
  60      20746F6B 
  60      656E206D 
  60      69736D61 
  61              	.LC12:
  62 00ad 4552524F 		.ascii	"ERROR\000"
  62      5200
  63              	.LC15:
  64 00b3 25730A00 		.ascii	"%s\012\000"
  65              	.LC18:
  66 00b7 25732049 		.ascii	"%s Illegal state\012 \000"
  66      6C6C6567 
  66      616C2073 
  66      74617465 
  66      0A2000
  67              		.section	.text.alc_sync_parser,"ax",%progbits
  68              		.align	1
  69              		.global	alc_sync_parser
  70              		.syntax unified
  71              		.code	16
  72              		.thumb_func
  74              	alc_sync_parser:
  75              		@ args = 0, pretend = 0, frame = 16
  76              		@ frame_needed = 0, uses_anonymous_args = 0
  77 0000 F0B5     		push	{r4, r5, r6, r7, lr}
  78 0002 0024     		movs	r4, #0
  79 0004 0500     		movs	r5, r0
  80 0006 85B0     		sub	sp, sp, #20
  81 0008 0191     		str	r1, [sp, #4]
  82 000a 0292     		str	r2, [sp, #8]
  83 000c 8470     		strb	r4, [r0, #2]
  84 000e 4470     		strb	r4, [r0, #1]
  85              	.L5:
  86 0010 029B     		ldr	r3, [sp, #8]
  87 0012 9C42     		cmp	r4, r3
  88 0014 00D3     		bcc	.LCB47
  89 0016 EBE0     		b	.L28	@long jump
  90              	.LCB47:
  91 0018 019B     		ldr	r3, [sp, #4]
  92 001a 185D     		ldrb	r0, [r3, r4]
  93 001c 0328     		cmp	r0, #3
ARM GAS  /tmp/ccp7yYAb.s 			page 3


  94 001e 00D9     		bls	.LCB51
  95 0020 CFE0     		b	.L6	@long jump
  96              	.LCB51:
  97 0022 FFF7FEFF 		bl	__gnu_thumb1_case_uqi
  98              	.L8:
  99 0026 02       		.byte	(.L11-.L8)/2
 100 0027 09       		.byte	(.L10-.L8)/2
 101 0028 7E       		.byte	(.L9-.L8)/2
 102 0029 AF       		.byte	(.L7-.L8)/2
 103              		.p2align 1
 104              	.L11:
 105 002a 0123     		movs	r3, #1
 106 002c 6A78     		ldrb	r2, [r5, #1]
 107 002e 0134     		adds	r4, r4, #1
 108 0030 1343     		orrs	r3, r2
 109 0032 6B70     		strb	r3, [r5, #1]
 110              	.L46:
 111 0034 E4B2     		uxtb	r4, r4
 112 0036 EBE7     		b	.L5
 113              	.L10:
 114 0038 6F4A     		ldr	r2, .L49
 115 003a 631D     		adds	r3, r4, #5
 116 003c 0392     		str	r2, [sp, #12]
 117 003e 029A     		ldr	r2, [sp, #8]
 118 0040 6E4E     		ldr	r6, .L49+4
 119 0042 9342     		cmp	r3, r2
 120 0044 57DA     		bge	.L13
 121 0046 0F21     		movs	r1, #15
 122 0048 019B     		ldr	r3, [sp, #4]
 123 004a 671C     		adds	r7, r4, #1
 124 004c DF19     		adds	r7, r3, r7
 125 004e 3A79     		ldrb	r2, [r7, #4]
 126 0050 EB7C     		ldrb	r3, [r5, #19]
 127 0052 0A40     		ands	r2, r1
 128 0054 9342     		cmp	r3, r2
 129 0056 35D1     		bne	.L14
 130 0058 0133     		adds	r3, r3, #1
 131 005a 0B40     		ands	r3, r1
 132 005c EB74     		strb	r3, [r5, #19]
 133 005e 7B78     		ldrb	r3, [r7, #1]
 134 0060 3A78     		ldrb	r2, [r7]
 135 0062 1B02     		lsls	r3, r3, #8
 136 0064 1343     		orrs	r3, r2
 137 0066 BA78     		ldrb	r2, [r7, #2]
 138 0068 1204     		lsls	r2, r2, #16
 139 006a 1A43     		orrs	r2, r3
 140 006c FB78     		ldrb	r3, [r7, #3]
 141 006e 1B06     		lsls	r3, r3, #24
 142 0070 1343     		orrs	r3, r2
 143 0072 EA69     		ldr	r2, [r5, #28]
 144 0074 D318     		adds	r3, r2, r3
 145 0076 EB61     		str	r3, [r5, #28]
 146 0078 0023     		movs	r3, #0
 147 007a AB74     		strb	r3, [r5, #18]
 148 007c 2B00     		movs	r3, r5
 149 007e 0222     		movs	r2, #2
 150 0080 2833     		adds	r3, r3, #40
ARM GAS  /tmp/ccp7yYAb.s 			page 4


 151 0082 1A70     		strb	r2, [r3]
 152 0084 FFF7FEFF 		bl	smtc_modem_services_get_time_s
 153 0088 2F21     		movs	r1, #47
 154 008a 2862     		str	r0, [r5, #32]
 155 008c 3000     		movs	r0, r6
 156 008e FFF7FEFF 		bl	strrchr
 157 0092 3200     		movs	r2, r6
 158 0094 0028     		cmp	r0, #0
 159 0096 04D0     		beq	.L15
 160 0098 2F21     		movs	r1, #47
 161 009a 3000     		movs	r0, r6
 162 009c FFF7FEFF 		bl	strrchr
 163 00a0 421C     		adds	r2, r0, #1
 164              	.L15:
 165 00a2 5749     		ldr	r1, .L49+8
 166 00a4 0398     		ldr	r0, [sp, #12]
 167 00a6 574B     		ldr	r3, .L49+12
 168 00a8 FFF7FEFF 		bl	smtc_modem_hal_print_trace
 169 00ac E969     		ldr	r1, [r5, #28]
 170 00ae 2A6A     		ldr	r2, [r5, #32]
 171 00b0 5548     		ldr	r0, .L49+16
 172 00b2 8A18     		adds	r2, r1, r2
 173              	.L45:
 174 00b4 FFF7FEFF 		bl	smtc_modem_hal_print_trace
 175 00b8 0223     		movs	r3, #2
 176 00ba 6A78     		ldrb	r2, [r5, #1]
 177 00bc 1343     		orrs	r3, r2
 178 00be 6B70     		strb	r3, [r5, #1]
 179              	.L18:
 180 00c0 0634     		adds	r4, r4, #6
 181 00c2 B7E7     		b	.L46
 182              	.L14:
 183 00c4 2F21     		movs	r1, #47
 184 00c6 3000     		movs	r0, r6
 185 00c8 FFF7FEFF 		bl	strrchr
 186 00cc 3200     		movs	r2, r6
 187 00ce 0028     		cmp	r0, #0
 188 00d0 04D0     		beq	.L17
 189 00d2 2F21     		movs	r1, #47
 190 00d4 3000     		movs	r0, r6
 191 00d6 FFF7FEFF 		bl	strrchr
 192 00da 421C     		adds	r2, r0, #1
 193              	.L17:
 194 00dc 8623     		movs	r3, #134
 195 00de 464E     		ldr	r6, .L49
 196 00e0 4A49     		ldr	r1, .L49+20
 197 00e2 3000     		movs	r0, r6
 198 00e4 9B00     		lsls	r3, r3, #2
 199 00e6 FFF7FEFF 		bl	smtc_modem_hal_print_trace
 200 00ea 0F23     		movs	r3, #15
 201 00ec 3A79     		ldrb	r2, [r7, #4]
 202 00ee E97C     		ldrb	r1, [r5, #19]
 203 00f0 4748     		ldr	r0, .L49+24
 204 00f2 1A40     		ands	r2, r3
 205 00f4 DEE7     		b	.L45
 206              	.L13:
 207 00f6 2F21     		movs	r1, #47
ARM GAS  /tmp/ccp7yYAb.s 			page 5


 208 00f8 3000     		movs	r0, r6
 209 00fa FFF7FEFF 		bl	strrchr
 210 00fe 3200     		movs	r2, r6
 211 0100 0028     		cmp	r0, #0
 212 0102 04D0     		beq	.L19
 213 0104 2F21     		movs	r1, #47
 214 0106 3000     		movs	r0, r6
 215 0108 FFF7FEFF 		bl	strrchr
 216 010c 421C     		adds	r2, r0, #1
 217              	.L19:
 218 010e 0398     		ldr	r0, [sp, #12]
 219 0110 D123     		movs	r3, #209
 220 0112 4049     		ldr	r1, .L49+28
 221 0114 FFF7FEFF 		bl	smtc_modem_hal_print_trace
 222 0118 3F49     		ldr	r1, .L49+32
 223 011a 4048     		ldr	r0, .L49+36
 224 011c FFF7FEFF 		bl	smtc_modem_hal_print_trace
 225 0120 CEE7     		b	.L18
 226              	.L9:
 227 0122 029A     		ldr	r2, [sp, #8]
 228 0124 631C     		adds	r3, r4, #1
 229 0126 9342     		cmp	r3, r2
 230 0128 14DA     		bge	.L20
 231 012a 0F22     		movs	r2, #15
 232 012c 019B     		ldr	r3, [sp, #4]
 233 012e 1B19     		adds	r3, r3, r4
 234 0130 5B78     		ldrb	r3, [r3, #1]
 235 0132 1340     		ands	r3, r2
 236 0134 7132     		adds	r2, r2, #113
 237 0136 9A40     		lsls	r2, r2, r3
 238 0138 0323     		movs	r3, #3
 239 013a 5343     		muls	r3, r2
 240 013c AA61     		str	r2, [r5, #24]
 241 013e 384A     		ldr	r2, .L49+40
 242 0140 9342     		cmp	r3, r2
 243 0142 00D9     		bls	.L21
 244 0144 1300     		movs	r3, r2
 245              	.L21:
 246 0146 6B62     		str	r3, [r5, #36]
 247 0148 0423     		movs	r3, #4
 248 014a 6A78     		ldrb	r2, [r5, #1]
 249              	.L48:
 250 014c 1343     		orrs	r3, r2
 251 014e 6B70     		strb	r3, [r5, #1]
 252              	.L25:
 253 0150 0234     		adds	r4, r4, #2
 254 0152 6FE7     		b	.L46
 255              	.L20:
 256 0154 294E     		ldr	r6, .L49+4
 257 0156 2F21     		movs	r1, #47
 258 0158 3000     		movs	r0, r6
 259 015a FFF7FEFF 		bl	strrchr
 260 015e 3200     		movs	r2, r6
 261 0160 0028     		cmp	r0, #0
 262 0162 04D0     		beq	.L23
 263 0164 2F21     		movs	r1, #47
 264 0166 3000     		movs	r0, r6
ARM GAS  /tmp/ccp7yYAb.s 			page 6


 265 0168 FFF7FEFF 		bl	strrchr
 266 016c 421C     		adds	r2, r0, #1
 267              	.L23:
 268 016e E023     		movs	r3, #224
 269 0170 2849     		ldr	r1, .L49+28
 270 0172 214F     		ldr	r7, .L49
 271              	.L47:
 272 0174 3800     		movs	r0, r7
 273 0176 FFF7FEFF 		bl	smtc_modem_hal_print_trace
 274 017a 2749     		ldr	r1, .L49+32
 275 017c 2748     		ldr	r0, .L49+36
 276 017e FFF7FEFF 		bl	smtc_modem_hal_print_trace
 277 0182 E5E7     		b	.L25
 278              	.L7:
 279 0184 029A     		ldr	r2, [sp, #8]
 280 0186 631C     		adds	r3, r4, #1
 281 0188 9342     		cmp	r3, r2
 282 018a 09DA     		bge	.L24
 283 018c 0722     		movs	r2, #7
 284 018e 019B     		ldr	r3, [sp, #4]
 285 0190 1B19     		adds	r3, r3, r4
 286 0192 5B78     		ldrb	r3, [r3, #1]
 287 0194 1340     		ands	r3, r2
 288 0196 AB74     		strb	r3, [r5, #18]
 289 0198 DAD0     		beq	.L25
 290 019a 0823     		movs	r3, #8
 291 019c 6A78     		ldrb	r2, [r5, #1]
 292 019e D5E7     		b	.L48
 293              	.L24:
 294 01a0 164E     		ldr	r6, .L49+4
 295 01a2 2F21     		movs	r1, #47
 296 01a4 3000     		movs	r0, r6
 297 01a6 FFF7FEFF 		bl	strrchr
 298 01aa 3200     		movs	r2, r6
 299 01ac 0028     		cmp	r0, #0
 300 01ae 04D0     		beq	.L26
 301 01b0 2F21     		movs	r1, #47
 302 01b2 3000     		movs	r0, r6
 303 01b4 FFF7FEFF 		bl	strrchr
 304 01b8 421C     		adds	r2, r0, #1
 305              	.L26:
 306 01ba F323     		movs	r3, #243
 307 01bc 1549     		ldr	r1, .L49+28
 308 01be 0E4F     		ldr	r7, .L49
 309 01c0 D8E7     		b	.L47
 310              	.L6:
 311 01c2 0E4A     		ldr	r2, .L49+4
 312 01c4 2F21     		movs	r1, #47
 313 01c6 1000     		movs	r0, r2
 314 01c8 1400     		movs	r4, r2
 315 01ca FFF7FEFF 		bl	strrchr
 316 01ce 2200     		movs	r2, r4
 317 01d0 0028     		cmp	r0, #0
 318 01d2 04D0     		beq	.L27
 319 01d4 2F21     		movs	r1, #47
 320 01d6 2000     		movs	r0, r4
 321 01d8 FFF7FEFF 		bl	strrchr
ARM GAS  /tmp/ccp7yYAb.s 			page 7


 322 01dc 421C     		adds	r2, r0, #1
 323              	.L27:
 324 01de 0D49     		ldr	r1, .L49+28
 325 01e0 0548     		ldr	r0, .L49
 326 01e2 F923     		movs	r3, #249
 327 01e4 FFF7FEFF 		bl	smtc_modem_hal_print_trace
 328 01e8 0E49     		ldr	r1, .L49+44
 329 01ea 0F48     		ldr	r0, .L49+48
 330 01ec FFF7FEFF 		bl	smtc_modem_hal_print_trace
 331              	.L28:
 332 01f0 6878     		ldrb	r0, [r5, #1]
 333 01f2 05B0     		add	sp, sp, #20
 334              		@ sp needed
 335 01f4 F0BD     		pop	{r4, r5, r6, r7, pc}
 336              	.L50:
 337 01f6 C046     		.align	2
 338              	.L49:
 339 01f8 45000000 		.word	.LC4
 340 01fc 00000000 		.word	.LC0
 341 0200 40000000 		.word	.LC2
 342 0204 13020000 		.word	531
 343 0208 51000000 		.word	.LC6
 344 020c 86000000 		.word	.LC8
 345 0210 8B000000 		.word	.LC10
 346 0214 AD000000 		.word	.LC12
 347 0218 00000000 		.word	alc_sync_bad_size_str
 348 021c B3000000 		.word	.LC15
 349 0220 80994000 		.word	4233600
 350 0224 00000000 		.word	__func__.0
 351 0228 B7000000 		.word	.LC18
 353              		.section	.text.alc_sync_get_interval_second,"ax",%progbits
 354              		.align	1
 355              		.global	alc_sync_get_interval_second
 356              		.syntax unified
 357              		.code	16
 358              		.thumb_func
 360              	alc_sync_get_interval_second:
 361              		@ args = 0, pretend = 0, frame = 0
 362              		@ frame_needed = 0, uses_anonymous_args = 0
 363              		@ link register save eliminated.
 364 0000 8069     		ldr	r0, [r0, #24]
 365              		@ sp needed
 366 0002 7047     		bx	lr
 368              		.section	.text.alc_sync_set_interval_second,"ax",%progbits
 369              		.align	1
 370              		.global	alc_sync_set_interval_second
 371              		.syntax unified
 372              		.code	16
 373              		.thumb_func
 375              	alc_sync_set_interval_second:
 376              		@ args = 0, pretend = 0, frame = 0
 377              		@ frame_needed = 0, uses_anonymous_args = 0
 378              		@ link register save eliminated.
 379 0000 426A     		ldr	r2, [r0, #36]
 380 0002 0300     		movs	r3, r0
 381 0004 0020     		movs	r0, #0
 382 0006 8A42     		cmp	r2, r1
ARM GAS  /tmp/ccp7yYAb.s 			page 8


 383 0008 01D9     		bls	.L53
 384 000a 9961     		str	r1, [r3, #24]
 385 000c 0130     		adds	r0, r0, #1
 386              	.L53:
 387              		@ sp needed
 388 000e 7047     		bx	lr
 390              		.section	.text.alc_sync_get_time_correction_second,"ax",%progbits
 391              		.align	1
 392              		.global	alc_sync_get_time_correction_second
 393              		.syntax unified
 394              		.code	16
 395              		.thumb_func
 397              	alc_sync_get_time_correction_second:
 398              		@ args = 0, pretend = 0, frame = 0
 399              		@ frame_needed = 0, uses_anonymous_args = 0
 400              		@ link register save eliminated.
 401 0000 C069     		ldr	r0, [r0, #28]
 402              		@ sp needed
 403 0002 7047     		bx	lr
 405              		.section	.text.alc_sync_set_time_correction_second,"ax",%progbits
 406              		.align	1
 407              		.global	alc_sync_set_time_correction_second
 408              		.syntax unified
 409              		.code	16
 410              		.thumb_func
 412              	alc_sync_set_time_correction_second:
 413              		@ args = 0, pretend = 0, frame = 0
 414              		@ frame_needed = 0, uses_anonymous_args = 0
 415 0000 10B5     		push	{r4, lr}
 416 0002 C161     		str	r1, [r0, #28]
 417 0004 0400     		movs	r4, r0
 418              		@ sp needed
 419 0006 FFF7FEFF 		bl	smtc_modem_services_get_time_s
 420 000a 0123     		movs	r3, #1
 421 000c 2062     		str	r0, [r4, #32]
 422 000e 2834     		adds	r4, r4, #40
 423 0010 2370     		strb	r3, [r4]
 424 0012 10BD     		pop	{r4, pc}
 426              		.section	.text.alc_sync_get_gps_time_second,"ax",%progbits
 427              		.align	1
 428              		.global	alc_sync_get_gps_time_second
 429              		.syntax unified
 430              		.code	16
 431              		.thumb_func
 433              	alc_sync_get_gps_time_second:
 434              		@ args = 0, pretend = 0, frame = 0
 435              		@ frame_needed = 0, uses_anonymous_args = 0
 436 0000 10B5     		push	{r4, lr}
 437 0002 0400     		movs	r4, r0
 438              		@ sp needed
 439 0004 FFF7FEFF 		bl	smtc_modem_services_get_time_s
 440 0008 E369     		ldr	r3, [r4, #28]
 441 000a C018     		adds	r0, r0, r3
 442 000c 10BD     		pop	{r4, pc}
 444              		.section	.text.alc_sync_get_time_left_connection_lost,"ax",%progbits
 445              		.align	1
 446              		.global	alc_sync_get_time_left_connection_lost
ARM GAS  /tmp/ccp7yYAb.s 			page 9


 447              		.syntax unified
 448              		.code	16
 449              		.thumb_func
 451              	alc_sync_get_time_left_connection_lost:
 452              		@ args = 0, pretend = 0, frame = 0
 453              		@ frame_needed = 0, uses_anonymous_args = 0
 454 0000 10B5     		push	{r4, lr}
 455 0002 0400     		movs	r4, r0
 456 0004 FFF7FEFF 		bl	smtc_modem_services_get_time_s
 457 0008 236A     		ldr	r3, [r4, #32]
 458 000a 0200     		movs	r2, r0
 459 000c 606A     		ldr	r0, [r4, #36]
 460 000e 002B     		cmp	r3, #0
 461 0010 07D0     		beq	.L58
 462 0012 D11A     		subs	r1, r2, r3
 463 0014 8842     		cmp	r0, r1
 464 0016 04D3     		bcc	.L58
 465 0018 1B18     		adds	r3, r3, r0
 466 001a 9B1A     		subs	r3, r3, r2
 467 001c 9842     		cmp	r0, r3
 468 001e 01D3     		bcc	.L60
 469 0020 1800     		movs	r0, r3
 470              	.L58:
 471              		@ sp needed
 472 0022 10BD     		pop	{r4, pc}
 473              	.L60:
 474 0024 E120     		movs	r0, #225
 475 0026 0001     		lsls	r0, r0, #4
 476 0028 FBE7     		b	.L58
 478              		.section	.text.is_alc_sync_done,"ax",%progbits
 479              		.align	1
 480              		.global	is_alc_sync_done
 481              		.syntax unified
 482              		.code	16
 483              		.thumb_func
 485              	is_alc_sync_done:
 486              		@ args = 0, pretend = 0, frame = 0
 487              		@ frame_needed = 0, uses_anonymous_args = 0
 488              		@ link register save eliminated.
 489 0000 2830     		adds	r0, r0, #40
 490 0002 0378     		ldrb	r3, [r0]
 491 0004 0122     		movs	r2, #1
 492              		@ sp needed
 493 0006 0020     		movs	r0, #0
 494 0008 013B     		subs	r3, r3, #1
 495 000a DBB2     		uxtb	r3, r3
 496 000c 9A42     		cmp	r2, r3
 497 000e 4041     		adcs	r0, r0, r0
 498 0010 C0B2     		uxtb	r0, r0
 499 0012 7047     		bx	lr
 501              		.section	.text.is_alc_sync_time_valid,"ax",%progbits
 502              		.align	1
 503              		.global	is_alc_sync_time_valid
 504              		.syntax unified
 505              		.code	16
 506              		.thumb_func
 508              	is_alc_sync_time_valid:
ARM GAS  /tmp/ccp7yYAb.s 			page 10


 509              		@ args = 0, pretend = 0, frame = 0
 510              		@ frame_needed = 0, uses_anonymous_args = 0
 511 0000 10B5     		push	{r4, lr}
 512 0002 0400     		movs	r4, r0
 513 0004 FFF7FEFF 		bl	smtc_modem_services_get_time_s
 514 0008 0300     		movs	r3, r0
 515 000a 0020     		movs	r0, #0
 516 000c 226A     		ldr	r2, [r4, #32]
 517 000e 8242     		cmp	r2, r0
 518 0010 04D0     		beq	.L66
 519 0012 9B1A     		subs	r3, r3, r2
 520 0014 626A     		ldr	r2, [r4, #36]
 521 0016 9A42     		cmp	r2, r3
 522 0018 4041     		adcs	r0, r0, r0
 523 001a C0B2     		uxtb	r0, r0
 524              	.L66:
 525              		@ sp needed
 526 001c 10BD     		pop	{r4, pc}
 528              		.section	.text.alc_sync_set_valid_delay_second,"ax",%progbits
 529              		.align	1
 530              		.global	alc_sync_set_valid_delay_second
 531              		.syntax unified
 532              		.code	16
 533              		.thumb_func
 535              	alc_sync_set_valid_delay_second:
 536              		@ args = 0, pretend = 0, frame = 0
 537              		@ frame_needed = 0, uses_anonymous_args = 0
 538              		@ link register save eliminated.
 539 0000 034A     		ldr	r2, .L72
 540 0002 0300     		movs	r3, r0
 541 0004 0020     		movs	r0, #0
 542 0006 9142     		cmp	r1, r2
 543 0008 01D8     		bhi	.L70
 544 000a 5962     		str	r1, [r3, #36]
 545 000c 0130     		adds	r0, r0, #1
 546              	.L70:
 547              		@ sp needed
 548 000e 7047     		bx	lr
 549              	.L73:
 550              		.align	2
 551              	.L72:
 552 0010 80994000 		.word	4233600
 554              		.section	.text.alc_sync_get_valid_delay_second,"ax",%progbits
 555              		.align	1
 556              		.global	alc_sync_get_valid_delay_second
 557              		.syntax unified
 558              		.code	16
 559              		.thumb_func
 561              	alc_sync_get_valid_delay_second:
 562              		@ args = 0, pretend = 0, frame = 0
 563              		@ frame_needed = 0, uses_anonymous_args = 0
 564              		@ link register save eliminated.
 565 0000 406A     		ldr	r0, [r0, #36]
 566              		@ sp needed
 567 0002 7047     		bx	lr
 569              		.section	.text.alc_sync_set_sync_lost,"ax",%progbits
 570              		.align	1
ARM GAS  /tmp/ccp7yYAb.s 			page 11


 571              		.global	alc_sync_set_sync_lost
 572              		.syntax unified
 573              		.code	16
 574              		.thumb_func
 576              	alc_sync_set_sync_lost:
 577              		@ args = 0, pretend = 0, frame = 0
 578              		@ frame_needed = 0, uses_anonymous_args = 0
 579              		@ link register save eliminated.
 580 0000 0200     		movs	r2, r0
 581              		@ sp needed
 582 0002 0023     		movs	r3, #0
 583 0004 2832     		adds	r2, r2, #40
 584 0006 1370     		strb	r3, [r2]
 585 0008 0362     		str	r3, [r0, #32]
 586 000a 7047     		bx	lr
 588              		.section	.text.alc_sync_get_nb_transmission,"ax",%progbits
 589              		.align	1
 590              		.global	alc_sync_get_nb_transmission
 591              		.syntax unified
 592              		.code	16
 593              		.thumb_func
 595              	alc_sync_get_nb_transmission:
 596              		@ args = 0, pretend = 0, frame = 0
 597              		@ frame_needed = 0, uses_anonymous_args = 0
 598              		@ link register save eliminated.
 599 0000 807C     		ldrb	r0, [r0, #18]
 600              		@ sp needed
 601 0002 7047     		bx	lr
 603              		.section	.text.alc_sync_get_token_req,"ax",%progbits
 604              		.align	1
 605              		.global	alc_sync_get_token_req
 606              		.syntax unified
 607              		.code	16
 608              		.thumb_func
 610              	alc_sync_get_token_req:
 611              		@ args = 0, pretend = 0, frame = 0
 612              		@ frame_needed = 0, uses_anonymous_args = 0
 613              		@ link register save eliminated.
 614 0000 C07C     		ldrb	r0, [r0, #19]
 615              		@ sp needed
 616 0002 7047     		bx	lr
 618              		.section	.text.alc_sync_set_max_length_up_payload,"ax",%progbits
 619              		.align	1
 620              		.global	alc_sync_set_max_length_up_payload
 621              		.syntax unified
 622              		.code	16
 623              		.thumb_func
 625              	alc_sync_set_max_length_up_payload:
 626              		@ args = 0, pretend = 0, frame = 0
 627              		@ frame_needed = 0, uses_anonymous_args = 0
 628              		@ link register save eliminated.
 629 0000 0175     		strb	r1, [r0, #20]
 630              		@ sp needed
 631 0002 7047     		bx	lr
 633              		.section	.text.alc_sync_get_timestamp_last_correction_s,"ax",%progbits
 634              		.align	1
 635              		.global	alc_sync_get_timestamp_last_correction_s
ARM GAS  /tmp/ccp7yYAb.s 			page 12


 636              		.syntax unified
 637              		.code	16
 638              		.thumb_func
 640              	alc_sync_get_timestamp_last_correction_s:
 641              		@ args = 0, pretend = 0, frame = 0
 642              		@ frame_needed = 0, uses_anonymous_args = 0
 643              		@ link register save eliminated.
 644 0000 006A     		ldr	r0, [r0, #32]
 645              		@ sp needed
 646 0002 7047     		bx	lr
 648              		.section	.text.alc_sync_get_timestamp_ans_requested_s,"ax",%progbits
 649              		.align	1
 650              		.global	alc_sync_get_timestamp_ans_requested_s
 651              		.syntax unified
 652              		.code	16
 653              		.thumb_func
 655              	alc_sync_get_timestamp_ans_requested_s:
 656              		@ args = 0, pretend = 0, frame = 0
 657              		@ frame_needed = 0, uses_anonymous_args = 0
 658              		@ link register save eliminated.
 659 0000 0323     		movs	r3, #3
 660 0002 0200     		movs	r2, r0
 661 0004 8069     		ldr	r0, [r0, #24]
 662 0006 526A     		ldr	r2, [r2, #36]
 663 0008 4343     		muls	r3, r0
 664 000a 1E30     		adds	r0, r0, #30
 665 000c 9342     		cmp	r3, r2
 666 000e 01D8     		bhi	.L80
 667 0010 1E32     		adds	r2, r2, #30
 668 0012 D01A     		subs	r0, r2, r3
 669              	.L80:
 670              		@ sp needed
 671 0014 7047     		bx	lr
 673              		.section	.rodata.alc_sync_create_uplink_payload.str1.1,"aMS",%progbits,1
 674              	.LC23:
 675 0000 6374782D 		.ascii	"ctx->tx_payload buffer is full\012\000"
 675      3E74785F 
 675      7061796C 
 675      6F616420 
 675      62756666 
 676              		.section	.text.alc_sync_create_uplink_payload,"ax",%progbits
 677              		.align	1
 678              		.global	alc_sync_create_uplink_payload
 679              		.syntax unified
 680              		.code	16
 681              		.thumb_func
 683              	alc_sync_create_uplink_payload:
 684              		@ args = 12, pretend = 0, frame = 8
 685              		@ frame_needed = 0, uses_anonymous_args = 0
 686 0000 F7B5     		push	{r0, r1, r2, r4, r5, r6, r7, lr}
 687 0002 0400     		movs	r4, r0
 688 0004 1600     		movs	r6, r2
 689 0006 0122     		movs	r2, #1
 690 0008 0193     		str	r3, [sp, #4]
 691 000a 08AB     		add	r3, sp, #32
 692 000c 0D00     		movs	r5, r1
 693 000e 1878     		ldrb	r0, [r3]
ARM GAS  /tmp/ccp7yYAb.s 			page 13


 694 0010 6178     		ldrb	r1, [r4, #1]
 695 0012 2075     		strb	r0, [r4, #20]
 696 0014 1142     		tst	r1, r2
 697 0016 28D0     		beq	.L84
 698 0018 A378     		ldrb	r3, [r4, #2]
 699 001a 0028     		cmp	r0, #0
 700 001c 16D1     		bne	.L85
 701 001e 5F4F     		ldr	r7, .L110
 702 0020 2F21     		movs	r1, #47
 703 0022 3800     		movs	r0, r7
 704 0024 FFF7FEFF 		bl	strrchr
 705 0028 3A00     		movs	r2, r7
 706 002a 0028     		cmp	r0, #0
 707 002c 04D0     		beq	.L87
 708 002e 2F21     		movs	r1, #47
 709 0030 3800     		movs	r0, r7
 710 0032 FFF7FEFF 		bl	strrchr
 711 0036 421C     		adds	r2, r0, #1
 712              	.L87:
 713 0038 A623     		movs	r3, #166
 714 003a 5949     		ldr	r1, .L110+4
 715 003c 5948     		ldr	r0, .L110+8
 716 003e FF33     		adds	r3, r3, #255
 717 0040 FFF7FEFF 		bl	smtc_modem_hal_print_trace
 718 0044 5848     		ldr	r0, .L110+12
 719 0046 FFF7FEFF 		bl	smtc_modem_hal_print_trace
 720 004a 0EE0     		b	.L84
 721              	.L85:
 722 004c 0020     		movs	r0, #0
 723 004e 9143     		bics	r1, r2
 724 0050 6170     		strb	r1, [r4, #1]
 725 0052 E118     		adds	r1, r4, r3
 726 0054 C870     		strb	r0, [r1, #3]
 727 0056 591C     		adds	r1, r3, #1
 728 0058 C9B2     		uxtb	r1, r1
 729 005a 6118     		adds	r1, r4, r1
 730 005c CA70     		strb	r2, [r1, #3]
 731 005e D91C     		adds	r1, r3, #3
 732 0060 0233     		adds	r3, r3, #2
 733 0062 DBB2     		uxtb	r3, r3
 734 0064 E318     		adds	r3, r4, r3
 735 0066 A170     		strb	r1, [r4, #2]
 736 0068 DA70     		strb	r2, [r3, #3]
 737              	.L84:
 738 006a 019B     		ldr	r3, [sp, #4]
 739 006c 012B     		cmp	r3, #1
 740 006e 03D1     		bne	.L88
 741 0070 A37C     		ldrb	r3, [r4, #18]
 742 0072 002B     		cmp	r3, #0
 743 0074 43D0     		beq	.L89
 744 0076 0026     		movs	r6, #0
 745              	.L88:
 746 0078 227D     		ldrb	r2, [r4, #20]
 747 007a A378     		ldrb	r3, [r4, #2]
 748 007c 002A     		cmp	r2, #0
 749 007e 27D0     		beq	.L90
 750 0080 A27C     		ldrb	r2, [r4, #18]
ARM GAS  /tmp/ccp7yYAb.s 			page 14


 751 0082 002A     		cmp	r2, #0
 752 0084 00D0     		beq	.LCB738
 753 0086 6EE0     		b	.L91	@long jump
 754              	.LCB738:
 755              	.L92:
 756 0088 0121     		movs	r1, #1
 757 008a E218     		adds	r2, r4, r3
 758 008c D170     		strb	r1, [r2, #3]
 759 008e 5A18     		adds	r2, r3, r1
 760 0090 D2B2     		uxtb	r2, r2
 761 0092 A218     		adds	r2, r4, r2
 762 0094 D570     		strb	r5, [r2, #3]
 763 0096 9A1C     		adds	r2, r3, #2
 764 0098 D2B2     		uxtb	r2, r2
 765 009a A218     		adds	r2, r4, r2
 766 009c 290A     		lsrs	r1, r5, #8
 767 009e D170     		strb	r1, [r2, #3]
 768 00a0 DA1C     		adds	r2, r3, #3
 769 00a2 D2B2     		uxtb	r2, r2
 770 00a4 A218     		adds	r2, r4, r2
 771 00a6 290C     		lsrs	r1, r5, #16
 772 00a8 D170     		strb	r1, [r2, #3]
 773 00aa 1A1D     		adds	r2, r3, #4
 774 00ac D2B2     		uxtb	r2, r2
 775 00ae A218     		adds	r2, r4, r2
 776 00b0 290E     		lsrs	r1, r5, #24
 777 00b2 D170     		strb	r1, [r2, #3]
 778 00b4 0F21     		movs	r1, #15
 779 00b6 E27C     		ldrb	r2, [r4, #19]
 780 00b8 3601     		lsls	r6, r6, #4
 781 00ba 0A40     		ands	r2, r1
 782 00bc 991D     		adds	r1, r3, #6
 783 00be A170     		strb	r1, [r4, #2]
 784 00c0 1021     		movs	r1, #16
 785 00c2 0533     		adds	r3, r3, #5
 786 00c4 DBB2     		uxtb	r3, r3
 787 00c6 0E40     		ands	r6, r1
 788 00c8 E318     		adds	r3, r4, r3
 789 00ca 3243     		orrs	r2, r6
 790 00cc DA70     		strb	r2, [r3, #3]
 791 00ce 16E0     		b	.L89
 792              	.L90:
 793 00d0 324A     		ldr	r2, .L110
 794 00d2 2F21     		movs	r1, #47
 795 00d4 1000     		movs	r0, r2
 796 00d6 1600     		movs	r6, r2
 797 00d8 FFF7FEFF 		bl	strrchr
 798 00dc 3200     		movs	r2, r6
 799 00de 0028     		cmp	r0, #0
 800 00e0 04D0     		beq	.L93
 801 00e2 2F21     		movs	r1, #47
 802 00e4 3000     		movs	r0, r6
 803 00e6 FFF7FEFF 		bl	strrchr
 804 00ea 421C     		adds	r2, r0, #1
 805              	.L93:
 806 00ec C423     		movs	r3, #196
 807 00ee 2D48     		ldr	r0, .L110+8
ARM GAS  /tmp/ccp7yYAb.s 			page 15


 808 00f0 2B49     		ldr	r1, .L110+4
 809 00f2 FF33     		adds	r3, r3, #255
 810 00f4 FFF7FEFF 		bl	smtc_modem_hal_print_trace
 811 00f8 2B48     		ldr	r0, .L110+12
 812 00fa FFF7FEFF 		bl	smtc_modem_hal_print_trace
 813              	.L89:
 814 00fe 0421     		movs	r1, #4
 815 0100 6278     		ldrb	r2, [r4, #1]
 816 0102 0A42     		tst	r2, r1
 817 0104 22D0     		beq	.L94
 818 0106 207D     		ldrb	r0, [r4, #20]
 819 0108 A378     		ldrb	r3, [r4, #2]
 820 010a 0028     		cmp	r0, #0
 821 010c 2ED0     		beq	.L95
 822 010e 8A43     		bics	r2, r1
 823 0110 6270     		strb	r2, [r4, #1]
 824 0112 0239     		subs	r1, r1, #2
 825 0114 E218     		adds	r2, r4, r3
 826 0116 D170     		strb	r1, [r2, #3]
 827 0118 0021     		movs	r1, #0
 828 011a 5A1C     		adds	r2, r3, #1
 829 011c D2B2     		uxtb	r2, r2
 830 011e A218     		adds	r2, r4, r2
 831 0120 D170     		strb	r1, [r2, #3]
 832 0122 9A1C     		adds	r2, r3, #2
 833 0124 D2B2     		uxtb	r2, r2
 834 0126 A218     		adds	r2, r4, r2
 835 0128 D570     		strb	r5, [r2, #3]
 836 012a DA1C     		adds	r2, r3, #3
 837 012c D2B2     		uxtb	r2, r2
 838 012e 290A     		lsrs	r1, r5, #8
 839 0130 A218     		adds	r2, r4, r2
 840 0132 D170     		strb	r1, [r2, #3]
 841 0134 1A1D     		adds	r2, r3, #4
 842 0136 D2B2     		uxtb	r2, r2
 843 0138 A218     		adds	r2, r4, r2
 844 013a 290C     		lsrs	r1, r5, #16
 845 013c D170     		strb	r1, [r2, #3]
 846 013e 9A1D     		adds	r2, r3, #6
 847 0140 0533     		adds	r3, r3, #5
 848 0142 DBB2     		uxtb	r3, r3
 849 0144 E318     		adds	r3, r4, r3
 850 0146 2D0E     		lsrs	r5, r5, #24
 851 0148 A270     		strb	r2, [r4, #2]
 852 014a DD70     		strb	r5, [r3, #3]
 853              	.L94:
 854 014c A278     		ldrb	r2, [r4, #2]
 855 014e 0998     		ldr	r0, [sp, #36]
 856 0150 E11C     		adds	r1, r4, #3
 857 0152 FFF7FEFF 		bl	memcpy
 858              		@ sp needed
 859 0156 A378     		ldrb	r3, [r4, #2]
 860 0158 0A9A     		ldr	r2, [sp, #40]
 861 015a 1370     		strb	r3, [r2]
 862 015c 0023     		movs	r3, #0
 863 015e A370     		strb	r3, [r4, #2]
 864 0160 0F33     		adds	r3, r3, #15
ARM GAS  /tmp/ccp7yYAb.s 			page 16


 865 0162 2375     		strb	r3, [r4, #20]
 866 0164 F7BD     		pop	{r0, r1, r2, r4, r5, r6, r7, pc}
 867              	.L91:
 868 0166 013A     		subs	r2, r2, #1
 869 0168 A274     		strb	r2, [r4, #18]
 870 016a 8DE7     		b	.L92
 871              	.L95:
 872 016c 0B4A     		ldr	r2, .L110
 873 016e 2F21     		movs	r1, #47
 874 0170 1000     		movs	r0, r2
 875 0172 1500     		movs	r5, r2
 876 0174 FFF7FEFF 		bl	strrchr
 877 0178 2A00     		movs	r2, r5
 878 017a 0028     		cmp	r0, #0
 879 017c 04D0     		beq	.L96
 880 017e 2F21     		movs	r1, #47
 881 0180 2800     		movs	r0, r5
 882 0182 FFF7FEFF 		bl	strrchr
 883 0186 421C     		adds	r2, r0, #1
 884              	.L96:
 885 0188 DE23     		movs	r3, #222
 886 018a 0549     		ldr	r1, .L110+4
 887 018c 0548     		ldr	r0, .L110+8
 888 018e FF33     		adds	r3, r3, #255
 889 0190 FFF7FEFF 		bl	smtc_modem_hal_print_trace
 890 0194 0448     		ldr	r0, .L110+12
 891 0196 FFF7FEFF 		bl	smtc_modem_hal_print_trace
 892 019a D7E7     		b	.L94
 893              	.L111:
 894              		.align	2
 895              	.L110:
 896 019c 00000000 		.word	.LC0
 897 01a0 AD000000 		.word	.LC12
 898 01a4 45000000 		.word	.LC4
 899 01a8 00000000 		.word	.LC23
 901              		.section	.rodata.__func__.0,"a"
 904              	__func__.0:
 905 0000 616C635F 		.ascii	"alc_sync_parser\000"
 905      73796E63 
 905      5F706172 
 905      73657200 
 906              		.section	.rodata.alc_sync_bad_size_str,"a"
 907              		.align	2
 910              	alc_sync_bad_size_str:
 911 0000 414C4320 		.ascii	"ALC Sync payload bad size\000"
 911      53796E63 
 911      20706179 
 911      6C6F6164 
 911      20626164 
 912              		.ident	"GCC: (Arch Repository) 13.2.0"
ARM GAS  /tmp/ccp7yYAb.s 			page 17


DEFINED SYMBOLS
                            *ABS*:00000000 alc_sync.c
     /tmp/ccp7yYAb.s:14     .text.alc_sync_init:00000000 $t
     /tmp/ccp7yYAb.s:20     .text.alc_sync_init:00000000 alc_sync_init
     /tmp/ccp7yYAb.s:42     .text.alc_sync_init:0000001c $d
     /tmp/ccp7yYAb.s:68     .text.alc_sync_parser:00000000 $t
     /tmp/ccp7yYAb.s:74     .text.alc_sync_parser:00000000 alc_sync_parser
     /tmp/ccp7yYAb.s:99     .text.alc_sync_parser:00000026 $d
     /tmp/ccp7yYAb.s:103    .text.alc_sync_parser:0000002a $t
     /tmp/ccp7yYAb.s:339    .text.alc_sync_parser:000001f8 $d
     /tmp/ccp7yYAb.s:910    .rodata.alc_sync_bad_size_str:00000000 alc_sync_bad_size_str
     /tmp/ccp7yYAb.s:904    .rodata.__func__.0:00000000 __func__.0
     /tmp/ccp7yYAb.s:354    .text.alc_sync_get_interval_second:00000000 $t
     /tmp/ccp7yYAb.s:360    .text.alc_sync_get_interval_second:00000000 alc_sync_get_interval_second
     /tmp/ccp7yYAb.s:369    .text.alc_sync_set_interval_second:00000000 $t
     /tmp/ccp7yYAb.s:375    .text.alc_sync_set_interval_second:00000000 alc_sync_set_interval_second
     /tmp/ccp7yYAb.s:391    .text.alc_sync_get_time_correction_second:00000000 $t
     /tmp/ccp7yYAb.s:397    .text.alc_sync_get_time_correction_second:00000000 alc_sync_get_time_correction_second
     /tmp/ccp7yYAb.s:406    .text.alc_sync_set_time_correction_second:00000000 $t
     /tmp/ccp7yYAb.s:412    .text.alc_sync_set_time_correction_second:00000000 alc_sync_set_time_correction_second
     /tmp/ccp7yYAb.s:427    .text.alc_sync_get_gps_time_second:00000000 $t
     /tmp/ccp7yYAb.s:433    .text.alc_sync_get_gps_time_second:00000000 alc_sync_get_gps_time_second
     /tmp/ccp7yYAb.s:445    .text.alc_sync_get_time_left_connection_lost:00000000 $t
     /tmp/ccp7yYAb.s:451    .text.alc_sync_get_time_left_connection_lost:00000000 alc_sync_get_time_left_connection_lost
     /tmp/ccp7yYAb.s:479    .text.is_alc_sync_done:00000000 $t
     /tmp/ccp7yYAb.s:485    .text.is_alc_sync_done:00000000 is_alc_sync_done
     /tmp/ccp7yYAb.s:502    .text.is_alc_sync_time_valid:00000000 $t
     /tmp/ccp7yYAb.s:508    .text.is_alc_sync_time_valid:00000000 is_alc_sync_time_valid
     /tmp/ccp7yYAb.s:529    .text.alc_sync_set_valid_delay_second:00000000 $t
     /tmp/ccp7yYAb.s:535    .text.alc_sync_set_valid_delay_second:00000000 alc_sync_set_valid_delay_second
     /tmp/ccp7yYAb.s:552    .text.alc_sync_set_valid_delay_second:00000010 $d
     /tmp/ccp7yYAb.s:555    .text.alc_sync_get_valid_delay_second:00000000 $t
     /tmp/ccp7yYAb.s:561    .text.alc_sync_get_valid_delay_second:00000000 alc_sync_get_valid_delay_second
     /tmp/ccp7yYAb.s:570    .text.alc_sync_set_sync_lost:00000000 $t
     /tmp/ccp7yYAb.s:576    .text.alc_sync_set_sync_lost:00000000 alc_sync_set_sync_lost
     /tmp/ccp7yYAb.s:589    .text.alc_sync_get_nb_transmission:00000000 $t
     /tmp/ccp7yYAb.s:595    .text.alc_sync_get_nb_transmission:00000000 alc_sync_get_nb_transmission
     /tmp/ccp7yYAb.s:604    .text.alc_sync_get_token_req:00000000 $t
     /tmp/ccp7yYAb.s:610    .text.alc_sync_get_token_req:00000000 alc_sync_get_token_req
     /tmp/ccp7yYAb.s:619    .text.alc_sync_set_max_length_up_payload:00000000 $t
     /tmp/ccp7yYAb.s:625    .text.alc_sync_set_max_length_up_payload:00000000 alc_sync_set_max_length_up_payload
     /tmp/ccp7yYAb.s:634    .text.alc_sync_get_timestamp_last_correction_s:00000000 $t
     /tmp/ccp7yYAb.s:640    .text.alc_sync_get_timestamp_last_correction_s:00000000 alc_sync_get_timestamp_last_correction_s
     /tmp/ccp7yYAb.s:649    .text.alc_sync_get_timestamp_ans_requested_s:00000000 $t
     /tmp/ccp7yYAb.s:655    .text.alc_sync_get_timestamp_ans_requested_s:00000000 alc_sync_get_timestamp_ans_requested_s
     /tmp/ccp7yYAb.s:677    .text.alc_sync_create_uplink_payload:00000000 $t
     /tmp/ccp7yYAb.s:683    .text.alc_sync_create_uplink_payload:00000000 alc_sync_create_uplink_payload
     /tmp/ccp7yYAb.s:896    .text.alc_sync_create_uplink_payload:0000019c $d
     /tmp/ccp7yYAb.s:907    .rodata.alc_sync_bad_size_str:00000000 $d

UNDEFINED SYMBOLS
__gnu_thumb1_case_uqi
smtc_modem_services_get_time_s
strrchr
smtc_modem_hal_print_trace
memcpy
