ARM GAS  /tmp/cc0jp7Ro.s 			page 1


   1              		.cpu cortex-m0
   2              		.arch armv6s-m
   3              		.fpu softvfp
   4              		.eabi_attribute 23, 1
   5              		.eabi_attribute 24, 1
   6              		.eabi_attribute 25, 1
   7              		.eabi_attribute 26, 1
   8              		.eabi_attribute 30, 4
   9              		.eabi_attribute 34, 0
  10              		.eabi_attribute 18, 4
  11              		.file	"dm_downlink.c"
  12              		.text
  13              		.section	.rodata.dm_parse_cmd.str1.1,"aMS",%progbits,1
  14              	.LC0:
  15 0000 1B5B303B 		.ascii	"\033[0;31mERROR: Invalid DM command %x\012\015\000"
  15      33316D45 
  15      52524F52 
  15      3A20496E 
  15      76616C69 
  16              	.LC2:
  17 0026 1B5B306D 		.ascii	"\033[0m\000"
  17      00
  18              	.LC5:
  19 002b 1B5B303B 		.ascii	"\033[0;31mERROR: Invalid DM command size (too small"
  19      33316D45 
  19      52524F52 
  19      3A20496E 
  19      76616C69 
  20 005b 290A0D00 		.ascii	")\012\015\000"
  21              	.LC8:
  22 005f 1B5B303B 		.ascii	"\033[0;33mWARN: DM_%s (0x%02x)\012\015\000"
  22      33336D57 
  22      41524E3A 
  22      20444D5F 
  22      25732028 
  23              	.LC10:
  24 007d 1B5B303B 		.ascii	"\033[0;31mERROR: Invalid DM command size (too long)"
  24      33316D45 
  24      52524F52 
  24      3A20496E 
  24      76616C69 
  25 00ad 0A0D00   		.ascii	"\012\015\000"
  26              	.LC12:
  27 00b0 1B5B303B 		.ascii	"\033[0;31mERROR: invalid DM reset code (0x%02x)\012"
  27      33316D45 
  27      52524F52 
  27      3A20696E 
  27      76616C69 
  28 00dd 0D00     		.ascii	"\015\000"
  29              	.LC16:
  30 00df 1B5B303B 		.ascii	"\033[0;31mERROR: invalid DM reset session code\012\015"
  30      33316D45 
  30      52524F52 
  30      3A20696E 
  30      76616C69 
  31 010c 00       		.ascii	"\000"
  32              	.LC18:
ARM GAS  /tmp/cc0jp7Ro.s 			page 2


  33 010d 1B5B303B 		.ascii	"\033[0;31mERROR: NOT RESET !!!\012\015\000"
  33      33316D45 
  33      52524F52 
  33      3A204E4F 
  33      54205245 
  34              	.LC20:
  35 012b 1B5B303B 		.ascii	"\033[0;33mWARN: DM_FILE_DONE donwlink\012\015\000"
  35      33336D57 
  35      41524E3A 
  35      20444D5F 
  35      46494C45 
  36              	.LC22:
  37 0150 1B5B303B 		.ascii	"\033[0;31mERROR: No FileUpload ongoing\012\015\000"
  37      33316D45 
  37      52524F52 
  37      3A204E6F 
  37      2046696C 
  38              	.LC25:
  39 0176 1B5B303B 		.ascii	"\033[0;31mERROR: DM_FILE_DONE bad session_counter o"
  39      33316D45 
  39      52524F52 
  39      3A20444D 
  39      5F46494C 
  40 01a6 72206261 		.ascii	"r bad message\012\015\000"
  40      64206D65 
  40      73736167 
  40      650A0D00 
  41              	.LC27:
  42 01b6 1B5B303B 		.ascii	"\033[0;32mINFO: File upload DONE with server confir"
  42      33326D49 
  42      4E464F3A 
  42      2046696C 
  42      65207570 
  43 01e6 6D617469 		.ascii	"mation \012\015\000"
  43      6F6E200A 
  43      0D00
  44              	.LC14:
  45 01f0 0F00     		.ascii	"\017\000"
  46              	.LC29:
  47 01f2 1200     		.ascii	"\022\000"
  48              		.section	.text.dm_parse_cmd,"ax",%progbits
  49              		.align	1
  50              		.global	dm_parse_cmd
  51              		.syntax unified
  52              		.code	16
  53              		.thumb_func
  55              	dm_parse_cmd:
  56              		@ args = 0, pretend = 0, frame = 8
  57              		@ frame_needed = 1, uses_anonymous_args = 0
  58 0000 F7B5     		push	{r0, r1, r2, r4, r5, r6, r7, lr}
  59 0002 8278     		ldrb	r2, [r0, #2]
  60 0004 0400     		movs	r4, r0
  61 0006 017A     		ldrb	r1, [r0, #8]
  62 0008 C34D     		ldr	r5, .L82
  63 000a 00AF     		add	r7, sp, #0
  64 000c 0D2A     		cmp	r2, #13
  65 000e 08D9     		bls	.L2
ARM GAS  /tmp/cc0jp7Ro.s 			page 3


  66 0010 1100     		movs	r1, r2
  67 0012 C248     		ldr	r0, .L82+4
  68 0014 FFF7FEFF 		bl	smtc_modem_hal_print_trace
  69              	.L71:
  70 0018 2800     		movs	r0, r5
  71 001a FFF7FEFF 		bl	smtc_modem_hal_print_trace
  72              	.L3:
  73 001e 0020     		movs	r0, #0
  74 0020 3CE0     		b	.L20
  75              	.L2:
  76 0022 BF4B     		ldr	r3, .L82+8
  77 0024 5000     		lsls	r0, r2, #1
  78 0026 C65C     		ldrb	r6, [r0, r3]
  79 0028 8E42     		cmp	r6, r1
  80 002a 03D9     		bls	.L4
  81 002c BD48     		ldr	r0, .L82+12
  82              	.L72:
  83 002e FFF7FEFF 		bl	smtc_modem_hal_print_trace
  84 0032 F1E7     		b	.L71
  85              	.L4:
  86 0034 1B18     		adds	r3, r3, r0
  87 0036 5B78     		ldrb	r3, [r3, #1]
  88 0038 8B42     		cmp	r3, r1
  89 003a 1BD3     		bcc	.L5
  90 003c BA4B     		ldr	r3, .L82+16
  91 003e 9100     		lsls	r1, r2, #2
  92 0040 BA48     		ldr	r0, .L82+20
  93 0042 C958     		ldr	r1, [r1, r3]
  94 0044 FFF7FEFF 		bl	smtc_modem_hal_print_trace
  95 0048 2800     		movs	r0, r5
  96 004a FFF7FEFF 		bl	smtc_modem_hal_print_trace
  97 004e A078     		ldrb	r0, [r4, #2]
  98 0050 0D28     		cmp	r0, #13
  99 0052 E4D8     		bhi	.L3
 100 0054 FFF7FEFF 		bl	__gnu_thumb1_case_shi
 101              	.L7:
 102 0058 1000     		.2byte	(.L19-.L7)/2
 103 005a 2100     		.2byte	(.L18-.L7)/2
 104 005c 3D00     		.2byte	(.L17-.L7)/2
 105 005e 6B00     		.2byte	(.L16-.L7)/2
 106 0060 7600     		.2byte	(.L15-.L7)/2
 107 0062 8300     		.2byte	(.L14-.L7)/2
 108 0064 9F00     		.2byte	(.L13-.L7)/2
 109 0066 AE00     		.2byte	(.L12-.L7)/2
 110 0068 B400     		.2byte	(.L11-.L7)/2
 111 006a BA00     		.2byte	(.L10-.L7)/2
 112 006c 2001     		.2byte	(.L9-.L7)/2
 113 006e E3FF     		.2byte	(.L3-.L7)/2
 114 0070 4F01     		.2byte	(.L8-.L7)/2
 115 0072 4501     		.2byte	(.L6-.L7)/2
 116              		.p2align 1
 117              	.L5:
 118 0074 AE48     		ldr	r0, .L82+24
 119 0076 DAE7     		b	.L72
 120              	.L19:
 121 0078 6368     		ldr	r3, [r4, #4]
 122 007a 9C78     		ldrb	r4, [r3, #2]
ARM GAS  /tmp/cc0jp7Ro.s 			page 4


 123 007c 5A78     		ldrb	r2, [r3, #1]
 124 007e 2402     		lsls	r4, r4, #8
 125 0080 1443     		orrs	r4, r2
 126 0082 1E78     		ldrb	r6, [r3]
 127 0084 FFF7FEFF 		bl	lorawan_api_nb_reset_get
 128 0088 8442     		cmp	r4, r0
 129 008a 12D1     		bne	.L21
 130 008c 731E     		subs	r3, r6, #1
 131 008e 022B     		cmp	r3, #2
 132 0090 06D8     		bhi	.L22
 133 0092 FFF7FEFF 		bl	lorawan_api_context_save
 134 0096 FFF7FEFF 		bl	smtc_modem_hal_reset_mcu
 135              	.L18:
 136 009a 0120     		movs	r0, #1
 137              	.L20:
 138 009c BD46     		mov	sp, r7
 139              		@ sp needed
 140 009e FEBD     		pop	{r1, r2, r3, r4, r5, r6, r7, pc}
 141              	.L22:
 142 00a0 3100     		movs	r1, r6
 143 00a2 A448     		ldr	r0, .L82+28
 144 00a4 FFF7FEFF 		bl	smtc_modem_hal_print_trace
 145              	.L70:
 146 00a8 2800     		movs	r0, r5
 147 00aa FFF7FEFF 		bl	smtc_modem_hal_print_trace
 148 00ae A248     		ldr	r0, .L82+32
 149 00b0 BDE7     		b	.L72
 150              	.L21:
 151 00b2 0122     		movs	r2, #1
 152 00b4 A14B     		ldr	r3, .L82+36
 153 00b6 1100     		movs	r1, r2
 154 00b8 1B78     		ldrb	r3, [r3]
 155 00ba 381D     		adds	r0, r7, #4
 156 00bc 3B71     		strb	r3, [r7, #4]
 157 00be FFF7FEFF 		bl	set_dm_info
 158 00c2 0128     		cmp	r0, #1
 159 00c4 01D1     		bne	.L24
 160 00c6 FFF7FEFF 		bl	modem_supervisor_add_task_dm_status_now
 161              	.L24:
 162 00ca 9D48     		ldr	r0, .L82+40
 163 00cc FFF7FEFF 		bl	smtc_modem_hal_print_trace
 164 00d0 EAE7     		b	.L70
 165              	.L17:
 166 00d2 9C48     		ldr	r0, .L82+44
 167 00d4 FFF7FEFF 		bl	smtc_modem_hal_print_trace
 168 00d8 2800     		movs	r0, r5
 169 00da FFF7FEFF 		bl	smtc_modem_hal_print_trace
 170 00de FFF7FEFF 		bl	modem_get_upload_state
 171 00e2 0228     		cmp	r0, #2
 172 00e4 06D0     		beq	.L25
 173 00e6 9848     		ldr	r0, .L82+48
 174              	.L69:
 175 00e8 FFF7FEFF 		bl	smtc_modem_hal_print_trace
 176 00ec 2800     		movs	r0, r5
 177 00ee FFF7FEFF 		bl	smtc_modem_hal_print_trace
 178 00f2 D2E7     		b	.L18
 179              	.L25:
ARM GAS  /tmp/cc0jp7Ro.s 			page 5


 180 00f4 227A     		ldrb	r2, [r4, #8]
 181 00f6 6168     		ldr	r1, [r4, #4]
 182 00f8 9448     		ldr	r0, .L82+52
 183 00fa FFF7FEFF 		bl	file_upload_process_file_done_frame
 184 00fe 041E     		subs	r4, r0, #0
 185 0100 01D0     		beq	.L26
 186 0102 9348     		ldr	r0, .L82+56
 187 0104 F0E7     		b	.L69
 188              	.L26:
 189 0106 9348     		ldr	r0, .L82+60
 190 0108 FFF7FEFF 		bl	smtc_modem_hal_print_trace
 191 010c 2800     		movs	r0, r5
 192 010e FFF7FEFF 		bl	smtc_modem_hal_print_trace
 193 0112 0121     		movs	r1, #1
 194 0114 0520     		movs	r0, #5
 195 0116 FFF7FEFF 		bl	increment_asynchronous_msgnumber
 196 011a 2000     		movs	r0, r4
 197 011c FFF7FEFF 		bl	set_modem_status_file_upload
 198 0120 0320     		movs	r0, #3
 199 0122 FFF7FEFF 		bl	modem_set_upload_state
 200 0126 0420     		movs	r0, #4
 201 0128 FFF7FEFF 		bl	modem_supervisor_remove_task
 202 012c B5E7     		b	.L18
 203              	.L16:
 204 012e 0122     		movs	r2, #1
 205 0130 217A     		ldrb	r1, [r4, #8]
 206 0132 6068     		ldr	r0, [r4, #4]
 207 0134 FFF7FEFF 		bl	set_dm_info
 208 0138 0128     		cmp	r0, #1
 209 013a 00D0     		beq	.LCB183
 210 013c 6FE7     		b	.L3	@long jump
 211              	.LCB183:
 212 013e FFF7FEFF 		bl	modem_supervisor_add_task_dm_status_now
 213 0142 AAE7     		b	.L18
 214              	.L15:
 215 0144 227A     		ldrb	r2, [r4, #8]
 216 0146 6368     		ldr	r3, [r4, #4]
 217 0148 013A     		subs	r2, r2, #1
 218 014a 1878     		ldrb	r0, [r3]
 219 014c D2B2     		uxtb	r2, r2
 220 014e 591C     		adds	r1, r3, #1
 221 0150 FFF7FEFF 		bl	dm_set_conf
 222              	.L76:
 223 0154 0138     		subs	r0, r0, #1
 224              	.L75:
 225 0156 4342     		rsbs	r3, r0, #0
 226 0158 5841     		adcs	r0, r0, r3
 227 015a C0B2     		uxtb	r0, r0
 228 015c 9EE7     		b	.L20
 229              	.L14:
 230 015e 6368     		ldr	r3, [r4, #4]
 231 0160 5C78     		ldrb	r4, [r3, #1]
 232 0162 1A78     		ldrb	r2, [r3]
 233 0164 2402     		lsls	r4, r4, #8
 234 0166 1443     		orrs	r4, r2
 235 0168 FFF7FEFF 		bl	lorawan_api_devnonce_get
 236 016c 8442     		cmp	r4, r0
ARM GAS  /tmp/cc0jp7Ro.s 			page 6


 237 016e 0DD0     		beq	.L27
 238 0170 0122     		movs	r2, #1
 239 0172 794B     		ldr	r3, .L82+64
 240 0174 1100     		movs	r1, r2
 241 0176 1B78     		ldrb	r3, [r3]
 242 0178 381D     		adds	r0, r7, #4
 243 017a 3B71     		strb	r3, [r7, #4]
 244 017c FFF7FEFF 		bl	set_dm_info
 245 0180 0128     		cmp	r0, #1
 246 0182 00D0     		beq	.LCB229
 247 0184 4BE7     		b	.L3	@long jump
 248              	.LCB229:
 249 0186 FFF7FEFF 		bl	modem_supervisor_add_task_dm_status_now
 250 018a 48E7     		b	.L3
 251              	.L27:
 252 018c FFF7FEFF 		bl	modem_leave
 253 0190 FFF7FEFF 		bl	modem_supervisor_add_task_join
 254 0194 81E7     		b	.L18
 255              	.L13:
 256 0196 6368     		ldr	r3, [r4, #4]
 257 0198 1878     		ldrb	r0, [r3]
 258 019a FFF7FEFF 		bl	dm_set_number_of_days_mute
 259 019e FFF7FEFF 		bl	get_modem_muted
 260 01a2 0128     		cmp	r0, #1
 261 01a4 01D1     		bne	.L29
 262 01a6 FFF7FEFF 		bl	modem_supervisor_add_task_modem_mute
 263              	.L29:
 264 01aa 0021     		movs	r1, #0
 265 01ac 0720     		movs	r0, #7
 266 01ae FFF7FEFF 		bl	increment_asynchronous_msgnumber
 267 01b2 72E7     		b	.L18
 268              	.L12:
 269 01b4 0022     		movs	r2, #0
 270 01b6 217A     		ldrb	r1, [r4, #8]
 271 01b8 6068     		ldr	r0, [r4, #4]
 272 01ba FFF7FEFF 		bl	set_dm_info
 273 01be C9E7     		b	.L76
 274              	.L11:
 275 01c0 227A     		ldrb	r2, [r4, #8]
 276 01c2 6168     		ldr	r1, [r4, #4]
 277 01c4 6548     		ldr	r0, .L82+68
 278 01c6 FFF7FEFF 		bl	stream_process_dn_frame
 279 01ca C4E7     		b	.L75
 280              	.L10:
 281 01cc 644E     		ldr	r6, .L82+72
 282 01ce 227A     		ldrb	r2, [r4, #8]
 283 01d0 3000     		movs	r0, r6
 284 01d2 6168     		ldr	r1, [r4, #4]
 285 01d4 FFF7FEFF 		bl	alc_sync_parser
 286 01d8 0500     		movs	r5, r0
 287 01da 8307     		lsls	r3, r0, #30
 288 01dc 28D5     		bpl	.L31
 289 01de 0121     		movs	r1, #1
 290 01e0 0D20     		movs	r0, #13
 291 01e2 2936     		adds	r6, r6, #41
 292 01e4 3170     		strb	r1, [r6]
 293 01e6 FFF7FEFF 		bl	increment_asynchronous_msgnumber
ARM GAS  /tmp/cc0jp7Ro.s 			page 7


 294 01ea FFF7FEFF 		bl	modem_supervisor_remove_task_clock_sync
 295 01ee 5D4C     		ldr	r4, .L82+76
 296 01f0 2000     		movs	r0, r4
 297 01f2 FFF7FEFF 		bl	clock_sync_is_enabled
 298 01f6 0028     		cmp	r0, #0
 299 01f8 1AD0     		beq	.L31
 300 01fa 2000     		movs	r0, r4
 301 01fc FFF7FEFF 		bl	clock_sync_get_interval_second
 302 0200 0600     		movs	r6, r0
 303 0202 2000     		movs	r0, r4
 304 0204 FFF7FEFF 		bl	clock_sync_get_time_left_connection_lost
 305 0208 8642     		cmp	r6, r0
 306 020a 3DD2     		bcs	.L33
 307 020c 2000     		movs	r0, r4
 308 020e FFF7FEFF 		bl	clock_sync_get_interval_second
 309              	.L73:
 310 0212 1E26     		movs	r6, #30
 311 0214 0400     		movs	r4, r0
 312 0216 7642     		rsbs	r6, r6, #0
 313              	.L36:
 314 0218 1E21     		movs	r1, #30
 315 021a 3000     		movs	r0, r6
 316 021c FFF7FEFF 		bl	smtc_modem_hal_get_signed_random_nb_in_range
 317 0220 0028     		cmp	r0, #0
 318 0222 02DA     		bge	.L35
 319 0224 4342     		rsbs	r3, r0, #0
 320 0226 A342     		cmp	r3, r4
 321 0228 F6D8     		bhi	.L36
 322              	.L35:
 323 022a 0019     		adds	r0, r0, r4
 324 022c FFF7FEFF 		bl	modem_supervisor_add_task_clock_sync_time_req
 325              	.L31:
 326 0230 0223     		movs	r3, #2
 327 0232 2A00     		movs	r2, r5
 328 0234 9A43     		bics	r2, r3
 329 0236 00D1     		bne	.LCB331
 330 0238 2FE7     		b	.L18	@long jump
 331              	.LCB331:
 332 023a 6D07     		lsls	r5, r5, #29
 333 023c 20D5     		bpl	.L38
 334 023e 494C     		ldr	r4, .L82+76
 335 0240 2000     		movs	r0, r4
 336 0242 FFF7FEFF 		bl	clock_sync_is_enabled
 337 0246 0028     		cmp	r0, #0
 338 0248 1AD0     		beq	.L38
 339 024a 2000     		movs	r0, r4
 340 024c FFF7FEFF 		bl	clock_sync_get_interval_second
 341 0250 0500     		movs	r5, r0
 342 0252 2000     		movs	r0, r4
 343 0254 FFF7FEFF 		bl	clock_sync_get_time_left_connection_lost
 344 0258 8542     		cmp	r5, r0
 345 025a 19D2     		bcs	.L40
 346 025c 2000     		movs	r0, r4
 347 025e FFF7FEFF 		bl	clock_sync_get_interval_second
 348              	.L74:
 349 0262 1E25     		movs	r5, #30
 350 0264 0400     		movs	r4, r0
ARM GAS  /tmp/cc0jp7Ro.s 			page 8


 351 0266 6D42     		rsbs	r5, r5, #0
 352              	.L43:
 353 0268 1E21     		movs	r1, #30
 354 026a 2800     		movs	r0, r5
 355 026c FFF7FEFF 		bl	smtc_modem_hal_get_signed_random_nb_in_range
 356 0270 0028     		cmp	r0, #0
 357 0272 02DA     		bge	.L42
 358 0274 4342     		rsbs	r3, r0, #0
 359 0276 A342     		cmp	r3, r4
 360 0278 F6D8     		bhi	.L43
 361              	.L42:
 362 027a 0019     		adds	r0, r0, r4
 363 027c FFF7FEFF 		bl	modem_supervisor_add_task_clock_sync_time_req
 364              	.L38:
 365 0280 0120     		movs	r0, #1
 366 0282 FFF7FEFF 		bl	modem_supervisor_add_task_alc_sync_ans
 367 0286 08E7     		b	.L18
 368              	.L33:
 369 0288 2000     		movs	r0, r4
 370 028a FFF7FEFF 		bl	clock_sync_get_time_left_connection_lost
 371 028e C0E7     		b	.L73
 372              	.L40:
 373 0290 2000     		movs	r0, r4
 374 0292 FFF7FEFF 		bl	clock_sync_get_time_left_connection_lost
 375 0296 E4E7     		b	.L74
 376              	.L9:
 377 0298 227A     		ldrb	r2, [r4, #8]
 378 029a 6D46     		mov	r5, sp
 379 029c 1300     		movs	r3, r2
 380 029e 0A33     		adds	r3, r3, #10
 381 02a0 DB08     		lsrs	r3, r3, #3
 382 02a2 DB00     		lsls	r3, r3, #3
 383 02a4 EB1A     		subs	r3, r5, r3
 384 02a6 9D46     		mov	sp, r3
 385 02a8 0A21     		movs	r1, #10
 386              	.L81:
 387 02aa 9970     		strb	r1, [r3, #2]
 388 02ac D81C     		adds	r0, r3, #3
 389 02ae 6168     		ldr	r1, [r4, #4]
 390 02b0 FFF7FEFF 		bl	memcpy
 391 02b4 FFF7FEFF 		bl	modem_context_get_modem_radio_ctx
 392 02b8 227A     		ldrb	r2, [r4, #8]
 393 02ba 6946     		mov	r1, sp
 394 02bc 0332     		adds	r2, r2, #3
 395 02be D2B2     		uxtb	r2, r2
 396 02c0 FFF7FEFF 		bl	almanac_update_process_downlink_payload
 397 02c4 0300     		movs	r3, r0
 398 02c6 0020     		movs	r0, #0
 399 02c8 8342     		cmp	r3, r0
 400 02ca 08D1     		bne	.L46
 401 02cc 2178     		ldrb	r1, [r4]
 402 02ce 8142     		cmp	r1, r0
 403 02d0 01D0     		beq	.L47
 404 02d2 0121     		movs	r1, #1
 405 02d4 2380     		strh	r3, [r4]
 406              	.L47:
 407 02d6 1120     		movs	r0, #17
ARM GAS  /tmp/cc0jp7Ro.s 			page 9


 408 02d8 FFF7FEFF 		bl	increment_asynchronous_msgnumber
 409 02dc 0120     		movs	r0, #1
 410              	.L46:
 411 02de AD46     		mov	sp, r5
 412 02e0 DCE6     		b	.L20
 413              	.L6:
 414 02e2 227A     		ldrb	r2, [r4, #8]
 415 02e4 6D46     		mov	r5, sp
 416 02e6 1300     		movs	r3, r2
 417 02e8 0A33     		adds	r3, r3, #10
 418 02ea DB08     		lsrs	r3, r3, #3
 419 02ec DB00     		lsls	r3, r3, #3
 420 02ee EB1A     		subs	r3, r5, r3
 421 02f0 9D46     		mov	sp, r3
 422 02f2 0D21     		movs	r1, #13
 423 02f4 D9E7     		b	.L81
 424              	.L8:
 425 02f6 0E20     		movs	r0, #14
 426 02f8 FFF7FEFF 		bl	modem_context_suspend_radio_access
 427 02fc FFF7FEFF 		bl	modem_context_get_modem_radio_ctx
 428 0300 227A     		ldrb	r2, [r4, #8]
 429 0302 6168     		ldr	r1, [r4, #4]
 430 0304 FFF7FEFF 		bl	lr11xx_gnss_push_solver_msg
 431 0308 0400     		movs	r4, r0
 432 030a 6342     		rsbs	r3, r4, #0
 433 030c 5C41     		adcs	r4, r4, r3
 434 030e FFF7FEFF 		bl	modem_context_resume_radio_access
 435 0312 E0B2     		uxtb	r0, r4
 436 0314 C2E6     		b	.L20
 437              	.L83:
 438 0316 C046     		.align	2
 439              	.L82:
 440 0318 26000000 		.word	.LC2
 441 031c 00000000 		.word	.LC0
 442 0320 00000000 		.word	dm_cmd_len
 443 0324 2B000000 		.word	.LC5
 444 0328 00000000 		.word	dm_cmd_str
 445 032c 5F000000 		.word	.LC8
 446 0330 7D000000 		.word	.LC10
 447 0334 B0000000 		.word	.LC12
 448 0338 0D010000 		.word	.LC18
 449 033c F0010000 		.word	.LC14
 450 0340 DF000000 		.word	.LC16
 451 0344 2B010000 		.word	.LC20
 452 0348 50010000 		.word	.LC22
 453 034c A8040000 		.word	smtc_modem_services_ctx+1192
 454 0350 76010000 		.word	.LC25
 455 0354 B6010000 		.word	.LC27
 456 0358 F2010000 		.word	.LC29
 457 035c 54000000 		.word	smtc_modem_services_ctx+84
 458 0360 00000000 		.word	smtc_modem_services_ctx
 459 0364 2C000000 		.word	smtc_modem_services_ctx+44
 461              		.section	.rodata.dm_downlink.str1.1,"aMS",%progbits,1
 462              	.LC35:
 463 0000 1B5B303B 		.ascii	"\033[0;31mERROR: DM Downlink must contain at least "
 463      33316D45 
 463      52524F52 
ARM GAS  /tmp/cc0jp7Ro.s 			page 10


 463      3A20444D 
 463      20446F77 
 464 0030 34206279 		.ascii	"4 bytes\012\015\000"
 464      7465730A 
 464      0D00
 465              		.section	.text.dm_downlink,"ax",%progbits
 466              		.align	1
 467              		.global	dm_downlink
 468              		.syntax unified
 469              		.code	16
 470              		.thumb_func
 472              	dm_downlink:
 473              		@ args = 0, pretend = 0, frame = 16
 474              		@ frame_needed = 0, uses_anonymous_args = 0
 475 0000 7FB5     		push	{r0, r1, r2, r3, r4, r5, r6, lr}
 476 0002 0329     		cmp	r1, #3
 477 0004 09D8     		bhi	.L85
 478 0006 1248     		ldr	r0, .L89
 479 0008 FFF7FEFF 		bl	smtc_modem_hal_print_trace
 480 000c 1148     		ldr	r0, .L89+4
 481 000e FFF7FEFF 		bl	smtc_modem_hal_print_trace
 482 0012 0025     		movs	r5, #0
 483              	.L86:
 484 0014 2800     		movs	r0, r5
 485 0016 04B0     		add	sp, sp, #16
 486              		@ sp needed
 487 0018 70BD     		pop	{r4, r5, r6, pc}
 488              	.L85:
 489 001a 0378     		ldrb	r3, [r0]
 490 001c 01AC     		add	r4, sp, #4
 491 001e 2370     		strb	r3, [r4]
 492 0020 4378     		ldrb	r3, [r0, #1]
 493 0022 0339     		subs	r1, r1, #3
 494 0024 6370     		strb	r3, [r4, #1]
 495 0026 8378     		ldrb	r3, [r0, #2]
 496 0028 0330     		adds	r0, r0, #3
 497 002a 0290     		str	r0, [sp, #8]
 498 002c 2000     		movs	r0, r4
 499 002e 2172     		strb	r1, [r4, #8]
 500 0030 A370     		strb	r3, [r4, #2]
 501 0032 FFF7FEFF 		bl	dm_parse_cmd
 502 0036 2678     		ldrb	r6, [r4]
 503 0038 6478     		ldrb	r4, [r4, #1]
 504 003a 0500     		movs	r5, r0
 505 003c 2100     		movs	r1, r4
 506 003e 3000     		movs	r0, r6
 507 0040 FFF7FEFF 		bl	set_dm_retrieve_pending_dl
 508 0044 002E     		cmp	r6, #0
 509 0046 E5D0     		beq	.L86
 510 0048 2000     		movs	r0, r4
 511 004a FFF7FEFF 		bl	modem_supervisor_add_task_retrieve_dl
 512 004e E1E7     		b	.L86
 513              	.L90:
 514              		.align	2
 515              	.L89:
 516 0050 00000000 		.word	.LC35
 517 0054 26000000 		.word	.LC2
ARM GAS  /tmp/cc0jp7Ro.s 			page 11


 519              		.section	.rodata.dm_cmd_len,"a"
 520              		.align	2
 523              	dm_cmd_len:
 524 0000 0303     		.ascii	"\003\003"
 525 0002 01FF     		.ascii	"\001\377"
 526 0004 0101     		.ascii	"\001\001"
 527 0006 01FF     		.ascii	"\001\377"
 528 0008 02FF     		.ascii	"\002\377"
 529 000a 0202     		.ascii	"\002\002"
 530 000c 0101     		.ascii	"\001\001"
 531 000e 011C     		.ascii	"\001\034"
 532 0010 01FF     		.ascii	"\001\377"
 533 0012 01FF     		.ascii	"\001\377"
 534 0014 01FF     		.ascii	"\001\377"
 535 0016 01FF     		.ascii	"\001\377"
 536 0018 01FF     		.ascii	"\001\377"
 537 001a 01FF     		.ascii	"\001\377"
 538              		.section	.rodata.str1.1,"aMS",%progbits,1
 539              	.LC38:
 540 0000 52455345 		.ascii	"RESET\000"
 540      5400
 541              	.LC39:
 542 0006 46554F54 		.ascii	"FUOTA\000"
 542      4100
 543              	.LC40:
 544 000c 46494C45 		.ascii	"FILE_DONE\000"
 544      5F444F4E 
 544      4500
 545              	.LC41:
 546 0016 4745545F 		.ascii	"GET_INFO\000"
 546      494E464F 
 546      00
 547              	.LC42:
 548 001f 5345545F 		.ascii	"SET_CONF\000"
 548      434F4E46 
 548      00
 549              	.LC43:
 550 0028 52454A4F 		.ascii	"REJOIN\000"
 550      494E00
 551              	.LC44:
 552 002f 4D555445 		.ascii	"MUTE\000"
 552      00
 553              	.LC45:
 554 0034 5345545F 		.ascii	"SET_DM_INFO\000"
 554      444D5F49 
 554      4E464F00 
 555              	.LC46:
 556 0040 53545245 		.ascii	"STREAM\000"
 556      414D00
 557              	.LC47:
 558 0047 414C435F 		.ascii	"ALC_SYNC\000"
 558      53594E43 
 558      00
 559              	.LC48:
 560 0050 414C4D5F 		.ascii	"ALM_UPDATE\000"
 560      55504441 
 560      544500
ARM GAS  /tmp/cc0jp7Ro.s 			page 12


 561              	.LC49:
 562 005b 414C4D5F 		.ascii	"ALM_DEBUG\000"
 562      44454255 
 562      4700
 563              	.LC50:
 564 0065 534F4C56 		.ascii	"SOLVER_UPDATE\000"
 564      45525F55 
 564      50444154 
 564      4500
 565              	.LC51:
 566 0073 414C4D5F 		.ascii	"ALM_FUPDATE\000"
 566      46555044 
 566      41544500 
 567              		.section	.rodata.dm_cmd_str,"a"
 568              		.align	2
 571              	dm_cmd_str:
 572 0000 00000000 		.word	.LC38
 573 0004 06000000 		.word	.LC39
 574 0008 0C000000 		.word	.LC40
 575 000c 16000000 		.word	.LC41
 576 0010 1F000000 		.word	.LC42
 577 0014 28000000 		.word	.LC43
 578 0018 2F000000 		.word	.LC44
 579 001c 34000000 		.word	.LC45
 580 0020 40000000 		.word	.LC46
 581 0024 47000000 		.word	.LC47
 582 0028 50000000 		.word	.LC48
 583 002c 5B000000 		.word	.LC49
 584 0030 65000000 		.word	.LC50
 585 0034 73000000 		.word	.LC51
 586              		.ident	"GCC: (Arch Repository) 13.2.0"
ARM GAS  /tmp/cc0jp7Ro.s 			page 13


DEFINED SYMBOLS
                            *ABS*:00000000 dm_downlink.c
     /tmp/cc0jp7Ro.s:49     .text.dm_parse_cmd:00000000 $t
     /tmp/cc0jp7Ro.s:55     .text.dm_parse_cmd:00000000 dm_parse_cmd
     /tmp/cc0jp7Ro.s:102    .text.dm_parse_cmd:00000058 $d
     /tmp/cc0jp7Ro.s:116    .text.dm_parse_cmd:00000074 $t
     /tmp/cc0jp7Ro.s:440    .text.dm_parse_cmd:00000318 $d
     /tmp/cc0jp7Ro.s:523    .rodata.dm_cmd_len:00000000 dm_cmd_len
     /tmp/cc0jp7Ro.s:571    .rodata.dm_cmd_str:00000000 dm_cmd_str
     /tmp/cc0jp7Ro.s:466    .text.dm_downlink:00000000 $t
     /tmp/cc0jp7Ro.s:472    .text.dm_downlink:00000000 dm_downlink
     /tmp/cc0jp7Ro.s:516    .text.dm_downlink:00000050 $d
     /tmp/cc0jp7Ro.s:520    .rodata.dm_cmd_len:00000000 $d
     /tmp/cc0jp7Ro.s:568    .rodata.dm_cmd_str:00000000 $d

UNDEFINED SYMBOLS
smtc_modem_hal_print_trace
__gnu_thumb1_case_shi
lorawan_api_nb_reset_get
lorawan_api_context_save
smtc_modem_hal_reset_mcu
set_dm_info
modem_supervisor_add_task_dm_status_now
modem_get_upload_state
file_upload_process_file_done_frame
increment_asynchronous_msgnumber
set_modem_status_file_upload
modem_set_upload_state
modem_supervisor_remove_task
dm_set_conf
lorawan_api_devnonce_get
modem_leave
modem_supervisor_add_task_join
dm_set_number_of_days_mute
get_modem_muted
modem_supervisor_add_task_modem_mute
stream_process_dn_frame
alc_sync_parser
modem_supervisor_remove_task_clock_sync
clock_sync_is_enabled
clock_sync_get_interval_second
clock_sync_get_time_left_connection_lost
smtc_modem_hal_get_signed_random_nb_in_range
modem_supervisor_add_task_clock_sync_time_req
modem_supervisor_add_task_alc_sync_ans
memcpy
modem_context_get_modem_radio_ctx
almanac_update_process_downlink_payload
modem_context_suspend_radio_access
lr11xx_gnss_push_solver_msg
modem_context_resume_radio_access
smtc_modem_services_ctx
set_dm_retrieve_pending_dl
modem_supervisor_add_task_retrieve_dl
