ARM GAS  /tmp/cch6F6iG.s 			page 1


   1              		.cpu cortex-m0
   2              		.arch armv6s-m
   3              		.fpu softvfp
   4              		.eabi_attribute 23, 1
   5              		.eabi_attribute 24, 1
   6              		.eabi_attribute 25, 1
   7              		.eabi_attribute 26, 1
   8              		.eabi_attribute 30, 4
   9              		.eabi_attribute 34, 0
  10              		.eabi_attribute 18, 4
  11              		.file	"file_upload.c"
  12              		.text
  13              		.section	.text.sha256_do,"ax",%progbits
  14              		.align	1
  15              		.syntax unified
  16              		.code	16
  17              		.thumb_func
  19              	sha256_do:
  20              		@ args = 0, pretend = 0, frame = 304
  21              		@ frame_needed = 0, uses_anonymous_args = 0
  22 0000 F0B5     		push	{r4, r5, r6, r7, lr}
  23 0002 CDB0     		sub	sp, sp, #308
  24 0004 0D00     		movs	r5, r1
  25 0006 0CAB     		add	r3, sp, #48
  26 0008 1C00     		movs	r4, r3
  27 000a 4035     		adds	r5, r5, #64
  28              	.L2:
  29 000c 0A78     		ldrb	r2, [r1]
  30 000e 4E78     		ldrb	r6, [r1, #1]
  31 0010 1206     		lsls	r2, r2, #24
  32 0012 3604     		lsls	r6, r6, #16
  33 0014 3243     		orrs	r2, r6
  34 0016 CE78     		ldrb	r6, [r1, #3]
  35 0018 3243     		orrs	r2, r6
  36 001a 8E78     		ldrb	r6, [r1, #2]
  37 001c 0431     		adds	r1, r1, #4
  38 001e 3602     		lsls	r6, r6, #8
  39 0020 3243     		orrs	r2, r6
  40 0022 04C4     		stmia	r4!, {r2}
  41 0024 8D42     		cmp	r5, r1
  42 0026 F1D1     		bne	.L2
  43 0028 1025     		movs	r5, #16
  44 002a 1127     		movs	r7, #17
  45              	.L3:
  46 002c 9A6B     		ldr	r2, [r3, #56]
  47 002e 1326     		movs	r6, #19
  48 0030 1100     		movs	r1, r2
  49 0032 F941     		rors	r1, r1, r7
  50 0034 8C46     		mov	ip, r1
  51 0036 1100     		movs	r1, r2
  52 0038 F141     		rors	r1, r1, r6
  53 003a 6646     		mov	r6, ip
  54 003c 7140     		eors	r1, r6
  55 003e 1E68     		ldr	r6, [r3]
  56 0040 920A     		lsrs	r2, r2, #10
  57 0042 B446     		mov	ip, r6
  58 0044 5140     		eors	r1, r2
ARM GAS  /tmp/cch6F6iG.s 			page 2


  59 0046 5A6A     		ldr	r2, [r3, #36]
  60 0048 5C68     		ldr	r4, [r3, #4]
  61 004a 6244     		add	r2, r2, ip
  62 004c 0726     		movs	r6, #7
  63 004e 8A18     		adds	r2, r1, r2
  64 0050 2100     		movs	r1, r4
  65 0052 F141     		rors	r1, r1, r6
  66 0054 8C46     		mov	ip, r1
  67 0056 2100     		movs	r1, r4
  68 0058 0B36     		adds	r6, r6, #11
  69 005a F141     		rors	r1, r1, r6
  70 005c 6646     		mov	r6, ip
  71 005e E408     		lsrs	r4, r4, #3
  72 0060 7140     		eors	r1, r6
  73 0062 6140     		eors	r1, r4
  74 0064 5218     		adds	r2, r2, r1
  75 0066 0135     		adds	r5, r5, #1
  76 0068 1A64     		str	r2, [r3, #64]
  77 006a 0433     		adds	r3, r3, #4
  78 006c 402D     		cmp	r5, #64
  79 006e DDD1     		bne	.L3
  80 0070 0368     		ldr	r3, [r0]
  81 0072 0027     		movs	r7, #0
  82 0074 0293     		str	r3, [sp, #8]
  83 0076 4368     		ldr	r3, [r0, #4]
  84 0078 029C     		ldr	r4, [sp, #8]
  85 007a 0393     		str	r3, [sp, #12]
  86 007c 8368     		ldr	r3, [r0, #8]
  87 007e 039E     		ldr	r6, [sp, #12]
  88 0080 0493     		str	r3, [sp, #16]
  89 0082 C368     		ldr	r3, [r0, #12]
  90 0084 0593     		str	r3, [sp, #20]
  91 0086 0369     		ldr	r3, [r0, #16]
  92 0088 0693     		str	r3, [sp, #24]
  93 008a 4369     		ldr	r3, [r0, #20]
  94 008c 0699     		ldr	r1, [sp, #24]
  95 008e 0793     		str	r3, [sp, #28]
  96 0090 8369     		ldr	r3, [r0, #24]
  97 0092 0893     		str	r3, [sp, #32]
  98 0094 C369     		ldr	r3, [r0, #28]
  99 0096 0993     		str	r3, [sp, #36]
 100 0098 0A93     		str	r3, [sp, #40]
 101 009a 089B     		ldr	r3, [sp, #32]
 102 009c 0193     		str	r3, [sp, #4]
 103 009e 079B     		ldr	r3, [sp, #28]
 104 00a0 0093     		str	r3, [sp]
 105 00a2 059B     		ldr	r3, [sp, #20]
 106 00a4 0B93     		str	r3, [sp, #44]
 107 00a6 049B     		ldr	r3, [sp, #16]
 108 00a8 9C46     		mov	ip, r3
 109              	.L4:
 110 00aa 0B23     		movs	r3, #11
 111 00ac 0A00     		movs	r2, r1
 112 00ae 0625     		movs	r5, #6
 113 00b0 DA41     		rors	r2, r2, r3
 114 00b2 0B00     		movs	r3, r1
 115 00b4 EB41     		rors	r3, r3, r5
ARM GAS  /tmp/cch6F6iG.s 			page 3


 116 00b6 5340     		eors	r3, r2
 117 00b8 0A00     		movs	r2, r1
 118 00ba 1335     		adds	r5, r5, #19
 119 00bc EA41     		rors	r2, r2, r5
 120 00be 5340     		eors	r3, r2
 121 00c0 2A4A     		ldr	r2, .L8
 122 00c2 0CAD     		add	r5, sp, #48
 123 00c4 7D59     		ldr	r5, [r7, r5]
 124 00c6 D259     		ldr	r2, [r2, r7]
 125 00c8 0437     		adds	r7, r7, #4
 126 00ca 5219     		adds	r2, r2, r5
 127 00cc 9A18     		adds	r2, r3, r2
 128 00ce 009D     		ldr	r5, [sp]
 129 00d0 019B     		ldr	r3, [sp, #4]
 130 00d2 0D40     		ands	r5, r1
 131 00d4 8B43     		bics	r3, r1
 132 00d6 6B40     		eors	r3, r5
 133 00d8 D218     		adds	r2, r2, r3
 134 00da 0A9B     		ldr	r3, [sp, #40]
 135 00dc 2500     		movs	r5, r4
 136 00de D318     		adds	r3, r2, r3
 137 00e0 0A93     		str	r3, [sp, #40]
 138 00e2 0D23     		movs	r3, #13
 139 00e4 DD41     		rors	r5, r5, r3
 140 00e6 0222     		movs	r2, #2
 141 00e8 2B00     		movs	r3, r5
 142 00ea 2500     		movs	r5, r4
 143 00ec D541     		rors	r5, r5, r2
 144 00ee 2200     		movs	r2, r4
 145 00f0 5D40     		eors	r5, r3
 146 00f2 1623     		movs	r3, #22
 147 00f4 DA41     		rors	r2, r2, r3
 148 00f6 6346     		mov	r3, ip
 149 00f8 5540     		eors	r5, r2
 150 00fa 6246     		mov	r2, ip
 151 00fc 7340     		eors	r3, r6
 152 00fe 3240     		ands	r2, r6
 153 0100 2340     		ands	r3, r4
 154 0102 5340     		eors	r3, r2
 155 0104 EB18     		adds	r3, r5, r3
 156 0106 0B9A     		ldr	r2, [sp, #44]
 157 0108 0A9D     		ldr	r5, [sp, #40]
 158 010a AD18     		adds	r5, r5, r2
 159 010c 0A9A     		ldr	r2, [sp, #40]
 160 010e D318     		adds	r3, r2, r3
 161 0110 6246     		mov	r2, ip
 162 0112 0B92     		str	r2, [sp, #44]
 163 0114 019A     		ldr	r2, [sp, #4]
 164 0116 0A92     		str	r2, [sp, #40]
 165 0118 8022     		movs	r2, #128
 166 011a 5200     		lsls	r2, r2, #1
 167 011c 9742     		cmp	r7, r2
 168 011e 1DD1     		bne	.L5
 169 0120 029A     		ldr	r2, [sp, #8]
 170 0122 D318     		adds	r3, r2, r3
 171 0124 0360     		str	r3, [r0]
 172 0126 039B     		ldr	r3, [sp, #12]
ARM GAS  /tmp/cch6F6iG.s 			page 4


 173 0128 009A     		ldr	r2, [sp]
 174 012a 1C19     		adds	r4, r3, r4
 175 012c 049B     		ldr	r3, [sp, #16]
 176 012e 4460     		str	r4, [r0, #4]
 177 0130 9E19     		adds	r6, r3, r6
 178 0132 059B     		ldr	r3, [sp, #20]
 179 0134 8660     		str	r6, [r0, #8]
 180 0136 6344     		add	r3, r3, ip
 181 0138 9446     		mov	ip, r2
 182 013a C360     		str	r3, [r0, #12]
 183 013c 069B     		ldr	r3, [sp, #24]
 184 013e 019A     		ldr	r2, [sp, #4]
 185 0140 5D19     		adds	r5, r3, r5
 186 0142 079B     		ldr	r3, [sp, #28]
 187 0144 0561     		str	r5, [r0, #16]
 188 0146 5918     		adds	r1, r3, r1
 189 0148 089B     		ldr	r3, [sp, #32]
 190 014a 4161     		str	r1, [r0, #20]
 191 014c 6344     		add	r3, r3, ip
 192 014e 9446     		mov	ip, r2
 193 0150 8361     		str	r3, [r0, #24]
 194 0152 099B     		ldr	r3, [sp, #36]
 195 0154 6344     		add	r3, r3, ip
 196 0156 C361     		str	r3, [r0, #28]
 197 0158 4DB0     		add	sp, sp, #308
 198              		@ sp needed
 199 015a F0BD     		pop	{r4, r5, r6, r7, pc}
 200              	.L5:
 201 015c 009A     		ldr	r2, [sp]
 202 015e B446     		mov	ip, r6
 203 0160 0091     		str	r1, [sp]
 204 0162 2600     		movs	r6, r4
 205 0164 2900     		movs	r1, r5
 206 0166 1C00     		movs	r4, r3
 207 0168 0192     		str	r2, [sp, #4]
 208 016a 9EE7     		b	.L4
 209              	.L9:
 210              		.align	2
 211              	.L8:
 212 016c 00000000 		.word	K.0
 214              		.section	.text.sha256,"ax",%progbits
 215              		.align	1
 216              		.syntax unified
 217              		.code	16
 218              		.thumb_func
 220              	sha256:
 221              		@ args = 0, pretend = 0, frame = 104
 222              		@ frame_needed = 0, uses_anonymous_args = 0
 223 0000 F0B5     		push	{r4, r5, r6, r7, lr}
 224 0002 9BB0     		sub	sp, sp, #108
 225 0004 02AC     		add	r4, sp, #8
 226 0006 1500     		movs	r5, r2
 227 0008 2200     		movs	r2, r4
 228 000a 224B     		ldr	r3, .L19
 229 000c 0190     		str	r0, [sp, #4]
 230 000e 0E00     		movs	r6, r1
 231 0010 83CB     		ldmia	r3!, {r0, r1, r7}
ARM GAS  /tmp/cch6F6iG.s 			page 5


 232 0012 83C2     		stmia	r2!, {r0, r1, r7}
 233 0014 83CB     		ldmia	r3!, {r0, r1, r7}
 234 0016 83C2     		stmia	r2!, {r0, r1, r7}
 235 0018 2F00     		movs	r7, r5
 236 001a 03CB     		ldmia	r3!, {r0, r1}
 237 001c 03C2     		stmia	r2!, {r0, r1}
 238 001e EB00     		lsls	r3, r5, #3
 239 0020 0093     		str	r3, [sp]
 240              	.L16:
 241 0022 7119     		adds	r1, r6, r5
 242 0024 C91B     		subs	r1, r1, r7
 243 0026 3F2F     		cmp	r7, #63
 244 0028 2ED8     		bhi	.L11
 245 002a 3F27     		movs	r7, #63
 246 002c AB09     		lsrs	r3, r5, #6
 247 002e 9B01     		lsls	r3, r3, #6
 248 0030 2F40     		ands	r7, r5
 249 0032 0AAD     		add	r5, sp, #40
 250 0034 F618     		adds	r6, r6, r3
 251 0036 4022     		movs	r2, #64
 252 0038 0021     		movs	r1, #0
 253 003a 2800     		movs	r0, r5
 254 003c FFF7FEFF 		bl	memset
 255 0040 3A00     		movs	r2, r7
 256 0042 3100     		movs	r1, r6
 257 0044 2800     		movs	r0, r5
 258 0046 FFF7FEFF 		bl	memcpy
 259 004a 8023     		movs	r3, #128
 260 004c EB55     		strb	r3, [r5, r7]
 261 004e 372F     		cmp	r7, #55
 262 0050 10D8     		bhi	.L12
 263              	.L13:
 264 0052 009B     		ldr	r3, [sp]
 265 0054 2900     		movs	r1, r5
 266 0056 1BBA     		rev	r3, r3
 267 0058 2000     		movs	r0, r4
 268 005a EB63     		str	r3, [r5, #60]
 269 005c FFF7FEFF 		bl	sha256_do
 270 0060 0023     		movs	r3, #0
 271              	.L14:
 272 0062 E258     		ldr	r2, [r4, r3]
 273 0064 0199     		ldr	r1, [sp, #4]
 274 0066 12BA     		rev	r2, r2
 275 0068 CA50     		str	r2, [r1, r3]
 276 006a 0433     		adds	r3, r3, #4
 277 006c 202B     		cmp	r3, #32
 278 006e F8D1     		bne	.L14
 279 0070 1BB0     		add	sp, sp, #108
 280              		@ sp needed
 281 0072 F0BD     		pop	{r4, r5, r6, r7, pc}
 282              	.L12:
 283 0074 2900     		movs	r1, r5
 284 0076 2000     		movs	r0, r4
 285 0078 FFF7FEFF 		bl	sha256_do
 286 007c 4022     		movs	r2, #64
 287 007e 0021     		movs	r1, #0
 288 0080 2800     		movs	r0, r5
ARM GAS  /tmp/cch6F6iG.s 			page 6


 289 0082 FFF7FEFF 		bl	memset
 290 0086 E4E7     		b	.L13
 291              	.L11:
 292 0088 2000     		movs	r0, r4
 293 008a FFF7FEFF 		bl	sha256_do
 294 008e 403F     		subs	r7, r7, #64
 295 0090 C7E7     		b	.L16
 296              	.L20:
 297 0092 C046     		.align	2
 298              	.L19:
 299 0094 00000000 		.word	.LANCHOR0
 301              		.section	.text.function_xor.constprop.0,"ax",%progbits
 302              		.align	1
 303              		.syntax unified
 304              		.code	16
 305              		.thumb_func
 307              	function_xor.constprop.0:
 308              		@ args = 0, pretend = 0, frame = 0
 309              		@ frame_needed = 0, uses_anonymous_args = 0
 310              		@ link register save eliminated.
 311 0000 0A68     		ldr	r2, [r1]
 312 0002 0368     		ldr	r3, [r0]
 313              		@ sp needed
 314 0004 5340     		eors	r3, r2
 315 0006 0360     		str	r3, [r0]
 316 0008 4A68     		ldr	r2, [r1, #4]
 317 000a 4368     		ldr	r3, [r0, #4]
 318 000c 5340     		eors	r3, r2
 319 000e 4360     		str	r3, [r0, #4]
 320 0010 7047     		bx	lr
 322              		.section	.rodata.file_upload_init.str1.1,"aMS",%progbits,1
 323              	.LC3:
 324 0000 6C626D2F 		.ascii	"lbm/smtc_modem_core/smtc_modem_services/src/file_up"
 324      736D7463 
 324      5F6D6F64 
 324      656D5F63 
 324      6F72652F 
 325 0033 6C6F6164 		.ascii	"load/file_upload.c\000"
 325      2F66696C 
 325      655F7570 
 325      6C6F6164 
 325      2E6300
 326              	.LC5:
 327 0046 4552524F 		.ascii	"ERROR\000"
 327      5200
 328              	.LC7:
 329 004c 25732028 		.ascii	"%s (%s:%d) \000"
 329      25733A25 
 329      64292000 
 330              	.LC9:
 331 0058 46696C65 		.ascii	"FileUpload is too large (%d > %d )\012\000"
 331      55706C6F 
 331      61642069 
 331      7320746F 
 331      6F206C61 
 332              		.section	.text.file_upload_init,"ax",%progbits
 333              		.align	1
ARM GAS  /tmp/cch6F6iG.s 			page 7


 334              		.global	file_upload_init
 335              		.syntax unified
 336              		.code	16
 337              		.thumb_func
 339              	file_upload_init:
 340              		@ args = 12, pretend = 0, frame = 0
 341              		@ frame_needed = 0, uses_anonymous_args = 0
 342 0000 F8B5     		push	{r3, r4, r5, r6, r7, lr}
 343 0002 1500     		movs	r5, r2
 344 0004 204F     		ldr	r7, .L28
 345 0006 06AA     		add	r2, sp, #24
 346 0008 0400     		movs	r4, r0
 347 000a 1678     		ldrb	r6, [r2]
 348 000c 08A8     		add	r0, sp, #32
 349 000e 07AA     		add	r2, sp, #28
 350 0010 1278     		ldrb	r2, [r2]
 351 0012 0078     		ldrb	r0, [r0]
 352 0014 BD42     		cmp	r5, r7
 353 0016 19D9     		bls	.L23
 354 0018 1C4A     		ldr	r2, .L28+4
 355 001a 2F21     		movs	r1, #47
 356 001c 1000     		movs	r0, r2
 357 001e 1400     		movs	r4, r2
 358 0020 FFF7FEFF 		bl	strrchr
 359 0024 2200     		movs	r2, r4
 360 0026 0028     		cmp	r0, #0
 361 0028 04D0     		beq	.L24
 362 002a 2F21     		movs	r1, #47
 363 002c 2000     		movs	r0, r4
 364 002e FFF7FEFF 		bl	strrchr
 365 0032 421C     		adds	r2, r0, #1
 366              	.L24:
 367 0034 8723     		movs	r3, #135
 368 0036 1649     		ldr	r1, .L28+8
 369 0038 1648     		ldr	r0, .L28+12
 370 003a FFF7FEFF 		bl	smtc_modem_hal_print_trace
 371 003e 1648     		ldr	r0, .L28+16
 372 0040 2900     		movs	r1, r5
 373 0042 114A     		ldr	r2, .L28
 374 0044 FFF7FEFF 		bl	smtc_modem_hal_print_trace
 375 0048 0120     		movs	r0, #1
 376              	.L25:
 377              		@ sp needed
 378 004a F8BD     		pop	{r3, r4, r5, r6, r7, pc}
 379              	.L23:
 380 004c 6380     		strh	r3, [r4, #2]
 381 004e 2B00     		movs	r3, r5
 382 0050 0327     		movs	r7, #3
 383 0052 1333     		adds	r3, r3, #19
 384 0054 9BB2     		uxth	r3, r3
 385 0056 3B41     		asrs	r3, r3, r7
 386 0058 3940     		ands	r1, r7
 387 005a 2170     		strb	r1, [r4]
 388 005c A071     		strb	r0, [r4, #6]
 389 005e FF21     		movs	r1, #255
 390 0060 0020     		movs	r0, #0
 391 0062 A383     		strh	r3, [r4, #28]
ARM GAS  /tmp/cch6F6iG.s 			page 8


 392 0064 631C     		adds	r3, r4, #1
 393 0066 6271     		strb	r2, [r4, #5]
 394 0068 E560     		str	r5, [r4, #12]
 395 006a 2671     		strb	r6, [r4, #4]
 396 006c E083     		strh	r0, [r4, #30]
 397 006e 0904     		lsls	r1, r1, #16
 398 0070 D877     		strb	r0, [r3, #31]
 399 0072 2B04     		lsls	r3, r5, #16
 400 0074 2D0A     		lsrs	r5, r5, #8
 401 0076 0B40     		ands	r3, r1
 402 0078 2D06     		lsls	r5, r5, #24
 403 007a 1202     		lsls	r2, r2, #8
 404 007c 5B19     		adds	r3, r3, r5
 405 007e 9219     		adds	r2, r2, r6
 406 0080 9B18     		adds	r3, r3, r2
 407 0082 2361     		str	r3, [r4, #16]
 408 0084 E1E7     		b	.L25
 409              	.L29:
 410 0086 C046     		.align	2
 411              	.L28:
 412 0088 F41F0000 		.word	8180
 413 008c 00000000 		.word	.LC3
 414 0090 46000000 		.word	.LC5
 415 0094 4C000000 		.word	.LC7
 416 0098 58000000 		.word	.LC9
 418              		.section	.text.file_upload_attach_file_buffer,"ax",%progbits
 419              		.align	1
 420              		.global	file_upload_attach_file_buffer
 421              		.syntax unified
 422              		.code	16
 423              		.thumb_func
 425              	file_upload_attach_file_buffer:
 426              		@ args = 0, pretend = 0, frame = 0
 427              		@ frame_needed = 0, uses_anonymous_args = 0
 428              		@ link register save eliminated.
 429 0000 8160     		str	r1, [r0, #8]
 430              		@ sp needed
 431 0002 7047     		bx	lr
 433              		.section	.text.file_upload_prepare_upload,"ax",%progbits
 434              		.align	1
 435              		.global	file_upload_prepare_upload
 436              		.syntax unified
 437              		.code	16
 438              		.thumb_func
 440              	file_upload_prepare_upload:
 441              		@ args = 0, pretend = 0, frame = 56
 442              		@ frame_needed = 0, uses_anonymous_args = 0
 443 0000 F0B5     		push	{r4, r5, r6, r7, lr}
 444 0002 0400     		movs	r4, r0
 445 0004 8FB0     		sub	sp, sp, #60
 446 0006 06AE     		add	r6, sp, #24
 447 0008 C268     		ldr	r2, [r0, #12]
 448 000a 8168     		ldr	r1, [r0, #8]
 449 000c 3000     		movs	r0, r6
 450 000e FFF7FEFF 		bl	sha256
 451 0012 3388     		ldrh	r3, [r6]
 452 0014 069D     		ldr	r5, [sp, #24]
ARM GAS  /tmp/cch6F6iG.s 			page 9


 453 0016 0193     		str	r3, [sp, #4]
 454 0018 6779     		ldrb	r7, [r4, #5]
 455 001a 079B     		ldr	r3, [sp, #28]
 456 001c 6561     		str	r5, [r4, #20]
 457 001e A361     		str	r3, [r4, #24]
 458 0020 012F     		cmp	r7, #1
 459 0022 26D1     		bne	.L32
 460 0024 0E22     		movs	r2, #14
 461 0026 0021     		movs	r1, #0
 462 0028 02A8     		add	r0, sp, #8
 463 002a FFF7FEFF 		bl	memset
 464 002e 02AB     		add	r3, sp, #8
 465 0030 1F70     		strb	r7, [r3]
 466 0032 4023     		movs	r3, #64
 467 0034 02AA     		add	r2, sp, #8
 468 0036 E168     		ldr	r1, [r4, #12]
 469 0038 5371     		strb	r3, [r2, #5]
 470 003a A389     		ldrh	r3, [r4, #12]
 471 003c A068     		ldr	r0, [r4, #8]
 472 003e D380     		strh	r3, [r2, #6]
 473 0040 0B0C     		lsrs	r3, r1, #16
 474 0042 1372     		strb	r3, [r2, #8]
 475 0044 0B0E     		lsrs	r3, r1, #24
 476 0046 5372     		strb	r3, [r2, #9]
 477 0048 1300     		movs	r3, r2
 478 004a 019A     		ldr	r2, [sp, #4]
 479 004c 89B2     		uxth	r1, r1
 480 004e 5A81     		strh	r2, [r3, #10]
 481 0050 02AA     		add	r2, sp, #8
 482 0052 2B0C     		lsrs	r3, r5, #16
 483 0054 1373     		strb	r3, [r2, #12]
 484 0056 2D0E     		lsrs	r5, r5, #24
 485 0058 0300     		movs	r3, r0
 486 005a 5573     		strb	r5, [r2, #13]
 487 005c FFF7FEFF 		bl	smtc_modem_services_aes_encrypt
 488 0060 3000     		movs	r0, r6
 489 0062 E268     		ldr	r2, [r4, #12]
 490 0064 A168     		ldr	r1, [r4, #8]
 491 0066 FFF7FEFF 		bl	sha256
 492 006a 6369     		ldr	r3, [r4, #20]
 493 006c A361     		str	r3, [r4, #24]
 494 006e 069B     		ldr	r3, [sp, #24]
 495 0070 6361     		str	r3, [r4, #20]
 496              	.L32:
 497 0072 0020     		movs	r0, #0
 498 0074 0FB0     		add	sp, sp, #60
 499              		@ sp needed
 500 0076 F0BD     		pop	{r4, r5, r6, r7, pc}
 502              		.section	.text.file_upload_get_fragment,"ax",%progbits
 503              		.align	1
 504              		.global	file_upload_get_fragment
 505              		.syntax unified
 506              		.code	16
 507              		.thumb_func
 509              	file_upload_get_fragment:
 510              		@ args = 0, pretend = 0, frame = 48
 511              		@ frame_needed = 0, uses_anonymous_args = 0
ARM GAS  /tmp/cch6F6iG.s 			page 10


 512 0000 F0B5     		push	{r4, r5, r6, r7, lr}
 513 0002 8DB0     		sub	sp, sp, #52
 514 0004 0400     		movs	r4, r0
 515 0006 0191     		str	r1, [sp, #4]
 516 0008 0020     		movs	r0, #0
 517 000a 0292     		str	r2, [sp, #8]
 518 000c 0A2A     		cmp	r2, #10
 519 000e 58DD     		ble	.L33
 520 0010 F020     		movs	r0, #240
 521 0012 033A     		subs	r2, r2, #3
 522 0014 0092     		str	r2, [sp]
 523 0016 A179     		ldrb	r1, [r4, #6]
 524 0018 2278     		ldrb	r2, [r4]
 525 001a 8001     		lsls	r0, r0, #6
 526 001c 9207     		lsls	r2, r2, #30
 527 001e 8902     		lsls	r1, r1, #10
 528 0020 0140     		ands	r1, r0
 529 0022 120C     		lsrs	r2, r2, #16
 530 0024 0A43     		orrs	r2, r1
 531 0026 A18B     		ldrh	r1, [r4, #28]
 532 0028 0198     		ldr	r0, [sp, #4]
 533 002a 0139     		subs	r1, r1, #1
 534 002c 8905     		lsls	r1, r1, #22
 535 002e 890D     		lsrs	r1, r1, #22
 536 0030 0A43     		orrs	r2, r1
 537 0032 0E21     		movs	r1, #14
 538 0034 4270     		strb	r2, [r0, #1]
 539 0036 120A     		lsrs	r2, r2, #8
 540 0038 384F     		ldr	r7, .L57
 541 003a 8270     		strb	r2, [r0, #2]
 542 003c 1A0C     		lsrs	r2, r3, #16
 543 003e 5A40     		eors	r2, r3
 544 0040 7A43     		muls	r2, r7
 545 0042 130C     		lsrs	r3, r2, #16
 546 0044 5340     		eors	r3, r2
 547 0046 7B43     		muls	r3, r7
 548 0048 1A0C     		lsrs	r2, r3, #16
 549 004a 5340     		eors	r3, r2
 550 004c 0170     		strb	r1, [r0]
 551 004e 0393     		str	r3, [sp, #12]
 552 0050 A368     		ldr	r3, [r4, #8]
 553 0052 0693     		str	r3, [sp, #24]
 554              	.L42:
 555 0054 0026     		movs	r6, #0
 556 0056 A38B     		ldrh	r3, [r4, #28]
 557 0058 0822     		movs	r2, #8
 558 005a 0021     		movs	r1, #0
 559 005c 08A8     		add	r0, sp, #32
 560 005e 039D     		ldr	r5, [sp, #12]
 561 0060 0593     		str	r3, [sp, #20]
 562 0062 FFF7FEFF 		bl	memset
 563 0066 059B     		ldr	r3, [sp, #20]
 564 0068 1F33     		adds	r3, r3, #31
 565 006a 5B09     		lsrs	r3, r3, #5
 566 006c 5D43     		muls	r5, r3
 567 006e 0795     		str	r5, [sp, #28]
 568 0070 3500     		movs	r5, r6
ARM GAS  /tmp/cch6F6iG.s 			page 11


 569 0072 039B     		ldr	r3, [sp, #12]
 570 0074 0133     		adds	r3, r3, #1
 571 0076 0393     		str	r3, [sp, #12]
 572 0078 069B     		ldr	r3, [sp, #24]
 573 007a 0C3B     		subs	r3, r3, #12
 574 007c 0493     		str	r3, [sp, #16]
 575              	.L35:
 576 007e 059B     		ldr	r3, [sp, #20]
 577 0080 B342     		cmp	r3, r6
 578 0082 20D8     		bhi	.L41
 579 0084 019B     		ldr	r3, [sp, #4]
 580 0086 029A     		ldr	r2, [sp, #8]
 581 0088 08A9     		add	r1, sp, #32
 582 008a 9818     		adds	r0, r3, r2
 583 008c 009B     		ldr	r3, [sp]
 584 008e 0822     		movs	r2, #8
 585 0090 C01A     		subs	r0, r0, r3
 586 0092 FFF7FEFF 		bl	memcpy
 587 0096 009B     		ldr	r3, [sp]
 588 0098 083B     		subs	r3, r3, #8
 589 009a 0093     		str	r3, [sp]
 590 009c 072B     		cmp	r3, #7
 591 009e D9DC     		bgt	.L42
 592 00a0 0298     		ldr	r0, [sp, #8]
 593 00a2 E28B     		ldrh	r2, [r4, #30]
 594 00a4 0B38     		subs	r0, r0, #11
 595 00a6 C008     		lsrs	r0, r0, #3
 596 00a8 C000     		lsls	r0, r0, #3
 597 00aa 0300     		movs	r3, r0
 598 00ac 0833     		adds	r3, r3, #8
 599 00ae DB10     		asrs	r3, r3, #3
 600 00b0 9B18     		adds	r3, r3, r2
 601 00b2 E383     		strh	r3, [r4, #30]
 602 00b4 0134     		adds	r4, r4, #1
 603 00b6 E37F     		ldrb	r3, [r4, #31]
 604 00b8 FF2B     		cmp	r3, #255
 605 00ba 01D0     		beq	.L43
 606 00bc 0133     		adds	r3, r3, #1
 607 00be E377     		strb	r3, [r4, #31]
 608              	.L43:
 609 00c0 0B30     		adds	r0, r0, #11
 610              	.L33:
 611 00c2 0DB0     		add	sp, sp, #52
 612              		@ sp needed
 613 00c4 F0BD     		pop	{r4, r5, r6, r7, pc}
 614              	.L41:
 615 00c6 1F23     		movs	r3, #31
 616 00c8 1E42     		tst	r6, r3
 617 00ca 0AD1     		bne	.L36
 618 00cc 079B     		ldr	r3, [sp, #28]
 619 00ce 7209     		lsrs	r2, r6, #5
 620 00d0 D218     		adds	r2, r2, r3
 621 00d2 130C     		lsrs	r3, r2, #16
 622 00d4 5340     		eors	r3, r2
 623 00d6 7B43     		muls	r3, r7
 624 00d8 1D0C     		lsrs	r5, r3, #16
 625 00da 5D40     		eors	r5, r3
ARM GAS  /tmp/cch6F6iG.s 			page 12


 626 00dc 7D43     		muls	r5, r7
 627 00de 2B0C     		lsrs	r3, r5, #16
 628 00e0 5D40     		eors	r5, r3
 629              	.L36:
 630 00e2 002D     		cmp	r5, #0
 631 00e4 0DD0     		beq	.L37
 632 00e6 0123     		movs	r3, #1
 633 00e8 1D42     		tst	r5, r3
 634 00ea 09D0     		beq	.L38
 635 00ec 002E     		cmp	r6, #0
 636 00ee 0DD1     		bne	.L39
 637 00f0 2269     		ldr	r2, [r4, #16]
 638 00f2 6369     		ldr	r3, [r4, #20]
 639 00f4 0A92     		str	r2, [sp, #40]
 640              	.L56:
 641 00f6 0B93     		str	r3, [sp, #44]
 642 00f8 0AA9     		add	r1, sp, #40
 643              	.L55:
 644 00fa 08A8     		add	r0, sp, #32
 645 00fc FFF7FEFF 		bl	function_xor.constprop.0
 646              	.L38:
 647 0100 6D08     		lsrs	r5, r5, #1
 648              	.L37:
 649 0102 049B     		ldr	r3, [sp, #16]
 650 0104 0136     		adds	r6, r6, #1
 651 0106 0833     		adds	r3, r3, #8
 652 0108 0493     		str	r3, [sp, #16]
 653 010a B8E7     		b	.L35
 654              	.L39:
 655 010c 0499     		ldr	r1, [sp, #16]
 656 010e 012E     		cmp	r6, #1
 657 0110 F3D1     		bne	.L55
 658 0112 A369     		ldr	r3, [r4, #24]
 659 0114 0A93     		str	r3, [sp, #40]
 660 0116 069B     		ldr	r3, [sp, #24]
 661 0118 1B68     		ldr	r3, [r3]
 662 011a ECE7     		b	.L56
 663              	.L58:
 664              		.align	2
 665              	.L57:
 666 011c 3B9F5D04 		.word	73244475
 668              		.section	.text.file_upload_is_data_remaining,"ax",%progbits
 669              		.align	1
 670              		.global	file_upload_is_data_remaining
 671              		.syntax unified
 672              		.code	16
 673              		.thumb_func
 675              	file_upload_is_data_remaining:
 676              		@ args = 0, pretend = 0, frame = 0
 677              		@ frame_needed = 0, uses_anonymous_args = 0
 678              		@ link register save eliminated.
 679 0000 431C     		adds	r3, r0, #1
 680 0002 DA7F     		ldrb	r2, [r3, #31]
 681 0004 0123     		movs	r3, #1
 682 0006 022A     		cmp	r2, #2
 683 0008 05D9     		bls	.L60
 684 000a 828B     		ldrh	r2, [r0, #28]
ARM GAS  /tmp/cch6F6iG.s 			page 13


 685 000c C18B     		ldrh	r1, [r0, #30]
 686 000e 9A40     		lsls	r2, r2, r3
 687 0010 9142     		cmp	r1, r2
 688 0012 00DB     		blt	.L60
 689 0014 0023     		movs	r3, #0
 690              	.L60:
 691              		@ sp needed
 692 0016 0120     		movs	r0, #1
 693 0018 1840     		ands	r0, r3
 694 001a 7047     		bx	lr
 696              		.section	.text.file_upload_process_file_done_frame,"ax",%progbits
 697              		.align	1
 698              		.global	file_upload_process_file_done_frame
 699              		.syntax unified
 700              		.code	16
 701              		.thumb_func
 703              	file_upload_process_file_done_frame:
 704              		@ args = 0, pretend = 0, frame = 0
 705              		@ frame_needed = 0, uses_anonymous_args = 0
 706 0000 10B5     		push	{r4, lr}
 707 0002 0400     		movs	r4, r0
 708 0004 0120     		movs	r0, #1
 709 0006 8242     		cmp	r2, r0
 710 0008 07D1     		bne	.L64
 711 000a 0F22     		movs	r2, #15
 712 000c 0B78     		ldrb	r3, [r1]
 713 000e A079     		ldrb	r0, [r4, #6]
 714 0010 1340     		ands	r3, r2
 715 0012 C01A     		subs	r0, r0, r3
 716 0014 431E     		subs	r3, r0, #1
 717 0016 9841     		sbcs	r0, r0, r3
 718 0018 C0B2     		uxtb	r0, r0
 719              	.L64:
 720              		@ sp needed
 721 001a 10BD     		pop	{r4, pc}
 723              		.section	.text.file_upload_get_average_delay_in_s,"ax",%progbits
 724              		.align	1
 725              		.global	file_upload_get_average_delay_in_s
 726              		.syntax unified
 727              		.code	16
 728              		.thumb_func
 730              	file_upload_get_average_delay_in_s:
 731              		@ args = 0, pretend = 0, frame = 0
 732              		@ frame_needed = 0, uses_anonymous_args = 0
 733              		@ link register save eliminated.
 734 0000 4088     		ldrh	r0, [r0, #2]
 735              		@ sp needed
 736 0002 7047     		bx	lr
 738              		.section	.rodata.K.0,"a"
 739              		.align	2
 742              	K.0:
 743 0000 982F8A42 		.word	1116352408
 744 0004 91443771 		.word	1899447441
 745 0008 CFFBC0B5 		.word	-1245643825
 746 000c A5DBB5E9 		.word	-373957723
 747 0010 5BC25639 		.word	961987163
 748 0014 F111F159 		.word	1508970993
ARM GAS  /tmp/cch6F6iG.s 			page 14


 749 0018 A4823F92 		.word	-1841331548
 750 001c D55E1CAB 		.word	-1424204075
 751 0020 98AA07D8 		.word	-670586216
 752 0024 015B8312 		.word	310598401
 753 0028 BE853124 		.word	607225278
 754 002c C37D0C55 		.word	1426881987
 755 0030 745DBE72 		.word	1925078388
 756 0034 FEB1DE80 		.word	-2132889090
 757 0038 A706DC9B 		.word	-1680079193
 758 003c 74F19BC1 		.word	-1046744716
 759 0040 C1699BE4 		.word	-459576895
 760 0044 8647BEEF 		.word	-272742522
 761 0048 C69DC10F 		.word	264347078
 762 004c CCA10C24 		.word	604807628
 763 0050 6F2CE92D 		.word	770255983
 764 0054 AA84744A 		.word	1249150122
 765 0058 DCA9B05C 		.word	1555081692
 766 005c DA88F976 		.word	1996064986
 767 0060 52513E98 		.word	-1740746414
 768 0064 6DC631A8 		.word	-1473132947
 769 0068 C82703B0 		.word	-1341970488
 770 006c C77F59BF 		.word	-1084653625
 771 0070 F30BE0C6 		.word	-958395405
 772 0074 4791A7D5 		.word	-710438585
 773 0078 5163CA06 		.word	113926993
 774 007c 67292914 		.word	338241895
 775 0080 850AB727 		.word	666307205
 776 0084 38211B2E 		.word	773529912
 777 0088 FC6D2C4D 		.word	1294757372
 778 008c 130D3853 		.word	1396182291
 779 0090 54730A65 		.word	1695183700
 780 0094 BB0A6A76 		.word	1986661051
 781 0098 2EC9C281 		.word	-2117940946
 782 009c 852C7292 		.word	-1838011259
 783 00a0 A1E8BFA2 		.word	-1564481375
 784 00a4 4B661AA8 		.word	-1474664885
 785 00a8 708B4BC2 		.word	-1035236496
 786 00ac A3516CC7 		.word	-949202525
 787 00b0 19E892D1 		.word	-778901479
 788 00b4 240699D6 		.word	-694614492
 789 00b8 85350EF4 		.word	-200395387
 790 00bc 70A06A10 		.word	275423344
 791 00c0 16C1A419 		.word	430227734
 792 00c4 086C371E 		.word	506948616
 793 00c8 4C774827 		.word	659060556
 794 00cc B5BCB034 		.word	883997877
 795 00d0 B30C1C39 		.word	958139571
 796 00d4 4AAAD84E 		.word	1322822218
 797 00d8 4FCA9C5B 		.word	1537002063
 798 00dc F36F2E68 		.word	1747873779
 799 00e0 EE828F74 		.word	1955562222
 800 00e4 6F63A578 		.word	2024104815
 801 00e8 1478C884 		.word	-2067236844
 802 00ec 0802C78C 		.word	-1933114872
 803 00f0 FAFFBE90 		.word	-1866530822
 804 00f4 EB6C50A4 		.word	-1538233109
 805 00f8 F7A3F9BE 		.word	-1090935817
ARM GAS  /tmp/cch6F6iG.s 			page 15


 806 00fc F27871C6 		.word	-965641998
 807              		.section	.rodata
 808              		.align	2
 809              		.set	.LANCHOR0,. + 0
 810              	.LC0:
 811 0000 67E6096A 		.word	1779033703
 812 0004 85AE67BB 		.word	-1150833019
 813 0008 72F36E3C 		.word	1013904242
 814 000c 3AF54FA5 		.word	-1521486534
 815 0010 7F520E51 		.word	1359893119
 816 0014 8C68059B 		.word	-1694144372
 817 0018 ABD9831F 		.word	528734635
 818 001c 19CDE05B 		.word	1541459225
 819              		.ident	"GCC: (Arch Repository) 13.2.0"
ARM GAS  /tmp/cch6F6iG.s 			page 16


DEFINED SYMBOLS
                            *ABS*:00000000 file_upload.c
     /tmp/cch6F6iG.s:14     .text.sha256_do:00000000 $t
     /tmp/cch6F6iG.s:19     .text.sha256_do:00000000 sha256_do
     /tmp/cch6F6iG.s:212    .text.sha256_do:0000016c $d
     /tmp/cch6F6iG.s:742    .rodata.K.0:00000000 K.0
     /tmp/cch6F6iG.s:215    .text.sha256:00000000 $t
     /tmp/cch6F6iG.s:220    .text.sha256:00000000 sha256
     /tmp/cch6F6iG.s:299    .text.sha256:00000094 $d
     /tmp/cch6F6iG.s:302    .text.function_xor.constprop.0:00000000 $t
     /tmp/cch6F6iG.s:307    .text.function_xor.constprop.0:00000000 function_xor.constprop.0
     /tmp/cch6F6iG.s:333    .text.file_upload_init:00000000 $t
     /tmp/cch6F6iG.s:339    .text.file_upload_init:00000000 file_upload_init
     /tmp/cch6F6iG.s:412    .text.file_upload_init:00000088 $d
     /tmp/cch6F6iG.s:419    .text.file_upload_attach_file_buffer:00000000 $t
     /tmp/cch6F6iG.s:425    .text.file_upload_attach_file_buffer:00000000 file_upload_attach_file_buffer
     /tmp/cch6F6iG.s:434    .text.file_upload_prepare_upload:00000000 $t
     /tmp/cch6F6iG.s:440    .text.file_upload_prepare_upload:00000000 file_upload_prepare_upload
     /tmp/cch6F6iG.s:503    .text.file_upload_get_fragment:00000000 $t
     /tmp/cch6F6iG.s:509    .text.file_upload_get_fragment:00000000 file_upload_get_fragment
     /tmp/cch6F6iG.s:666    .text.file_upload_get_fragment:0000011c $d
     /tmp/cch6F6iG.s:669    .text.file_upload_is_data_remaining:00000000 $t
     /tmp/cch6F6iG.s:675    .text.file_upload_is_data_remaining:00000000 file_upload_is_data_remaining
     /tmp/cch6F6iG.s:697    .text.file_upload_process_file_done_frame:00000000 $t
     /tmp/cch6F6iG.s:703    .text.file_upload_process_file_done_frame:00000000 file_upload_process_file_done_frame
     /tmp/cch6F6iG.s:724    .text.file_upload_get_average_delay_in_s:00000000 $t
     /tmp/cch6F6iG.s:730    .text.file_upload_get_average_delay_in_s:00000000 file_upload_get_average_delay_in_s
     /tmp/cch6F6iG.s:739    .rodata.K.0:00000000 $d
     /tmp/cch6F6iG.s:808    .rodata:00000000 $d

UNDEFINED SYMBOLS
memset
memcpy
strrchr
smtc_modem_hal_print_trace
smtc_modem_services_aes_encrypt
