ARM GAS  /tmp/cceeB8lw.s 			page 1


   1              		.cpu cortex-m0
   2              		.arch armv6s-m
   3              		.fpu softvfp
   4              		.eabi_attribute 23, 1
   5              		.eabi_attribute 24, 1
   6              		.eabi_attribute 25, 1
   7              		.eabi_attribute 26, 1
   8              		.eabi_attribute 30, 4
   9              		.eabi_attribute 34, 0
  10              		.eabi_attribute 18, 4
  11              		.file	"lorawan_certification.c"
  12              		.text
  13              		.section	.text.lorawan_certification_init,"ax",%progbits
  14              		.align	1
  15              		.global	lorawan_certification_init
  16              		.syntax unified
  17              		.code	16
  18              		.thumb_func
  20              	lorawan_certification_init:
  21              		@ args = 0, pretend = 0, frame = 0
  22              		@ frame_needed = 0, uses_anonymous_args = 0
  23 0000 10B5     		push	{r4, lr}
  24 0002 1822     		movs	r2, #24
  25              		@ sp needed
  26 0004 0021     		movs	r1, #0
  27 0006 0400     		movs	r4, r0
  28 0008 FFF7FEFF 		bl	memset
  29 000c 0523     		movs	r3, #5
  30 000e 2371     		strb	r3, [r4, #4]
  31 0010 10BD     		pop	{r4, pc}
  33              		.section	.text.lorawan_certification_set_enabled,"ax",%progbits
  34              		.align	1
  35              		.global	lorawan_certification_set_enabled
  36              		.syntax unified
  37              		.code	16
  38              		.thumb_func
  40              	lorawan_certification_set_enabled:
  41              		@ args = 0, pretend = 0, frame = 0
  42              		@ frame_needed = 0, uses_anonymous_args = 0
  43 0000 0378     		ldrb	r3, [r0]
  44 0002 70B5     		push	{r4, r5, r6, lr}
  45 0004 0400     		movs	r4, r0
  46 0006 0D00     		movs	r5, r1
  47 0008 002B     		cmp	r3, #0
  48 000a 03D1     		bne	.L3
  49 000c 0029     		cmp	r1, #0
  50 000e 01D0     		beq	.L3
  51 0010 FFF7FEFF 		bl	lorawan_certification_init
  52              	.L3:
  53              		@ sp needed
  54 0014 2570     		strb	r5, [r4]
  55 0016 70BD     		pop	{r4, r5, r6, pc}
  57              		.section	.text.lorawan_certification_get_enabled,"ax",%progbits
  58              		.align	1
  59              		.global	lorawan_certification_get_enabled
  60              		.syntax unified
  61              		.code	16
ARM GAS  /tmp/cceeB8lw.s 			page 2


  62              		.thumb_func
  64              	lorawan_certification_get_enabled:
  65              		@ args = 0, pretend = 0, frame = 0
  66              		@ frame_needed = 0, uses_anonymous_args = 0
  67              		@ link register save eliminated.
  68 0000 0078     		ldrb	r0, [r0]
  69              		@ sp needed
  70 0002 7047     		bx	lr
  72              		.section	.text.lorawan_certification_get_ul_periodicity,"ax",%progbits
  73              		.align	1
  74              		.global	lorawan_certification_get_ul_periodicity
  75              		.syntax unified
  76              		.code	16
  77              		.thumb_func
  79              	lorawan_certification_get_ul_periodicity:
  80              		@ args = 0, pretend = 0, frame = 0
  81              		@ frame_needed = 0, uses_anonymous_args = 0
  82              		@ link register save eliminated.
  83 0000 0079     		ldrb	r0, [r0, #4]
  84              		@ sp needed
  85 0002 7047     		bx	lr
  87              		.section	.text.lorawan_certification_get_frame_type,"ax",%progbits
  88              		.align	1
  89              		.global	lorawan_certification_get_frame_type
  90              		.syntax unified
  91              		.code	16
  92              		.thumb_func
  94              	lorawan_certification_get_frame_type:
  95              		@ args = 0, pretend = 0, frame = 0
  96              		@ frame_needed = 0, uses_anonymous_args = 0
  97              		@ link register save eliminated.
  98 0000 4079     		ldrb	r0, [r0, #5]
  99              		@ sp needed
 100 0002 7047     		bx	lr
 102              		.section	.text.lorawan_certification_get_cw_config,"ax",%progbits
 103              		.align	1
 104              		.global	lorawan_certification_get_cw_config
 105              		.syntax unified
 106              		.code	16
 107              		.thumb_func
 109              	lorawan_certification_get_cw_config:
 110              		@ args = 0, pretend = 0, frame = 0
 111              		@ frame_needed = 0, uses_anonymous_args = 0
 112 0000 10B5     		push	{r4, lr}
 113 0002 0489     		ldrh	r4, [r0, #8]
 114              		@ sp needed
 115 0004 0C80     		strh	r4, [r1]
 116 0006 C168     		ldr	r1, [r0, #12]
 117 0008 1160     		str	r1, [r2]
 118 000a 1022     		movs	r2, #16
 119 000c 8256     		ldrsb	r2, [r0, r2]
 120 000e 1A70     		strb	r2, [r3]
 121 0010 10BD     		pop	{r4, pc}
 123              		.section	.text.lorawan_certification_is_cw_running,"ax",%progbits
 124              		.align	1
 125              		.global	lorawan_certification_is_cw_running
 126              		.syntax unified
ARM GAS  /tmp/cceeB8lw.s 			page 3


 127              		.code	16
 128              		.thumb_func
 130              	lorawan_certification_is_cw_running:
 131              		@ args = 0, pretend = 0, frame = 0
 132              		@ frame_needed = 0, uses_anonymous_args = 0
 133              		@ link register save eliminated.
 134 0000 8079     		ldrb	r0, [r0, #6]
 135              		@ sp needed
 136 0002 7047     		bx	lr
 138              		.section	.text.lorawan_certification_cw_set_as_stopped,"ax",%progbits
 139              		.align	1
 140              		.global	lorawan_certification_cw_set_as_stopped
 141              		.syntax unified
 142              		.code	16
 143              		.thumb_func
 145              	lorawan_certification_cw_set_as_stopped:
 146              		@ args = 0, pretend = 0, frame = 0
 147              		@ frame_needed = 0, uses_anonymous_args = 0
 148              		@ link register save eliminated.
 149 0000 0023     		movs	r3, #0
 150              		@ sp needed
 151 0002 8371     		strb	r3, [r0, #6]
 152 0004 7047     		bx	lr
 154              		.section	.text.lorawan_certification_get_beacon_rx_status_ind_ctrl,"ax",%progbits
 155              		.align	1
 156              		.global	lorawan_certification_get_beacon_rx_status_ind_ctrl
 157              		.syntax unified
 158              		.code	16
 159              		.thumb_func
 161              	lorawan_certification_get_beacon_rx_status_ind_ctrl:
 162              		@ args = 0, pretend = 0, frame = 0
 163              		@ frame_needed = 0, uses_anonymous_args = 0
 164              		@ link register save eliminated.
 165 0000 407C     		ldrb	r0, [r0, #17]
 166              		@ sp needed
 167 0002 7047     		bx	lr
 169              		.section	.text.lorawan_certification_get_requested_class,"ax",%progbits
 170              		.align	1
 171              		.global	lorawan_certification_get_requested_class
 172              		.syntax unified
 173              		.code	16
 174              		.thumb_func
 176              	lorawan_certification_get_requested_class:
 177              		@ args = 0, pretend = 0, frame = 0
 178              		@ frame_needed = 0, uses_anonymous_args = 0
 179              		@ link register save eliminated.
 180 0000 007D     		ldrb	r0, [r0, #20]
 181              		@ sp needed
 182 0002 7047     		bx	lr
 184              		.section	.rodata.lorawan_certification_parser.str1.1,"aMS",%progbits,1
 185              	.LC0:
 186 0000 6C626D2F 		.ascii	"lbm/smtc_modem_core/modem_services/lorawan_certific"
 186      736D7463 
 186      5F6D6F64 
 186      656D5F63 
 186      6F72652F 
 187 0033 6174696F 		.ascii	"ation.c\000"
ARM GAS  /tmp/cceeB8lw.s 			page 4


 187      6E2E6300 
 188              	.LC2:
 189 003b 4552524F 		.ascii	"ERROR\000"
 189      5200
 190              	.LC4:
 191 0041 25732028 		.ascii	"%s (%s:%d) \000"
 191      25733A25 
 191      64292000 
 192              	.LC6:
 193 004d 62616420 		.ascii	"bad size\012\015\000"
 193      73697A65 
 193      0A0D00
 194              	.LC12:
 195 0058 25732049 		.ascii	"%s Illegal state\012\015 \000"
 195      6C6C6567 
 195      616C2073 
 195      74617465 
 195      0A0D2000 
 196              	.LC8:
 197 006c 05050505 		.ascii	"\005\005\005\005\005\005\005\005\005\005\005\005\005"
 197      05050505 
 197      05050505 
 197      05
 198 0079 050500   		.ascii	"\005\005\000"
 199              		.section	.text.lorawan_certification_parser,"ax",%progbits
 200              		.align	1
 201              		.global	lorawan_certification_parser
 202              		.syntax unified
 203              		.code	16
 204              		.thumb_func
 206              	lorawan_certification_parser:
 207              		@ args = 8, pretend = 0, frame = 32
 208              		@ frame_needed = 0, uses_anonymous_args = 0
 209 0000 F0B5     		push	{r4, r5, r6, r7, lr}
 210 0002 1E00     		movs	r6, r3
 211 0004 0023     		movs	r3, #0
 212 0006 89B0     		sub	sp, sp, #36
 213 0008 0E9C     		ldr	r4, [sp, #56]
 214 000a 0700     		movs	r7, r0
 215 000c 2370     		strb	r3, [r4]
 216 000e 0378     		ldrb	r3, [r0]
 217 0010 1500     		movs	r5, r2
 218 0012 0091     		str	r1, [sp]
 219 0014 002B     		cmp	r3, #0
 220 0016 00D1     		bne	.LCB175
 221 0018 C4E0     		b	.L17	@long jump
 222              	.LCB175:
 223 001a 4388     		ldrh	r3, [r0, #2]
 224 001c 0133     		adds	r3, r3, #1
 225 001e 4380     		strh	r3, [r0, #2]
 226 0020 0120     		movs	r0, #1
 227 0022 002A     		cmp	r2, #0
 228 0024 00D1     		bne	.LCB181
 229 0026 BEE0     		b	.L18	@long jump
 230              	.LCB181:
 231 0028 0B78     		ldrb	r3, [r1]
 232 002a 0193     		str	r3, [sp, #4]
ARM GAS  /tmp/cceeB8lw.s 			page 5


 233 002c 222B     		cmp	r3, #34
 234 002e 25D8     		bhi	.L19
 235 0030 1800     		movs	r0, r3
 236 0032 FFF7FEFF 		bl	__gnu_thumb1_case_uhi
 237              	.L22:
 238 0036 9900     		.2byte	(.L35-.L22)/2
 239 0038 BA00     		.2byte	(.L34-.L22)/2
 240 003a C400     		.2byte	(.L33-.L22)/2
 241 003c D600     		.2byte	(.L32-.L22)/2
 242 003e EA00     		.2byte	(.L31-.L22)/2
 243 0040 0301     		.2byte	(.L30-.L22)/2
 244 0042 1401     		.2byte	(.L29-.L22)/2
 245 0044 2401     		.2byte	(.L28-.L22)/2
 246 0046 3701     		.2byte	(.L27-.L22)/2
 247 0048 6001     		.2byte	(.L26-.L22)/2
 248 004a 7901     		.2byte	(.L25-.L22)/2
 249 004c 3100     		.2byte	(.L20-.L22)/2
 250 004e 3100     		.2byte	(.L20-.L22)/2
 251 0050 3100     		.2byte	(.L20-.L22)/2
 252 0052 3100     		.2byte	(.L20-.L22)/2
 253 0054 3100     		.2byte	(.L20-.L22)/2
 254 0056 3100     		.2byte	(.L20-.L22)/2
 255 0058 3100     		.2byte	(.L20-.L22)/2
 256 005a 3100     		.2byte	(.L20-.L22)/2
 257 005c 3100     		.2byte	(.L20-.L22)/2
 258 005e 3100     		.2byte	(.L20-.L22)/2
 259 0060 3100     		.2byte	(.L20-.L22)/2
 260 0062 3100     		.2byte	(.L20-.L22)/2
 261 0064 3100     		.2byte	(.L20-.L22)/2
 262 0066 3100     		.2byte	(.L20-.L22)/2
 263 0068 3100     		.2byte	(.L20-.L22)/2
 264 006a 3100     		.2byte	(.L20-.L22)/2
 265 006c 3100     		.2byte	(.L20-.L22)/2
 266 006e 3100     		.2byte	(.L20-.L22)/2
 267 0070 3100     		.2byte	(.L20-.L22)/2
 268 0072 3100     		.2byte	(.L20-.L22)/2
 269 0074 3100     		.2byte	(.L20-.L22)/2
 270 0076 8301     		.2byte	(.L24-.L22)/2
 271 0078 8F01     		.2byte	(.L23-.L22)/2
 272 007a 9B01     		.2byte	(.L21-.L22)/2
 273              		.p2align 1
 274              	.L19:
 275 007c 019B     		ldr	r3, [sp, #4]
 276 007e 7D2B     		cmp	r3, #125
 277 0080 00D1     		bne	.LCB195
 278 0082 C8E1     		b	.L36	@long jump
 279              	.LCB195:
 280 0084 13D8     		bhi	.L37
 281 0086 422B     		cmp	r3, #66
 282 0088 00D1     		bne	.LCB199
 283 008a 9FE1     		b	.L38	@long jump
 284              	.LCB199:
 285 008c 432B     		cmp	r3, #67
 286 008e 00D1     		bne	.LCB201
 287 0090 B7E1     		b	.L39	@long jump
 288              	.LCB201:
 289 0092 402B     		cmp	r3, #64
ARM GAS  /tmp/cceeB8lw.s 			page 6


 290 0094 00D1     		bne	.LCB203
 291 0096 79E1     		b	.L40	@long jump
 292              	.LCB203:
 293              	.L20:
 294 0098 C34A     		ldr	r2, .L84
 295 009a C449     		ldr	r1, .L84+4
 296 009c C44B     		ldr	r3, .L84+8
 297 009e C548     		ldr	r0, .L84+12
 298 00a0 FFF7FEFF 		bl	printf
 299 00a4 C449     		ldr	r1, .L84+16
 300 00a6 C548     		ldr	r0, .L84+20
 301 00a8 FFF7FEFF 		bl	printf
 302 00ac 7AE0     		b	.L17
 303              	.L37:
 304 00ae 019B     		ldr	r3, [sp, #4]
 305 00b0 7E2B     		cmp	r3, #126
 306 00b2 00D1     		bne	.LCB219
 307 00b4 D0E1     		b	.L41	@long jump
 308              	.LCB219:
 309 00b6 7F2B     		cmp	r3, #127
 310 00b8 EED1     		bne	.L20
 311 00ba 012A     		cmp	r2, #1
 312 00bc 00D0     		beq	.LCB223
 313 00be D8E1     		b	.L73	@long jump
 314              	.LCB223:
 315 00c0 FFF7FEFF 		bl	lorawan_api_next_max_payload_length_get
 316 00c4 0C28     		cmp	r0, #12
 317 00c6 6DD9     		bls	.L17
 318 00c8 2378     		ldrb	r3, [r4]
 319 00ca 03AF     		add	r7, sp, #12
 320 00cc 5A1C     		adds	r2, r3, #1
 321 00ce 2270     		strb	r2, [r4]
 322 00d0 019A     		ldr	r2, [sp, #4]
 323 00d2 02A8     		add	r0, sp, #8
 324 00d4 F254     		strb	r2, [r6, r3]
 325 00d6 04AD     		add	r5, sp, #16
 326 00d8 FFF7FEFF 		bl	smtc_modem_get_modem_version
 327 00dc 3800     		movs	r0, r7
 328 00de FFF7FEFF 		bl	smtc_modem_get_lorawan_version
 329 00e2 2800     		movs	r0, r5
 330 00e4 FFF7FEFF 		bl	smtc_modem_get_regional_params_version
 331 00e8 2378     		ldrb	r3, [r4]
 332 00ea 5A1C     		adds	r2, r3, #1
 333 00ec 2270     		strb	r2, [r4]
 334 00ee 02AA     		add	r2, sp, #8
 335 00f0 1278     		ldrb	r2, [r2]
 336 00f2 F254     		strb	r2, [r6, r3]
 337 00f4 2378     		ldrb	r3, [r4]
 338 00f6 5A1C     		adds	r2, r3, #1
 339 00f8 2270     		strb	r2, [r4]
 340 00fa 02AA     		add	r2, sp, #8
 341 00fc 5278     		ldrb	r2, [r2, #1]
 342 00fe F254     		strb	r2, [r6, r3]
 343 0100 2378     		ldrb	r3, [r4]
 344 0102 5A1C     		adds	r2, r3, #1
 345 0104 2270     		strb	r2, [r4]
 346 0106 02AA     		add	r2, sp, #8
ARM GAS  /tmp/cceeB8lw.s 			page 7


 347 0108 9278     		ldrb	r2, [r2, #2]
 348 010a F254     		strb	r2, [r6, r3]
 349 010c 2378     		ldrb	r3, [r4]
 350 010e 5A1C     		adds	r2, r3, #1
 351 0110 2270     		strb	r2, [r4]
 352 0112 0022     		movs	r2, #0
 353 0114 F254     		strb	r2, [r6, r3]
 354 0116 2378     		ldrb	r3, [r4]
 355 0118 5A1C     		adds	r2, r3, #1
 356 011a 2270     		strb	r2, [r4]
 357 011c 3A78     		ldrb	r2, [r7]
 358 011e F254     		strb	r2, [r6, r3]
 359 0120 2378     		ldrb	r3, [r4]
 360 0122 5A1C     		adds	r2, r3, #1
 361 0124 2270     		strb	r2, [r4]
 362 0126 7A78     		ldrb	r2, [r7, #1]
 363 0128 F254     		strb	r2, [r6, r3]
 364 012a 2378     		ldrb	r3, [r4]
 365 012c 5A1C     		adds	r2, r3, #1
 366 012e 2270     		strb	r2, [r4]
 367 0130 BA78     		ldrb	r2, [r7, #2]
 368 0132 F254     		strb	r2, [r6, r3]
 369 0134 2378     		ldrb	r3, [r4]
 370 0136 5A1C     		adds	r2, r3, #1
 371 0138 2270     		strb	r2, [r4]
 372 013a FA78     		ldrb	r2, [r7, #3]
 373 013c F254     		strb	r2, [r6, r3]
 374 013e 2378     		ldrb	r3, [r4]
 375 0140 5A1C     		adds	r2, r3, #1
 376 0142 2270     		strb	r2, [r4]
 377 0144 2A78     		ldrb	r2, [r5]
 378 0146 F254     		strb	r2, [r6, r3]
 379 0148 2378     		ldrb	r3, [r4]
 380 014a 5A1C     		adds	r2, r3, #1
 381 014c 2270     		strb	r2, [r4]
 382 014e 6A78     		ldrb	r2, [r5, #1]
 383 0150 F254     		strb	r2, [r6, r3]
 384 0152 2378     		ldrb	r3, [r4]
 385 0154 5A1C     		adds	r2, r3, #1
 386 0156 2270     		strb	r2, [r4]
 387 0158 AA78     		ldrb	r2, [r5, #2]
 388 015a F254     		strb	r2, [r6, r3]
 389 015c 2378     		ldrb	r3, [r4]
 390 015e 5A1C     		adds	r2, r3, #1
 391 0160 2270     		strb	r2, [r4]
 392 0162 EA78     		ldrb	r2, [r5, #3]
 393 0164 F254     		strb	r2, [r6, r3]
 394 0166 0FE0     		b	.L80
 395              	.L35:
 396 0168 012A     		cmp	r2, #1
 397 016a 12D1     		bne	.L43
 398 016c 2378     		ldrb	r3, [r4]
 399 016e 5A1C     		adds	r2, r3, #1
 400 0170 2270     		strb	r2, [r4]
 401 0172 0022     		movs	r2, #0
 402 0174 F254     		strb	r2, [r6, r3]
 403 0176 2378     		ldrb	r3, [r4]
ARM GAS  /tmp/cceeB8lw.s 			page 8


 404 0178 5A1C     		adds	r2, r3, #1
 405 017a 2270     		strb	r2, [r4]
 406 017c 0622     		movs	r2, #6
 407 017e F254     		strb	r2, [r6, r3]
 408 0180 2378     		ldrb	r3, [r4]
 409 0182 5A1C     		adds	r2, r3, #1
 410 0184 2270     		strb	r2, [r4]
 411 0186 F554     		strb	r5, [r6, r3]
 412              	.L80:
 413 0188 E023     		movs	r3, #224
 414 018a 0F9A     		ldr	r2, [sp, #60]
 415 018c 0220     		movs	r0, #2
 416 018e 1370     		strb	r3, [r2]
 417 0190 09E0     		b	.L18
 418              	.L43:
 419 0192 AA23     		movs	r3, #170
 420 0194 844A     		ldr	r2, .L84
 421 0196 8549     		ldr	r1, .L84+4
 422 0198 8648     		ldr	r0, .L84+12
 423              	.L75:
 424 019a FFF7FEFF 		bl	printf
 425 019e 8848     		ldr	r0, .L84+24
 426 01a0 FFF7FEFF 		bl	printf
 427              	.L17:
 428 01a4 0020     		movs	r0, #0
 429              	.L18:
 430 01a6 09B0     		add	sp, sp, #36
 431              		@ sp needed
 432 01a8 F0BD     		pop	{r4, r5, r6, r7, pc}
 433              	.L34:
 434 01aa 012A     		cmp	r2, #1
 435 01ac 02D1     		bne	.L45
 436              	.L79:
 437 01ae FFF7FEFF 		bl	smtc_modem_hal_reset_mcu
 438 01b2 F7E7     		b	.L17
 439              	.L45:
 440 01b4 B723     		movs	r3, #183
 441 01b6 7C4A     		ldr	r2, .L84
 442 01b8 7C49     		ldr	r1, .L84+4
 443 01ba 7E48     		ldr	r0, .L84+12
 444 01bc EDE7     		b	.L75
 445              	.L33:
 446 01be 012A     		cmp	r2, #1
 447 01c0 0AD1     		bne	.L46
 448 01c2 0020     		movs	r0, #0
 449 01c4 FFF7FEFF 		bl	lorawan_api_set_activation_mode
 450 01c8 0020     		movs	r0, #0
 451 01ca FFF7FEFF 		bl	set_modem_status_modem_joined
 452 01ce FFF7FEFF 		bl	lorawan_api_join_status_clear
 453 01d2 FFF7FEFF 		bl	modem_supervisor_add_task_join
 454 01d6 E5E7     		b	.L17
 455              	.L46:
 456 01d8 C723     		movs	r3, #199
 457 01da 734A     		ldr	r2, .L84
 458 01dc 7349     		ldr	r1, .L84+4
 459 01de 7548     		ldr	r0, .L84+12
 460 01e0 DBE7     		b	.L75
ARM GAS  /tmp/cceeB8lw.s 			page 9


 461              	.L32:
 462 01e2 022A     		cmp	r2, #2
 463 01e4 0CD1     		bne	.L47
 464 01e6 009B     		ldr	r3, [sp]
 465 01e8 5B78     		ldrb	r3, [r3, #1]
 466 01ea 002B     		cmp	r3, #0
 467 01ec 02D1     		bne	.L48
 468              	.L81:
 469 01ee 3B75     		strb	r3, [r7, #20]
 470              	.L49:
 471 01f0 0720     		movs	r0, #7
 472 01f2 D8E7     		b	.L18
 473              	.L48:
 474 01f4 012B     		cmp	r3, #1
 475 01f6 FAD0     		beq	.L81
 476 01f8 022B     		cmp	r3, #2
 477 01fa F9D1     		bne	.L49
 478 01fc 3A75     		strb	r2, [r7, #20]
 479 01fe F7E7     		b	.L49
 480              	.L47:
 481 0200 DF23     		movs	r3, #223
 482 0202 694A     		ldr	r2, .L84
 483 0204 6949     		ldr	r1, .L84+4
 484 0206 6B48     		ldr	r0, .L84+12
 485 0208 C7E7     		b	.L75
 486              	.L31:
 487 020a 022A     		cmp	r2, #2
 488 020c 11D1     		bne	.L51
 489 020e 009B     		ldr	r3, [sp]
 490 0210 5B78     		ldrb	r3, [r3, #1]
 491 0212 002B     		cmp	r3, #0
 492 0214 0AD1     		bne	.L52
 493 0216 1022     		movs	r2, #16
 494 0218 6A49     		ldr	r1, .L84+28
 495 021a 04A8     		add	r0, sp, #16
 496 021c FFF7FEFF 		bl	memcpy
 497 0220 0321     		movs	r1, #3
 498 0222 04AA     		add	r2, sp, #16
 499              	.L77:
 500 0224 0120     		movs	r0, #1
 501 0226 FFF7FEFF 		bl	smtc_modem_adr_set_profile
 502 022a BBE7     		b	.L17
 503              	.L52:
 504 022c 0022     		movs	r2, #0
 505 022e 1100     		movs	r1, r2
 506 0230 F8E7     		b	.L77
 507              	.L51:
 508 0232 F523     		movs	r3, #245
 509 0234 5C4A     		ldr	r2, .L84
 510 0236 5D49     		ldr	r1, .L84+4
 511 0238 5E48     		ldr	r0, .L84+12
 512 023a AEE7     		b	.L75
 513              	.L30:
 514 023c 022A     		cmp	r2, #2
 515 023e 08D1     		bne	.L53
 516 0240 009B     		ldr	r3, [sp]
 517 0242 5878     		ldrb	r0, [r3, #1]
ARM GAS  /tmp/cceeB8lw.s 			page 10


 518 0244 0028     		cmp	r0, #0
 519 0246 02D1     		bne	.L54
 520              	.L78:
 521 0248 FFF7FEFF 		bl	smtc_modem_test_duty_cycle_app_activate
 522 024c AAE7     		b	.L17
 523              	.L54:
 524 024e 0120     		movs	r0, #1
 525 0250 FAE7     		b	.L78
 526              	.L53:
 527 0252 0A23     		movs	r3, #10
 528 0254 544A     		ldr	r2, .L84
 529 0256 5549     		ldr	r1, .L84+4
 530 0258 5648     		ldr	r0, .L84+12
 531              	.L82:
 532 025a FF33     		adds	r3, r3, #255
 533 025c 9DE7     		b	.L75
 534              	.L29:
 535 025e 022A     		cmp	r2, #2
 536 0260 08D1     		bne	.L55
 537 0262 009B     		ldr	r3, [sp]
 538 0264 584A     		ldr	r2, .L84+32
 539 0266 5B78     		ldrb	r3, [r3, #1]
 540 0268 5B00     		lsls	r3, r3, #1
 541 026a D05C     		ldrb	r0, [r2, r3]
 542 026c 3871     		strb	r0, [r7, #4]
 543 026e FFF7FEFF 		bl	smtc_modem_alarm_start_timer
 544 0272 97E7     		b	.L17
 545              	.L55:
 546 0274 1823     		movs	r3, #24
 547 0276 4C4A     		ldr	r2, .L84
 548 0278 4C49     		ldr	r1, .L84+4
 549 027a 4E48     		ldr	r0, .L84+12
 550 027c EDE7     		b	.L82
 551              	.L28:
 552 027e F22A     		cmp	r2, #242
 553 0280 0BD8     		bhi	.L56
 554 0282 009B     		ldr	r3, [sp]
 555 0284 5B78     		ldrb	r3, [r3, #1]
 556 0286 012B     		cmp	r3, #1
 557 0288 02D1     		bne	.L57
 558 028a 0023     		movs	r3, #0
 559              	.L76:
 560 028c 7B71     		strb	r3, [r7, #5]
 561 028e 89E7     		b	.L17
 562              	.L57:
 563 0290 022B     		cmp	r3, #2
 564 0292 00D0     		beq	.LCB530
 565 0294 86E7     		b	.L17	@long jump
 566              	.LCB530:
 567 0296 013B     		subs	r3, r3, #1
 568 0298 F8E7     		b	.L76
 569              	.L56:
 570 029a 2C23     		movs	r3, #44
 571 029c 424A     		ldr	r2, .L84
 572 029e 4349     		ldr	r1, .L84+4
 573 02a0 4448     		ldr	r0, .L84+12
 574 02a2 DAE7     		b	.L82
ARM GAS  /tmp/cceeB8lw.s 			page 11


 575              	.L27:
 576 02a4 F22A     		cmp	r2, #242
 577 02a6 21D8     		bhi	.L59
 578 02a8 FFF7FEFF 		bl	lorawan_api_next_max_payload_length_get
 579 02ac 2378     		ldrb	r3, [r4]
 580 02ae C01A     		subs	r0, r0, r3
 581 02b0 8542     		cmp	r5, r0
 582 02b2 04D3     		bcc	.L60
 583 02b4 FFF7FEFF 		bl	lorawan_api_next_max_payload_length_get
 584 02b8 2578     		ldrb	r5, [r4]
 585 02ba 451B     		subs	r5, r0, r5
 586 02bc EDB2     		uxtb	r5, r5
 587              	.L60:
 588 02be 2378     		ldrb	r3, [r4]
 589 02c0 013D     		subs	r5, r5, #1
 590 02c2 5A1C     		adds	r2, r3, #1
 591 02c4 2270     		strb	r2, [r4]
 592 02c6 0822     		movs	r2, #8
 593 02c8 F254     		strb	r2, [r6, r3]
 594 02ca 009A     		ldr	r2, [sp]
 595 02cc EDB2     		uxtb	r5, r5
 596              	.L61:
 597 02ce 0099     		ldr	r1, [sp]
 598 02d0 0132     		adds	r2, r2, #1
 599 02d2 531E     		subs	r3, r2, #1
 600 02d4 5B1A     		subs	r3, r3, r1
 601 02d6 DBB2     		uxtb	r3, r3
 602 02d8 9D42     		cmp	r5, r3
 603 02da 00D8     		bhi	.LCB575
 604 02dc 54E7     		b	.L80	@long jump
 605              	.LCB575:
 606 02de 1378     		ldrb	r3, [r2]
 607 02e0 2178     		ldrb	r1, [r4]
 608 02e2 0133     		adds	r3, r3, #1
 609 02e4 481C     		adds	r0, r1, #1
 610 02e6 2070     		strb	r0, [r4]
 611 02e8 7354     		strb	r3, [r6, r1]
 612 02ea F0E7     		b	.L61
 613              	.L59:
 614 02ec 4423     		movs	r3, #68
 615 02ee 2E4A     		ldr	r2, .L84
 616 02f0 2E49     		ldr	r1, .L84+4
 617 02f2 3048     		ldr	r0, .L84+12
 618 02f4 B1E7     		b	.L82
 619              	.L26:
 620 02f6 012A     		cmp	r2, #1
 621 02f8 10D1     		bne	.L63
 622 02fa 2378     		ldrb	r3, [r4]
 623 02fc 5A1C     		adds	r2, r3, #1
 624 02fe 2270     		strb	r2, [r4]
 625 0300 0922     		movs	r2, #9
 626 0302 F254     		strb	r2, [r6, r3]
 627 0304 2378     		ldrb	r3, [r4]
 628 0306 7A88     		ldrh	r2, [r7, #2]
 629 0308 591C     		adds	r1, r3, #1
 630 030a 2170     		strb	r1, [r4]
 631 030c F254     		strb	r2, [r6, r3]
ARM GAS  /tmp/cceeB8lw.s 			page 12


 632 030e 7B88     		ldrh	r3, [r7, #2]
 633 0310 2278     		ldrb	r2, [r4]
 634 0312 1B0A     		lsrs	r3, r3, #8
 635 0314 511C     		adds	r1, r2, #1
 636 0316 2170     		strb	r1, [r4]
 637 0318 B354     		strb	r3, [r6, r2]
 638 031a 35E7     		b	.L80
 639              	.L63:
 640 031c AA23     		movs	r3, #170
 641 031e 224A     		ldr	r2, .L84
 642 0320 2249     		ldr	r1, .L84+4
 643 0322 2448     		ldr	r0, .L84+12
 644              	.L83:
 645 0324 5B00     		lsls	r3, r3, #1
 646 0326 38E7     		b	.L75
 647              	.L25:
 648 0328 012A     		cmp	r2, #1
 649 032a 02D1     		bne	.L64
 650 032c 0023     		movs	r3, #0
 651 032e 7B80     		strh	r3, [r7, #2]
 652 0330 38E7     		b	.L17
 653              	.L64:
 654 0332 6223     		movs	r3, #98
 655 0334 1C4A     		ldr	r2, .L84
 656 0336 1D49     		ldr	r1, .L84+4
 657 0338 1E48     		ldr	r0, .L84+12
 658 033a 8EE7     		b	.L82
 659              	.L24:
 660 033c 012A     		cmp	r2, #1
 661 033e 04D1     		bne	.L65
 662 0340 0020     		movs	r0, #0
 663 0342 FFF7FEFF 		bl	modem_supervisor_add_task_link_check_req
 664 0346 0320     		movs	r0, #3
 665 0348 2DE7     		b	.L18
 666              	.L65:
 667 034a 7023     		movs	r3, #112
 668 034c 164A     		ldr	r2, .L84
 669 034e 1749     		ldr	r1, .L84+4
 670 0350 1848     		ldr	r0, .L84+12
 671 0352 82E7     		b	.L82
 672              	.L23:
 673 0354 012A     		cmp	r2, #1
 674 0356 04D1     		bne	.L66
 675 0358 0020     		movs	r0, #0
 676 035a FFF7FEFF 		bl	modem_supervisor_add_task_device_time_req
 677 035e 0420     		movs	r0, #4
 678 0360 21E7     		b	.L18
 679              	.L66:
 680 0362 BE23     		movs	r3, #190
 681 0364 104A     		ldr	r2, .L84
 682 0366 1149     		ldr	r1, .L84+4
 683 0368 1248     		ldr	r0, .L84+12
 684 036a DBE7     		b	.L83
 685              	.L21:
 686 036c 022A     		cmp	r2, #2
 687 036e 08D1     		bne	.L67
 688 0370 009B     		ldr	r3, [sp]
ARM GAS  /tmp/cceeB8lw.s 			page 13


 689 0372 5878     		ldrb	r0, [r3, #1]
 690 0374 FFF7FEFF 		bl	lorawan_api_set_ping_slot_periodicity
 691 0378 0020     		movs	r0, #0
 692 037a FFF7FEFF 		bl	modem_supervisor_add_task_ping_slot_info_req
 693 037e 0520     		movs	r0, #5
 694 0380 11E7     		b	.L18
 695              	.L67:
 696 0382 C523     		movs	r3, #197
 697 0384 084A     		ldr	r2, .L84
 698 0386 0949     		ldr	r1, .L84+4
 699 0388 0A48     		ldr	r0, .L84+12
 700 038a CBE7     		b	.L83
 701              	.L40:
 702 038c 022A     		cmp	r2, #2
 703 038e 05D1     		bne	.L68
 704 0390 009B     		ldr	r3, [sp]
 705 0392 5B78     		ldrb	r3, [r3, #1]
 706 0394 5A1E     		subs	r2, r3, #1
 707 0396 9341     		sbcs	r3, r3, r2
 708 0398 7B74     		strb	r3, [r7, #17]
 709 039a 03E7     		b	.L17
 710              	.L68:
 711 039c CB23     		movs	r3, #203
 712 039e 024A     		ldr	r2, .L84
 713 03a0 0249     		ldr	r1, .L84+4
 714 03a2 0448     		ldr	r0, .L84+12
 715 03a4 BEE7     		b	.L83
 716              	.L85:
 717 03a6 C046     		.align	2
 718              	.L84:
 719 03a8 00000000 		.word	.LC0
 720 03ac 3B000000 		.word	.LC2
 721 03b0 09020000 		.word	521
 722 03b4 41000000 		.word	.LC4
 723 03b8 00000000 		.word	__func__.0
 724 03bc 58000000 		.word	.LC12
 725 03c0 4D000000 		.word	.LC6
 726 03c4 6C000000 		.word	.LC8
 727 03c8 00000000 		.word	lorawan_certification_periodicity_table
 728              	.L38:
 729 03cc 022A     		cmp	r2, #2
 730 03ce 13D1     		bne	.L69
 731 03d0 2378     		ldrb	r3, [r4]
 732 03d2 5A1C     		adds	r2, r3, #1
 733 03d4 2270     		strb	r2, [r4]
 734 03d6 019A     		ldr	r2, [sp, #4]
 735 03d8 F254     		strb	r2, [r6, r3]
 736 03da 2378     		ldrb	r3, [r4]
 737 03dc 7A8A     		ldrh	r2, [r7, #18]
 738 03de 591C     		adds	r1, r3, #1
 739 03e0 2170     		strb	r1, [r4]
 740 03e2 F254     		strb	r2, [r6, r3]
 741 03e4 2278     		ldrb	r2, [r4]
 742 03e6 7B8A     		ldrh	r3, [r7, #18]
 743 03e8 511C     		adds	r1, r2, #1
 744 03ea 1B0A     		lsrs	r3, r3, #8
 745 03ec 2170     		strb	r1, [r4]
ARM GAS  /tmp/cceeB8lw.s 			page 14


 746 03ee B354     		strb	r3, [r6, r2]
 747 03f0 E023     		movs	r3, #224
 748 03f2 0F9A     		ldr	r2, [sp, #60]
 749 03f4 1370     		strb	r3, [r2]
 750 03f6 D5E6     		b	.L17
 751              	.L69:
 752 03f8 A623     		movs	r3, #166
 753 03fa 204A     		ldr	r2, .L86
 754 03fc 2049     		ldr	r1, .L86+4
 755 03fe 2148     		ldr	r0, .L86+8
 756 0400 2BE7     		b	.L82
 757              	.L39:
 758 0402 012A     		cmp	r2, #1
 759 0404 02D1     		bne	.L70
 760 0406 0023     		movs	r3, #0
 761 0408 7B82     		strh	r3, [r7, #18]
 762 040a CBE6     		b	.L17
 763              	.L70:
 764 040c D823     		movs	r3, #216
 765 040e 1B4A     		ldr	r2, .L86
 766 0410 1B49     		ldr	r1, .L86+4
 767 0412 1C48     		ldr	r0, .L86+8
 768 0414 86E7     		b	.L83
 769              	.L36:
 770 0416 072A     		cmp	r2, #7
 771 0418 19D1     		bne	.L71
 772 041a 0123     		movs	r3, #1
 773 041c BB71     		strb	r3, [r7, #6]
 774 041e 009B     		ldr	r3, [sp]
 775 0420 0620     		movs	r0, #6
 776 0422 5A78     		ldrb	r2, [r3, #1]
 777 0424 9B78     		ldrb	r3, [r3, #2]
 778 0426 1B02     		lsls	r3, r3, #8
 779 0428 1343     		orrs	r3, r2
 780 042a 3B81     		strh	r3, [r7, #8]
 781 042c 009A     		ldr	r2, [sp]
 782 042e 009B     		ldr	r3, [sp]
 783 0430 1279     		ldrb	r2, [r2, #4]
 784 0432 5B79     		ldrb	r3, [r3, #5]
 785 0434 1202     		lsls	r2, r2, #8
 786 0436 1B04     		lsls	r3, r3, #16
 787 0438 9B18     		adds	r3, r3, r2
 788 043a 009A     		ldr	r2, [sp]
 789 043c D278     		ldrb	r2, [r2, #3]
 790 043e 9B18     		adds	r3, r3, r2
 791 0440 6422     		movs	r2, #100
 792 0442 5343     		muls	r3, r2
 793 0444 FB60     		str	r3, [r7, #12]
 794 0446 009B     		ldr	r3, [sp]
 795 0448 9B79     		ldrb	r3, [r3, #6]
 796 044a 3B74     		strb	r3, [r7, #16]
 797 044c ABE6     		b	.L18
 798              	.L71:
 799 044e E323     		movs	r3, #227
 800 0450 0A4A     		ldr	r2, .L86
 801 0452 0B49     		ldr	r1, .L86+4
 802 0454 0B48     		ldr	r0, .L86+8
ARM GAS  /tmp/cceeB8lw.s 			page 15


 803 0456 65E7     		b	.L83
 804              	.L41:
 805 0458 012A     		cmp	r2, #1
 806 045a 05D1     		bne	.L72
 807 045c 0023     		movs	r3, #0
 808 045e 1800     		movs	r0, r3
 809 0460 3B70     		strb	r3, [r7]
 810 0462 FFF7FEFF 		bl	lorawan_api_modem_certification_set
 811 0466 A2E6     		b	.L79
 812              	.L72:
 813 0468 D623     		movs	r3, #214
 814 046a 044A     		ldr	r2, .L86
 815 046c 0449     		ldr	r1, .L86+4
 816 046e 0548     		ldr	r0, .L86+8
 817 0470 F3E6     		b	.L82
 818              	.L73:
 819 0472 024A     		ldr	r2, .L86
 820 0474 0249     		ldr	r1, .L86+4
 821 0476 0348     		ldr	r0, .L86+8
 822 0478 034B     		ldr	r3, .L86+12
 823 047a 8EE6     		b	.L75
 824              	.L87:
 825              		.align	2
 826              	.L86:
 827 047c 00000000 		.word	.LC0
 828 0480 3B000000 		.word	.LC2
 829 0484 41000000 		.word	.LC4
 830 0488 03020000 		.word	515
 832              		.global	__aeabi_uidiv
 833              		.section	.text.lorawan_certification_build_beacon_rx_status_ind,"ax",%progbits
 834              		.align	1
 835              		.global	lorawan_certification_build_beacon_rx_status_ind
 836              		.syntax unified
 837              		.code	16
 838              		.thumb_func
 840              	lorawan_certification_build_beacon_rx_status_ind:
 841              		@ args = 20, pretend = 0, frame = 72
 842              		@ frame_needed = 0, uses_anonymous_args = 0
 843 0000 F0B5     		push	{r4, r5, r6, r7, lr}
 844 0002 93B0     		sub	sp, sp, #76
 845 0004 1D00     		movs	r5, r3
 846 0006 18AB     		add	r3, sp, #96
 847 0008 10CB     		ldmia	r3!, {r4}
 848 000a 0600     		movs	r6, r0
 849 000c 1B78     		ldrb	r3, [r3]
 850 000e 07A8     		add	r0, sp, #28
 851 0010 5BB2     		sxtb	r3, r3
 852 0012 0293     		str	r3, [sp, #8]
 853 0014 1AAB     		add	r3, sp, #104
 854 0016 1B78     		ldrb	r3, [r3]
 855 0018 0191     		str	r1, [sp, #4]
 856 001a 5BB2     		sxtb	r3, r3
 857 001c 0493     		str	r3, [sp, #16]
 858 001e 1BAB     		add	r3, sp, #108
 859 0020 1B78     		ldrb	r3, [r3]
 860 0022 0393     		str	r3, [sp, #12]
 861 0024 FFF7FEFF 		bl	lorawan_api_beacon_get_metadata
ARM GAS  /tmp/cceeB8lw.s 			page 16


 862 0028 0A9B     		ldr	r3, [sp, #40]
 863 002a 002B     		cmp	r3, #0
 864 002c 02D1     		bne	.L89
 865 002e 738A     		ldrh	r3, [r6, #18]
 866 0030 0133     		adds	r3, r3, #1
 867 0032 7382     		strh	r3, [r6, #18]
 868              	.L89:
 869 0034 06AB     		add	r3, sp, #24
 870 0036 DA1C     		adds	r2, r3, #3
 871 0038 0398     		ldr	r0, [sp, #12]
 872 003a 991C     		adds	r1, r3, #2
 873 003c FFF7FEFF 		bl	lorawan_api_lora_dr_to_sf_bw
 874 0040 06AB     		add	r3, sp, #24
 875 0042 9978     		ldrb	r1, [r3, #2]
 876 0044 0198     		ldr	r0, [sp, #4]
 877 0046 FFF7FEFF 		bl	smtc_decode_beacon_epoch_time
 878 004a 06AB     		add	r3, sp, #24
 879 004c 0700     		movs	r7, r0
 880 004e 9978     		ldrb	r1, [r3, #2]
 881 0050 0198     		ldr	r0, [sp, #4]
 882 0052 FFF7FEFF 		bl	smtc_decode_beacon_param
 883 0056 0590     		str	r0, [sp, #20]
 884 0058 FFF7FEFF 		bl	lorawan_api_get_frequency_factor
 885 005c 0100     		movs	r1, r0
 886 005e 1C98     		ldr	r0, [sp, #112]
 887 0060 FFF7FEFF 		bl	__aeabi_uidiv
 888 0064 2378     		ldrb	r3, [r4]
 889 0066 5A1C     		adds	r2, r3, #1
 890 0068 2270     		strb	r2, [r4]
 891 006a 4122     		movs	r2, #65
 892 006c EA54     		strb	r2, [r5, r3]
 893 006e 2378     		ldrb	r3, [r4]
 894 0070 5A1C     		adds	r2, r3, #1
 895 0072 2270     		strb	r2, [r4]
 896 0074 0122     		movs	r2, #1
 897 0076 EA54     		strb	r2, [r5, r3]
 898 0078 2378     		ldrb	r3, [r4]
 899 007a 728A     		ldrh	r2, [r6, #18]
 900 007c 591C     		adds	r1, r3, #1
 901 007e 2170     		strb	r1, [r4]
 902 0080 EA54     		strb	r2, [r5, r3]
 903 0082 2278     		ldrb	r2, [r4]
 904 0084 738A     		ldrh	r3, [r6, #18]
 905 0086 511C     		adds	r1, r2, #1
 906 0088 1B0A     		lsrs	r3, r3, #8
 907 008a 2170     		strb	r1, [r4]
 908 008c AB54     		strb	r3, [r5, r2]
 909 008e 2378     		ldrb	r3, [r4]
 910 0090 5A1C     		adds	r2, r3, #1
 911 0092 2270     		strb	r2, [r4]
 912 0094 E854     		strb	r0, [r5, r3]
 913 0096 2378     		ldrb	r3, [r4]
 914 0098 5A1C     		adds	r2, r3, #1
 915 009a 2270     		strb	r2, [r4]
 916 009c 020A     		lsrs	r2, r0, #8
 917 009e EA54     		strb	r2, [r5, r3]
 918 00a0 2378     		ldrb	r3, [r4]
ARM GAS  /tmp/cceeB8lw.s 			page 17


 919 00a2 000C     		lsrs	r0, r0, #16
 920 00a4 5A1C     		adds	r2, r3, #1
 921 00a6 2270     		strb	r2, [r4]
 922 00a8 E854     		strb	r0, [r5, r3]
 923 00aa 2378     		ldrb	r3, [r4]
 924 00ac 5A1C     		adds	r2, r3, #1
 925 00ae 2270     		strb	r2, [r4]
 926 00b0 039A     		ldr	r2, [sp, #12]
 927 00b2 EA54     		strb	r2, [r5, r3]
 928 00b4 2378     		ldrb	r3, [r4]
 929 00b6 5A1C     		adds	r2, r3, #1
 930 00b8 2270     		strb	r2, [r4]
 931 00ba 029A     		ldr	r2, [sp, #8]
 932 00bc EA54     		strb	r2, [r5, r3]
 933 00be 2278     		ldrb	r2, [r4]
 934 00c0 0198     		ldr	r0, [sp, #4]
 935 00c2 531C     		adds	r3, r2, #1
 936 00c4 2370     		strb	r3, [r4]
 937 00c6 029B     		ldr	r3, [sp, #8]
 938 00c8 1B12     		asrs	r3, r3, #8
 939 00ca AB54     		strb	r3, [r5, r2]
 940 00cc 2378     		ldrb	r3, [r4]
 941 00ce 5A1C     		adds	r2, r3, #1
 942 00d0 2270     		strb	r2, [r4]
 943 00d2 049A     		ldr	r2, [sp, #16]
 944 00d4 EA54     		strb	r2, [r5, r3]
 945 00d6 2378     		ldrb	r3, [r4]
 946 00d8 5A1C     		adds	r2, r3, #1
 947 00da 2270     		strb	r2, [r4]
 948 00dc 059A     		ldr	r2, [sp, #20]
 949 00de EA54     		strb	r2, [r5, r3]
 950 00e0 2378     		ldrb	r3, [r4]
 951 00e2 5A1C     		adds	r2, r3, #1
 952 00e4 2270     		strb	r2, [r4]
 953 00e6 EF54     		strb	r7, [r5, r3]
 954 00e8 2378     		ldrb	r3, [r4]
 955 00ea 5A1C     		adds	r2, r3, #1
 956 00ec 2270     		strb	r2, [r4]
 957 00ee 3A0A     		lsrs	r2, r7, #8
 958 00f0 EA54     		strb	r2, [r5, r3]
 959 00f2 2378     		ldrb	r3, [r4]
 960 00f4 5A1C     		adds	r2, r3, #1
 961 00f6 2270     		strb	r2, [r4]
 962 00f8 3A0C     		lsrs	r2, r7, #16
 963 00fa EA54     		strb	r2, [r5, r3]
 964 00fc 2278     		ldrb	r2, [r4]
 965 00fe 531C     		adds	r3, r2, #1
 966 0100 2370     		strb	r3, [r4]
 967 0102 BB0B     		lsrs	r3, r7, #14
 968 0104 AB54     		strb	r3, [r5, r2]
 969 0106 2278     		ldrb	r2, [r4]
 970 0108 06AB     		add	r3, sp, #24
 971 010a 9978     		ldrb	r1, [r3, #2]
 972 010c AA18     		adds	r2, r5, r2
 973 010e FFF7FEFF 		bl	smtc_decode_beacon_gw_specific
 974 0112 2378     		ldrb	r3, [r4]
 975 0114 0733     		adds	r3, r3, #7
ARM GAS  /tmp/cceeB8lw.s 			page 18


 976 0116 2370     		strb	r3, [r4]
 977 0118 13B0     		add	sp, sp, #76
 978              		@ sp needed
 979 011a F0BD     		pop	{r4, r5, r6, r7, pc}
 981              		.section	.rodata.__func__.0,"a"
 984              	__func__.0:
 985 0000 6C6F7261 		.ascii	"lorawan_certification_parser\000"
 985      77616E5F 
 985      63657274 
 985      69666963 
 985      6174696F 
 986              		.section	.rodata.lorawan_certification_periodicity_table,"a"
 987              		.align	2
 990              	lorawan_certification_periodicity_table:
 991 0000 0000     		.short	0
 992 0002 0500     		.short	5
 993 0004 0A00     		.short	10
 994 0006 1400     		.short	20
 995 0008 1E00     		.short	30
 996 000a 2800     		.short	40
 997 000c 3200     		.short	50
 998 000e 3C00     		.short	60
 999 0010 7800     		.short	120
 1000 0012 F000     		.short	240
 1001 0014 E001     		.short	480
 1002              		.ident	"GCC: (Arch Repository) 13.2.0"
ARM GAS  /tmp/cceeB8lw.s 			page 19


DEFINED SYMBOLS
                            *ABS*:00000000 lorawan_certification.c
     /tmp/cceeB8lw.s:14     .text.lorawan_certification_init:00000000 $t
     /tmp/cceeB8lw.s:20     .text.lorawan_certification_init:00000000 lorawan_certification_init
     /tmp/cceeB8lw.s:34     .text.lorawan_certification_set_enabled:00000000 $t
     /tmp/cceeB8lw.s:40     .text.lorawan_certification_set_enabled:00000000 lorawan_certification_set_enabled
     /tmp/cceeB8lw.s:58     .text.lorawan_certification_get_enabled:00000000 $t
     /tmp/cceeB8lw.s:64     .text.lorawan_certification_get_enabled:00000000 lorawan_certification_get_enabled
     /tmp/cceeB8lw.s:73     .text.lorawan_certification_get_ul_periodicity:00000000 $t
     /tmp/cceeB8lw.s:79     .text.lorawan_certification_get_ul_periodicity:00000000 lorawan_certification_get_ul_periodicity
     /tmp/cceeB8lw.s:88     .text.lorawan_certification_get_frame_type:00000000 $t
     /tmp/cceeB8lw.s:94     .text.lorawan_certification_get_frame_type:00000000 lorawan_certification_get_frame_type
     /tmp/cceeB8lw.s:103    .text.lorawan_certification_get_cw_config:00000000 $t
     /tmp/cceeB8lw.s:109    .text.lorawan_certification_get_cw_config:00000000 lorawan_certification_get_cw_config
     /tmp/cceeB8lw.s:124    .text.lorawan_certification_is_cw_running:00000000 $t
     /tmp/cceeB8lw.s:130    .text.lorawan_certification_is_cw_running:00000000 lorawan_certification_is_cw_running
     /tmp/cceeB8lw.s:139    .text.lorawan_certification_cw_set_as_stopped:00000000 $t
     /tmp/cceeB8lw.s:145    .text.lorawan_certification_cw_set_as_stopped:00000000 lorawan_certification_cw_set_as_stopped
     /tmp/cceeB8lw.s:155    .text.lorawan_certification_get_beacon_rx_status_ind_ctrl:00000000 $t
     /tmp/cceeB8lw.s:161    .text.lorawan_certification_get_beacon_rx_status_ind_ctrl:00000000 lorawan_certification_get_beacon_rx_status_ind_ctrl
     /tmp/cceeB8lw.s:170    .text.lorawan_certification_get_requested_class:00000000 $t
     /tmp/cceeB8lw.s:176    .text.lorawan_certification_get_requested_class:00000000 lorawan_certification_get_requested_class
     /tmp/cceeB8lw.s:200    .text.lorawan_certification_parser:00000000 $t
     /tmp/cceeB8lw.s:206    .text.lorawan_certification_parser:00000000 lorawan_certification_parser
     /tmp/cceeB8lw.s:238    .text.lorawan_certification_parser:00000036 $d
     /tmp/cceeB8lw.s:273    .text.lorawan_certification_parser:0000007c $t
     /tmp/cceeB8lw.s:719    .text.lorawan_certification_parser:000003a8 $d
     /tmp/cceeB8lw.s:984    .rodata.__func__.0:00000000 __func__.0
     /tmp/cceeB8lw.s:990    .rodata.lorawan_certification_periodicity_table:00000000 lorawan_certification_periodicity_table
     /tmp/cceeB8lw.s:729    .text.lorawan_certification_parser:000003cc $t
     /tmp/cceeB8lw.s:827    .text.lorawan_certification_parser:0000047c $d
     /tmp/cceeB8lw.s:834    .text.lorawan_certification_build_beacon_rx_status_ind:00000000 $t
     /tmp/cceeB8lw.s:840    .text.lorawan_certification_build_beacon_rx_status_ind:00000000 lorawan_certification_build_beacon_rx_status_ind
     /tmp/cceeB8lw.s:987    .rodata.lorawan_certification_periodicity_table:00000000 $d

UNDEFINED SYMBOLS
memset
__gnu_thumb1_case_uhi
printf
lorawan_api_next_max_payload_length_get
smtc_modem_get_modem_version
smtc_modem_get_lorawan_version
smtc_modem_get_regional_params_version
smtc_modem_hal_reset_mcu
lorawan_api_set_activation_mode
set_modem_status_modem_joined
lorawan_api_join_status_clear
modem_supervisor_add_task_join
memcpy
smtc_modem_adr_set_profile
smtc_modem_test_duty_cycle_app_activate
smtc_modem_alarm_start_timer
modem_supervisor_add_task_link_check_req
modem_supervisor_add_task_device_time_req
lorawan_api_set_ping_slot_periodicity
modem_supervisor_add_task_ping_slot_info_req
lorawan_api_modem_certification_set
ARM GAS  /tmp/cceeB8lw.s 			page 20


__aeabi_uidiv
lorawan_api_beacon_get_metadata
lorawan_api_lora_dr_to_sf_bw
smtc_decode_beacon_epoch_time
smtc_decode_beacon_param
lorawan_api_get_frequency_factor
smtc_decode_beacon_gw_specific
