ARM GAS  /tmp/ccYhQUdu.s 			page 1


   1              		.cpu cortex-m0
   2              		.arch armv6s-m
   3              		.fpu softvfp
   4              		.eabi_attribute 23, 1
   5              		.eabi_attribute 24, 1
   6              		.eabi_attribute 25, 1
   7              		.eabi_attribute 26, 1
   8              		.eabi_attribute 30, 4
   9              		.eabi_attribute 34, 0
  10              		.eabi_attribute 18, 4
  11              		.file	"lr11xx_driver_version.c"
  12              		.text
  13              		.section	.rodata.lr11xx_driver_version_get_version_string.str1.1,"aMS",%progbits,1
  14              	.LC0:
  15 0000 76322E31 		.ascii	"v2.1.1\000"
  15      2E3100
  16              		.section	.text.lr11xx_driver_version_get_version_string,"ax",%progbits
  17              		.align	1
  18              		.global	lr11xx_driver_version_get_version_string
  19              		.syntax unified
  20              		.code	16
  21              		.thumb_func
  23              	lr11xx_driver_version_get_version_string:
  24              		@ args = 0, pretend = 0, frame = 0
  25              		@ frame_needed = 0, uses_anonymous_args = 0
  26              		@ link register save eliminated.
  27 0000 0048     		ldr	r0, .L2
  28              		@ sp needed
  29 0002 7047     		bx	lr
  30              	.L3:
  31              		.align	2
  32              	.L2:
  33 0004 00000000 		.word	.LC0
  35              		.ident	"GCC: (Arch Repository) 13.2.0"
ARM GAS  /tmp/ccYhQUdu.s 			page 2


DEFINED SYMBOLS
                            *ABS*:00000000 lr11xx_driver_version.c
     /tmp/ccYhQUdu.s:17     .text.lr11xx_driver_version_get_version_string:00000000 $t
     /tmp/ccYhQUdu.s:23     .text.lr11xx_driver_version_get_version_string:00000000 lr11xx_driver_version_get_version_string
     /tmp/ccYhQUdu.s:33     .text.lr11xx_driver_version_get_version_string:00000004 $d

NO UNDEFINED SYMBOLS
