ARM GAS  /tmp/ccWZcYkD.s 			page 1


   1              		.cpu cortex-m0
   2              		.arch armv6s-m
   3              		.fpu softvfp
   4              		.eabi_attribute 23, 1
   5              		.eabi_attribute 24, 1
   6              		.eabi_attribute 25, 1
   7              		.eabi_attribute 26, 1
   8              		.eabi_attribute 30, 4
   9              		.eabi_attribute 34, 0
  10              		.eabi_attribute 18, 4
  11              		.file	"rose.c"
  12              		.text
  13              		.section	.text.ROSE_payload_encrypt.constprop.0,"ax",%progbits
  14              		.align	1
  15              		.syntax unified
  16              		.code	16
  17              		.thumb_func
  19              	ROSE_payload_encrypt.constprop.0:
  20              		@ args = 0, pretend = 0, frame = 16
  21              		@ frame_needed = 0, uses_anonymous_args = 0
  22 0000 F0B5     		push	{r4, r5, r6, r7, lr}
  23 0002 85B0     		sub	sp, sp, #20
  24 0004 1400     		movs	r4, r2
  25 0006 0500     		movs	r5, r0
  26 0008 0E00     		movs	r6, r1
  27 000a 0E22     		movs	r2, #14
  28 000c 0021     		movs	r1, #0
  29 000e 6846     		mov	r0, sp
  30 0010 1F00     		movs	r7, r3
  31 0012 FFF7FEFF 		bl	memset
  32 0016 6A46     		mov	r2, sp
  33 0018 0123     		movs	r3, #1
  34 001a 1370     		strb	r3, [r2]
  35 001c 4133     		adds	r3, r3, #65
  36 001e 5371     		strb	r3, [r2, #5]
  37 0020 230C     		lsrs	r3, r4, #16
  38 0022 5481     		strh	r4, [r2, #10]
  39 0024 1373     		strb	r3, [r2, #12]
  40 0026 3100     		movs	r1, r6
  41 0028 3B00     		movs	r3, r7
  42 002a 2800     		movs	r0, r5
  43 002c 240E     		lsrs	r4, r4, #24
  44 002e 5473     		strb	r4, [r2, #13]
  45 0030 FFF7FEFF 		bl	smtc_modem_services_aes_encrypt
  46 0034 05B0     		add	sp, sp, #20
  47              		@ sp needed
  48 0036 F0BD     		pop	{r4, r5, r6, r7, pc}
  50              		.section	.text.ROSE_rvec_len,"ax",%progbits
  51              		.align	1
  52              		.global	ROSE_rvec_len
  53              		.syntax unified
  54              		.code	16
  55              		.thumb_func
  57              	ROSE_rvec_len:
  58              		@ args = 0, pretend = 0, frame = 0
  59              		@ frame_needed = 0, uses_anonymous_args = 0
  60              		@ link register save eliminated.
ARM GAS  /tmp/ccWZcYkD.s 			page 2


  61 0000 8389     		ldrh	r3, [r0, #12]
  62 0002 1020     		movs	r0, #16
  63 0004 782B     		cmp	r3, #120
  64 0006 01D9     		bls	.L2
  65 0008 0733     		adds	r3, r3, #7
  66 000a D810     		asrs	r0, r3, #3
  67              	.L2:
  68              		@ sp needed
  69 000c 7047     		bx	lr
  71              		.section	.text.ROSE_encWL,"ax",%progbits
  72              		.align	1
  73              		.global	ROSE_encWL
  74              		.syntax unified
  75              		.code	16
  76              		.thumb_func
  78              	ROSE_encWL:
  79              		@ args = 0, pretend = 0, frame = 0
  80              		@ frame_needed = 0, uses_anonymous_args = 0
  81              		@ link register save eliminated.
  82 0000 0300     		movs	r3, r0
  83 0002 0C3B     		subs	r3, r3, #12
  84 0004 002B     		cmp	r3, #0
  85 0006 17DD     		ble	.L11
  86 0008 0200     		movs	r2, r0
  87 000a 0D3A     		subs	r2, r2, #13
  88 000c 9310     		asrs	r3, r2, #2
  89 000e FF2A     		cmp	r2, #255
  90 0010 1EDD     		ble	.L12
  91 0012 0300     		movs	r3, r0
  92 0014 093B     		subs	r3, r3, #9
  93 0016 FF3B     		subs	r3, r3, #255
  94 0018 002B     		cmp	r3, #0
  95 001a 0FDD     		ble	.L13
  96 001c 013B     		subs	r3, r3, #1
  97 001e DB10     		asrs	r3, r3, #3
  98 0020 3F2B     		cmp	r3, #63
  99 0022 17DD     		ble	.L14
 100 0024 0C4B     		ldr	r3, .L16
 101 0026 C318     		adds	r3, r0, r3
 102 0028 002B     		cmp	r3, #0
 103 002a 09DC     		bgt	.L8
 104 002c 0420     		movs	r0, #4
 105              	.L6:
 106 002e 0023     		movs	r3, #0
 107              	.L9:
 108 0030 4001     		lsls	r0, r0, #5
 109 0032 C018     		adds	r0, r0, r3
 110 0034 C0B2     		uxtb	r0, r0
 111              	.L10:
 112              		@ sp needed
 113 0036 7047     		bx	lr
 114              	.L11:
 115 0038 0020     		movs	r0, #0
 116 003a F8E7     		b	.L6
 117              	.L13:
 118 003c 0220     		movs	r0, #2
 119 003e F6E7     		b	.L6
ARM GAS  /tmp/ccWZcYkD.s 			page 3


 120              	.L8:
 121 0040 064B     		ldr	r3, .L16+4
 122 0042 C018     		adds	r0, r0, r3
 123 0044 0311     		asrs	r3, r0, #4
 124 0046 BF20     		movs	r0, #191
 125 0048 3F2B     		cmp	r3, #63
 126 004a F4DC     		bgt	.L10
 127 004c BB38     		subs	r0, r0, #187
 128 004e EFE7     		b	.L9
 129              	.L12:
 130 0050 0020     		movs	r0, #0
 131 0052 EDE7     		b	.L9
 132              	.L14:
 133 0054 0220     		movs	r0, #2
 134 0056 EBE7     		b	.L9
 135              	.L17:
 136              		.align	2
 137              	.L16:
 138 0058 00FDFFFF 		.word	-768
 139 005c FFFCFFFF 		.word	-769
 141              		.section	.rodata.ROSE_decWL.cst1,"aM",%progbits,1
 142              	.LC1:
 143 0000 BF       		.byte	-65
 144              		.section	.text.ROSE_decWL,"ax",%progbits
 145              		.align	1
 146              		.global	ROSE_decWL
 147              		.syntax unified
 148              		.code	16
 149              		.thumb_func
 151              	ROSE_decWL:
 152              		@ args = 0, pretend = 0, frame = 0
 153              		@ frame_needed = 0, uses_anonymous_args = 0
 154 0000 10B5     		push	{r4, lr}
 155 0002 031C     		adds	r3, r0, #0
 156 0004 BF28     		cmp	r0, #191
 157 0006 01D9     		bls	.L19
 158 0008 0C4B     		ldr	r3, .L21
 159 000a 1B78     		ldrb	r3, [r3]
 160              	.L19:
 161 000c 0621     		movs	r1, #6
 162 000e 3F24     		movs	r4, #63
 163 0010 DBB2     		uxtb	r3, r3
 164 0012 5A09     		lsrs	r2, r3, #5
 165 0014 0A40     		ands	r2, r1
 166 0016 501C     		adds	r0, r2, #1
 167 0018 0949     		ldr	r1, .L21+4
 168 001a 4000     		lsls	r0, r0, #1
 169 001c 405A     		ldrh	r0, [r0, r1]
 170 001e 2340     		ands	r3, r4
 171 0020 4343     		muls	r3, r0
 172 0022 5200     		lsls	r2, r2, #1
 173 0024 525A     		ldrh	r2, [r2, r1]
 174 0026 9B18     		adds	r3, r3, r2
 175 0028 8022     		movs	r2, #128
 176 002a 181C     		adds	r0, r3, #0
 177 002c 9BB2     		uxth	r3, r3
 178 002e 9200     		lsls	r2, r2, #2
ARM GAS  /tmp/ccWZcYkD.s 			page 4


 179 0030 9342     		cmp	r3, r2
 180 0032 00D9     		bls	.L20
 181 0034 101C     		adds	r0, r2, #0
 182              	.L20:
 183 0036 80B2     		uxth	r0, r0
 184              		@ sp needed
 185 0038 10BD     		pop	{r4, pc}
 186              	.L22:
 187 003a C046     		.align	2
 188              	.L21:
 189 003c 00000000 		.word	.LC1
 190 0040 00000000 		.word	WLENCP
 192              		.section	.text.ROSE_cipher,"ax",%progbits
 193              		.align	1
 194              		.global	ROSE_cipher
 195              		.syntax unified
 196              		.code	16
 197              		.thumb_func
 199              	ROSE_cipher:
 200              		@ args = 0, pretend = 0, frame = 24
 201              		@ frame_needed = 0, uses_anonymous_args = 0
 202 0000 F0B5     		push	{r4, r5, r6, r7, lr}
 203 0002 87B0     		sub	sp, sp, #28
 204 0004 1600     		movs	r6, r2
 205 0006 1D00     		movs	r5, r3
 206 0008 0400     		movs	r4, r0
 207 000a 0391     		str	r1, [sp, #12]
 208 000c FFF7FEFF 		bl	ROSE_rvec_len
 209 0010 1F4B     		ldr	r3, .L29
 210 0012 241A     		subs	r4, r4, r0
 211 0014 E318     		adds	r3, r4, r3
 212 0016 0F27     		movs	r7, #15
 213 0018 3400     		movs	r4, r6
 214 001a 0293     		str	r3, [sp, #8]
 215 001c 039B     		ldr	r3, [sp, #12]
 216 001e 3C40     		ands	r4, r7
 217 0020 BE43     		bics	r6, r7
 218 0022 6519     		adds	r5, r4, r5
 219 0024 1B09     		lsrs	r3, r3, #4
 220 0026 0196     		str	r6, [sp, #4]
 221 0028 0593     		str	r3, [sp, #20]
 222 002a EEB2     		uxtb	r6, r5
 223              	.L24:
 224 002c B442     		cmp	r4, r6
 225 002e 01D3     		bcc	.L28
 226 0030 07B0     		add	sp, sp, #28
 227              		@ sp needed
 228 0032 F0BD     		pop	{r4, r5, r6, r7, pc}
 229              	.L28:
 230 0034 002C     		cmp	r4, #0
 231 0036 0BD1     		bne	.L25
 232 0038 0F2E     		cmp	r6, #15
 233 003a 09D9     		bls	.L25
 234 003c 019B     		ldr	r3, [sp, #4]
 235 003e 1021     		movs	r1, #16
 236 0040 1800     		movs	r0, r3
 237 0042 059A     		ldr	r2, [sp, #20]
ARM GAS  /tmp/ccWZcYkD.s 			page 5


 238 0044 FFF7FEFF 		bl	ROSE_payload_encrypt.constprop.0
 239              	.L26:
 240 0048 0F34     		adds	r4, r4, #15
 241 004a E4B2     		uxtb	r4, r4
 242 004c BC43     		bics	r4, r7
 243 004e EDE7     		b	.L24
 244              	.L25:
 245 0050 2500     		movs	r5, r4
 246 0052 1022     		movs	r2, #16
 247 0054 029B     		ldr	r3, [sp, #8]
 248 0056 3D40     		ands	r5, r7
 249 0058 1B19     		adds	r3, r3, r4
 250 005a 0393     		str	r3, [sp, #12]
 251 005c 019B     		ldr	r3, [sp, #4]
 252 005e 551B     		subs	r5, r2, r5
 253 0060 1B19     		adds	r3, r3, r4
 254 0062 0493     		str	r3, [sp, #16]
 255 0064 331B     		subs	r3, r6, r4
 256 0066 9D42     		cmp	r5, r3
 257 0068 00DD     		ble	.L27
 258 006a 1D00     		movs	r5, r3
 259              	.L27:
 260 006c 2A00     		movs	r2, r5
 261 006e 0499     		ldr	r1, [sp, #16]
 262 0070 0398     		ldr	r0, [sp, #12]
 263 0072 FFF7FEFF 		bl	memcpy
 264 0076 029B     		ldr	r3, [sp, #8]
 265 0078 059A     		ldr	r2, [sp, #20]
 266 007a 1800     		movs	r0, r3
 267 007c 1021     		movs	r1, #16
 268 007e FFF7FEFF 		bl	ROSE_payload_encrypt.constprop.0
 269 0082 2A00     		movs	r2, r5
 270 0084 0399     		ldr	r1, [sp, #12]
 271 0086 0498     		ldr	r0, [sp, #16]
 272 0088 FFF7FEFF 		bl	memcpy
 273 008c DCE7     		b	.L26
 274              	.L30:
 275 008e C046     		.align	2
 276              	.L29:
 277 0090 53040000 		.word	1107
 279              		.section	.rodata.ROSE_init.str1.1,"aMS",%progbits,1
 280              	.LC2:
 281 0000 6C626D2F 		.ascii	"lbm/smtc_modem_core/smtc_modem_services/src/stream/"
 281      736D7463 
 281      5F6D6F64 
 281      656D5F63 
 281      6F72652F 
 282 0033 726F7365 		.ascii	"rose.c\000"
 282      2E6300
 283              	.LC4:
 284 003a 4552524F 		.ascii	"ERROR\000"
 284      5200
 285              	.LC6:
 286 0040 25732028 		.ascii	"%s (%s:%d) \000"
 286      25733A25 
 286      64292000 
 287              	.LC8:
ARM GAS  /tmp/ccWZcYkD.s 			page 6


 288 004c 524F5345 		.ascii	"ROSE_BAD_UNITSZ\012\000"
 288      5F424144 
 288      5F554E49 
 288      54535A0A 
 288      00
 289              	.LC10:
 290 005d 524F5345 		.ascii	"ROSE_NOMEM\012\000"
 290      5F4E4F4D 
 290      454D0A00 
 291              		.global	__aeabi_uidiv
 292              		.global	__aeabi_idiv
 293              		.section	.text.ROSE_init,"ax",%progbits
 294              		.align	1
 295              		.global	ROSE_init
 296              		.syntax unified
 297              		.code	16
 298              		.thumb_func
 300              	ROSE_init:
 301              		@ args = 4, pretend = 0, frame = 8
 302              		@ frame_needed = 0, uses_anonymous_args = 0
 303 0000 F7B5     		push	{r0, r1, r2, r4, r5, r6, r7, lr}
 304 0002 1E00     		movs	r6, r3
 305 0004 08AB     		add	r3, sp, #32
 306 0006 1D78     		ldrb	r5, [r3]
 307 0008 0192     		str	r2, [sp, #4]
 308 000a 0F00     		movs	r7, r1
 309 000c 314A     		ldr	r2, .L45
 310 000e 0021     		movs	r1, #0
 311 0010 0400     		movs	r4, r0
 312 0012 FFF7FEFF 		bl	memset
 313 0016 6B1E     		subs	r3, r5, #1
 314 0018 012B     		cmp	r3, #1
 315 001a 1DD9     		bls	.L32
 316 001c FB22     		movs	r2, #251
 317 001e 2B1F     		subs	r3, r5, #4
 318 0020 1342     		tst	r3, r2
 319 0022 19D0     		beq	.L32
 320 0024 2C4A     		ldr	r2, .L45+4
 321 0026 2F21     		movs	r1, #47
 322 0028 1000     		movs	r0, r2
 323 002a 1400     		movs	r4, r2
 324 002c FFF7FEFF 		bl	strrchr
 325 0030 2200     		movs	r2, r4
 326 0032 0028     		cmp	r0, #0
 327 0034 04D0     		beq	.L33
 328 0036 2F21     		movs	r1, #47
 329 0038 2000     		movs	r0, r4
 330 003a FFF7FEFF 		bl	strrchr
 331 003e 421C     		adds	r2, r0, #1
 332              	.L33:
 333 0040 2823     		movs	r3, #40
 334 0042 2649     		ldr	r1, .L45+8
 335 0044 2648     		ldr	r0, .L45+12
 336 0046 FF33     		adds	r3, r3, #255
 337 0048 FFF7FEFF 		bl	smtc_modem_hal_print_trace
 338 004c 2548     		ldr	r0, .L45+16
 339 004e FFF7FEFF 		bl	smtc_modem_hal_print_trace
ARM GAS  /tmp/ccWZcYkD.s 			page 7


 340 0052 0420     		movs	r0, #4
 341              	.L44:
 342 0054 4042     		rsbs	r0, r0, #0
 343              	.L31:
 344              		@ sp needed
 345 0056 FEBD     		pop	{r1, r2, r3, r4, r5, r6, r7, pc}
 346              	.L32:
 347 0058 3800     		movs	r0, r7
 348 005a FFF7FEFF 		bl	ROSE_encWL
 349 005e FFF7FEFF 		bl	ROSE_decWL
 350 0062 A574     		strb	r5, [r4, #18]
 351 0064 4543     		muls	r5, r0
 352 0066 019B     		ldr	r3, [sp, #4]
 353 0068 A081     		strh	r0, [r4, #12]
 354 006a 0700     		movs	r7, r0
 355 006c 2000     		movs	r0, r4
 356 006e ED18     		adds	r5, r5, r3
 357 0070 FFF7FEFF 		bl	ROSE_rvec_len
 358 0074 1C4B     		ldr	r3, .L45+20
 359 0076 1335     		adds	r5, r5, #19
 360 0078 201A     		subs	r0, r4, r0
 361 007a 6519     		adds	r5, r4, r5
 362 007c C018     		adds	r0, r0, r3
 363 007e 8542     		cmp	r5, r0
 364 0080 18D9     		bls	.L35
 365 0082 154A     		ldr	r2, .L45+4
 366 0084 2F21     		movs	r1, #47
 367 0086 1000     		movs	r0, r2
 368 0088 1400     		movs	r4, r2
 369 008a FFF7FEFF 		bl	strrchr
 370 008e 2200     		movs	r2, r4
 371 0090 0028     		cmp	r0, #0
 372 0092 04D0     		beq	.L36
 373 0094 2F21     		movs	r1, #47
 374 0096 2000     		movs	r0, r4
 375 0098 FFF7FEFF 		bl	strrchr
 376 009c 421C     		adds	r2, r0, #1
 377              	.L36:
 378 009e 3023     		movs	r3, #48
 379 00a0 0E49     		ldr	r1, .L45+8
 380 00a2 0F48     		ldr	r0, .L45+12
 381 00a4 FF33     		adds	r3, r3, #255
 382 00a6 FFF7FEFF 		bl	smtc_modem_hal_print_trace
 383 00aa 1048     		ldr	r0, .L45+24
 384 00ac FFF7FEFF 		bl	smtc_modem_hal_print_trace
 385 00b0 0220     		movs	r0, #2
 386 00b2 CFE7     		b	.L44
 387              	.L35:
 388 00b4 3000     		movs	r0, r6
 389 00b6 7843     		muls	r0, r7
 390 00b8 6421     		movs	r1, #100
 391 00ba E670     		strb	r6, [r4, #3]
 392 00bc 6330     		adds	r0, r0, #99
 393 00be FFF7FEFF 		bl	__aeabi_uidiv
 394 00c2 8123     		movs	r3, #129
 395 00c4 A060     		str	r0, [r4, #8]
 396 00c6 0020     		movs	r0, #0
ARM GAS  /tmp/ccWZcYkD.s 			page 8


 397 00c8 1B01     		lsls	r3, r3, #4
 398 00ca 2782     		strh	r7, [r4, #16]
 399 00cc E781     		strh	r7, [r4, #14]
 400 00ce 6060     		str	r0, [r4, #4]
 401 00d0 2380     		strh	r3, [r4]
 402 00d2 C0E7     		b	.L31
 403              	.L46:
 404              		.align	2
 405              	.L45:
 406 00d4 54040000 		.word	1108
 407 00d8 00000000 		.word	.LC2
 408 00dc 3A000000 		.word	.LC4
 409 00e0 40000000 		.word	.LC6
 410 00e4 4C000000 		.word	.LC8
 411 00e8 53040000 		.word	1107
 412 00ec 5D000000 		.word	.LC10
 414              		.section	.text.ROSE_enable_encryption,"ax",%progbits
 415              		.align	1
 416              		.global	ROSE_enable_encryption
 417              		.syntax unified
 418              		.code	16
 419              		.thumb_func
 421              	ROSE_enable_encryption:
 422              		@ args = 0, pretend = 0, frame = 0
 423              		@ frame_needed = 0, uses_anonymous_args = 0
 424              		@ link register save eliminated.
 425 0000 0378     		ldrb	r3, [r0]
 426 0002 102B     		cmp	r3, #16
 427 0004 03D1     		bne	.L49
 428 0006 0833     		adds	r3, r3, #8
 429 0008 0370     		strb	r3, [r0]
 430 000a 0020     		movs	r0, #0
 431              	.L48:
 432              		@ sp needed
 433 000c 7047     		bx	lr
 434              	.L49:
 435 000e 0720     		movs	r0, #7
 436 0010 4042     		rsbs	r0, r0, #0
 437 0012 FBE7     		b	.L48
 439              		.section	.text.ROSE_getSoff,"ax",%progbits
 440              		.align	1
 441              		.global	ROSE_getSoff
 442              		.syntax unified
 443              		.code	16
 444              		.thumb_func
 446              	ROSE_getSoff:
 447              		@ args = 0, pretend = 0, frame = 0
 448              		@ frame_needed = 0, uses_anonymous_args = 0
 449              		@ link register save eliminated.
 450 0000 038A     		ldrh	r3, [r0, #16]
 451 0002 4268     		ldr	r2, [r0, #4]
 452 0004 C089     		ldrh	r0, [r0, #14]
 453 0006 9B18     		adds	r3, r3, r2
 454 0008 181A     		subs	r0, r3, r0
 455              		@ sp needed
 456 000a 7047     		bx	lr
 458              		.section	.text.ROSE_getFree,"ax",%progbits
ARM GAS  /tmp/ccWZcYkD.s 			page 9


 459              		.align	1
 460              		.global	ROSE_getFree
 461              		.syntax unified
 462              		.code	16
 463              		.thumb_func
 465              	ROSE_getFree:
 466              		@ args = 0, pretend = 0, frame = 0
 467              		@ frame_needed = 0, uses_anonymous_args = 0
 468 0000 10B5     		push	{r4, lr}
 469 0002 0400     		movs	r4, r0
 470              		@ sp needed
 471 0004 FFF7FEFF 		bl	ROSE_rvec_len
 472 0008 218A     		ldrh	r1, [r4, #16]
 473 000a A27C     		ldrb	r2, [r4, #18]
 474 000c 034B     		ldr	r3, .L52
 475 000e 4A43     		muls	r2, r1
 476 0010 181A     		subs	r0, r3, r0
 477 0012 1332     		adds	r2, r2, #19
 478 0014 801A     		subs	r0, r0, r2
 479 0016 80B2     		uxth	r0, r0
 480 0018 10BD     		pop	{r4, pc}
 481              	.L53:
 482 001a C046     		.align	2
 483              	.L52:
 484 001c 53040000 		.word	1107
 486              		.section	.text.ROSE_getPending,"ax",%progbits
 487              		.align	1
 488              		.global	ROSE_getPending
 489              		.syntax unified
 490              		.code	16
 491              		.thumb_func
 493              	ROSE_getPending:
 494              		@ args = 0, pretend = 0, frame = 0
 495              		@ frame_needed = 0, uses_anonymous_args = 0
 496              		@ link register save eliminated.
 497 0000 038A     		ldrh	r3, [r0, #16]
 498 0002 C289     		ldrh	r2, [r0, #14]
 499 0004 807C     		ldrb	r0, [r0, #18]
 500 0006 9B1A     		subs	r3, r3, r2
 501 0008 5843     		muls	r0, r3
 502              		@ sp needed
 503 000a 80B2     		uxth	r0, r0
 504 000c 7047     		bx	lr
 506              		.section	.text.ROSE_getStatus,"ax",%progbits
 507              		.align	1
 508              		.global	ROSE_getStatus
 509              		.syntax unified
 510              		.code	16
 511              		.thumb_func
 513              	ROSE_getStatus:
 514              		@ args = 0, pretend = 0, frame = 0
 515              		@ frame_needed = 0, uses_anonymous_args = 0
 516 0000 70B5     		push	{r4, r5, r6, lr}
 517 0002 018A     		ldrh	r1, [r0, #16]
 518 0004 C289     		ldrh	r2, [r0, #14]
 519 0006 0400     		movs	r4, r0
 520 0008 0223     		movs	r3, #2
ARM GAS  /tmp/ccWZcYkD.s 			page 10


 521 000a 9142     		cmp	r1, r2
 522 000c 12D8     		bhi	.L55
 523 000e 0578     		ldrb	r5, [r0]
 524 0010 6B06     		lsls	r3, r5, #25
 525 0012 0AD5     		bpl	.L57
 526 0014 8389     		ldrh	r3, [r0, #12]
 527 0016 C078     		ldrb	r0, [r0, #3]
 528 0018 6421     		movs	r1, #100
 529 001a 5843     		muls	r0, r3
 530 001c 6330     		adds	r0, r0, #99
 531 001e FFF7FEFF 		bl	__aeabi_uidiv
 532 0022 A268     		ldr	r2, [r4, #8]
 533 0024 0223     		movs	r3, #2
 534 0026 8242     		cmp	r2, r0
 535 0028 04DB     		blt	.L55
 536              	.L57:
 537 002a 0623     		movs	r3, #6
 538 002c 1D40     		ands	r5, r3
 539 002e 6B1E     		subs	r3, r5, #1
 540 0030 9D41     		sbcs	r5, r5, r3
 541 0032 6B1C     		adds	r3, r5, #1
 542              	.L55:
 543 0034 1800     		movs	r0, r3
 544              		@ sp needed
 545 0036 70BD     		pop	{r4, r5, r6, pc}
 547              		.section	.rodata.ROSE_getData.str1.1,"aMS",%progbits,1
 548              	.LC14:
 549 0000 494E464F 		.ascii	"INFO\000"
 549      00
 550              	.LC17:
 551 0005 67657444 		.ascii	"getData %d redc %d sysc %d redc_target %d redcnt %d"
 551      61746120 
 551      25642072 
 551      65646320 
 551      25642073 
 552 0038 0A00     		.ascii	"\012\000"
 553              	.LC19:
 554 003a 4745543A 		.ascii	"GET: ROSE->redcnt %d redc %d\012\000"
 554      20524F53 
 554      452D3E72 
 554      6564636E 
 554      74202564 
 555              		.global	__aeabi_uidivmod
 556              	.LC21:
 557 0058 44494C55 		.ascii	"DILUTE: ROSE->redcnt %d shift %d\012\000"
 557      54453A20 
 557      524F5345 
 557      2D3E7265 
 557      64636E74 
 558              		.global	__aeabi_idivmod
 559              		.section	.text.ROSE_getData,"ax",%progbits
 560              		.align	1
 561              		.global	ROSE_getData
 562              		.syntax unified
 563              		.code	16
 564              		.thumb_func
 566              	ROSE_getData:
ARM GAS  /tmp/ccWZcYkD.s 			page 11


 567              		@ args = 0, pretend = 0, frame = 64
 568              		@ frame_needed = 0, uses_anonymous_args = 0
 569 0000 F0B5     		push	{r4, r5, r6, r7, lr}
 570 0002 93B0     		sub	sp, sp, #76
 571 0004 0593     		str	r3, [sp, #20]
 572 0006 0378     		ldrb	r3, [r0]
 573 0008 0392     		str	r2, [sp, #12]
 574 000a 0793     		str	r3, [sp, #28]
 575 000c 0623     		movs	r3, #6
 576 000e 079A     		ldr	r2, [sp, #28]
 577 0010 0400     		movs	r4, r0
 578 0012 1A40     		ands	r2, r3
 579 0014 0A92     		str	r2, [sp, #40]
 580 0016 059A     		ldr	r2, [sp, #20]
 581 0018 0F91     		str	r1, [sp, #60]
 582 001a 1078     		ldrb	r0, [r2]
 583 001c 079A     		ldr	r2, [sp, #28]
 584 001e 1A42     		tst	r2, r3
 585 0020 35D0     		beq	.L66
 586 0022 0828     		cmp	r0, #8
 587 0024 05D8     		bhi	.L67
 588              	.L68:
 589 0026 0023     		movs	r3, #0
 590 0028 0320     		movs	r0, #3
 591 002a 059A     		ldr	r2, [sp, #20]
 592 002c 1370     		strb	r3, [r2]
 593              	.L125:
 594 002e 4042     		rsbs	r0, r0, #0
 595 0030 2BE0     		b	.L65
 596              	.L67:
 597 0032 0322     		movs	r2, #3
 598 0034 A37C     		ldrb	r3, [r4, #18]
 599 0036 013B     		subs	r3, r3, #1
 600 0038 DBB2     		uxtb	r3, r3
 601 003a 9342     		cmp	r3, r2
 602 003c 01D8     		bhi	.L70
 603 003e A24A     		ldr	r2, .L126
 604 0040 D25C     		ldrb	r2, [r2, r3]
 605              	.L70:
 606 0042 FF23     		movs	r3, #255
 607 0044 0399     		ldr	r1, [sp, #12]
 608 0046 5200     		lsls	r2, r2, #1
 609 0048 0B70     		strb	r3, [r1]
 610 004a 2378     		ldrb	r3, [r4]
 611 004c 5B07     		lsls	r3, r3, #29
 612 004e DB0F     		lsrs	r3, r3, #31
 613 0050 1343     		orrs	r3, r2
 614 0052 4B70     		strb	r3, [r1, #1]
 615 0054 A089     		ldrh	r0, [r4, #12]
 616 0056 FFF7FEFF 		bl	ROSE_encWL
 617 005a 039B     		ldr	r3, [sp, #12]
 618 005c 039A     		ldr	r2, [sp, #12]
 619 005e 9870     		strb	r0, [r3, #2]
 620 0060 E378     		ldrb	r3, [r4, #3]
 621 0062 0399     		ldr	r1, [sp, #12]
 622 0064 D370     		strb	r3, [r2, #3]
 623 0066 6378     		ldrb	r3, [r4, #1]
ARM GAS  /tmp/ccWZcYkD.s 			page 12


 624 0068 1372     		strb	r3, [r2, #8]
 625 006a 6368     		ldr	r3, [r4, #4]
 626 006c 1371     		strb	r3, [r2, #4]
 627 006e 1A0A     		lsrs	r2, r3, #8
 628 0070 4A71     		strb	r2, [r1, #5]
 629 0072 1A0C     		lsrs	r2, r3, #16
 630 0074 1B0E     		lsrs	r3, r3, #24
 631 0076 CB71     		strb	r3, [r1, #7]
 632 0078 0923     		movs	r3, #9
 633 007a 8A71     		strb	r2, [r1, #6]
 634 007c 059A     		ldr	r2, [sp, #20]
 635 007e 1370     		strb	r3, [r2]
 636 0080 0222     		movs	r2, #2
 637 0082 2378     		ldrb	r3, [r4]
 638 0084 9343     		bics	r3, r2
 639 0086 2370     		strb	r3, [r4]
 640              	.L71:
 641 0088 0020     		movs	r0, #0
 642              	.L65:
 643 008a 13B0     		add	sp, sp, #76
 644              		@ sp needed
 645 008c F0BD     		pop	{r4, r5, r6, r7, pc}
 646              	.L66:
 647 008e 6368     		ldr	r3, [r4, #4]
 648 0090 0693     		str	r3, [sp, #24]
 649 0092 A378     		ldrb	r3, [r4, #2]
 650 0094 002B     		cmp	r3, #0
 651 0096 01D1     		bne	.L72
 652 0098 0333     		adds	r3, r3, #3
 653 009a 0A93     		str	r3, [sp, #40]
 654              	.L72:
 655 009c A37C     		ldrb	r3, [r4, #18]
 656 009e 0338     		subs	r0, r0, #3
 657 00a0 0493     		str	r3, [sp, #16]
 658 00a2 0A9B     		ldr	r3, [sp, #40]
 659 00a4 0499     		ldr	r1, [sp, #16]
 660 00a6 C01A     		subs	r0, r0, r3
 661 00a8 FFF7FEFF 		bl	__aeabi_idiv
 662 00ac 051E     		subs	r5, r0, #0
 663 00ae BADD     		ble	.L68
 664 00b0 E189     		ldrh	r1, [r4, #14]
 665 00b2 A689     		ldrh	r6, [r4, #12]
 666 00b4 278A     		ldrh	r7, [r4, #16]
 667 00b6 B142     		cmp	r1, r6
 668 00b8 00D3     		bcc	.LCB696
 669 00ba 9DE0     		b	.L73	@long jump
 670              	.LCB696:
 671 00bc BE42     		cmp	r6, r7
 672 00be 03D8     		bhi	.L74
 673 00c0 079B     		ldr	r3, [sp, #28]
 674 00c2 DB07     		lsls	r3, r3, #31
 675 00c4 00D5     		bpl	.LCB704
 676 00c6 91E0     		b	.L75	@long jump
 677              	.LCB704:
 678              	.L74:
 679 00c8 7B1A     		subs	r3, r7, r1
 680 00ca 00D5     		bpl	.LCB708
ARM GAS  /tmp/ccWZcYkD.s 			page 13


 681 00cc 9CE1     		b	.L105	@long jump
 682              	.LCB708:
 683 00ce 03D1     		bne	.L76
 684              	.L101:
 685 00d0 0023     		movs	r3, #0
 686 00d2 059A     		ldr	r2, [sp, #20]
 687 00d4 1370     		strb	r3, [r2]
 688 00d6 D7E7     		b	.L71
 689              	.L76:
 690 00d8 7E2B     		cmp	r3, #126
 691 00da 00DD     		ble	.L77
 692 00dc 7E23     		movs	r3, #126
 693              	.L77:
 694 00de 1F00     		movs	r7, r3
 695 00e0 AB42     		cmp	r3, r5
 696 00e2 00DD     		ble	.L78
 697 00e4 2F00     		movs	r7, r5
 698              	.L78:
 699 00e6 049B     		ldr	r3, [sp, #16]
 700 00e8 049A     		ldr	r2, [sp, #16]
 701 00ea 5943     		muls	r1, r3
 702 00ec 039B     		ldr	r3, [sp, #12]
 703 00ee 1331     		adds	r1, r1, #19
 704 00f0 D81C     		adds	r0, r3, #3
 705 00f2 7A43     		muls	r2, r7
 706 00f4 6118     		adds	r1, r4, r1
 707 00f6 FFF7FEFF 		bl	memcpy
 708 00fa E389     		ldrh	r3, [r4, #14]
 709 00fc DB19     		adds	r3, r3, r7
 710 00fe E381     		strh	r3, [r4, #14]
 711 0100 6368     		ldr	r3, [r4, #4]
 712 0102 DB19     		adds	r3, r3, r7
 713 0104 6360     		str	r3, [r4, #4]
 714 0106 0023     		movs	r3, #0
 715 0108 0493     		str	r3, [sp, #16]
 716              	.L79:
 717 010a E289     		ldrh	r2, [r4, #14]
 718 010c A189     		ldrh	r1, [r4, #12]
 719 010e 8A42     		cmp	r2, r1
 720 0110 38D9     		bls	.L99
 721 0112 238A     		ldrh	r3, [r4, #16]
 722 0114 561A     		subs	r6, r2, r1
 723 0116 CB18     		adds	r3, r1, r3
 724 0118 9B1A     		subs	r3, r3, r2
 725 011a A068     		ldr	r0, [r4, #8]
 726 011c 2382     		strh	r3, [r4, #16]
 727 011e B3B2     		uxth	r3, r6
 728 0120 CB1A     		subs	r3, r1, r3
 729 0122 5843     		muls	r0, r3
 730 0124 E181     		strh	r1, [r4, #14]
 731 0126 FFF7FEFF 		bl	__aeabi_idiv
 732 012a 684D     		ldr	r5, .L126+4
 733 012c A060     		str	r0, [r4, #8]
 734 012e 2F21     		movs	r1, #47
 735 0130 2800     		movs	r0, r5
 736 0132 FFF7FEFF 		bl	strrchr
 737 0136 2A00     		movs	r2, r5
ARM GAS  /tmp/ccWZcYkD.s 			page 14


 738 0138 0028     		cmp	r0, #0
 739 013a 04D0     		beq	.L100
 740 013c 2F21     		movs	r1, #47
 741 013e 2800     		movs	r0, r5
 742 0140 FFF7FEFF 		bl	strrchr
 743 0144 421C     		adds	r2, r0, #1
 744              	.L100:
 745 0146 F323     		movs	r3, #243
 746 0148 6149     		ldr	r1, .L126+8
 747 014a 5B00     		lsls	r3, r3, #1
 748 014c 6148     		ldr	r0, .L126+12
 749 014e FFF7FEFF 		bl	smtc_modem_hal_print_trace
 750 0152 3200     		movs	r2, r6
 751 0154 6048     		ldr	r0, .L126+16
 752 0156 A168     		ldr	r1, [r4, #8]
 753 0158 FFF7FEFF 		bl	smtc_modem_hal_print_trace
 754 015c 2000     		movs	r0, r4
 755 015e A17C     		ldrb	r1, [r4, #18]
 756 0160 228A     		ldrh	r2, [r4, #16]
 757 0162 1330     		adds	r0, r0, #19
 758 0164 4A43     		muls	r2, r1
 759 0166 7143     		muls	r1, r6
 760 0168 1331     		adds	r1, r1, #19
 761 016a 6118     		adds	r1, r4, r1
 762 016c FFF7FEFF 		bl	memmove
 763 0170 3200     		movs	r2, r6
 764 0172 A07C     		ldrb	r0, [r4, #18]
 765 0174 238A     		ldrh	r3, [r4, #16]
 766 0176 4243     		muls	r2, r0
 767 0178 5843     		muls	r0, r3
 768 017a 1330     		adds	r0, r0, #19
 769 017c 0021     		movs	r1, #0
 770 017e 2018     		adds	r0, r4, r0
 771 0180 FFF7FEFF 		bl	memset
 772              	.L99:
 773 0184 049B     		ldr	r3, [sp, #16]
 774 0186 FB18     		adds	r3, r7, r3
 775 0188 002B     		cmp	r3, #0
 776 018a A1D0     		beq	.L101
 777 018c A27C     		ldrb	r2, [r4, #18]
 778 018e 0699     		ldr	r1, [sp, #24]
 779 0190 5343     		muls	r3, r2
 780 0192 059A     		ldr	r2, [sp, #20]
 781 0194 0333     		adds	r3, r3, #3
 782 0196 1370     		strb	r3, [r2]
 783 0198 039A     		ldr	r2, [sp, #12]
 784 019a FBB2     		uxtb	r3, r7
 785 019c 5170     		strb	r1, [r2, #1]
 786 019e 1370     		strb	r3, [r2]
 787 01a0 6A46     		mov	r2, sp
 788 01a2 128B     		ldrh	r2, [r2, #24]
 789 01a4 0399     		ldr	r1, [sp, #12]
 790 01a6 120A     		lsrs	r2, r2, #8
 791 01a8 8A70     		strb	r2, [r1, #2]
 792 01aa 0A9A     		ldr	r2, [sp, #40]
 793 01ac 002A     		cmp	r2, #0
 794 01ae 15D0     		beq	.L102
ARM GAS  /tmp/ccWZcYkD.s 			page 15


 795 01b0 8022     		movs	r2, #128
 796 01b2 5242     		rsbs	r2, r2, #0
 797 01b4 1343     		orrs	r3, r2
 798 01b6 0B70     		strb	r3, [r1]
 799 01b8 059B     		ldr	r3, [sp, #20]
 800 01ba 059A     		ldr	r2, [sp, #20]
 801 01bc 1D78     		ldrb	r5, [r3]
 802 01be EB1C     		adds	r3, r5, #3
 803 01c0 1370     		strb	r3, [r2]
 804 01c2 A089     		ldrh	r0, [r4, #12]
 805 01c4 4E19     		adds	r6, r1, r5
 806 01c6 FFF7FEFF 		bl	ROSE_encWL
 807 01ca 039B     		ldr	r3, [sp, #12]
 808 01cc 0135     		adds	r5, r5, #1
 809 01ce 5D19     		adds	r5, r3, r5
 810 01d0 069B     		ldr	r3, [sp, #24]
 811 01d2 3070     		strb	r0, [r6]
 812 01d4 1B0C     		lsrs	r3, r3, #16
 813 01d6 2B70     		strb	r3, [r5]
 814 01d8 1B0A     		lsrs	r3, r3, #8
 815 01da 6B70     		strb	r3, [r5, #1]
 816              	.L102:
 817 01dc A078     		ldrb	r0, [r4, #2]
 818 01de 6178     		ldrb	r1, [r4, #1]
 819 01e0 0130     		adds	r0, r0, #1
 820 01e2 0131     		adds	r1, r1, #1
 821 01e4 FFF7FEFF 		bl	__aeabi_idivmod
 822 01e8 A170     		strb	r1, [r4, #2]
 823 01ea 4DE7     		b	.L71
 824              	.L75:
 825 01ec 069B     		ldr	r3, [sp, #24]
 826 01ee 711A     		subs	r1, r6, r1
 827 01f0 5B18     		adds	r3, r3, r1
 828 01f2 0693     		str	r3, [sp, #24]
 829 01f4 6360     		str	r3, [r4, #4]
 830 01f6 E681     		strh	r6, [r4, #14]
 831              	.L73:
 832 01f8 E078     		ldrb	r0, [r4, #3]
 833 01fa 6421     		movs	r1, #100
 834 01fc 7043     		muls	r0, r6
 835 01fe 6330     		adds	r0, r0, #99
 836 0200 FFF7FEFF 		bl	__aeabi_uidiv
 837 0204 A368     		ldr	r3, [r4, #8]
 838 0206 0890     		str	r0, [sp, #32]
 839 0208 C31A     		subs	r3, r0, r3
 840 020a DA43     		mvns	r2, r3
 841 020c D217     		asrs	r2, r2, #31
 842 020e 1340     		ands	r3, r2
 843 0210 E189     		ldrh	r1, [r4, #14]
 844 0212 0493     		str	r3, [sp, #16]
 845 0214 B342     		cmp	r3, r6
 846 0216 00DD     		ble	.L81
 847 0218 0496     		str	r6, [sp, #16]
 848              	.L81:
 849 021a 049B     		ldr	r3, [sp, #16]
 850 021c 9D42     		cmp	r5, r3
 851 021e 4FDB     		blt	.L106
ARM GAS  /tmp/ccWZcYkD.s 			page 16


 852 0220 7F1A     		subs	r7, r7, r1
 853 0222 7E2F     		cmp	r7, #126
 854 0224 00DD     		ble	.L83
 855 0226 7E27     		movs	r7, #126
 856              	.L83:
 857 0228 049B     		ldr	r3, [sp, #16]
 858 022a EA1A     		subs	r2, r5, r3
 859 022c 9742     		cmp	r7, r2
 860 022e 00DD     		ble	.L84
 861 0230 1700     		movs	r7, r2
 862              	.L84:
 863 0232 049B     		ldr	r3, [sp, #16]
 864 0234 DB19     		adds	r3, r3, r7
 865 0236 AB42     		cmp	r3, r5
 866 0238 09DA     		bge	.L82
 867 023a 3023     		movs	r3, #48
 868 023c 079A     		ldr	r2, [sp, #28]
 869 023e 1A40     		ands	r2, r3
 870 0240 202A     		cmp	r2, #32
 871 0242 04D1     		bne	.L82
 872 0244 EB1B     		subs	r3, r5, r7
 873 0246 0493     		str	r3, [sp, #16]
 874 0248 B342     		cmp	r3, r6
 875 024a 00DD     		ble	.L82
 876 024c 0496     		str	r6, [sp, #16]
 877              	.L82:
 878 024e 1F4D     		ldr	r5, .L126+4
 879 0250 2F21     		movs	r1, #47
 880 0252 2800     		movs	r0, r5
 881 0254 FFF7FEFF 		bl	strrchr
 882 0258 2A00     		movs	r2, r5
 883 025a 0028     		cmp	r0, #0
 884 025c 04D0     		beq	.L86
 885 025e 2F21     		movs	r1, #47
 886 0260 2800     		movs	r0, r5
 887 0262 FFF7FEFF 		bl	strrchr
 888 0266 421C     		adds	r2, r0, #1
 889              	.L86:
 890 0268 E823     		movs	r3, #232
 891 026a 1A4E     		ldr	r6, .L126+12
 892 026c 1849     		ldr	r1, .L126+8
 893 026e 3000     		movs	r0, r6
 894 0270 5B00     		lsls	r3, r3, #1
 895 0272 FFF7FEFF 		bl	smtc_modem_hal_print_trace
 896 0276 A368     		ldr	r3, [r4, #8]
 897 0278 1848     		ldr	r0, .L126+20
 898 027a 0193     		str	r3, [sp, #4]
 899 027c 089B     		ldr	r3, [sp, #32]
 900 027e 049A     		ldr	r2, [sp, #16]
 901 0280 0093     		str	r3, [sp]
 902 0282 0F99     		ldr	r1, [sp, #60]
 903 0284 3B00     		movs	r3, r7
 904 0286 FFF7FEFF 		bl	smtc_modem_hal_print_trace
 905 028a 002F     		cmp	r7, #0
 906 028c 10D0     		beq	.L87
 907 028e A17C     		ldrb	r1, [r4, #18]
 908 0290 E389     		ldrh	r3, [r4, #14]
ARM GAS  /tmp/ccWZcYkD.s 			page 17


 909 0292 0A00     		movs	r2, r1
 910 0294 5943     		muls	r1, r3
 911 0296 039B     		ldr	r3, [sp, #12]
 912 0298 1331     		adds	r1, r1, #19
 913 029a D81C     		adds	r0, r3, #3
 914 029c 7A43     		muls	r2, r7
 915 029e 6118     		adds	r1, r4, r1
 916 02a0 FFF7FEFF 		bl	memcpy
 917 02a4 E389     		ldrh	r3, [r4, #14]
 918 02a6 DB19     		adds	r3, r3, r7
 919 02a8 E381     		strh	r3, [r4, #14]
 920 02aa 6368     		ldr	r3, [r4, #4]
 921 02ac DB19     		adds	r3, r3, r7
 922 02ae 6360     		str	r3, [r4, #4]
 923              	.L87:
 924 02b0 049B     		ldr	r3, [sp, #16]
 925 02b2 002B     		cmp	r3, #0
 926 02b4 14D1     		bne	.L88
 927              	.L98:
 928 02b6 1022     		movs	r2, #16
 929 02b8 2378     		ldrb	r3, [r4]
 930 02ba 9343     		bics	r3, r2
 931 02bc 2370     		strb	r3, [r4]
 932 02be 24E7     		b	.L79
 933              	.L106:
 934 02c0 0027     		movs	r7, #0
 935 02c2 0495     		str	r5, [sp, #16]
 936 02c4 C3E7     		b	.L82
 937              	.L127:
 938 02c6 C046     		.align	2
 939              	.L126:
 940 02c8 00000000 		.word	CSWTCH.53
 941 02cc 00000000 		.word	.LC2
 942 02d0 00000000 		.word	.LC14
 943 02d4 40000000 		.word	.LC6
 944 02d8 58000000 		.word	.LC21
 945 02dc 05000000 		.word	.LC17
 946              	.L88:
 947 02e0 049A     		ldr	r2, [sp, #16]
 948 02e2 A368     		ldr	r3, [r4, #8]
 949 02e4 D318     		adds	r3, r2, r3
 950 02e6 089A     		ldr	r2, [sp, #32]
 951 02e8 9342     		cmp	r3, r2
 952 02ea 00DD     		ble	.L89
 953 02ec 1300     		movs	r3, r2
 954              	.L89:
 955 02ee 474D     		ldr	r5, .L128
 956 02f0 2F21     		movs	r1, #47
 957 02f2 2800     		movs	r0, r5
 958 02f4 A360     		str	r3, [r4, #8]
 959 02f6 FFF7FEFF 		bl	strrchr
 960 02fa 2A00     		movs	r2, r5
 961 02fc 0028     		cmp	r0, #0
 962 02fe 04D0     		beq	.L90
 963 0300 2F21     		movs	r1, #47
 964 0302 2800     		movs	r0, r5
 965 0304 FFF7FEFF 		bl	strrchr
ARM GAS  /tmp/ccWZcYkD.s 			page 18


 966 0308 421C     		adds	r2, r0, #1
 967              	.L90:
 968 030a DC23     		movs	r3, #220
 969 030c 404E     		ldr	r6, .L128+4
 970 030e FF33     		adds	r3, r3, #255
 971 0310 3000     		movs	r0, r6
 972 0312 4049     		ldr	r1, .L128+8
 973 0314 FFF7FEFF 		bl	smtc_modem_hal_print_trace
 974 0318 A168     		ldr	r1, [r4, #8]
 975 031a 3F48     		ldr	r0, .L128+12
 976 031c 049A     		ldr	r2, [sp, #16]
 977 031e FFF7FEFF 		bl	smtc_modem_hal_print_trace
 978 0322 3B00     		movs	r3, r7
 979 0324 A57C     		ldrb	r5, [r4, #18]
 980 0326 039A     		ldr	r2, [sp, #12]
 981 0328 6B43     		muls	r3, r5
 982 032a 0333     		adds	r3, r3, #3
 983 032c D318     		adds	r3, r2, r3
 984 032e 0993     		str	r3, [sp, #36]
 985 0330 A389     		ldrh	r3, [r4, #12]
 986 0332 2000     		movs	r0, r4
 987 0334 0793     		str	r3, [sp, #28]
 988 0336 079A     		ldr	r2, [sp, #28]
 989 0338 013B     		subs	r3, r3, #1
 990 033a 1340     		ands	r3, r2
 991 033c 5A42     		rsbs	r2, r3, #0
 992 033e 5341     		adcs	r3, r3, r2
 993 0340 079A     		ldr	r2, [sp, #28]
 994 0342 9B18     		adds	r3, r3, r2
 995 0344 1093     		str	r3, [sp, #64]
 996 0346 FFF7FEFF 		bl	ROSE_rvec_len
 997 034a 344A     		ldr	r2, .L128+16
 998 034c 231A     		subs	r3, r4, r0
 999 034e 9B18     		adds	r3, r3, r2
 1000 0350 0C93     		str	r3, [sp, #48]
 1001 0352 6B46     		mov	r3, sp
 1002 0354 1B7C     		ldrb	r3, [r3, #16]
 1003 0356 0E90     		str	r0, [sp, #56]
 1004 0358 1A00     		movs	r2, r3
 1005 035a 0021     		movs	r1, #0
 1006 035c 6A43     		muls	r2, r5
 1007 035e 0998     		ldr	r0, [sp, #36]
 1008 0360 0D93     		str	r3, [sp, #52]
 1009 0362 FFF7FEFF 		bl	memset
 1010 0366 079B     		ldr	r3, [sp, #28]
 1011 0368 5B08     		lsrs	r3, r3, #1
 1012 036a 1193     		str	r3, [sp, #68]
 1013 036c 0023     		movs	r3, #0
 1014              	.L124:
 1015 036e 0893     		str	r3, [sp, #32]
 1016 0370 089A     		ldr	r2, [sp, #32]
 1017 0372 0D9B     		ldr	r3, [sp, #52]
 1018 0374 9342     		cmp	r3, r2
 1019 0376 9ED0     		beq	.L98
 1020 0378 089B     		ldr	r3, [sp, #32]
 1021 037a 0F9A     		ldr	r2, [sp, #60]
 1022 037c 284D     		ldr	r5, .L128+20
ARM GAS  /tmp/ccWZcYkD.s 			page 19


 1023 037e 1B02     		lsls	r3, r3, #8
 1024 0380 5340     		eors	r3, r2
 1025 0382 0021     		movs	r1, #0
 1026 0384 0E9A     		ldr	r2, [sp, #56]
 1027 0386 0C98     		ldr	r0, [sp, #48]
 1028 0388 5D43     		muls	r5, r3
 1029 038a FFF7FEFF 		bl	memset
 1030 038e 0023     		movs	r3, #0
 1031 0390 0135     		adds	r5, r5, #1
 1032 0392 0B93     		str	r3, [sp, #44]
 1033              	.L92:
 1034 0394 0B9B     		ldr	r3, [sp, #44]
 1035 0396 119A     		ldr	r2, [sp, #68]
 1036 0398 9342     		cmp	r3, r2
 1037 039a 02D3     		bcc	.L93
 1038 039c 089B     		ldr	r3, [sp, #32]
 1039 039e 0133     		adds	r3, r3, #1
 1040 03a0 E5E7     		b	.L124
 1041              	.L93:
 1042 03a2 8022     		movs	r2, #128
 1043 03a4 6B09     		lsrs	r3, r5, #5
 1044 03a6 6B40     		eors	r3, r5
 1045 03a8 D203     		lsls	r2, r2, #15
 1046 03aa 9B05     		lsls	r3, r3, #22
 1047 03ac 1340     		ands	r3, r2
 1048 03ae 6D08     		lsrs	r5, r5, #1
 1049 03b0 5D19     		adds	r5, r3, r5
 1050 03b2 2800     		movs	r0, r5
 1051 03b4 1099     		ldr	r1, [sp, #64]
 1052 03b6 FFF7FEFF 		bl	__aeabi_uidivmod
 1053 03ba 079B     		ldr	r3, [sp, #28]
 1054 03bc 8B42     		cmp	r3, r1
 1055 03be F0D9     		bls	.L93
 1056 03c0 0723     		movs	r3, #7
 1057 03c2 0122     		movs	r2, #1
 1058 03c4 0B40     		ands	r3, r1
 1059 03c6 9A40     		lsls	r2, r2, r3
 1060 03c8 0C98     		ldr	r0, [sp, #48]
 1061 03ca 0C9E     		ldr	r6, [sp, #48]
 1062 03cc CB08     		lsrs	r3, r1, #3
 1063 03ce C018     		adds	r0, r0, r3
 1064 03d0 F35C     		ldrb	r3, [r6, r3]
 1065 03d2 1A42     		tst	r2, r3
 1066 03d4 DED1     		bne	.L92
 1067 03d6 1343     		orrs	r3, r2
 1068 03d8 0370     		strb	r3, [r0]
 1069 03da A37C     		ldrb	r3, [r4, #18]
 1070 03dc 0B9E     		ldr	r6, [sp, #44]
 1071 03de 1800     		movs	r0, r3
 1072 03e0 089A     		ldr	r2, [sp, #32]
 1073 03e2 5943     		muls	r1, r3
 1074 03e4 5043     		muls	r0, r2
 1075 03e6 0136     		adds	r6, r6, #1
 1076 03e8 0B96     		str	r6, [sp, #44]
 1077 03ea 099E     		ldr	r6, [sp, #36]
 1078 03ec 099A     		ldr	r2, [sp, #36]
 1079 03ee F318     		adds	r3, r6, r3
ARM GAS  /tmp/ccWZcYkD.s 			page 20


 1080 03f0 1218     		adds	r2, r2, r0
 1081 03f2 6118     		adds	r1, r4, r1
 1082 03f4 1B18     		adds	r3, r3, r0
 1083              	.L95:
 1084 03f6 0131     		adds	r1, r1, #1
 1085 03f8 9342     		cmp	r3, r2
 1086 03fa CBD0     		beq	.L92
 1087 03fc 1078     		ldrb	r0, [r2]
 1088 03fe 8E7C     		ldrb	r6, [r1, #18]
 1089 0400 7040     		eors	r0, r6
 1090 0402 1070     		strb	r0, [r2]
 1091 0404 0132     		adds	r2, r2, #1
 1092 0406 F6E7     		b	.L95
 1093              	.L105:
 1094 0408 0120     		movs	r0, #1
 1095 040a 10E6     		b	.L125
 1096              	.L129:
 1097              		.align	2
 1098              	.L128:
 1099 040c 00000000 		.word	.LC2
 1100 0410 40000000 		.word	.LC6
 1101 0414 00000000 		.word	.LC14
 1102 0418 3A000000 		.word	.LC19
 1103 041c 53040000 		.word	1107
 1104 0420 E9030000 		.word	1001
 1106              		.section	.rodata.ROSE_processDnFrame.str1.1,"aMS",%progbits,1
 1107              	.LC24:
 1108 0000 5741524E 		.ascii	"WARN\000"
 1108      00
 1109              	.LC27:
 1110 0005 49676E6F 		.ascii	"Ignoring WL increase to avoid overwriting pending d"
 1110      72696E67 
 1110      20574C20 
 1110      696E6372 
 1110      65617365 
 1111 0038 6174610A 		.ascii	"ata\012\000"
 1111      00
 1112              	.LC30:
 1113 003d 4E455720 		.ascii	"NEW WL: ROSE->wl %d\012\000"
 1113      574C3A20 
 1113      524F5345 
 1113      2D3E776C 
 1113      2025640A 
 1114              		.section	.text.ROSE_processDnFrame,"ax",%progbits
 1115              		.align	1
 1116              		.global	ROSE_processDnFrame
 1117              		.syntax unified
 1118              		.code	16
 1119              		.thumb_func
 1121              	ROSE_processDnFrame:
 1122              		@ args = 0, pretend = 0, frame = 8
 1123              		@ frame_needed = 0, uses_anonymous_args = 0
 1124 0000 F7B5     		push	{r0, r1, r2, r4, r5, r6, r7, lr}
 1125 0002 0F78     		ldrb	r7, [r1]
 1126 0004 0400     		movs	r4, r0
 1127 0006 0D00     		movs	r5, r1
 1128 0008 FB07     		lsls	r3, r7, #31
ARM GAS  /tmp/ccWZcYkD.s 			page 21


 1129 000a 00D4     		bmi	.LCB1194
 1130 000c 9BE0     		b	.L143	@long jump
 1131              	.LCB1194:
 1132 000e 042A     		cmp	r2, #4
 1133 0010 00D0     		beq	.LCB1196
 1134 0012 98E0     		b	.L143	@long jump
 1135              	.LCB1196:
 1136 0014 0223     		movs	r3, #2
 1137 0016 1F42     		tst	r7, r3
 1138 0018 02D0     		beq	.L132
 1139 001a 0278     		ldrb	r2, [r0]
 1140 001c 1343     		orrs	r3, r2
 1141 001e 0370     		strb	r3, [r0]
 1142              	.L132:
 1143 0020 FB06     		lsls	r3, r7, #27
 1144 0022 01D5     		bpl	.L133
 1145 0024 AB78     		ldrb	r3, [r5, #2]
 1146 0026 E370     		strb	r3, [r4, #3]
 1147              	.L133:
 1148 0028 BB06     		lsls	r3, r7, #26
 1149 002a 01D5     		bpl	.L134
 1150 002c EB78     		ldrb	r3, [r5, #3]
 1151 002e 6370     		strb	r3, [r4, #1]
 1152              	.L134:
 1153 0030 3B07     		lsls	r3, r7, #28
 1154 0032 2AD5     		bpl	.L135
 1155 0034 6878     		ldrb	r0, [r5, #1]
 1156 0036 FFF7FEFF 		bl	ROSE_decWL
 1157 003a 1023     		movs	r3, #16
 1158 003c 0600     		movs	r6, r0
 1159 003e 7828     		cmp	r0, #120
 1160 0040 01DD     		ble	.L136
 1161 0042 C31D     		adds	r3, r0, #7
 1162 0044 DB10     		asrs	r3, r3, #3
 1163              	.L136:
 1164 0046 A17C     		ldrb	r1, [r4, #18]
 1165 0048 228A     		ldrh	r2, [r4, #16]
 1166 004a 0800     		movs	r0, r1
 1167 004c 5043     		muls	r0, r2
 1168 004e 1330     		adds	r0, r0, #19
 1169 0050 2018     		adds	r0, r4, r0
 1170 0052 8446     		mov	ip, r0
 1171 0054 3D48     		ldr	r0, .L167
 1172 0056 C31A     		subs	r3, r0, r3
 1173 0058 E318     		adds	r3, r4, r3
 1174 005a 9C45     		cmp	ip, r3
 1175 005c 23D9     		bls	.L137
 1176 005e 3C4A     		ldr	r2, .L167+4
 1177 0060 2F21     		movs	r1, #47
 1178 0062 1000     		movs	r0, r2
 1179 0064 1600     		movs	r6, r2
 1180 0066 FFF7FEFF 		bl	strrchr
 1181 006a 3200     		movs	r2, r6
 1182 006c 0028     		cmp	r0, #0
 1183 006e 04D0     		beq	.L138
 1184 0070 2F21     		movs	r1, #47
 1185 0072 3000     		movs	r0, r6
ARM GAS  /tmp/ccWZcYkD.s 			page 22


 1186 0074 FFF7FEFF 		bl	strrchr
 1187 0078 421C     		adds	r2, r0, #1
 1188              	.L138:
 1189 007a 3648     		ldr	r0, .L167+8
 1190 007c 3649     		ldr	r1, .L167+12
 1191 007e 374B     		ldr	r3, .L167+16
 1192 0080 FFF7FEFF 		bl	smtc_modem_hal_print_trace
 1193 0084 3648     		ldr	r0, .L167+20
 1194 0086 FFF7FEFF 		bl	smtc_modem_hal_print_trace
 1195              	.L135:
 1196 008a 0426     		movs	r6, #4
 1197 008c 3742     		tst	r7, r6
 1198 008e 08D0     		beq	.L141
 1199 0090 6878     		ldrb	r0, [r5, #1]
 1200 0092 A789     		ldrh	r7, [r4, #12]
 1201 0094 FFF7FEFF 		bl	ROSE_decWL
 1202 0098 8742     		cmp	r7, r0
 1203 009a 02D1     		bne	.L141
 1204 009c 2378     		ldrb	r3, [r4]
 1205 009e B343     		bics	r3, r6
 1206 00a0 2370     		strb	r3, [r4]
 1207              	.L141:
 1208 00a2 0020     		movs	r0, #0
 1209              	.L130:
 1210              		@ sp needed
 1211 00a4 FEBD     		pop	{r1, r2, r3, r4, r5, r6, r7, pc}
 1212              	.L137:
 1213 00a6 A389     		ldrh	r3, [r4, #12]
 1214 00a8 981B     		subs	r0, r3, r6
 1215 00aa 0190     		str	r0, [sp, #4]
 1216 00ac 0028     		cmp	r0, #0
 1217 00ae 2DDD     		ble	.L139
 1218 00b0 E089     		ldrh	r0, [r4, #14]
 1219 00b2 F31A     		subs	r3, r6, r3
 1220 00b4 9BB2     		uxth	r3, r3
 1221 00b6 D218     		adds	r2, r2, r3
 1222 00b8 1B18     		adds	r3, r3, r0
 1223 00ba 2000     		movs	r0, r4
 1224 00bc E381     		strh	r3, [r4, #14]
 1225 00be 019B     		ldr	r3, [sp, #4]
 1226 00c0 92B2     		uxth	r2, r2
 1227 00c2 2282     		strh	r2, [r4, #16]
 1228 00c4 4A43     		muls	r2, r1
 1229 00c6 5943     		muls	r1, r3
 1230 00c8 1331     		adds	r1, r1, #19
 1231 00ca 6118     		adds	r1, r4, r1
 1232 00cc 1330     		adds	r0, r0, #19
 1233 00ce FFF7FEFF 		bl	memmove
 1234 00d2 A07C     		ldrb	r0, [r4, #18]
 1235 00d4 238A     		ldrh	r3, [r4, #16]
 1236 00d6 019A     		ldr	r2, [sp, #4]
 1237 00d8 0021     		movs	r1, #0
 1238 00da 4243     		muls	r2, r0
 1239 00dc 5843     		muls	r0, r3
 1240 00de 1330     		adds	r0, r0, #19
 1241 00e0 2018     		adds	r0, r4, r0
 1242 00e2 FFF7FEFF 		bl	memset
ARM GAS  /tmp/ccWZcYkD.s 			page 23


 1243 00e6 6B46     		mov	r3, sp
 1244 00e8 A189     		ldrh	r1, [r4, #12]
 1245 00ea 9B88     		ldrh	r3, [r3, #4]
 1246 00ec A068     		ldr	r0, [r4, #8]
 1247 00ee CB1A     		subs	r3, r1, r3
 1248 00f0 5843     		muls	r0, r3
 1249 00f2 FFF7FEFF 		bl	__aeabi_idiv
 1250 00f6 A060     		str	r0, [r4, #8]
 1251 00f8 2000     		movs	r0, r4
 1252 00fa FFF7FEFF 		bl	ROSE_rvec_len
 1253 00fe 134B     		ldr	r3, .L167
 1254 0100 0200     		movs	r2, r0
 1255 0102 181A     		subs	r0, r3, r0
 1256 0104 0021     		movs	r1, #0
 1257 0106 2018     		adds	r0, r4, r0
 1258 0108 FFF7FEFF 		bl	memset
 1259              	.L139:
 1260 010c 0423     		movs	r3, #4
 1261 010e 2278     		ldrb	r2, [r4]
 1262 0110 A681     		strh	r6, [r4, #12]
 1263 0112 1343     		orrs	r3, r2
 1264 0114 0E4A     		ldr	r2, .L167+4
 1265 0116 2F21     		movs	r1, #47
 1266 0118 1000     		movs	r0, r2
 1267 011a 2370     		strb	r3, [r4]
 1268 011c 1600     		movs	r6, r2
 1269 011e FFF7FEFF 		bl	strrchr
 1270 0122 3200     		movs	r2, r6
 1271 0124 0028     		cmp	r0, #0
 1272 0126 04D0     		beq	.L140
 1273 0128 2F21     		movs	r1, #47
 1274 012a 3000     		movs	r0, r6
 1275 012c FFF7FEFF 		bl	strrchr
 1276 0130 421C     		adds	r2, r0, #1
 1277              	.L140:
 1278 0132 0C49     		ldr	r1, .L167+24
 1279 0134 0748     		ldr	r0, .L167+8
 1280 0136 0C4B     		ldr	r3, .L167+28
 1281 0138 FFF7FEFF 		bl	smtc_modem_hal_print_trace
 1282 013c A189     		ldrh	r1, [r4, #12]
 1283 013e 0B48     		ldr	r0, .L167+32
 1284 0140 FFF7FEFF 		bl	smtc_modem_hal_print_trace
 1285 0144 A1E7     		b	.L135
 1286              	.L143:
 1287 0146 0620     		movs	r0, #6
 1288 0148 4042     		rsbs	r0, r0, #0
 1289 014a ABE7     		b	.L130
 1290              	.L168:
 1291              		.align	2
 1292              	.L167:
 1293 014c 53040000 		.word	1107
 1294 0150 00000000 		.word	.LC2
 1295 0154 40000000 		.word	.LC6
 1296 0158 00000000 		.word	.LC24
 1297 015c 4A020000 		.word	586
 1298 0160 05000000 		.word	.LC27
 1299 0164 00000000 		.word	.LC14
ARM GAS  /tmp/ccWZcYkD.s 			page 24


 1300 0168 63020000 		.word	611
 1301 016c 3D000000 		.word	.LC30
 1303              		.section	.text.ROSE_addRecord,"ax",%progbits
 1304              		.align	1
 1305              		.global	ROSE_addRecord
 1306              		.syntax unified
 1307              		.code	16
 1308              		.thumb_func
 1310              	ROSE_addRecord:
 1311              		@ args = 0, pretend = 0, frame = 16
 1312              		@ frame_needed = 0, uses_anonymous_args = 0
 1313 0000 F0B5     		push	{r4, r5, r6, r7, lr}
 1314 0002 531E     		subs	r3, r2, #1
 1315 0004 85B0     		sub	sp, sp, #20
 1316 0006 0400     		movs	r4, r0
 1317 0008 1500     		movs	r5, r2
 1318 000a 0291     		str	r1, [sp, #8]
 1319 000c FD2B     		cmp	r3, #253
 1320 000e 50D8     		bhi	.L176
 1321 0010 867C     		ldrb	r6, [r0, #18]
 1322 0012 B018     		adds	r0, r6, r2
 1323 0014 3100     		movs	r1, r6
 1324 0016 0130     		adds	r0, r0, #1
 1325 0018 FFF7FEFF 		bl	__aeabi_idiv
 1326 001c 6B46     		mov	r3, sp
 1327 001e 0090     		str	r0, [sp]
 1328 0020 1B88     		ldrh	r3, [r3]
 1329 0022 2000     		movs	r0, r4
 1330 0024 0193     		str	r3, [sp, #4]
 1331 0026 FFF7FEFF 		bl	ROSE_rvec_len
 1332 002a 8823     		movs	r3, #136
 1333 002c DB00     		lsls	r3, r3, #3
 1334 002e 181A     		subs	r0, r3, r0
 1335 0030 3100     		movs	r1, r6
 1336 0032 FFF7FEFF 		bl	__aeabi_idiv
 1337 0036 278A     		ldrh	r7, [r4, #16]
 1338 0038 019B     		ldr	r3, [sp, #4]
 1339 003a C01B     		subs	r0, r0, r7
 1340 003c 80B2     		uxth	r0, r0
 1341 003e 8342     		cmp	r3, r0
 1342 0040 3AD8     		bhi	.L177
 1343 0042 7743     		muls	r7, r6
 1344 0044 3E00     		movs	r6, r7
 1345 0046 1336     		adds	r6, r6, #19
 1346 0048 A619     		adds	r6, r4, r6
 1347 004a 731C     		adds	r3, r6, #1
 1348 004c 1800     		movs	r0, r3
 1349 004e 2A00     		movs	r2, r5
 1350 0050 0299     		ldr	r1, [sp, #8]
 1351 0052 0393     		str	r3, [sp, #12]
 1352 0054 FFF7FEFF 		bl	memcpy
 1353 0058 2378     		ldrb	r3, [r4]
 1354 005a 1B07     		lsls	r3, r3, #28
 1355 005c 05D5     		bpl	.L171
 1356 005e 2900     		movs	r1, r5
 1357 0060 6268     		ldr	r2, [r4, #4]
 1358 0062 0298     		ldr	r0, [sp, #8]
ARM GAS  /tmp/ccWZcYkD.s 			page 25


 1359 0064 731C     		adds	r3, r6, #1
 1360 0066 FFF7FEFF 		bl	ROSE_payload_encrypt.constprop.0
 1361              	.L171:
 1362 006a A021     		movs	r1, #160
 1363 006c A37C     		ldrb	r3, [r4, #18]
 1364 006e 009A     		ldr	r2, [sp]
 1365 0070 0135     		adds	r5, r5, #1
 1366 0072 5343     		muls	r3, r2
 1367 0074 DBB2     		uxtb	r3, r3
 1368              	.L172:
 1369 0076 1800     		movs	r0, r3
 1370 0078 013B     		subs	r3, r3, #1
 1371 007a DBB2     		uxtb	r3, r3
 1372 007c 1A00     		movs	r2, r3
 1373 007e F154     		strb	r1, [r6, r3]
 1374 0080 AB42     		cmp	r3, r5
 1375 0082 F8DC     		bgt	.L172
 1376 0084 0238     		subs	r0, r0, #2
 1377 0086 C0B2     		uxtb	r0, r0
 1378              	.L173:
 1379 0088 1300     		movs	r3, r2
 1380 008a 603B     		subs	r3, r3, #96
 1381 008c DBB2     		uxtb	r3, r3
 1382 008e 0028     		cmp	r0, #0
 1383 0090 07D1     		bne	.L175
 1384 0092 E219     		adds	r2, r4, r7
 1385 0094 D374     		strb	r3, [r2, #19]
 1386 0096 238A     		ldrh	r3, [r4, #16]
 1387 0098 019A     		ldr	r2, [sp, #4]
 1388 009a D318     		adds	r3, r2, r3
 1389 009c 2382     		strh	r3, [r4, #16]
 1390              	.L169:
 1391 009e 05B0     		add	sp, sp, #20
 1392              		@ sp needed
 1393 00a0 F0BD     		pop	{r4, r5, r6, r7, pc}
 1394              	.L175:
 1395 00a2 315C     		ldrb	r1, [r6, r0]
 1396 00a4 A029     		cmp	r1, #160
 1397 00a6 02D1     		bne	.L174
 1398 00a8 0200     		movs	r2, r0
 1399 00aa 1B1A     		subs	r3, r3, r0
 1400 00ac 3354     		strb	r3, [r6, r0]
 1401              	.L174:
 1402 00ae 0138     		subs	r0, r0, #1
 1403 00b0 EAE7     		b	.L173
 1404              	.L176:
 1405 00b2 0520     		movs	r0, #5
 1406              	.L183:
 1407 00b4 4042     		rsbs	r0, r0, #0
 1408 00b6 F2E7     		b	.L169
 1409              	.L177:
 1410 00b8 0120     		movs	r0, #1
 1411 00ba FBE7     		b	.L183
 1413              		.section	.rodata.CSWTCH.53,"a"
 1416              	CSWTCH.53:
 1417 0000 00       		.byte	0
 1418 0001 01       		.byte	1
ARM GAS  /tmp/ccWZcYkD.s 			page 26


 1419 0002 03       		.byte	3
 1420 0003 02       		.byte	2
 1421              		.section	.rodata.WLENCP,"a"
 1422              		.align	2
 1425              	WLENCP:
 1426 0000 1000     		.short	16
 1427 0002 0400     		.short	4
 1428 0004 1001     		.short	272
 1429 0006 0800     		.short	8
 1430 0008 1003     		.short	784
 1431 000a 1000     		.short	16
 1432 000c 0000     		.short	0
 1433 000e 0000     		.short	0
 1434              		.ident	"GCC: (Arch Repository) 13.2.0"
ARM GAS  /tmp/ccWZcYkD.s 			page 27


DEFINED SYMBOLS
                            *ABS*:00000000 rose.c
     /tmp/ccWZcYkD.s:14     .text.ROSE_payload_encrypt.constprop.0:00000000 $t
     /tmp/ccWZcYkD.s:19     .text.ROSE_payload_encrypt.constprop.0:00000000 ROSE_payload_encrypt.constprop.0
     /tmp/ccWZcYkD.s:51     .text.ROSE_rvec_len:00000000 $t
     /tmp/ccWZcYkD.s:57     .text.ROSE_rvec_len:00000000 ROSE_rvec_len
     /tmp/ccWZcYkD.s:72     .text.ROSE_encWL:00000000 $t
     /tmp/ccWZcYkD.s:78     .text.ROSE_encWL:00000000 ROSE_encWL
     /tmp/ccWZcYkD.s:138    .text.ROSE_encWL:00000058 $d
     /tmp/ccWZcYkD.s:145    .text.ROSE_decWL:00000000 $t
     /tmp/ccWZcYkD.s:151    .text.ROSE_decWL:00000000 ROSE_decWL
     /tmp/ccWZcYkD.s:189    .text.ROSE_decWL:0000003c $d
     /tmp/ccWZcYkD.s:1425   .rodata.WLENCP:00000000 WLENCP
     /tmp/ccWZcYkD.s:193    .text.ROSE_cipher:00000000 $t
     /tmp/ccWZcYkD.s:199    .text.ROSE_cipher:00000000 ROSE_cipher
     /tmp/ccWZcYkD.s:277    .text.ROSE_cipher:00000090 $d
     /tmp/ccWZcYkD.s:294    .text.ROSE_init:00000000 $t
     /tmp/ccWZcYkD.s:300    .text.ROSE_init:00000000 ROSE_init
     /tmp/ccWZcYkD.s:406    .text.ROSE_init:000000d4 $d
     /tmp/ccWZcYkD.s:415    .text.ROSE_enable_encryption:00000000 $t
     /tmp/ccWZcYkD.s:421    .text.ROSE_enable_encryption:00000000 ROSE_enable_encryption
     /tmp/ccWZcYkD.s:440    .text.ROSE_getSoff:00000000 $t
     /tmp/ccWZcYkD.s:446    .text.ROSE_getSoff:00000000 ROSE_getSoff
     /tmp/ccWZcYkD.s:459    .text.ROSE_getFree:00000000 $t
     /tmp/ccWZcYkD.s:465    .text.ROSE_getFree:00000000 ROSE_getFree
     /tmp/ccWZcYkD.s:484    .text.ROSE_getFree:0000001c $d
     /tmp/ccWZcYkD.s:487    .text.ROSE_getPending:00000000 $t
     /tmp/ccWZcYkD.s:493    .text.ROSE_getPending:00000000 ROSE_getPending
     /tmp/ccWZcYkD.s:507    .text.ROSE_getStatus:00000000 $t
     /tmp/ccWZcYkD.s:513    .text.ROSE_getStatus:00000000 ROSE_getStatus
     /tmp/ccWZcYkD.s:560    .text.ROSE_getData:00000000 $t
     /tmp/ccWZcYkD.s:566    .text.ROSE_getData:00000000 ROSE_getData
     /tmp/ccWZcYkD.s:940    .text.ROSE_getData:000002c8 $d
     /tmp/ccWZcYkD.s:1416   .rodata.CSWTCH.53:00000000 CSWTCH.53
     /tmp/ccWZcYkD.s:947    .text.ROSE_getData:000002e0 $t
     /tmp/ccWZcYkD.s:1099   .text.ROSE_getData:0000040c $d
     /tmp/ccWZcYkD.s:1115   .text.ROSE_processDnFrame:00000000 $t
     /tmp/ccWZcYkD.s:1121   .text.ROSE_processDnFrame:00000000 ROSE_processDnFrame
     /tmp/ccWZcYkD.s:1293   .text.ROSE_processDnFrame:0000014c $d
     /tmp/ccWZcYkD.s:1304   .text.ROSE_addRecord:00000000 $t
     /tmp/ccWZcYkD.s:1310   .text.ROSE_addRecord:00000000 ROSE_addRecord
     /tmp/ccWZcYkD.s:1422   .rodata.WLENCP:00000000 $d

UNDEFINED SYMBOLS
memset
smtc_modem_services_aes_encrypt
memcpy
__aeabi_uidiv
__aeabi_idiv
strrchr
smtc_modem_hal_print_trace
__aeabi_uidivmod
__aeabi_idivmod
memmove
