ARM GAS  /tmp/cc9f9OAE.s 			page 1


   1              		.cpu cortex-m0
   2              		.arch armv6s-m
   3              		.fpu softvfp
   4              		.eabi_attribute 23, 1
   5              		.eabi_attribute 24, 1
   6              		.eabi_attribute 25, 1
   7              		.eabi_attribute 26, 1
   8              		.eabi_attribute 30, 4
   9              		.eabi_attribute 34, 0
  10              		.eabi_attribute 18, 4
  11              		.file	"smtc_ping_slot.c"
  12              		.text
  13              		.section	.text.ral_compute_lora_ldro,"ax",%progbits
  14              		.align	1
  15              		.syntax unified
  16              		.code	16
  17              		.thumb_func
  19              	ral_compute_lora_ldro:
  20              		@ args = 0, pretend = 0, frame = 0
  21              		@ frame_needed = 0, uses_anonymous_args = 0
  22 0000 0300     		movs	r3, r0
  23 0002 00B5     		push	{lr}
  24 0004 0800     		movs	r0, r1
  25 0006 0C29     		cmp	r1, #12
  26 0008 08D8     		bhi	.L2
  27 000a FFF7FEFF 		bl	__gnu_thumb1_case_uqi
  28              	.L4:
  29 000e 20       		.byte	(.L9-.L4)/2
  30 000f 20       		.byte	(.L9-.L4)/2
  31 0010 20       		.byte	(.L9-.L4)/2
  32 0011 20       		.byte	(.L9-.L4)/2
  33 0012 20       		.byte	(.L9-.L4)/2
  34 0013 1B       		.byte	(.L7-.L4)/2
  35 0014 16       		.byte	(.L6-.L4)/2
  36 0015 0E       		.byte	(.L3-.L4)/2
  37 0016 0E       		.byte	(.L3-.L4)/2
  38 0017 09       		.byte	(.L5-.L4)/2
  39 0018 0E       		.byte	(.L3-.L4)/2
  40 0019 07       		.byte	(.L2-.L4)/2
  41 001a 0E       		.byte	(.L3-.L4)/2
  42 001b 00       		.p2align 1
  43              	.L2:
  44 001c 0020     		movs	r0, #0
  45              	.L8:
  46              		@ sp needed
  47 001e 00BD     		pop	{pc}
  48              	.L5:
  49 0020 0C3B     		subs	r3, r3, #12
  50 0022 5A42     		rsbs	r2, r3, #0
  51 0024 5341     		adcs	r3, r3, r2
  52 0026 D8B2     		uxtb	r0, r3
  53 0028 F9E7     		b	.L8
  54              	.L3:
  55 002a 0020     		movs	r0, #0
  56 002c 0122     		movs	r2, #1
  57 002e 0B3B     		subs	r3, r3, #11
  58 0030 DBB2     		uxtb	r3, r3
ARM GAS  /tmp/cc9f9OAE.s 			page 2


  59              	.L10:
  60 0032 9A42     		cmp	r2, r3
  61 0034 4041     		adcs	r0, r0, r0
  62 0036 C0B2     		uxtb	r0, r0
  63 0038 F1E7     		b	.L8
  64              	.L6:
  65 003a 0A3B     		subs	r3, r3, #10
  66 003c 0020     		movs	r0, #0
  67 003e 0222     		movs	r2, #2
  68 0040 DBB2     		uxtb	r3, r3
  69 0042 F6E7     		b	.L10
  70              	.L7:
  71 0044 093B     		subs	r3, r3, #9
  72 0046 0020     		movs	r0, #0
  73 0048 0322     		movs	r2, #3
  74 004a DBB2     		uxtb	r3, r3
  75 004c F1E7     		b	.L10
  76              	.L9:
  77 004e 0120     		movs	r0, #1
  78 0050 E5E7     		b	.L8
  80              		.section	.text.smtc_ping_slot_compute_next_ping_offset_time,"ax",%progbits
  81              		.align	1
  82              		.syntax unified
  83              		.code	16
  84              		.thumb_func
  86              	smtc_ping_slot_compute_next_ping_offset_time:
  87              		@ args = 0, pretend = 0, frame = 0
  88              		@ frame_needed = 0, uses_anonymous_args = 0
  89 0000 0200     		movs	r2, r0
  90 0002 F0B5     		push	{r4, r5, r6, r7, lr}
  91 0004 1E26     		movs	r6, #30
  92 0006 7132     		adds	r2, r2, #113
  93 0008 8530     		adds	r0, r0, #133
  94 000a FF32     		adds	r2, r2, #255
  95 000c FF30     		adds	r0, r0, #255
  96              	.L13:
  97 000e 1368     		ldr	r3, [r2]
  98 0010 1C78     		ldrb	r4, [r3]
  99 0012 002C     		cmp	r4, #0
 100 0014 11D1     		bne	.L12
 101              	.L15:
 102 0016 0432     		adds	r2, r2, #4
 103 0018 9042     		cmp	r0, r2
 104 001a F8D1     		bne	.L13
 105              		@ sp needed
 106 001c F0BD     		pop	{r4, r5, r6, r7, pc}
 107              	.L16:
 108 001e 3700     		movs	r7, r6
 109 0020 013C     		subs	r4, r4, #1
 110 0022 9C77     		strb	r4, [r3, #30]
 111 0024 9C8B     		ldrh	r4, [r3, #28]
 112 0026 6743     		muls	r7, r4
 113 0028 BC46     		mov	ip, r7
 114 002a 6544     		add	r5, r5, ip
 115 002c 1D62     		str	r5, [r3, #32]
 116 002e 9625     		movs	r5, #150
 117 0030 6D00     		lsls	r5, r5, #1
ARM GAS  /tmp/cc9f9OAE.s 			page 3


 118 0032 6C43     		muls	r4, r5
 119 0034 5D6A     		ldr	r5, [r3, #36]
 120 0036 2C19     		adds	r4, r5, r4
 121 0038 5C62     		str	r4, [r3, #36]
 122              	.L12:
 123 003a 1D6A     		ldr	r5, [r3, #32]
 124 003c 6C1A     		subs	r4, r5, r1
 125 003e 002C     		cmp	r4, #0
 126 0040 E9DC     		bgt	.L15
 127 0042 9C7F     		ldrb	r4, [r3, #30]
 128 0044 002C     		cmp	r4, #0
 129 0046 EAD1     		bne	.L16
 130 0048 E5E7     		b	.L15
 132              		.section	.text.ping_slot_mac_rx_lora_launch_callback_for_rp,"ax",%progbits
 133              		.align	1
 134              		.syntax unified
 135              		.code	16
 136              		.thumb_func
 138              	ping_slot_mac_rx_lora_launch_callback_for_rp:
 139              		@ args = 0, pretend = 0, frame = 0
 140              		@ frame_needed = 0, uses_anonymous_args = 0
 141 0000 F8B5     		push	{r3, r4, r5, r6, r7, lr}
 142 0002 9C25     		movs	r5, #156
 143 0004 0400     		movs	r4, r0
 144 0006 214B     		ldr	r3, .L35
 145 0008 2D01     		lsls	r5, r5, #4
 146 000a C65C     		ldrb	r6, [r0, r3]
 147 000c FFF7FEFF 		bl	smtc_modem_hal_start_radio_tcxo
 148 0010 8421     		movs	r1, #132
 149 0012 6059     		ldr	r0, [r4, r5]
 150 0014 7143     		muls	r1, r6
 151 0016 0300     		movs	r3, r0
 152 0018 4C31     		adds	r1, r1, #76
 153 001a F433     		adds	r3, r3, #244
 154 001c 1B68     		ldr	r3, [r3]
 155 001e 6118     		adds	r1, r4, r1
 156 0020 9847     		blx	r3
 157 0022 0028     		cmp	r0, #0
 158 0024 03D0     		beq	.L21
 159 0026 1A48     		ldr	r0, .L35+4
 160 0028 1A49     		ldr	r1, .L35+8
 161 002a FFF7FEFF 		bl	smtc_modem_hal_assert_fail
 162              	.L21:
 163 002e 6359     		ldr	r3, [r4, r5]
 164 0030 CC21     		movs	r1, #204
 165 0032 1A6E     		ldr	r2, [r3, #96]
 166 0034 1868     		ldr	r0, [r3]
 167 0036 9047     		blx	r2
 168 0038 0028     		cmp	r0, #0
 169 003a 03D0     		beq	.L22
 170 003c 1448     		ldr	r0, .L35+4
 171 003e 1649     		ldr	r1, .L35+12
 172 0040 FFF7FEFF 		bl	smtc_modem_hal_assert_fail
 173              	.L22:
 174 0044 1C25     		movs	r5, #28
 175 0046 BB23     		movs	r3, #187
 176 0048 7543     		muls	r5, r6
ARM GAS  /tmp/cc9f9OAE.s 			page 4


 177 004a DB00     		lsls	r3, r3, #3
 178 004c 6519     		adds	r5, r4, r5
 179 004e ED18     		adds	r5, r5, r3
 180              	.L23:
 181 0050 2F68     		ldr	r7, [r5]
 182 0052 FFF7FEFF 		bl	smtc_modem_hal_get_time_in_100us
 183 0056 3F1A     		subs	r7, r7, r0
 184 0058 002F     		cmp	r7, #0
 185 005a F9DC     		bgt	.L23
 186 005c 9C23     		movs	r3, #156
 187 005e 1B01     		lsls	r3, r3, #4
 188 0060 E258     		ldr	r2, [r4, r3]
 189 0062 8423     		movs	r3, #132
 190 0064 7343     		muls	r3, r6
 191 0066 E318     		adds	r3, r4, r3
 192 0068 556A     		ldr	r5, [r2, #36]
 193 006a 996F     		ldr	r1, [r3, #120]
 194 006c 1068     		ldr	r0, [r2]
 195 006e A847     		blx	r5
 196 0070 0028     		cmp	r0, #0
 197 0072 03D0     		beq	.L24
 198 0074 0648     		ldr	r0, .L35+4
 199 0076 0949     		ldr	r1, .L35+16
 200 0078 FFF7FEFF 		bl	smtc_modem_hal_assert_fail
 201              	.L24:
 202              		@ sp needed
 203 007c FFF7FEFF 		bl	smtc_modem_hal_get_time_in_ms
 204 0080 8F23     		movs	r3, #143
 205 0082 1B01     		lsls	r3, r3, #4
 206 0084 E418     		adds	r4, r4, r3
 207 0086 6065     		str	r0, [r4, #84]
 208 0088 F8BD     		pop	{r3, r4, r5, r6, r7, pc}
 209              	.L36:
 210 008a C046     		.align	2
 211              	.L35:
 212 008c 84090000 		.word	2436
 213 0090 00000000 		.word	__func__.3
 214 0094 79040000 		.word	1145
 215 0098 7A040000 		.word	1146
 216 009c 81040000 		.word	1153
 218              		.global	__aeabi_uidiv
 219              		.section	.text.smtc_ping_slot_get_duration_timeout_ms.isra.0,"ax",%progbits
 220              		.align	1
 221              		.syntax unified
 222              		.code	16
 223              		.thumb_func
 225              	smtc_ping_slot_get_duration_timeout_ms.isra.0:
 226              		@ args = 0, pretend = 0, frame = 0
 227              		@ frame_needed = 0, uses_anonymous_args = 0
 228 0000 10B5     		push	{r4, lr}
 229 0002 0C00     		movs	r4, r1
 230 0004 1100     		movs	r1, r2
 231 0006 FFF7FEFF 		bl	smtc_real_get_symbol_duration_us
 232 000a FA21     		movs	r1, #250
 233 000c 6043     		muls	r0, r4
 234 000e 0123     		movs	r3, #1
 235 0010 8900     		lsls	r1, r1, #2
ARM GAS  /tmp/cc9f9OAE.s 			page 5


 236 0012 8842     		cmp	r0, r1
 237 0014 02D3     		bcc	.L37
 238 0016 FFF7FEFF 		bl	__aeabi_uidiv
 239 001a 0300     		movs	r3, r0
 240              	.L37:
 241              		@ sp needed
 242 001c 1800     		movs	r0, r3
 243 001e 10BD     		pop	{r4, pc}
 245              		.section	.text.smtc_ping_slot_init,"ax",%progbits
 246              		.align	1
 247              		.global	smtc_ping_slot_init
 248              		.syntax unified
 249              		.code	16
 250              		.thumb_func
 252              	smtc_ping_slot_init:
 253              		@ args = 20, pretend = 0, frame = 8
 254              		@ frame_needed = 0, uses_anonymous_args = 0
 255 0000 F7B5     		push	{r0, r1, r2, r4, r5, r6, r7, lr}
 256 0002 1500     		movs	r5, r2
 257 0004 DC22     		movs	r2, #220
 258 0006 0400     		movs	r4, r0
 259 0008 0E00     		movs	r6, r1
 260 000a 5200     		lsls	r2, r2, #1
 261 000c 0021     		movs	r1, #0
 262 000e 0193     		str	r3, [sp, #4]
 263 0010 08AB     		add	r3, sp, #32
 264 0012 1F78     		ldrb	r7, [r3]
 265 0014 FFF7FEFF 		bl	memset
 266 0018 2660     		str	r6, [r4]
 267 001a 0026     		movs	r6, #0
 268 001c 019B     		ldr	r3, [sp, #4]
 269 001e 3900     		movs	r1, r7
 270 0020 A360     		str	r3, [r4, #8]
 271 0022 099B     		ldr	r3, [sp, #36]
 272 0024 0198     		ldr	r0, [sp, #4]
 273 0026 2361     		str	r3, [r4, #16]
 274 0028 0A9B     		ldr	r3, [sp, #40]
 275 002a 2771     		strb	r7, [r4, #4]
 276 002c 6361     		str	r3, [r4, #20]
 277 002e 0B9B     		ldr	r3, [sp, #44]
 278 0030 A662     		str	r6, [r4, #40]
 279 0032 A361     		str	r3, [r4, #24]
 280 0034 0C9B     		ldr	r3, [sp, #48]
 281 0036 E361     		str	r3, [r4, #28]
 282 0038 FFF7FEFF 		bl	rp_release_hook
 283 003c 2300     		movs	r3, r4
 284 003e 134A     		ldr	r2, .L45
 285 0040 3900     		movs	r1, r7
 286 0042 A068     		ldr	r0, [r4, #8]
 287 0044 FFF7FEFF 		bl	rp_hook_init
 288 0048 A223     		movs	r3, #162
 289 004a 0122     		movs	r2, #1
 290 004c 5B00     		lsls	r3, r3, #1
 291 004e E254     		strb	r2, [r4, r3]
 292 0050 2833     		adds	r3, r3, #40
 293 0052 9218     		adds	r2, r2, r2
 294 0054 E254     		strb	r2, [r4, r3]
ARM GAS  /tmp/cc9f9OAE.s 			page 6


 295 0056 123B     		subs	r3, r3, #18
 296 0058 0432     		adds	r2, r2, #4
 297 005a E252     		strh	r2, [r4, r3]
 298 005c 0C4A     		ldr	r2, .L45+4
 299 005e 0A3B     		subs	r3, r3, #10
 300 0060 E252     		strh	r2, [r4, r3]
 301 0062 2200     		movs	r2, r4
 302 0064 2300     		movs	r3, r4
 303 0066 4532     		adds	r2, r2, #69
 304 0068 FC33     		adds	r3, r3, #252
 305 006a FF32     		adds	r2, r2, #255
 306 006c 5A67     		str	r2, [r3, #116]
 307 006e 2662     		str	r6, [r4, #32]
 308 0070 B542     		cmp	r5, r6
 309 0072 0AD0     		beq	.L40
 310 0074 2A00     		movs	r2, r5
 311 0076 2C32     		adds	r2, r2, #44
 312 0078 9D67     		str	r5, [r3, #120]
 313 007a DA67     		str	r2, [r3, #124]
 314 007c BE23     		movs	r3, #190
 315 007e 2C32     		adds	r2, r2, #44
 316 0080 5B00     		lsls	r3, r3, #1
 317 0082 E250     		str	r2, [r4, r3]
 318 0084 8435     		adds	r5, r5, #132
 319 0086 0433     		adds	r3, r3, #4
 320 0088 E550     		str	r5, [r4, r3]
 321              	.L40:
 322              		@ sp needed
 323 008a F7BD     		pop	{r0, r1, r2, r4, r5, r6, r7, pc}
 324              	.L46:
 325              		.align	2
 326              	.L45:
 327 008c 00000000 		.word	smtc_ping_slot_rp_callback
 328 0090 06070000 		.word	1798
 330              		.section	.rodata.smtc_ping_slot_mac_rp_callback.str1.1,"aMS",%progbits,1
 331              	.LC2:
 332 0000 7061796C 		.ascii	"payload size receive = %u, snr = %d , rssi = %d\012"
 332      6F616420 
 332      73697A65 
 332      20726563 
 332      65697665 
 333 0030 00       		.ascii	"\000"
 334              	.LC4:
 335 0031 52784220 		.ascii	"RxB Payload\000"
 335      5061796C 
 335      6F616400 
 336              	.LC6:
 337 003d 2573202D 		.ascii	"%s - (%lu bytes):\012\000"
 337      2028256C 
 337      75206279 
 337      74657329 
 337      3A0A00
 338              	.LC8:
 339 0050 0A00     		.ascii	"\012\000"
 340              	.LC10:
 341 0052 20253032 		.ascii	" %02X\000"
 341      5800
ARM GAS  /tmp/cc9f9OAE.s 			page 7


 342              	.LC12:
 343 0058 1B5B303B 		.ascii	"\033[0;32mINFO:  BAD DevAddr = %x for RX Frame and "
 343      33326D49 
 343      4E464F3A 
 343      20204241 
 343      44204465 
 344 0088 25780A0A 		.ascii	"%x\012\012\000"
 344      00
 345              	.LC14:
 346 008d 1B5B306D 		.ascii	"\033[0m\000"
 346      00
 347              	.LC16:
 348 0092 1B5B303B 		.ascii	"\033[0;33mWARN:  fcnt_tmp = %d\012 \000"
 348      33336D57 
 348      41524E3A 
 348      20206663 
 348      6E745F74 
 349              	.LC18:
 350 00b0 1B5B303B 		.ascii	"\033[0;33mWARN:  Receive an not valid packet RxB on"
 350      33336D57 
 350      41524E3A 
 350      20205265 
 350      63656976 
 351 00e0 20706F72 		.ascii	" port zero\012\000"
 351      74207A65 
 351      726F0A00 
 352              	.LC21:
 353 00ec 1B5B303B 		.ascii	"\033[0;31mERROR: crash log :%s\012\000"
 353      33316D45 
 353      52524F52 
 353      3A206372 
 353      61736820 
 354              	.LC23:
 355 0109 1B5B303B 		.ascii	"\033[0;31mERROR: -> Crypto error during payload dec"
 355      33316D45 
 355      52524F52 
 355      3A202D3E 
 355      20437279 
 356 0139 72797074 		.ascii	"ryption\012\000"
 356      696F6E0A 
 356      00
 357              	.LC25:
 358 0142 1B5B303B 		.ascii	"\033[0;33mWARN:  Receive an not valid packet RxB FO"
 358      33336D57 
 358      41524E3A 
 358      20205265 
 358      63656976 
 359 0172 7074730A 		.ascii	"pts\012\000"
 359      00
 360              	.LC27:
 361 0177 20527842 		.ascii	" RxB rx_packet_type = %d \012\000"
 361      2072785F 
 361      7061636B 
 361      65745F74 
 361      79706520 
 362              	.LC29:
 363 0192 52784220 		.ascii	"RxB app Payload\000"
ARM GAS  /tmp/cc9f9OAE.s 			page 8


 363      61707020 
 363      5061796C 
 363      6F616400 
 364              	.LC32:
 365 01a2 1B5B303B 		.ascii	"\033[0;31mERROR: -> TX MODULATION NOT SUPPORTED\012"
 365      33316D45 
 365      52524F52 
 365      3A202D3E 
 365      20545820 
 366 01cf 00       		.ascii	"\000"
 367              	.LC34:
 368 01d0 6C72316D 		.ascii	"lr1mac RxB CRC ERROR\012\000"
 368      61632052 
 368      78422043 
 368      52432045 
 368      52524F52 
 369              	.LC36:
 370 01e6 6C72316D 		.ascii	"lr1mac RxB aborted by the radioplanner \012\000"
 370      61632052 
 370      78422061 
 370      626F7274 
 370      65642062 
 371              	.LC38:
 372 020f 6C72316D 		.ascii	"lr1mac RxB receive It RADIO error %u\012\000"
 372      61632052 
 372      78422072 
 372      65636569 
 372      76652049 
 373              		.section	.text.smtc_ping_slot_mac_rp_callback,"ax",%progbits
 374              		.align	1
 375              		.global	smtc_ping_slot_mac_rp_callback
 376              		.syntax unified
 377              		.code	16
 378              		.thumb_func
 380              	smtc_ping_slot_mac_rp_callback:
 381              		@ args = 0, pretend = 0, frame = 72
 382              		@ frame_needed = 0, uses_anonymous_args = 0
 383 0000 1F23     		movs	r3, #31
 384 0002 F0B5     		push	{r4, r5, r6, r7, lr}
 385 0004 0400     		movs	r4, r0
 386 0006 99B0     		sub	sp, sp, #100
 387 0008 02AA     		add	r2, sp, #8
 388 000a 9B18     		adds	r3, r3, r2
 389 000c 1A00     		movs	r2, r3
 390 000e 0100     		movs	r1, r0
 391 0010 8068     		ldr	r0, [r0, #8]
 392 0012 FFF7FEFF 		bl	rp_hook_get_id
 393 0016 2300     		movs	r3, r4
 394 0018 02AA     		add	r2, sp, #8
 395 001a D17F     		ldrb	r1, [r2, #31]
 396 001c A068     		ldr	r0, [r4, #8]
 397 001e 0C33     		adds	r3, r3, #12
 398 0020 0BAA     		add	r2, sp, #44
 399 0022 FFF7FEFF 		bl	rp_get_status
 400 0026 217B     		ldrb	r1, [r4, #12]
 401 0028 0A29     		cmp	r1, #10
 402 002a 00D9     		bls	.LCB364
ARM GAS  /tmp/cc9f9OAE.s 			page 9


 403 002c 85E2     		b	.L48	@long jump
 404              	.LCB364:
 405 002e 0800     		movs	r0, r1
 406 0030 FFF7FEFF 		bl	__gnu_thumb1_case_uhi
 407              	.L50:
 408 0034 7D02     		.2byte	(.L53-.L50)/2
 409 0036 8302     		.2byte	(.L48-.L50)/2
 410 0038 8302     		.2byte	(.L48-.L50)/2
 411 003a 6300     		.2byte	(.L47-.L50)/2
 412 003c 0B00     		.2byte	(.L52-.L50)/2
 413 003e 6300     		.2byte	(.L47-.L50)/2
 414 0040 8302     		.2byte	(.L48-.L50)/2
 415 0042 8302     		.2byte	(.L48-.L50)/2
 416 0044 8302     		.2byte	(.L48-.L50)/2
 417 0046 8302     		.2byte	(.L48-.L50)/2
 418 0048 8102     		.2byte	(.L49-.L50)/2
 419              		.p2align 1
 420              	.L52:
 421 004a DA23     		movs	r3, #218
 422 004c 0026     		movs	r6, #0
 423 004e 5B00     		lsls	r3, r3, #1
 424 0050 E650     		str	r6, [r4, r3]
 425 0052 0B9B     		ldr	r3, [sp, #44]
 426 0054 A068     		ldr	r0, [r4, #8]
 427 0056 E362     		str	r3, [r4, #44]
 428 0058 02AB     		add	r3, sp, #8
 429 005a D97F     		ldrb	r1, [r3, #31]
 430 005c 8423     		movs	r3, #132
 431 005e 4B43     		muls	r3, r1
 432 0060 C318     		adds	r3, r0, r3
 433 0062 1A00     		movs	r2, r3
 434 0064 7C33     		adds	r3, r3, #124
 435 0066 7E32     		adds	r2, r2, #126
 436 0068 0025     		movs	r5, #0
 437 006a 525F     		ldrsh	r2, [r2, r5]
 438 006c 0025     		movs	r5, #0
 439 006e 5B5F     		ldrsh	r3, [r3, r5]
 440 0070 E525     		movs	r5, #229
 441 0072 AD00     		lsls	r5, r5, #2
 442 0074 4919     		adds	r1, r1, r5
 443 0076 2500     		movs	r5, r4
 444 0078 4900     		lsls	r1, r1, #1
 445 007a 415C     		ldrb	r1, [r0, r1]
 446 007c 4035     		adds	r5, r5, #64
 447 007e 2286     		strh	r2, [r4, #48]
 448 0080 6386     		strh	r3, [r4, #50]
 449 0082 BE48     		ldr	r0, .L121
 450 0084 2970     		strb	r1, [r5]
 451 0086 FFF7FEFF 		bl	smtc_modem_hal_print_trace
 452 008a 2A78     		ldrb	r2, [r5]
 453 008c BC49     		ldr	r1, .L121+4
 454 008e BD48     		ldr	r0, .L121+8
 455 0090 FFF7FEFF 		bl	smtc_modem_hal_print_trace
 456 0094 0F27     		movs	r7, #15
 457              	.L54:
 458 0096 2200     		movs	r2, r4
 459 0098 2B78     		ldrb	r3, [r5]
ARM GAS  /tmp/cc9f9OAE.s 			page 10


 460 009a 4132     		adds	r2, r2, #65
 461 009c 0692     		str	r2, [sp, #24]
 462 009e B342     		cmp	r3, r6
 463 00a0 2DD8     		bhi	.L56
 464 00a2 B948     		ldr	r0, .L121+12
 465 00a4 FFF7FEFF 		bl	smtc_modem_hal_print_trace
 466 00a8 069B     		ldr	r3, [sp, #24]
 467 00aa 2168     		ldr	r1, [r4]
 468 00ac 1A78     		ldrb	r2, [r3]
 469 00ae D723     		movs	r3, #215
 470 00b0 5209     		lsrs	r2, r2, #5
 471 00b2 D340     		lsrs	r3, r3, r2
 472 00b4 B54A     		ldr	r2, .L121+16
 473 00b6 DB07     		lsls	r3, r3, #31
 474 00b8 8A5C     		ldrb	r2, [r1, r2]
 475 00ba A021     		movs	r1, #160
 476 00bc DB17     		asrs	r3, r3, #31
 477 00be 4900     		lsls	r1, r1, #1
 478 00c0 022A     		cmp	r2, #2
 479 00c2 2DD1     		bne	.L57
 480 00c4 002B     		cmp	r3, #0
 481 00c6 28D1     		bne	.L58
 482 00c8 2300     		movs	r3, r4
 483 00ca 4233     		adds	r3, r3, #66
 484 00cc 1888     		ldrh	r0, [r3]
 485 00ce 5A88     		ldrh	r2, [r3, #2]
 486 00d0 635C     		ldrb	r3, [r4, r1]
 487 00d2 1204     		lsls	r2, r2, #16
 488 00d4 5C33     		adds	r3, r3, #92
 489 00d6 9B00     		lsls	r3, r3, #2
 490 00d8 1B59     		ldr	r3, [r3, r4]
 491 00da 0243     		orrs	r2, r0
 492 00dc 5968     		ldr	r1, [r3, #4]
 493 00de 9142     		cmp	r1, r2
 494 00e0 22D0     		beq	.L59
 495 00e2 AB48     		ldr	r0, .L121+20
 496 00e4 FFF7FEFF 		bl	smtc_modem_hal_print_trace
 497 00e8 AA48     		ldr	r0, .L121+24
 498 00ea FFF7FEFF 		bl	smtc_modem_hal_print_trace
 499              	.L60:
 500 00ee 0023     		movs	r3, #0
 501 00f0 2B70     		strb	r3, [r5]
 502              	.L61:
 503 00f2 C823     		movs	r3, #200
 504 00f4 0022     		movs	r2, #0
 505 00f6 5B00     		lsls	r3, r3, #1
 506 00f8 E254     		strb	r2, [r4, r3]
 507              	.L47:
 508 00fa 19B0     		add	sp, sp, #100
 509              		@ sp needed
 510 00fc F0BD     		pop	{r4, r5, r6, r7, pc}
 511              	.L56:
 512 00fe 3E42     		tst	r6, r7
 513 0100 04D1     		bne	.L55
 514 0102 002E     		cmp	r6, #0
 515 0104 02D0     		beq	.L55
 516 0106 A048     		ldr	r0, .L121+12
ARM GAS  /tmp/cc9f9OAE.s 			page 11


 517 0108 FFF7FEFF 		bl	smtc_modem_hal_print_trace
 518              	.L55:
 519 010c 069B     		ldr	r3, [sp, #24]
 520 010e A248     		ldr	r0, .L121+28
 521 0110 995D     		ldrb	r1, [r3, r6]
 522 0112 FFF7FEFF 		bl	smtc_modem_hal_print_trace
 523 0116 0136     		adds	r6, r6, #1
 524 0118 BDE7     		b	.L54
 525              	.L58:
 526 011a 0523     		movs	r3, #5
 527 011c 6354     		strb	r3, [r4, r1]
 528 011e E6E7     		b	.L60
 529              	.L57:
 530 0120 0522     		movs	r2, #5
 531 0122 6254     		strb	r2, [r4, r1]
 532 0124 002B     		cmp	r3, #0
 533 0126 E2D1     		bne	.L60
 534              	.L59:
 535 0128 A027     		movs	r7, #160
 536 012a 2878     		ldrb	r0, [r5]
 537 012c FFF7FEFF 		bl	lr1mac_rx_payload_min_size_check
 538 0130 7F00     		lsls	r7, r7, #1
 539 0132 E35D     		ldrb	r3, [r4, r7]
 540 0134 0600     		movs	r6, r0
 541 0136 5C33     		adds	r3, r3, #92
 542 0138 9B00     		lsls	r3, r3, #2
 543 013a 1B59     		ldr	r3, [r3, r4]
 544 013c 2978     		ldrb	r1, [r5]
 545 013e 1A7D     		ldrb	r2, [r3, #20]
 546 0140 2068     		ldr	r0, [r4]
 547 0142 FFF7FEFF 		bl	lr1mac_rx_payload_max_size_check
 548 0146 3618     		adds	r6, r6, r0
 549 0148 002E     		cmp	r6, #0
 550 014a D2D1     		bne	.L61
 551 014c 2300     		movs	r3, r4
 552 014e 2122     		movs	r2, #33
 553 0150 02A9     		add	r1, sp, #8
 554 0152 0AAE     		add	r6, sp, #40
 555 0154 9233     		adds	r3, r3, #146
 556 0156 5218     		adds	r2, r2, r1
 557 0158 0698     		ldr	r0, [sp, #24]
 558 015a 3100     		movs	r1, r6
 559 015c FF33     		adds	r3, r3, #255
 560 015e FFF7FEFF 		bl	lr1mac_rx_mhdr_extract
 561 0162 0028     		cmp	r0, #0
 562 0164 C5D1     		bne	.L61
 563 0166 E35D     		ldrb	r3, [r4, r7]
 564 0168 002B     		cmp	r3, #0
 565 016a 07D0     		beq	.L64
 566 016c 9222     		movs	r2, #146
 567 016e FF32     		adds	r2, r2, #255
 568 0170 A25C     		ldrb	r2, [r4, r2]
 569 0172 012A     		cmp	r2, #1
 570 0174 BDD0     		beq	.L61
 571 0176 3278     		ldrb	r2, [r6]
 572 0178 042A     		cmp	r2, #4
 573 017a BAD0     		beq	.L61
ARM GAS  /tmp/cc9f9OAE.s 			page 12


 574              	.L64:
 575 017c 2200     		movs	r2, r4
 576 017e 2168     		ldr	r1, [r4]
 577 0180 FC32     		adds	r2, r2, #252
 578 0182 896E     		ldr	r1, [r1, #104]
 579 0184 526F     		ldr	r2, [r2, #116]
 580 0186 5C33     		adds	r3, r3, #92
 581 0188 9160     		str	r1, [r2, #8]
 582 018a 0022     		movs	r2, #0
 583 018c 9B00     		lsls	r3, r3, #2
 584 018e 1B59     		ldr	r3, [r3, r4]
 585 0190 02A9     		add	r1, sp, #8
 586 0192 4A84     		strh	r2, [r1, #34]
 587 0194 9A68     		ldr	r2, [r3, #8]
 588 0196 0698     		ldr	r0, [sp, #24]
 589 0198 0D92     		str	r2, [sp, #52]
 590 019a 2200     		movs	r2, r4
 591 019c 9732     		adds	r2, r2, #151
 592 019e FF32     		adds	r2, r2, #255
 593 01a0 2978     		ldrb	r1, [r5]
 594 01a2 0492     		str	r2, [sp, #16]
 595 01a4 013A     		subs	r2, r2, #1
 596 01a6 0392     		str	r2, [sp, #12]
 597 01a8 1132     		adds	r2, r2, #17
 598 01aa 0292     		str	r2, [sp, #8]
 599 01ac 733A     		subs	r2, r2, #115
 600 01ae FF3A     		subs	r2, r2, #255
 601 01b0 0192     		str	r2, [sp, #4]
 602 01b2 5B68     		ldr	r3, [r3, #4]
 603 01b4 02AA     		add	r2, sp, #8
 604 01b6 0093     		str	r3, [sp]
 605 01b8 2223     		movs	r3, #34
 606 01ba 9B18     		adds	r3, r3, r2
 607 01bc 2200     		movs	r2, r4
 608 01be A632     		adds	r2, r2, #166
 609 01c0 FF32     		adds	r2, r2, #255
 610 01c2 FFF7FEFF 		bl	lr1mac_rx_fhdr_extract
 611 01c6 0028     		cmp	r0, #0
 612 01c8 5DD1     		bne	.L66
 613 01ca 02AB     		add	r3, sp, #8
 614 01cc 588C     		ldrh	r0, [r3, #34]
 615 01ce 0DA9     		add	r1, sp, #52
 616 01d0 FFF7FEFF 		bl	lr1mac_fcnt_dwn_accept
 617 01d4 0028     		cmp	r0, #0
 618 01d6 56D1     		bne	.L66
 619 01d8 2978     		ldrb	r1, [r5]
 620 01da 0422     		movs	r2, #4
 621 01dc 0439     		subs	r1, r1, #4
 622 01de C9B2     		uxtb	r1, r1
 623 01e0 2970     		strb	r1, [r5]
 624 01e2 4131     		adds	r1, r1, #65
 625 01e4 6118     		adds	r1, r4, r1
 626 01e6 0CA8     		add	r0, sp, #48
 627 01e8 FFF7FEFF 		bl	memcpy1
 628 01ec A023     		movs	r3, #160
 629 01ee 5B00     		lsls	r3, r3, #1
 630 01f0 E35C     		ldrb	r3, [r4, r3]
ARM GAS  /tmp/cc9f9OAE.s 			page 13


 631 01f2 0C98     		ldr	r0, [sp, #48]
 632 01f4 5C33     		adds	r3, r3, #92
 633 01f6 9B00     		lsls	r3, r3, #2
 634 01f8 1B59     		ldr	r3, [r3, r4]
 635 01fa 2978     		ldrb	r1, [r5]
 636 01fc 1A7B     		ldrb	r2, [r3, #12]
 637 01fe 0290     		str	r0, [sp, #8]
 638 0200 0D98     		ldr	r0, [sp, #52]
 639 0202 0190     		str	r0, [sp, #4]
 640 0204 0120     		movs	r0, #1
 641 0206 0090     		str	r0, [sp]
 642 0208 5B68     		ldr	r3, [r3, #4]
 643 020a 0698     		ldr	r0, [sp, #24]
 644 020c FFF7FEFF 		bl	smtc_modem_crypto_verify_mic
 645 0210 0028     		cmp	r0, #0
 646 0212 2FD1     		bne	.L68
 647              	.L71:
 648 0214 A026     		movs	r6, #160
 649 0216 7600     		lsls	r6, r6, #1
 650 0218 A35D     		ldrb	r3, [r4, r6]
 651 021a 0D99     		ldr	r1, [sp, #52]
 652 021c 5C33     		adds	r3, r3, #92
 653 021e 9B00     		lsls	r3, r3, #2
 654 0220 1B59     		ldr	r3, [r3, r4]
 655 0222 5E48     		ldr	r0, .L121+32
 656 0224 9960     		str	r1, [r3, #8]
 657 0226 FFF7FEFF 		bl	smtc_modem_hal_print_trace
 658 022a 5A4F     		ldr	r7, .L121+24
 659 022c 3800     		movs	r0, r7
 660 022e FFF7FEFF 		bl	smtc_modem_hal_print_trace
 661 0232 2300     		movs	r3, r4
 662 0234 FC33     		adds	r3, r3, #252
 663 0236 5A6F     		ldr	r2, [r3, #116]
 664 0238 2368     		ldr	r3, [r4]
 665 023a 9168     		ldr	r1, [r2, #8]
 666 023c 9966     		str	r1, [r3, #104]
 667 023e 9623     		movs	r3, #150
 668 0240 0121     		movs	r1, #1
 669 0242 FF33     		adds	r3, r3, #255
 670 0244 E35C     		ldrb	r3, [r4, r3]
 671 0246 1B09     		lsrs	r3, r3, #4
 672 0248 0B40     		ands	r3, r1
 673 024a 3531     		adds	r1, r1, #53
 674 024c 8C46     		mov	ip, r1
 675 024e A444     		add	ip, ip, r4
 676 0250 6146     		mov	r1, ip
 677 0252 0B70     		strb	r3, [r1]
 678 0254 D8B2     		uxtb	r0, r3
 679 0256 A35D     		ldrb	r3, [r4, r6]
 680 0258 002B     		cmp	r3, #0
 681 025a 00D1     		bne	.LCB661
 682 025c A6E0     		b	.L69	@long jump
 683              	.LCB661:
 684 025e 1A00     		movs	r2, r3
 685 0260 5C32     		adds	r2, r2, #92
 686 0262 9200     		lsls	r2, r2, #2
 687 0264 1259     		ldr	r2, [r2, r4]
ARM GAS  /tmp/cc9f9OAE.s 			page 14


 688 0266 0321     		movs	r1, #3
 689 0268 2832     		adds	r2, r2, #40
 690 026a 0028     		cmp	r0, #0
 691 026c 00D1     		bne	.L118
 692 026e 0121     		movs	r1, #1
 693              	.L118:
 694 0270 1170     		strb	r1, [r2]
 695 0272 A1E0     		b	.L73
 696              	.L68:
 697 0274 A36A     		ldr	r3, [r4, #40]
 698 0276 002B     		cmp	r3, #0
 699 0278 05D0     		beq	.L66
 700 027a 2000     		movs	r0, r4
 701 027c 0C9A     		ldr	r2, [sp, #48]
 702 027e 0DA9     		add	r1, sp, #52
 703 0280 9847     		blx	r3
 704 0282 0028     		cmp	r0, #0
 705 0284 C6D0     		beq	.L71
 706              	.L66:
 707 0286 0026     		movs	r6, #0
 708              	.L80:
 709 0288 3100     		movs	r1, r6
 710 028a 4548     		ldr	r0, .L121+36
 711 028c FFF7FEFF 		bl	smtc_modem_hal_print_trace
 712 0290 C823     		movs	r3, #200
 713 0292 5B00     		lsls	r3, r3, #1
 714 0294 E654     		strb	r6, [r4, r3]
 715 0296 012E     		cmp	r6, #1
 716 0298 00D0     		beq	.LCB699
 717 029a 2AE7     		b	.L61	@long jump
 718              	.LCB699:
 719 029c 2A78     		ldrb	r2, [r5]
 720 029e 4149     		ldr	r1, .L121+40
 721 02a0 3848     		ldr	r0, .L121+8
 722 02a2 FFF7FEFF 		bl	smtc_modem_hal_print_trace
 723 02a6 0026     		movs	r6, #0
 724 02a8 0F27     		movs	r7, #15
 725              	.L84:
 726 02aa 2B78     		ldrb	r3, [r5]
 727 02ac B342     		cmp	r3, r6
 728 02ae 00D9     		bls	.LCB710
 729 02b0 F0E0     		b	.L86	@long jump
 730              	.LCB710:
 731 02b2 3548     		ldr	r0, .L121+12
 732 02b4 FFF7FEFF 		bl	smtc_modem_hal_print_trace
 733 02b8 A023     		movs	r3, #160
 734 02ba E521     		movs	r1, #229
 735 02bc 5B00     		lsls	r3, r3, #1
 736 02be E35C     		ldrb	r3, [r4, r3]
 737 02c0 8900     		lsls	r1, r1, #2
 738 02c2 5C33     		adds	r3, r3, #92
 739 02c4 9B00     		lsls	r3, r3, #2
 740 02c6 1B59     		ldr	r3, [r3, r4]
 741 02c8 A268     		ldr	r2, [r4, #8]
 742 02ca 1D7D     		ldrb	r5, [r3, #20]
 743 02cc 2379     		ldrb	r3, [r4, #4]
 744 02ce 2768     		ldr	r7, [r4]
ARM GAS  /tmp/cc9f9OAE.s 			page 15


 745 02d0 5B18     		adds	r3, r3, r1
 746 02d2 5B00     		lsls	r3, r3, #1
 747 02d4 D35C     		ldrb	r3, [r2, r3]
 748 02d6 2900     		movs	r1, r5
 749 02d8 3800     		movs	r0, r7
 750 02da 0693     		str	r3, [sp, #24]
 751 02dc FFF7FEFF 		bl	smtc_real_get_modulation_type_from_datarate
 752 02e0 061E     		subs	r6, r0, #0
 753 02e2 00D0     		beq	.LCB735
 754 02e4 E4E0     		b	.L87	@long jump
 755              	.LCB735:
 756 02e6 2222     		movs	r2, #34
 757 02e8 02A9     		add	r1, sp, #8
 758 02ea 0CAB     		add	r3, sp, #48
 759 02ec 5218     		adds	r2, r2, r1
 760 02ee 3800     		movs	r0, r7
 761 02f0 2900     		movs	r1, r5
 762 02f2 0DAD     		add	r5, sp, #52
 763 02f4 FFF7FEFF 		bl	smtc_real_lora_dr_to_sf_bw
 764 02f8 3100     		movs	r1, r6
 765 02fa 1422     		movs	r2, #20
 766 02fc 2800     		movs	r0, r5
 767 02fe FFF7FEFF 		bl	memset
 768 0302 2222     		movs	r2, #34
 769 0304 02AB     		add	r3, sp, #8
 770 0306 9B18     		adds	r3, r3, r2
 771 0308 1B78     		ldrb	r3, [r3]
 772 030a 0632     		adds	r2, r2, #6
 773 030c 2B70     		strb	r3, [r5]
 774 030e 02AB     		add	r3, sp, #8
 775 0310 9B18     		adds	r3, r3, r2
 776 0312 1B78     		ldrb	r3, [r3]
 777 0314 3800     		movs	r0, r7
 778 0316 6B70     		strb	r3, [r5, #1]
 779 0318 FFF7FEFF 		bl	smtc_real_get_coding_rate
 780 031c 2978     		ldrb	r1, [r5]
 781 031e A870     		strb	r0, [r5, #2]
 782 0320 3800     		movs	r0, r7
 783 0322 FFF7FEFF 		bl	smtc_real_get_preamble_len
 784 0326 069B     		ldr	r3, [sp, #24]
 785 0328 6978     		ldrb	r1, [r5, #1]
 786 032a A880     		strh	r0, [r5, #4]
 787 032c EB71     		strb	r3, [r5, #7]
 788 032e 2878     		ldrb	r0, [r5]
 789 0330 AE71     		strb	r6, [r5, #6]
 790 0332 2E72     		strb	r6, [r5, #8]
 791 0334 FFF7FEFF 		bl	ral_compute_lora_ldro
 792 0338 1B4B     		ldr	r3, .L121+44
 793 033a E870     		strb	r0, [r5, #3]
 794 033c FA58     		ldr	r2, [r7, r3]
 795 033e 9C23     		movs	r3, #156
 796 0340 2900     		movs	r1, r5
 797 0342 1B01     		lsls	r3, r3, #4
 798 0344 D358     		ldr	r3, [r2, r3]
 799 0346 0EA8     		add	r0, sp, #56
 800 0348 A033     		adds	r3, r3, #160
 801 034a 1B68     		ldr	r3, [r3]
ARM GAS  /tmp/cc9f9OAE.s 			page 16


 802              	.L119:
 803 034c 9847     		blx	r3
 804              	.L88:
 805 034e DA23     		movs	r3, #218
 806 0350 5B00     		lsls	r3, r3, #1
 807 0352 E050     		str	r0, [r4, r3]
 808 0354 743B     		subs	r3, r3, #116
 809 0356 E35C     		ldrb	r3, [r4, r3]
 810 0358 1A00     		movs	r2, r3
 811 035a 5C32     		adds	r2, r2, #92
 812 035c 9200     		lsls	r2, r2, #2
 813 035e 1159     		ldr	r1, [r2, r4]
 814 0360 2200     		movs	r2, r4
 815 0362 087D     		ldrb	r0, [r1, #20]
 816 0364 3C32     		adds	r2, r2, #60
 817 0366 1070     		strb	r0, [r2]
 818 0368 0A69     		ldr	r2, [r1, #16]
 819 036a 0833     		adds	r3, r3, #8
 820 036c A263     		str	r2, [r4, #56]
 821 036e 2200     		movs	r2, r4
 822 0370 3532     		adds	r2, r2, #53
 823 0372 1370     		strb	r3, [r2]
 824 0374 A369     		ldr	r3, [r4, #24]
 825 0376 E069     		ldr	r0, [r4, #28]
 826 0378 9847     		blx	r3
 827 037a BAE6     		b	.L61
 828              	.L122:
 829              		.align	2
 830              	.L121:
 831 037c 00000000 		.word	.LC2
 832 0380 31000000 		.word	.LC4
 833 0384 3D000000 		.word	.LC6
 834 0388 50000000 		.word	.LC8
 835 038c CE040000 		.word	1230
 836 0390 58000000 		.word	.LC12
 837 0394 8D000000 		.word	.LC14
 838 0398 52000000 		.word	.LC10
 839 039c 92000000 		.word	.LC16
 840 03a0 77010000 		.word	.LC27
 841 03a4 92010000 		.word	.LC29
 842 03a8 BC040000 		.word	1212
 843              	.L69:
 844 03ac 0221     		movs	r1, #2
 845 03ae 2832     		adds	r2, r2, #40
 846 03b0 0028     		cmp	r0, #0
 847 03b2 00D0     		beq	.LCB838
 848 03b4 5CE7     		b	.L118	@long jump
 849              	.LCB838:
 850 03b6 1370     		strb	r3, [r2]
 851              	.L73:
 852 03b8 A622     		movs	r2, #166
 853 03ba FF32     		adds	r2, r2, #255
 854 03bc A05C     		ldrb	r0, [r4, r2]
 855 03be 0132     		adds	r2, r2, #1
 856 03c0 A25C     		ldrb	r2, [r4, r2]
 857 03c2 002A     		cmp	r2, #0
 858 03c4 63D1     		bne	.L75
ARM GAS  /tmp/cc9f9OAE.s 			page 17


 859 03c6 2200     		movs	r2, r4
 860 03c8 2978     		ldrb	r1, [r5]
 861 03ca 3432     		adds	r2, r2, #52
 862 03cc 0939     		subs	r1, r1, #9
 863 03ce 091A     		subs	r1, r1, r0
 864 03d0 C9B2     		uxtb	r1, r1
 865 03d2 2970     		strb	r1, [r5]
 866 03d4 1678     		ldrb	r6, [r2]
 867 03d6 002E     		cmp	r6, #0
 868 03d8 1FD1     		bne	.L76
 869 03da 5A48     		ldr	r0, .L123
 870 03dc FFF7FEFF 		bl	smtc_modem_hal_print_trace
 871 03e0 3800     		movs	r0, r7
 872 03e2 FFF7FEFF 		bl	smtc_modem_hal_print_trace
 873              	.L77:
 874 03e6 0AAB     		add	r3, sp, #40
 875 03e8 1A78     		ldrb	r2, [r3]
 876 03ea 9423     		movs	r3, #148
 877 03ec FF33     		adds	r3, r3, #255
 878 03ee E254     		strb	r2, [r4, r3]
 879 03f0 733B     		subs	r3, r3, #115
 880 03f2 02AA     		add	r2, sp, #8
 881 03f4 FF3B     		subs	r3, r3, #255
 882 03f6 9B18     		adds	r3, r3, r2
 883 03f8 1A78     		ldrb	r2, [r3]
 884 03fa CA23     		movs	r3, #202
 885 03fc 5B00     		lsls	r3, r3, #1
 886 03fe E254     		strb	r2, [r4, r3]
 887 0400 2068     		ldr	r0, [r4]
 888 0402 FFF7FEFF 		bl	lr1mac_core_next_free_duty_cycle_ms_get
 889 0406 0028     		cmp	r0, #0
 890 0408 00DD     		ble	.LCB883
 891 040a 3DE7     		b	.L80	@long jump
 892              	.LCB883:
 893 040c 9222     		movs	r2, #146
 894 040e 2368     		ldr	r3, [r4]
 895 0410 FF32     		adds	r2, r2, #255
 896 0412 A25C     		ldrb	r2, [r4, r2]
 897 0414 7633     		adds	r3, r3, #118
 898 0416 1A70     		strb	r2, [r3]
 899 0418 36E7     		b	.L80
 900              	.L76:
 901 041a 5C33     		adds	r3, r3, #92
 902 041c 9B00     		lsls	r3, r3, #2
 903 041e 1B59     		ldr	r3, [r3, r4]
 904 0420 069E     		ldr	r6, [sp, #24]
 905 0422 5A7B     		ldrb	r2, [r3, #13]
 906 0424 0296     		str	r6, [sp, #8]
 907 0426 9E68     		ldr	r6, [r3, #8]
 908 0428 4A30     		adds	r0, r0, #74
 909 042a 0196     		str	r6, [sp, #4]
 910 042c 0126     		movs	r6, #1
 911 042e 0096     		str	r6, [sp]
 912 0430 5B68     		ldr	r3, [r3, #4]
 913 0432 2018     		adds	r0, r4, r0
 914 0434 FFF7FEFF 		bl	smtc_modem_crypto_payload_decrypt
 915 0438 0028     		cmp	r0, #0
ARM GAS  /tmp/cc9f9OAE.s 			page 18


 916 043a 16D0     		beq	.L78
 917 043c 424B     		ldr	r3, .L123+4
 918 043e 1800     		movs	r0, r3
 919 0440 0793     		str	r3, [sp, #28]
 920 0442 FFF7FEFF 		bl	smtc_modem_hal_store_crashlog
 921 0446 3000     		movs	r0, r6
 922 0448 FFF7FEFF 		bl	smtc_modem_hal_set_crashlog_status
 923 044c 0799     		ldr	r1, [sp, #28]
 924 044e 3F48     		ldr	r0, .L123+8
 925 0450 FFF7FEFF 		bl	smtc_modem_hal_print_trace
 926 0454 3800     		movs	r0, r7
 927 0456 FFF7FEFF 		bl	smtc_modem_hal_print_trace
 928 045a 3D48     		ldr	r0, .L123+12
 929 045c FFF7FEFF 		bl	smtc_modem_hal_print_trace
 930 0460 3800     		movs	r0, r7
 931 0462 FFF7FEFF 		bl	smtc_modem_hal_print_trace
 932 0466 FFF7FEFF 		bl	smtc_modem_hal_reset_mcu
 933              	.L78:
 934 046a A623     		movs	r3, #166
 935 046c FF33     		adds	r3, r3, #255
 936 046e E35C     		ldrb	r3, [r4, r3]
 937 0470 002B     		cmp	r3, #0
 938 0472 06D0     		beq	.L79
 939              	.L82:
 940 0474 3748     		ldr	r0, .L123+16
 941 0476 FFF7FEFF 		bl	smtc_modem_hal_print_trace
 942 047a 3800     		movs	r0, r7
 943 047c FFF7FEFF 		bl	smtc_modem_hal_print_trace
 944 0480 01E7     		b	.L66
 945              	.L79:
 946 0482 D823     		movs	r3, #216
 947 0484 0122     		movs	r2, #1
 948 0486 5B00     		lsls	r3, r3, #1
 949 0488 E254     		strb	r2, [r4, r3]
 950              	.L81:
 951 048a 0126     		movs	r6, #1
 952 048c ABE7     		b	.L77
 953              	.L75:
 954 048e 0028     		cmp	r0, #0
 955 0490 FBD0     		beq	.L81
 956 0492 EFE7     		b	.L82
 957              	.L86:
 958 0494 3E42     		tst	r6, r7
 959 0496 04D1     		bne	.L85
 960 0498 002E     		cmp	r6, #0
 961 049a 02D0     		beq	.L85
 962 049c 2E48     		ldr	r0, .L123+20
 963 049e FFF7FEFF 		bl	smtc_modem_hal_print_trace
 964              	.L85:
 965 04a2 069B     		ldr	r3, [sp, #24]
 966 04a4 2D48     		ldr	r0, .L123+24
 967 04a6 995D     		ldrb	r1, [r3, r6]
 968 04a8 FFF7FEFF 		bl	smtc_modem_hal_print_trace
 969 04ac 0136     		adds	r6, r6, #1
 970 04ae FCE6     		b	.L84
 971              	.L87:
 972 04b0 0128     		cmp	r0, #1
ARM GAS  /tmp/cc9f9OAE.s 			page 19


 973 04b2 23D1     		bne	.L89
 974 04b4 2900     		movs	r1, r5
 975 04b6 3800     		movs	r0, r7
 976 04b8 0DAD     		add	r5, sp, #52
 977 04ba 0CAA     		add	r2, sp, #48
 978 04bc FFF7FEFF 		bl	smtc_real_fsk_dr_to_bitrate
 979 04c0 2C22     		movs	r2, #44
 980 04c2 0021     		movs	r1, #0
 981 04c4 2800     		movs	r0, r5
 982 04c6 FFF7FEFF 		bl	memset
 983 04ca 2822     		movs	r2, #40
 984 04cc 02AB     		add	r3, sp, #8
 985 04ce 9B18     		adds	r3, r3, r2
 986 04d0 1A78     		ldrb	r2, [r3]
 987 04d2 FA23     		movs	r3, #250
 988 04d4 9B00     		lsls	r3, r3, #2
 989 04d6 5343     		muls	r3, r2
 990 04d8 0D93     		str	r3, [sp, #52]
 991 04da 2823     		movs	r3, #40
 992 04dc 2B82     		strh	r3, [r5, #16]
 993 04de 069B     		ldr	r3, [sp, #24]
 994 04e0 6E75     		strb	r6, [r5, #21]
 995 04e2 AB75     		strb	r3, [r5, #22]
 996 04e4 0423     		movs	r3, #4
 997 04e6 EB75     		strb	r3, [r5, #23]
 998 04e8 1D4B     		ldr	r3, .L123+28
 999 04ea 2900     		movs	r1, r5
 1000 04ec FA58     		ldr	r2, [r7, r3]
 1001 04ee 9C23     		movs	r3, #156
 1002 04f0 1B01     		lsls	r3, r3, #4
 1003 04f2 D358     		ldr	r3, [r2, r3]
 1004 04f4 11A8     		add	r0, sp, #68
 1005 04f6 A433     		adds	r3, r3, #164
 1006 04f8 1B68     		ldr	r3, [r3]
 1007 04fa 27E7     		b	.L119
 1008              	.L89:
 1009 04fc 194D     		ldr	r5, .L123+32
 1010 04fe 2800     		movs	r0, r5
 1011 0500 FFF7FEFF 		bl	smtc_modem_hal_store_crashlog
 1012 0504 0120     		movs	r0, #1
 1013 0506 FFF7FEFF 		bl	smtc_modem_hal_set_crashlog_status
 1014 050a 2900     		movs	r1, r5
 1015 050c 0F48     		ldr	r0, .L123+8
 1016 050e FFF7FEFF 		bl	smtc_modem_hal_print_trace
 1017 0512 154D     		ldr	r5, .L123+36
 1018 0514 2800     		movs	r0, r5
 1019 0516 FFF7FEFF 		bl	smtc_modem_hal_print_trace
 1020 051a 1448     		ldr	r0, .L123+40
 1021 051c FFF7FEFF 		bl	smtc_modem_hal_print_trace
 1022 0520 2800     		movs	r0, r5
 1023 0522 FFF7FEFF 		bl	smtc_modem_hal_print_trace
 1024 0526 FFF7FEFF 		bl	smtc_modem_hal_reset_mcu
 1025 052a 0020     		movs	r0, #0
 1026 052c 0FE7     		b	.L88
 1027              	.L53:
 1028 052e 1048     		ldr	r0, .L123+44
 1029              	.L120:
ARM GAS  /tmp/cc9f9OAE.s 			page 20


 1030 0530 FFF7FEFF 		bl	smtc_modem_hal_print_trace
 1031 0534 E1E5     		b	.L47
 1032              	.L49:
 1033 0536 0F48     		ldr	r0, .L123+48
 1034 0538 FAE7     		b	.L120
 1035              	.L48:
 1036 053a 0F4B     		ldr	r3, .L123+52
 1037 053c 1800     		movs	r0, r3
 1038 053e FFF7FEFF 		bl	smtc_modem_hal_print_trace
 1039 0542 DAE5     		b	.L47
 1040              	.L124:
 1041              		.align	2
 1042              	.L123:
 1043 0544 B0000000 		.word	.LC18
 1044 0548 00000000 		.word	__func__.2
 1045 054c EC000000 		.word	.LC21
 1046 0550 09010000 		.word	.LC23
 1047 0554 42010000 		.word	.LC25
 1048 0558 50000000 		.word	.LC8
 1049 055c 52000000 		.word	.LC10
 1050 0560 BC040000 		.word	1212
 1051 0564 00000000 		.word	__func__.1
 1052 0568 8D000000 		.word	.LC14
 1053 056c A2010000 		.word	.LC32
 1054 0570 D0010000 		.word	.LC34
 1055 0574 E6010000 		.word	.LC36
 1056 0578 0F020000 		.word	.LC38
 1058              		.section	.rodata.smtc_ping_slot_compute_first_slot.str1.1,"aMS",%progbits,1
 1059              	.LC43:
 1060 0000 1B5B303B 		.ascii	"\033[0;31mERROR: -> Crypto error while getting clas"
 1060      33316D45 
 1060      52524F52 
 1060      3A202D3E 
 1060      20437279 
 1061 0030 73204220 		.ascii	"s B rand number for ping slot offset computation\000"
 1061      72616E64 
 1061      206E756D 
 1061      62657220 
 1061      666F7220 
 1062              		.global	__aeabi_uidivmod
 1063              		.global	__aeabi_idivmod
 1064              		.section	.text.smtc_ping_slot_compute_first_slot,"ax",%progbits
 1065              		.align	1
 1066              		.global	smtc_ping_slot_compute_first_slot
 1067              		.syntax unified
 1068              		.code	16
 1069              		.thumb_func
 1071              	smtc_ping_slot_compute_first_slot:
 1072              		@ args = 4, pretend = 0, frame = 24
 1073              		@ frame_needed = 0, uses_anonymous_args = 0
 1074 0000 F0B5     		push	{r4, r5, r6, r7, lr}
 1075 0002 1500     		movs	r5, r2
 1076 0004 87B0     		sub	sp, sp, #28
 1077 0006 1022     		movs	r2, #16
 1078 0008 0193     		str	r3, [sp, #4]
 1079 000a 0600     		movs	r6, r0
 1080 000c 0CAB     		add	r3, sp, #48
ARM GAS  /tmp/cc9f9OAE.s 			page 21


 1081 000e 0C00     		movs	r4, r1
 1082 0010 02A8     		add	r0, sp, #8
 1083 0012 0021     		movs	r1, #0
 1084 0014 1F88     		ldrh	r7, [r3]
 1085 0016 FFF7FEFF 		bl	memset
 1086 001a 2800     		movs	r0, r5
 1087 001c 0199     		ldr	r1, [sp, #4]
 1088 001e 02AA     		add	r2, sp, #8
 1089 0020 FFF7FEFF 		bl	smtc_modem_crypto_get_class_b_rand
 1090 0024 0028     		cmp	r0, #0
 1091 0026 16D0     		beq	.L126
 1092 0028 124D     		ldr	r5, .L130
 1093 002a 2800     		movs	r0, r5
 1094 002c FFF7FEFF 		bl	smtc_modem_hal_store_crashlog
 1095 0030 0120     		movs	r0, #1
 1096 0032 FFF7FEFF 		bl	smtc_modem_hal_set_crashlog_status
 1097 0036 2900     		movs	r1, r5
 1098 0038 0F48     		ldr	r0, .L130+4
 1099 003a FFF7FEFF 		bl	smtc_modem_hal_print_trace
 1100 003e 0F4D     		ldr	r5, .L130+8
 1101 0040 2800     		movs	r0, r5
 1102 0042 FFF7FEFF 		bl	smtc_modem_hal_print_trace
 1103 0046 0E48     		ldr	r0, .L130+12
 1104 0048 FFF7FEFF 		bl	smtc_modem_hal_print_trace
 1105 004c 2800     		movs	r0, r5
 1106 004e FFF7FEFF 		bl	smtc_modem_hal_print_trace
 1107 0052 FFF7FEFF 		bl	smtc_modem_hal_reset_mcu
 1108              	.L126:
 1109 0056 02AB     		add	r3, sp, #8
 1110 0058 1888     		ldrh	r0, [r3]
 1111 005a 3900     		movs	r1, r7
 1112 005c FFF7FEFF 		bl	__aeabi_idivmod
 1113 0060 9620     		movs	r0, #150
 1114 0062 0A23     		movs	r3, #10
 1115 0064 4000     		lsls	r0, r0, #1
 1116 0066 6343     		muls	r3, r4
 1117 0068 4843     		muls	r0, r1
 1118 006a 9B19     		adds	r3, r3, r6
 1119 006c C018     		adds	r0, r0, r3
 1120 006e 07B0     		add	sp, sp, #28
 1121              		@ sp needed
 1122 0070 F0BD     		pop	{r4, r5, r6, r7, pc}
 1123              	.L131:
 1124 0072 C046     		.align	2
 1125              	.L130:
 1126 0074 00000000 		.word	__func__.0
 1127 0078 EC000000 		.word	.LC21
 1128 007c 8D000000 		.word	.LC14
 1129 0080 00000000 		.word	.LC43
 1131              		.section	.text.smtc_ping_slot_init_after_beacon,"ax",%progbits
 1132              		.align	1
 1133              		.global	smtc_ping_slot_init_after_beacon
 1134              		.syntax unified
 1135              		.code	16
 1136              		.thumb_func
 1138              	smtc_ping_slot_init_after_beacon:
 1139              		@ args = 8, pretend = 0, frame = 8
ARM GAS  /tmp/cc9f9OAE.s 			page 22


 1140              		@ frame_needed = 0, uses_anonymous_args = 0
 1141 0000 F0B5     		push	{r4, r5, r6, r7, lr}
 1142 0002 1E00     		movs	r6, r3
 1143 0004 C223     		movs	r3, #194
 1144 0006 85B0     		sub	sp, sp, #20
 1145 0008 5B00     		lsls	r3, r3, #1
 1146 000a C250     		str	r2, [r0, r3]
 1147 000c 0A9A     		ldr	r2, [sp, #40]
 1148 000e 0433     		adds	r3, r3, #4
 1149 0010 C650     		str	r6, [r0, r3]
 1150 0012 0433     		adds	r3, r3, #4
 1151 0014 C250     		str	r2, [r0, r3]
 1152 0016 0300     		movs	r3, r0
 1153 0018 0500     		movs	r5, r0
 1154 001a 0127     		movs	r7, #1
 1155 001c 0268     		ldr	r2, [r0]
 1156 001e FC33     		adds	r3, r3, #252
 1157 0020 5B6F     		ldr	r3, [r3, #116]
 1158 0022 0391     		str	r1, [sp, #12]
 1159 0024 D16E     		ldr	r1, [r2, #108]
 1160 0026 8530     		adds	r0, r0, #133
 1161 0028 5960     		str	r1, [r3, #4]
 1162 002a 1949     		ldr	r1, .L141
 1163 002c 7135     		adds	r5, r5, #113
 1164 002e 525C     		ldrb	r2, [r2, r1]
 1165 0030 FF30     		adds	r0, r0, #255
 1166 0032 1A76     		strb	r2, [r3, #24]
 1167 0034 FF35     		adds	r5, r5, #255
 1168 0036 0290     		str	r0, [sp, #8]
 1169              	.L136:
 1170 0038 2C68     		ldr	r4, [r5]
 1171 003a 2300     		movs	r3, r4
 1172 003c 2933     		adds	r3, r3, #41
 1173 003e 1A78     		ldrb	r2, [r3]
 1174 0040 002A     		cmp	r2, #0
 1175 0042 1CD0     		beq	.L133
 1176 0044 0022     		movs	r2, #0
 1177 0046 1A70     		strb	r2, [r3]
 1178 0048 2770     		strb	r7, [r4]
 1179              	.L134:
 1180 004a 0722     		movs	r2, #7
 1181 004c 3900     		movs	r1, r7
 1182 004e 237E     		ldrb	r3, [r4, #24]
 1183 0050 0398     		ldr	r0, [sp, #12]
 1184 0052 D21A     		subs	r2, r2, r3
 1185 0054 9140     		lsls	r1, r1, r2
 1186 0056 3A00     		movs	r2, r7
 1187 0058 0533     		adds	r3, r3, #5
 1188 005a 9A40     		lsls	r2, r2, r3
 1189 005c 93B2     		uxth	r3, r2
 1190 005e A177     		strb	r1, [r4, #30]
 1191 0060 A383     		strh	r3, [r4, #28]
 1192 0062 0093     		str	r3, [sp]
 1193 0064 6368     		ldr	r3, [r4, #4]
 1194 0066 3100     		movs	r1, r6
 1195 0068 0B9A     		ldr	r2, [sp, #44]
 1196 006a FFF7FEFF 		bl	smtc_ping_slot_compute_first_slot
ARM GAS  /tmp/cc9f9OAE.s 			page 23


 1197 006e 6062     		str	r0, [r4, #36]
 1198 0070 2C68     		ldr	r4, [r5]
 1199 0072 0A21     		movs	r1, #10
 1200 0074 606A     		ldr	r0, [r4, #36]
 1201 0076 FFF7FEFF 		bl	__aeabi_uidiv
 1202 007a 2062     		str	r0, [r4, #32]
 1203 007c 02E0     		b	.L135
 1204              	.L133:
 1205 007e 2378     		ldrb	r3, [r4]
 1206 0080 002B     		cmp	r3, #0
 1207 0082 E2D1     		bne	.L134
 1208              	.L135:
 1209 0084 029B     		ldr	r3, [sp, #8]
 1210 0086 0435     		adds	r5, r5, #4
 1211 0088 AB42     		cmp	r3, r5
 1212 008a D5D1     		bne	.L136
 1213 008c 05B0     		add	sp, sp, #20
 1214              		@ sp needed
 1215 008e F0BD     		pop	{r4, r5, r6, r7, pc}
 1216              	.L142:
 1217              		.align	2
 1218              	.L141:
 1219 0090 52050000 		.word	1362
 1221              		.section	.text.smtc_ping_slot_multicast_b_start_session,"ax",%progbits
 1222              		.align	1
 1223              		.global	smtc_ping_slot_multicast_b_start_session
 1224              		.syntax unified
 1225              		.code	16
 1226              		.thumb_func
 1228              	smtc_ping_slot_multicast_b_start_session:
 1229              		@ args = 4, pretend = 0, frame = 8
 1230              		@ frame_needed = 0, uses_anonymous_args = 0
 1231 0000 F7B5     		push	{r0, r1, r2, r4, r5, r6, r7, lr}
 1232 0002 1E00     		movs	r6, r3
 1233 0004 08AB     		add	r3, sp, #32
 1234 0006 1B78     		ldrb	r3, [r3]
 1235 0008 0500     		movs	r5, r0
 1236 000a 0193     		str	r3, [sp, #4]
 1237 000c 437B     		ldrb	r3, [r0, #13]
 1238 000e 1700     		movs	r7, r2
 1239 0010 0620     		movs	r0, #6
 1240 0012 002B     		cmp	r3, #0
 1241 0014 15D0     		beq	.L144
 1242 0016 0538     		subs	r0, r0, #5
 1243 0018 0329     		cmp	r1, #3
 1244 001a 12D8     		bhi	.L144
 1245 001c 8C00     		lsls	r4, r1, #2
 1246 001e 2C19     		adds	r4, r5, r4
 1247 0020 FC34     		adds	r4, r4, #252
 1248 0022 A36F     		ldr	r3, [r4, #120]
 1249 0024 0130     		adds	r0, r0, #1
 1250 0026 1A78     		ldrb	r2, [r3]
 1251 0028 002A     		cmp	r2, #0
 1252 002a 0AD1     		bne	.L144
 1253 002c 2933     		adds	r3, r3, #41
 1254 002e 1B78     		ldrb	r3, [r3]
 1255 0030 002B     		cmp	r3, #0
ARM GAS  /tmp/cc9f9OAE.s 			page 24


 1256 0032 06D1     		bne	.L144
 1257 0034 3900     		movs	r1, r7
 1258 0036 2868     		ldr	r0, [r5]
 1259 0038 FFF7FEFF 		bl	smtc_real_is_frequency_valid
 1260 003c 0028     		cmp	r0, #0
 1261 003e 01D0     		beq	.L145
 1262              	.L146:
 1263 0040 0420     		movs	r0, #4
 1264              	.L144:
 1265              		@ sp needed
 1266 0042 FEBD     		pop	{r1, r2, r3, r4, r5, r6, r7, pc}
 1267              	.L145:
 1268 0044 3100     		movs	r1, r6
 1269 0046 2868     		ldr	r0, [r5]
 1270 0048 FFF7FEFF 		bl	smtc_real_is_rx_dr_valid
 1271 004c 0028     		cmp	r0, #0
 1272 004e F7D1     		bne	.L146
 1273 0050 A36F     		ldr	r3, [r4, #120]
 1274 0052 019A     		ldr	r2, [sp, #4]
 1275 0054 1F61     		str	r7, [r3, #16]
 1276 0056 1A76     		strb	r2, [r3, #24]
 1277 0058 0122     		movs	r2, #1
 1278 005a 5242     		rsbs	r2, r2, #0
 1279 005c 9A60     		str	r2, [r3, #8]
 1280 005e 1E75     		strb	r6, [r3, #20]
 1281 0060 0232     		adds	r2, r2, #2
 1282 0062 2933     		adds	r3, r3, #41
 1283 0064 1A70     		strb	r2, [r3]
 1284 0066 ECE7     		b	.L144
 1286              		.section	.text.smtc_ping_slot_multicast_b_stop_session,"ax",%progbits
 1287              		.align	1
 1288              		.global	smtc_ping_slot_multicast_b_stop_session
 1289              		.syntax unified
 1290              		.code	16
 1291              		.thumb_func
 1293              	smtc_ping_slot_multicast_b_stop_session:
 1294              		@ args = 0, pretend = 0, frame = 0
 1295              		@ frame_needed = 0, uses_anonymous_args = 0
 1296              		@ link register save eliminated.
 1297 0000 0300     		movs	r3, r0
 1298 0002 0120     		movs	r0, #1
 1299 0004 0329     		cmp	r1, #3
 1300 0006 0AD8     		bhi	.L152
 1301 0008 5D31     		adds	r1, r1, #93
 1302 000a 8900     		lsls	r1, r1, #2
 1303 000c CB58     		ldr	r3, [r1, r3]
 1304 000e 0020     		movs	r0, #0
 1305 0010 1A00     		movs	r2, r3
 1306 0012 2932     		adds	r2, r2, #41
 1307 0014 1870     		strb	r0, [r3]
 1308 0016 1070     		strb	r0, [r2]
 1309 0018 FF22     		movs	r2, #255
 1310 001a 1861     		str	r0, [r3, #16]
 1311 001c 1A75     		strb	r2, [r3, #20]
 1312              	.L152:
 1313              		@ sp needed
 1314 001e 7047     		bx	lr
ARM GAS  /tmp/cc9f9OAE.s 			page 25


 1316              		.section	.text.smtc_ping_slot_multicast_b_stop_all_sessions,"ax",%progbits
 1317              		.align	1
 1318              		.global	smtc_ping_slot_multicast_b_stop_all_sessions
 1319              		.syntax unified
 1320              		.code	16
 1321              		.thumb_func
 1323              	smtc_ping_slot_multicast_b_stop_all_sessions:
 1324              		@ args = 0, pretend = 0, frame = 0
 1325              		@ frame_needed = 0, uses_anonymous_args = 0
 1326 0000 0200     		movs	r2, r0
 1327 0002 30B5     		push	{r4, r5, lr}
 1328 0004 0021     		movs	r1, #0
 1329 0006 FF24     		movs	r4, #255
 1330 0008 7532     		adds	r2, r2, #117
 1331 000a 8530     		adds	r0, r0, #133
 1332 000c FF32     		adds	r2, r2, #255
 1333 000e FF30     		adds	r0, r0, #255
 1334              	.L155:
 1335 0010 08CA     		ldmia	r2!, {r3}
 1336 0012 1D00     		movs	r5, r3
 1337 0014 2935     		adds	r5, r5, #41
 1338 0016 1970     		strb	r1, [r3]
 1339 0018 2970     		strb	r1, [r5]
 1340 001a 1961     		str	r1, [r3, #16]
 1341 001c 1C75     		strb	r4, [r3, #20]
 1342 001e 8242     		cmp	r2, r0
 1343 0020 F6D1     		bne	.L155
 1344              		@ sp needed
 1345 0022 0020     		movs	r0, #0
 1346 0024 30BD     		pop	{r4, r5, pc}
 1348              		.section	.text.smtc_ping_slot_stop,"ax",%progbits
 1349              		.align	1
 1350              		.global	smtc_ping_slot_stop
 1351              		.syntax unified
 1352              		.code	16
 1353              		.thumb_func
 1355              	smtc_ping_slot_stop:
 1356              		@ args = 0, pretend = 0, frame = 0
 1357              		@ frame_needed = 0, uses_anonymous_args = 0
 1358 0000 70B5     		push	{r4, r5, r6, lr}
 1359 0002 437B     		ldrb	r3, [r0, #13]
 1360 0004 0400     		movs	r4, r0
 1361 0006 002B     		cmp	r3, #0
 1362 0008 0AD0     		beq	.L157
 1363 000a 0025     		movs	r5, #0
 1364 000c 4573     		strb	r5, [r0, #13]
 1365 000e FFF7FEFF 		bl	smtc_ping_slot_multicast_b_stop_all_sessions
 1366 0012 2179     		ldrb	r1, [r4, #4]
 1367 0014 A068     		ldr	r0, [r4, #8]
 1368 0016 FFF7FEFF 		bl	rp_task_abort
 1369 001a 2368     		ldr	r3, [r4]
 1370 001c 7733     		adds	r3, r3, #119
 1371 001e 1D70     		strb	r5, [r3]
 1372              	.L157:
 1373              		@ sp needed
 1374 0020 70BD     		pop	{r4, r5, r6, pc}
 1376              		.section	.rodata.smtc_ping_slot_start.str1.1,"aMS",%progbits,1
ARM GAS  /tmp/cc9f9OAE.s 			page 26


 1377              	.LC50:
 1378 0000 1B5B303B 		.ascii	"\033[0;31mERROR: -> ping_slot_obj bad initializatio"
 1378      33316D45 
 1378      52524F52 
 1378      3A202D3E 
 1378      2070696E 
 1379 0030 6E200A00 		.ascii	"n \012\000"
 1380              	.LC52:
 1381 0034 1B5B303B 		.ascii	"\033[0;33mWARN: Ping Slot not started, time sync is"
 1381      33336D57 
 1381      41524E3A 
 1381      2050696E 
 1381      6720536C 
 1382 0064 206E6F74 		.ascii	" not valid\012\000"
 1382      2076616C 
 1382      69640A00 
 1383              	.LC54:
 1384 0070 1B5B303B 		.ascii	"\033[0;33mWARN: Ping Slot not started, PinSlotInfoR"
 1384      33336D57 
 1384      41524E3A 
 1384      2050696E 
 1384      6720536C 
 1385 00a0 65712069 		.ascii	"eq is needed\012\000"
 1385      73206E65 
 1385      65646564 
 1385      0A00
 1386              	.LC56:
 1387 00ae 1B5B303B 		.ascii	"\033[0;33mWARN: Ping Slot unicast not started\012\000"
 1387      33336D57 
 1387      41524E3A 
 1387      2050696E 
 1387      6720536C 
 1388              	.LC58:
 1389 00da 50696E67 		.ascii	"Ping Slot no more session\012\000"
 1389      20536C6F 
 1389      74206E6F 
 1389      206D6F72 
 1389      65207365 
 1390              	.LC60:
 1391 00f5 1B5B303B 		.ascii	"\033[0;31mERROR: -> MODULATION NOT SUPPORTED\012\000"
 1391      33316D45 
 1391      52524F52 
 1391      3A202D3E 
 1391      204D4F44 
 1392              	.LC62:
 1393 0120 1B5B303B 		.ascii	"\033[0;31mERROR: ping_slot_obj START ERROR \012\000"
 1393      33316D45 
 1393      52524F52 
 1393      3A207069 
 1393      6E675F73 
 1394              	.LC64:
 1395 014a 70696E67 		.ascii	"ping_slot_obj devaddr:%x START at %d, freq:%u, dr:%"
 1395      5F736C6F 
 1395      745F6F62 
 1395      6A206465 
 1395      76616464 
 1396 017d 642C2050 		.ascii	"d, PingNb:%d\012\000"
ARM GAS  /tmp/cc9f9OAE.s 			page 27


 1396      696E674E 
 1396      623A2564 
 1396      0A00
 1397              		.section	.text.smtc_ping_slot_start,"ax",%progbits
 1398              		.align	1
 1399              		.global	smtc_ping_slot_start
 1400              		.syntax unified
 1401              		.code	16
 1402              		.thumb_func
 1404              	smtc_ping_slot_start:
 1405              		@ args = 0, pretend = 0, frame = 248
 1406              		@ frame_needed = 0, uses_anonymous_args = 0
 1407 0000 F0B5     		push	{r4, r5, r6, r7, lr}
 1408 0002 0369     		ldr	r3, [r0, #16]
 1409 0004 0400     		movs	r4, r0
 1410 0006 C3B0     		sub	sp, sp, #268
 1411 0008 002B     		cmp	r3, #0
 1412 000a 16D1     		bne	.L163
 1413 000c 8C4D     		ldr	r5, .L223
 1414 000e 2800     		movs	r0, r5
 1415 0010 FFF7FEFF 		bl	smtc_modem_hal_store_crashlog
 1416 0014 0120     		movs	r0, #1
 1417 0016 FFF7FEFF 		bl	smtc_modem_hal_set_crashlog_status
 1418 001a 2900     		movs	r1, r5
 1419 001c 8948     		ldr	r0, .L223+4
 1420 001e FFF7FEFF 		bl	smtc_modem_hal_print_trace
 1421 0022 894D     		ldr	r5, .L223+8
 1422 0024 2800     		movs	r0, r5
 1423 0026 FFF7FEFF 		bl	smtc_modem_hal_print_trace
 1424 002a 8848     		ldr	r0, .L223+12
 1425 002c FFF7FEFF 		bl	smtc_modem_hal_print_trace
 1426 0030 2800     		movs	r0, r5
 1427 0032 FFF7FEFF 		bl	smtc_modem_hal_print_trace
 1428 0036 FFF7FEFF 		bl	smtc_modem_hal_reset_mcu
 1429              	.L163:
 1430 003a 2068     		ldr	r0, [r4]
 1431 003c FFF7FEFF 		bl	lr1mac_core_is_time_valid
 1432 0040 0028     		cmp	r0, #0
 1433 0042 0AD1     		bne	.L164
 1434 0044 2000     		movs	r0, r4
 1435 0046 FFF7FEFF 		bl	smtc_ping_slot_stop
 1436 004a 8148     		ldr	r0, .L223+16
 1437              	.L222:
 1438 004c FFF7FEFF 		bl	smtc_modem_hal_print_trace
 1439 0050 7D48     		ldr	r0, .L223+8
 1440              	.L221:
 1441 0052 FFF7FEFF 		bl	smtc_modem_hal_print_trace
 1442              	.L162:
 1443 0056 43B0     		add	sp, sp, #268
 1444              		@ sp needed
 1445 0058 F0BD     		pop	{r4, r5, r6, r7, pc}
 1446              	.L164:
 1447 005a 2268     		ldr	r2, [r4]
 1448 005c 7D4B     		ldr	r3, .L223+20
 1449 005e D35C     		ldrb	r3, [r2, r3]
 1450 0060 032B     		cmp	r3, #3
 1451 0062 04D0     		beq	.L166
ARM GAS  /tmp/cc9f9OAE.s 			page 28


 1452 0064 2000     		movs	r0, r4
 1453 0066 FFF7FEFF 		bl	smtc_ping_slot_stop
 1454 006a 7B48     		ldr	r0, .L223+24
 1455 006c EEE7     		b	.L222
 1456              	.L166:
 1457 006e 8422     		movs	r2, #132
 1458 0070 0021     		movs	r1, #0
 1459 0072 21A8     		add	r0, sp, #132
 1460 0074 FFF7FEFF 		bl	memset
 1461 0078 1C22     		movs	r2, #28
 1462 007a 0021     		movs	r1, #0
 1463 007c 0FA8     		add	r0, sp, #60
 1464 007e FFF7FEFF 		bl	memset
 1465              	.L193:
 1466 0082 FFF7FEFF 		bl	smtc_modem_hal_get_time_in_ms
 1467 0086 2500     		movs	r5, r4
 1468 0088 0100     		movs	r1, r0
 1469 008a 0590     		str	r0, [sp, #20]
 1470 008c FC35     		adds	r5, r5, #252
 1471 008e 2000     		movs	r0, r4
 1472 0090 FFF7FEFF 		bl	smtc_ping_slot_compute_next_ping_offset_time
 1473 0094 696F     		ldr	r1, [r5, #116]
 1474 0096 0B78     		ldrb	r3, [r1]
 1475 0098 002B     		cmp	r3, #0
 1476 009a 4AD0     		beq	.L167
 1477 009c 2068     		ldr	r0, [r4]
 1478 009e 0AAA     		add	r2, sp, #40
 1479 00a0 C36E     		ldr	r3, [r0, #108]
 1480 00a2 4B60     		str	r3, [r1, #4]
 1481 00a4 0BAB     		add	r3, sp, #44
 1482 00a6 096A     		ldr	r1, [r1, #32]
 1483 00a8 FFF7FEFF 		bl	lr1mac_core_convert_rtc_to_gps_epoch_time
 1484 00ac 2068     		ldr	r0, [r4]
 1485 00ae 6B4B     		ldr	r3, .L223+28
 1486 00b0 C358     		ldr	r3, [r0, r3]
 1487 00b2 002B     		cmp	r3, #0
 1488 00b4 05D1     		bne	.L168
 1489 00b6 6B6F     		ldr	r3, [r5, #116]
 1490 00b8 0A99     		ldr	r1, [sp, #40]
 1491 00ba 5A68     		ldr	r2, [r3, #4]
 1492 00bc FFF7FEFF 		bl	smtc_real_get_ping_slot_frequency
 1493 00c0 0300     		movs	r3, r0
 1494              	.L168:
 1495 00c2 AA21     		movs	r1, #170
 1496 00c4 6A6F     		ldr	r2, [r5, #116]
 1497 00c6 C900     		lsls	r1, r1, #3
 1498 00c8 1361     		str	r3, [r2, #16]
 1499 00ca 2368     		ldr	r3, [r4]
 1500 00cc 595C     		ldrb	r1, [r3, r1]
 1501 00ce 7733     		adds	r3, r3, #119
 1502 00d0 1175     		strb	r1, [r2, #20]
 1503 00d2 1A78     		ldrb	r2, [r3]
 1504 00d4 002A     		cmp	r2, #0
 1505 00d6 01D1     		bne	.L169
 1506 00d8 0132     		adds	r2, r2, #1
 1507 00da 1A70     		strb	r2, [r3]
 1508              	.L169:
ARM GAS  /tmp/cc9f9OAE.s 			page 29


 1509 00dc A023     		movs	r3, #160
 1510 00de 0522     		movs	r2, #5
 1511 00e0 2000     		movs	r0, r4
 1512 00e2 5B00     		lsls	r3, r3, #1
 1513 00e4 C625     		movs	r5, #198
 1514 00e6 C226     		movs	r6, #194
 1515 00e8 E254     		strb	r2, [r4, r3]
 1516 00ea 0023     		movs	r3, #0
 1517 00ec 7130     		adds	r0, r0, #113
 1518 00ee FF30     		adds	r0, r0, #255
 1519 00f0 6D00     		lsls	r5, r5, #1
 1520 00f2 7600     		lsls	r6, r6, #1
 1521              	.L172:
 1522 00f4 0268     		ldr	r2, [r0]
 1523 00f6 1178     		ldrb	r1, [r2]
 1524 00f8 0029     		cmp	r1, #0
 1525 00fa 1CD0     		beq	.L170
 1526 00fc 116A     		ldr	r1, [r2, #32]
 1527 00fe A759     		ldr	r7, [r4, r6]
 1528 0100 6259     		ldr	r2, [r4, r5]
 1529 0102 D21B     		subs	r2, r2, r7
 1530 0104 5218     		adds	r2, r2, r1
 1531 0106 002A     		cmp	r2, #0
 1532 0108 15DC     		bgt	.L170
 1533 010a 059A     		ldr	r2, [sp, #20]
 1534 010c 891A     		subs	r1, r1, r2
 1535 010e 0029     		cmp	r1, #0
 1536 0110 11DD     		ble	.L170
 1537 0112 A022     		movs	r2, #160
 1538 0114 5200     		lsls	r2, r2, #1
 1539 0116 A354     		strb	r3, [r4, r2]
 1540              	.L171:
 1541 0118 A023     		movs	r3, #160
 1542 011a 5B00     		lsls	r3, r3, #1
 1543 011c E55C     		ldrb	r5, [r4, r3]
 1544 011e 052D     		cmp	r5, #5
 1545 0120 17D1     		bne	.L173
 1546              	.L187:
 1547 0122 A025     		movs	r5, #160
 1548 0124 6D00     		lsls	r5, r5, #1
 1549 0126 635D     		ldrb	r3, [r4, r5]
 1550 0128 052B     		cmp	r3, #5
 1551 012a 00D0     		beq	.LCB1585
 1552 012c 9CE0     		b	.L214	@long jump
 1553              	.LCB1585:
 1554 012e 4C48     		ldr	r0, .L223+32
 1555 0130 8FE7     		b	.L221
 1556              	.L167:
 1557 0132 4C48     		ldr	r0, .L223+36
 1558 0134 8AE7     		b	.L222
 1559              	.L170:
 1560 0136 0133     		adds	r3, r3, #1
 1561 0138 DBB2     		uxtb	r3, r3
 1562 013a 0430     		adds	r0, r0, #4
 1563 013c 052B     		cmp	r3, #5
 1564 013e D9D1     		bne	.L172
 1565 0140 EAE7     		b	.L171
ARM GAS  /tmp/cc9f9OAE.s 			page 30


 1566              	.L181:
 1567 0142 8642     		cmp	r6, r0
 1568 0144 03D1     		bne	.L177
 1569 0146 4968     		ldr	r1, [r1, #4]
 1570 0148 5B68     		ldr	r3, [r3, #4]
 1571 014a 9942     		cmp	r1, r3
 1572 014c 32D3     		bcc	.L219
 1573              	.L177:
 1574 014e 0135     		adds	r5, r5, #1
 1575 0150 EDB2     		uxtb	r5, r5
 1576              	.L173:
 1577 0152 A023     		movs	r3, #160
 1578 0154 5B00     		lsls	r3, r3, #1
 1579 0156 E25C     		ldrb	r2, [r4, r3]
 1580 0158 042D     		cmp	r5, #4
 1581 015a E2D8     		bhi	.L187
 1582 015c 9542     		cmp	r5, r2
 1583 015e F6D0     		beq	.L177
 1584 0160 AB00     		lsls	r3, r5, #2
 1585 0162 E318     		adds	r3, r4, r3
 1586 0164 1F00     		movs	r7, r3
 1587 0166 FC37     		adds	r7, r7, #252
 1588 0168 0793     		str	r3, [sp, #28]
 1589 016a 7B6F     		ldr	r3, [r7, #116]
 1590 016c 1978     		ldrb	r1, [r3]
 1591 016e 0029     		cmp	r1, #0
 1592 0170 EDD0     		beq	.L177
 1593 0172 1E6A     		ldr	r6, [r3, #32]
 1594 0174 0599     		ldr	r1, [sp, #20]
 1595 0176 711A     		subs	r1, r6, r1
 1596 0178 02D5     		bpl	.L179
 1597 017a 997F     		ldrb	r1, [r3, #30]
 1598 017c 0029     		cmp	r1, #0
 1599 017e E6D0     		beq	.L177
 1600              	.L179:
 1601 0180 C621     		movs	r1, #198
 1602 0182 C220     		movs	r0, #194
 1603 0184 4900     		lsls	r1, r1, #1
 1604 0186 4000     		lsls	r0, r0, #1
 1605 0188 6158     		ldr	r1, [r4, r1]
 1606 018a 2058     		ldr	r0, [r4, r0]
 1607 018c 091A     		subs	r1, r1, r0
 1608 018e F142     		cmn	r1, r6
 1609 0190 DDD5     		bpl	.L177
 1610 0192 5C32     		adds	r2, r2, #92
 1611 0194 9200     		lsls	r2, r2, #2
 1612 0196 1159     		ldr	r1, [r2, r4]
 1613 0198 0A6A     		ldr	r2, [r1, #32]
 1614 019a 0692     		str	r2, [sp, #24]
 1615 019c 9642     		cmp	r6, r2
 1616 019e 0BD1     		bne	.L180
 1617 01a0 0A00     		movs	r2, r1
 1618 01a2 2832     		adds	r2, r2, #40
 1619 01a4 1678     		ldrb	r6, [r2]
 1620 01a6 1A00     		movs	r2, r3
 1621 01a8 2832     		adds	r2, r2, #40
 1622 01aa 1078     		ldrb	r0, [r2]
ARM GAS  /tmp/cc9f9OAE.s 			page 31


 1623 01ac A022     		movs	r2, #160
 1624 01ae 5200     		lsls	r2, r2, #1
 1625 01b0 8642     		cmp	r6, r0
 1626 01b2 C6D2     		bcs	.L181
 1627              	.L219:
 1628 01b4 A554     		strb	r5, [r4, r2]
 1629 01b6 CAE7     		b	.L177
 1630              	.L180:
 1631 01b8 069A     		ldr	r2, [sp, #24]
 1632 01ba 2068     		ldr	r0, [r4]
 1633 01bc B21A     		subs	r2, r6, r2
 1634 01be 1CD5     		bpl	.L182
 1635 01c0 1A7D     		ldrb	r2, [r3, #20]
 1636 01c2 D98A     		ldrh	r1, [r3, #22]
 1637 01c4 FFF7FEFF 		bl	smtc_ping_slot_get_duration_timeout_ms.isra.0
 1638 01c8 A022     		movs	r2, #160
 1639 01ca 5200     		lsls	r2, r2, #1
 1640 01cc A35C     		ldrb	r3, [r4, r2]
 1641 01ce 5C33     		adds	r3, r3, #92
 1642 01d0 9B00     		lsls	r3, r3, #2
 1643 01d2 1B59     		ldr	r3, [r3, r4]
 1644 01d4 196A     		ldr	r1, [r3, #32]
 1645 01d6 761A     		subs	r6, r6, r1
 1646 01d8 C642     		cmn	r6, r0
 1647 01da EBD4     		bmi	.L219
 1648 01dc 1900     		movs	r1, r3
 1649 01de 2831     		adds	r1, r1, #40
 1650 01e0 0E78     		ldrb	r6, [r1]
 1651 01e2 796F     		ldr	r1, [r7, #116]
 1652 01e4 0800     		movs	r0, r1
 1653 01e6 2830     		adds	r0, r0, #40
 1654 01e8 0078     		ldrb	r0, [r0]
 1655 01ea 8642     		cmp	r6, r0
 1656 01ec E2D3     		bcc	.L219
 1657 01ee AED1     		bne	.L177
 1658 01f0 5868     		ldr	r0, [r3, #4]
 1659 01f2 4B68     		ldr	r3, [r1, #4]
 1660 01f4 9842     		cmp	r0, r3
 1661 01f6 AAD2     		bcs	.L177
 1662 01f8 DCE7     		b	.L219
 1663              	.L182:
 1664 01fa 0A7D     		ldrb	r2, [r1, #20]
 1665 01fc C98A     		ldrh	r1, [r1, #22]
 1666 01fe FFF7FEFF 		bl	smtc_ping_slot_get_duration_timeout_ms.isra.0
 1667 0202 079B     		ldr	r3, [sp, #28]
 1668 0204 0699     		ldr	r1, [sp, #24]
 1669 0206 FC33     		adds	r3, r3, #252
 1670 0208 5A6F     		ldr	r2, [r3, #116]
 1671 020a 136A     		ldr	r3, [r2, #32]
 1672 020c CF1A     		subs	r7, r1, r3
 1673 020e C742     		cmn	r7, r0
 1674 0210 9DD4     		bmi	.L177
 1675 0212 A021     		movs	r1, #160
 1676 0214 4900     		lsls	r1, r1, #1
 1677 0216 635C     		ldrb	r3, [r4, r1]
 1678 0218 5C33     		adds	r3, r3, #92
 1679 021a 9B00     		lsls	r3, r3, #2
ARM GAS  /tmp/cc9f9OAE.s 			page 32


 1680 021c 1B59     		ldr	r3, [r3, r4]
 1681 021e 1800     		movs	r0, r3
 1682 0220 2830     		adds	r0, r0, #40
 1683 0222 0678     		ldrb	r6, [r0]
 1684 0224 1000     		movs	r0, r2
 1685 0226 2830     		adds	r0, r0, #40
 1686 0228 0078     		ldrb	r0, [r0]
 1687 022a 8642     		cmp	r6, r0
 1688 022c 01D2     		bcs	.L185
 1689              	.L217:
 1690 022e 6554     		strb	r5, [r4, r1]
 1691 0230 8DE7     		b	.L177
 1692              	.L185:
 1693 0232 8642     		cmp	r6, r0
 1694 0234 8BD1     		bne	.L177
 1695 0236 5868     		ldr	r0, [r3, #4]
 1696 0238 5368     		ldr	r3, [r2, #4]
 1697 023a 9842     		cmp	r0, r3
 1698 023c 87D2     		bcs	.L177
 1699 023e F6E7     		b	.L217
 1700              	.L224:
 1701              		.align	2
 1702              	.L223:
 1703 0240 00000000 		.word	__func__.4
 1704 0244 EC000000 		.word	.LC21
 1705 0248 8D000000 		.word	.LC14
 1706 024c 00000000 		.word	.LC50
 1707 0250 34000000 		.word	.LC52
 1708 0254 46050000 		.word	1350
 1709 0258 70000000 		.word	.LC54
 1710 025c 4C050000 		.word	1356
 1711 0260 DA000000 		.word	.LC58
 1712 0264 AE000000 		.word	.LC56
 1713              	.L214:
 1714 0268 0122     		movs	r2, #1
 1715 026a 5C33     		adds	r3, r3, #92
 1716 026c 9B00     		lsls	r3, r3, #2
 1717 026e 1959     		ldr	r1, [r3, r4]
 1718 0270 6273     		strb	r2, [r4, #13]
 1719 0272 0BAB     		add	r3, sp, #44
 1720 0274 0AAA     		add	r2, sp, #40
 1721 0276 096A     		ldr	r1, [r1, #32]
 1722 0278 2068     		ldr	r0, [r4]
 1723 027a FFF7FEFF 		bl	lr1mac_core_convert_rtc_to_gps_epoch_time
 1724 027e 635D     		ldrb	r3, [r4, r5]
 1725 0280 5C33     		adds	r3, r3, #92
 1726 0282 9B00     		lsls	r3, r3, #2
 1727 0284 1B59     		ldr	r3, [r3, r4]
 1728 0286 1A69     		ldr	r2, [r3, #16]
 1729 0288 0592     		str	r2, [sp, #20]
 1730 028a 002A     		cmp	r2, #0
 1731 028c 05D1     		bne	.L188
 1732 028e 5A68     		ldr	r2, [r3, #4]
 1733 0290 0A99     		ldr	r1, [sp, #40]
 1734 0292 2068     		ldr	r0, [r4]
 1735 0294 FFF7FEFF 		bl	smtc_real_get_ping_slot_frequency
 1736 0298 0590     		str	r0, [sp, #20]
ARM GAS  /tmp/cc9f9OAE.s 			page 33


 1737              	.L188:
 1738 029a A025     		movs	r5, #160
 1739 029c 6D00     		lsls	r5, r5, #1
 1740 029e 635D     		ldrb	r3, [r4, r5]
 1741 02a0 2068     		ldr	r0, [r4]
 1742 02a2 5C33     		adds	r3, r3, #92
 1743 02a4 9B00     		lsls	r3, r3, #2
 1744 02a6 1B59     		ldr	r3, [r3, r4]
 1745 02a8 0026     		movs	r6, #0
 1746 02aa 1B7D     		ldrb	r3, [r3, #20]
 1747 02ac 1900     		movs	r1, r3
 1748 02ae 0693     		str	r3, [sp, #24]
 1749 02b0 FFF7FEFF 		bl	smtc_real_get_modulation_type_from_datarate
 1750 02b4 635D     		ldrb	r3, [r4, r5]
 1751 02b6 0700     		movs	r7, r0
 1752 02b8 D420     		movs	r0, #212
 1753 02ba 5C33     		adds	r3, r3, #92
 1754 02bc 9B00     		lsls	r3, r3, #2
 1755 02be 1959     		ldr	r1, [r3, r4]
 1756 02c0 4000     		lsls	r0, r0, #1
 1757 02c2 0B00     		movs	r3, r1
 1758 02c4 0A6A     		ldr	r2, [r1, #32]
 1759 02c6 2058     		ldr	r0, [r4, r0]
 1760 02c8 097D     		ldrb	r1, [r1, #20]
 1761 02ca 121A     		subs	r2, r2, r0
 1762 02cc 0DA8     		add	r0, sp, #52
 1763 02ce 0190     		str	r0, [sp, #4]
 1764 02d0 0CA8     		add	r0, sp, #48
 1765 02d2 0296     		str	r6, [sp, #8]
 1766 02d4 0090     		str	r0, [sp]
 1767 02d6 2068     		ldr	r0, [r4]
 1768 02d8 1633     		adds	r3, r3, #22
 1769 02da FFF7FEFF 		bl	smtc_real_get_rx_window_parameters
 1770 02de B742     		cmp	r7, r6
 1771 02e0 00D0     		beq	.LCB1831
 1772 02e2 91E0     		b	.L189	@long jump
 1773              	.LCB1831:
 1774 02e4 04AB     		add	r3, sp, #16
 1775 02e6 1636     		adds	r6, r6, #22
 1776 02e8 F618     		adds	r6, r6, r3
 1777 02ea 1723     		movs	r3, #23
 1778 02ec 04AA     		add	r2, sp, #16
 1779 02ee 9B18     		adds	r3, r3, r2
 1780 02f0 16AD     		add	r5, sp, #88
 1781 02f2 3200     		movs	r2, r6
 1782 02f4 0699     		ldr	r1, [sp, #24]
 1783 02f6 2068     		ldr	r0, [r4]
 1784 02f8 FFF7FEFF 		bl	smtc_real_lora_dr_to_sf_bw
 1785 02fc 1422     		movs	r2, #20
 1786 02fe 3900     		movs	r1, r7
 1787 0300 2800     		movs	r0, r5
 1788 0302 FFF7FEFF 		bl	memset
 1789 0306 2068     		ldr	r0, [r4]
 1790 0308 FFF7FEFF 		bl	smtc_real_get_sync_word
 1791 030c A023     		movs	r3, #160
 1792 030e 6874     		strb	r0, [r5, #17]
 1793 0310 5B00     		lsls	r3, r3, #1
ARM GAS  /tmp/cc9f9OAE.s 			page 34


 1794 0312 E35C     		ldrb	r3, [r4, r3]
 1795 0314 2068     		ldr	r0, [r4]
 1796 0316 5C33     		adds	r3, r3, #92
 1797 0318 9B00     		lsls	r3, r3, #2
 1798 031a 1B59     		ldr	r3, [r3, r4]
 1799 031c DB8A     		ldrh	r3, [r3, #22]
 1800 031e AB74     		strb	r3, [r5, #18]
 1801 0320 059B     		ldr	r3, [sp, #20]
 1802 0322 1993     		str	r3, [sp, #100]
 1803 0324 6E4B     		ldr	r3, .L225
 1804 0326 1793     		str	r3, [sp, #92]
 1805 0328 8023     		movs	r3, #128
 1806 032a 5B00     		lsls	r3, r3, #1
 1807 032c 2B81     		strh	r3, [r5, #8]
 1808 032e FFF7FEFF 		bl	smtc_real_get_coding_rate
 1809 0332 04AB     		add	r3, sp, #16
 1810 0334 3678     		ldrb	r6, [r6]
 1811 0336 DF7D     		ldrb	r7, [r3, #23]
 1812 0338 0790     		str	r0, [sp, #28]
 1813 033a 3900     		movs	r1, r7
 1814 033c 3000     		movs	r0, r6
 1815 033e FFF7FEFF 		bl	ral_compute_lora_ldro
 1816 0342 079B     		ldr	r3, [sp, #28]
 1817 0344 3F02     		lsls	r7, r7, #8
 1818 0346 1B04     		lsls	r3, r3, #16
 1819 0348 3E43     		orrs	r6, r7
 1820 034a 1E43     		orrs	r6, r3
 1821 034c 0123     		movs	r3, #1
 1822 034e 3602     		lsls	r6, r6, #8
 1823 0350 0006     		lsls	r0, r0, #24
 1824 0352 360A     		lsrs	r6, r6, #8
 1825 0354 0643     		orrs	r6, r0
 1826 0356 21AA     		add	r2, sp, #132
 1827 0358 1370     		strb	r3, [r2]
 1828 035a 1696     		str	r6, [sp, #88]
 1829 035c 2DAB     		add	r3, sp, #180
 1830 035e 43CD     		ldmia	r5!, {r0, r1, r6}
 1831 0360 43C3     		stmia	r3!, {r0, r1, r6}
 1832 0362 03CD     		ldmia	r5!, {r0, r1}
 1833 0364 03C3     		stmia	r3!, {r0, r1}
 1834 0366 0D9B     		ldr	r3, [sp, #52]
 1835              	.L220:
 1836 0368 3893     		str	r3, [sp, #224]
 1837              	.L190:
 1838 036a 2379     		ldrb	r3, [r4, #4]
 1839 036c 0FAD     		add	r5, sp, #60
 1840 036e 2B70     		strb	r3, [r5]
 1841 0370 0023     		movs	r3, #0
 1842 0372 AB72     		strb	r3, [r5, #10]
 1843 0374 0133     		adds	r3, r3, #1
 1844 0376 6B72     		strb	r3, [r5, #9]
 1845 0378 FFF7FEFF 		bl	smtc_modem_hal_get_radio_tcxo_startup_delay_ms
 1846 037c A027     		movs	r7, #160
 1847 037e 0600     		movs	r6, r0
 1848 0380 FFF7FEFF 		bl	smtc_modem_hal_get_board_delay_ms
 1849 0384 7F00     		lsls	r7, r7, #1
 1850 0386 E35D     		ldrb	r3, [r4, r7]
ARM GAS  /tmp/cc9f9OAE.s 			page 35


 1851 0388 3618     		adds	r6, r6, r0
 1852 038a 5C33     		adds	r3, r3, #92
 1853 038c 9B00     		lsls	r3, r3, #2
 1854 038e 1959     		ldr	r1, [r3, r4]
 1855 0390 0EA8     		add	r0, sp, #56
 1856 0392 CB8A     		ldrh	r3, [r1, #22]
 1857 0394 097D     		ldrb	r1, [r1, #20]
 1858 0396 0090     		str	r0, [sp]
 1859 0398 2068     		ldr	r0, [r4]
 1860 039a 72B2     		sxtb	r2, r6
 1861 039c FFF7FEFF 		bl	smtc_real_get_rx_start_time_offset_ms
 1862 03a0 0A21     		movs	r1, #10
 1863 03a2 E35D     		ldrb	r3, [r4, r7]
 1864 03a4 0E98     		ldr	r0, [sp, #56]
 1865 03a6 5C33     		adds	r3, r3, #92
 1866 03a8 9B00     		lsls	r3, r3, #2
 1867 03aa 1B59     		ldr	r3, [r3, r4]
 1868 03ac 4143     		muls	r1, r0
 1869 03ae 1A6A     		ldr	r2, [r3, #32]
 1870 03b0 1218     		adds	r2, r2, r0
 1871 03b2 EA60     		str	r2, [r5, #12]
 1872 03b4 5A6A     		ldr	r2, [r3, #36]
 1873 03b6 2068     		ldr	r0, [r4]
 1874 03b8 5218     		adds	r2, r2, r1
 1875 03ba 2A61     		str	r2, [r5, #16]
 1876 03bc 1A7D     		ldrb	r2, [r3, #20]
 1877 03be D98A     		ldrh	r1, [r3, #22]
 1878 03c0 FFF7FEFF 		bl	smtc_ping_slot_get_duration_timeout_ms.isra.0
 1879 03c4 0122     		movs	r2, #1
 1880 03c6 21AB     		add	r3, sp, #132
 1881 03c8 A861     		str	r0, [r5, #24]
 1882 03ca 1878     		ldrb	r0, [r3]
 1883 03cc 4549     		ldr	r1, .L225+4
 1884 03ce 9042     		cmp	r0, r2
 1885 03d0 01D1     		bne	.L192
 1886 03d2 0022     		movs	r2, #0
 1887 03d4 4449     		ldr	r1, .L225+8
 1888              	.L192:
 1889 03d6 6A70     		strb	r2, [r5, #1]
 1890 03d8 2200     		movs	r2, r4
 1891 03da 6960     		str	r1, [r5, #4]
 1892 03dc 0093     		str	r3, [sp]
 1893 03de 2900     		movs	r1, r5
 1894 03e0 FF23     		movs	r3, #255
 1895 03e2 A068     		ldr	r0, [r4, #8]
 1896 03e4 4132     		adds	r2, r2, #65
 1897 03e6 FFF7FEFF 		bl	rp_task_enqueue
 1898 03ea 0328     		cmp	r0, #3
 1899 03ec 00D1     		bne	.LCB1968
 1900 03ee 48E6     		b	.L193	@long jump
 1901              	.LCB1968:
 1902 03f0 0028     		cmp	r0, #0
 1903 03f2 5FD0     		beq	.L194
 1904 03f4 3D48     		ldr	r0, .L225+12
 1905 03f6 FFF7FEFF 		bl	smtc_modem_hal_print_trace
 1906 03fa 3D48     		ldr	r0, .L225+16
 1907 03fc FFF7FEFF 		bl	smtc_modem_hal_print_trace
ARM GAS  /tmp/cc9f9OAE.s 			page 36


 1908              	.L195:
 1909 0400 0023     		movs	r3, #0
 1910 0402 3534     		adds	r4, r4, #53
 1911 0404 2370     		strb	r3, [r4]
 1912 0406 26E6     		b	.L162
 1913              	.L189:
 1914 0408 012F     		cmp	r7, #1
 1915 040a 3BD1     		bne	.L191
 1916 040c 1723     		movs	r3, #23
 1917 040e 04AA     		add	r2, sp, #16
 1918 0410 9B18     		adds	r3, r3, r2
 1919 0412 16AD     		add	r5, sp, #88
 1920 0414 1A00     		movs	r2, r3
 1921 0416 0699     		ldr	r1, [sp, #24]
 1922 0418 2068     		ldr	r0, [r4]
 1923 041a FFF7FEFF 		bl	smtc_real_fsk_dr_to_bitrate
 1924 041e 3100     		movs	r1, r6
 1925 0420 2C22     		movs	r2, #44
 1926 0422 2800     		movs	r0, r5
 1927 0424 FFF7FEFF 		bl	memset
 1928 0428 2068     		ldr	r0, [r4]
 1929 042a FFF7FEFF 		bl	smtc_real_get_gfsk_sync_word
 1930 042e 7223     		movs	r3, #114
 1931 0430 04AA     		add	r2, sp, #16
 1932 0432 9B18     		adds	r3, r3, r2
 1933 0434 1D90     		str	r0, [sp, #116]
 1934 0436 1F70     		strb	r7, [r3]
 1935 0438 2E4B     		ldr	r3, .L225+20
 1936 043a D27D     		ldrb	r2, [r2, #23]
 1937 043c 2B85     		strh	r3, [r5, #40]
 1938 043e 2E4B     		ldr	r3, .L225+24
 1939 0440 1F93     		str	r3, [sp, #124]
 1940 0442 059B     		ldr	r3, [sp, #20]
 1941 0444 1E93     		str	r3, [sp, #120]
 1942 0446 2823     		movs	r3, #40
 1943 0448 2B82     		strh	r3, [r5, #16]
 1944 044a 103B     		subs	r3, r3, #16
 1945 044c EB74     		strb	r3, [r5, #19]
 1946 044e 2B4B     		ldr	r3, .L225+28
 1947 0450 6F75     		strb	r7, [r5, #21]
 1948 0452 EB82     		strh	r3, [r5, #22]
 1949 0454 2A4B     		ldr	r3, .L225+32
 1950 0456 2F76     		strb	r7, [r5, #24]
 1951 0458 1793     		str	r3, [sp, #92]
 1952 045a 2A4B     		ldr	r3, .L225+36
 1953 045c 1893     		str	r3, [sp, #96]
 1954 045e 0423     		movs	r3, #4
 1955 0460 2B73     		strb	r3, [r5, #12]
 1956 0462 FA23     		movs	r3, #250
 1957 0464 9B00     		lsls	r3, r3, #2
 1958 0466 5343     		muls	r3, r2
 1959 0468 21AA     		add	r2, sp, #132
 1960 046a 1693     		str	r3, [sp, #88]
 1961 046c 1670     		strb	r6, [r2]
 1962 046e 2DAB     		add	r3, sp, #180
 1963 0470 43CD     		ldmia	r5!, {r0, r1, r6}
 1964 0472 43C3     		stmia	r3!, {r0, r1, r6}
ARM GAS  /tmp/cc9f9OAE.s 			page 37


 1965 0474 43CD     		ldmia	r5!, {r0, r1, r6}
 1966 0476 43C3     		stmia	r3!, {r0, r1, r6}
 1967 0478 43CD     		ldmia	r5!, {r0, r1, r6}
 1968 047a 43C3     		stmia	r3!, {r0, r1, r6}
 1969 047c 03CD     		ldmia	r5!, {r0, r1}
 1970 047e 03C3     		stmia	r3!, {r0, r1}
 1971 0480 0C9B     		ldr	r3, [sp, #48]
 1972 0482 71E7     		b	.L220
 1973              	.L191:
 1974 0484 204D     		ldr	r5, .L225+40
 1975 0486 2800     		movs	r0, r5
 1976 0488 FFF7FEFF 		bl	smtc_modem_hal_store_crashlog
 1977 048c 0120     		movs	r0, #1
 1978 048e FFF7FEFF 		bl	smtc_modem_hal_set_crashlog_status
 1979 0492 2900     		movs	r1, r5
 1980 0494 1D48     		ldr	r0, .L225+44
 1981 0496 FFF7FEFF 		bl	smtc_modem_hal_print_trace
 1982 049a 154D     		ldr	r5, .L225+16
 1983 049c 2800     		movs	r0, r5
 1984 049e FFF7FEFF 		bl	smtc_modem_hal_print_trace
 1985 04a2 1B48     		ldr	r0, .L225+48
 1986 04a4 FFF7FEFF 		bl	smtc_modem_hal_print_trace
 1987 04a8 2800     		movs	r0, r5
 1988 04aa FFF7FEFF 		bl	smtc_modem_hal_print_trace
 1989 04ae FFF7FEFF 		bl	smtc_modem_hal_reset_mcu
 1990 04b2 5AE7     		b	.L190
 1991              	.L194:
 1992 04b4 A023     		movs	r3, #160
 1993 04b6 5B00     		lsls	r3, r3, #1
 1994 04b8 E35C     		ldrb	r3, [r4, r3]
 1995 04ba 1648     		ldr	r0, .L225+52
 1996 04bc 5C33     		adds	r3, r3, #92
 1997 04be 9B00     		lsls	r3, r3, #2
 1998 04c0 1959     		ldr	r1, [r3, r4]
 1999 04c2 8B7F     		ldrb	r3, [r1, #30]
 2000 04c4 0193     		str	r3, [sp, #4]
 2001 04c6 069B     		ldr	r3, [sp, #24]
 2002 04c8 0093     		str	r3, [sp]
 2003 04ca 0A6A     		ldr	r2, [r1, #32]
 2004 04cc 059B     		ldr	r3, [sp, #20]
 2005 04ce 4968     		ldr	r1, [r1, #4]
 2006 04d0 FFF7FEFF 		bl	smtc_modem_hal_print_trace
 2007 04d4 236A     		ldr	r3, [r4, #32]
 2008 04d6 002B     		cmp	r3, #0
 2009 04d8 92D0     		beq	.L195
 2010 04da 606A     		ldr	r0, [r4, #36]
 2011 04dc 9847     		blx	r3
 2012 04de 8FE7     		b	.L195
 2013              	.L226:
 2014              		.align	2
 2015              	.L225:
 2016 04e0 FF0000FF 		.word	-16776961
 2017 04e4 00000000 		.word	lr1_stack_mac_rx_gfsk_launch_callback_for_rp
 2018 04e8 00000000 		.word	ping_slot_mac_rx_lora_launch_callback_for_rp
 2019 04ec 20010000 		.word	.LC62
 2020 04f0 8D000000 		.word	.LC14
 2021 04f4 FF010000 		.word	511
ARM GAS  /tmp/cc9f9OAE.s 			page 38


 2022 04f8 0F1D2110 		.word	270605583
 2023 04fc FF040000 		.word	1279
 2024 0500 A8610000 		.word	25000
 2025 0504 A0860100 		.word	100000
 2026 0508 00000000 		.word	__func__.4
 2027 050c EC000000 		.word	.LC21
 2028 0510 F5000000 		.word	.LC60
 2029 0514 4A010000 		.word	.LC64
 2031              		.section	.text.smtc_ping_slot_rp_callback,"ax",%progbits
 2032              		.align	1
 2033              		.global	smtc_ping_slot_rp_callback
 2034              		.syntax unified
 2035              		.code	16
 2036              		.thumb_func
 2038              	smtc_ping_slot_rp_callback:
 2039              		@ args = 0, pretend = 0, frame = 0
 2040              		@ frame_needed = 0, uses_anonymous_args = 0
 2041 0000 70B5     		push	{r4, r5, r6, lr}
 2042 0002 8368     		ldr	r3, [r0, #8]
 2043 0004 0279     		ldrb	r2, [r0, #4]
 2044 0006 0400     		movs	r4, r0
 2045 0008 9B18     		adds	r3, r3, r2
 2046 000a EF22     		movs	r2, #239
 2047 000c D200     		lsls	r2, r2, #3
 2048 000e 9B18     		adds	r3, r3, r2
 2049 0010 1B78     		ldrb	r3, [r3]
 2050 0012 042B     		cmp	r3, #4
 2051 0014 09D1     		bne	.L228
 2052 0016 0369     		ldr	r3, [r0, #16]
 2053 0018 4069     		ldr	r0, [r0, #20]
 2054 001a 9847     		blx	r3
 2055              	.L229:
 2056 001c 637B     		ldrb	r3, [r4, #13]
 2057 001e 002B     		cmp	r3, #0
 2058 0020 02D0     		beq	.L227
 2059 0022 2000     		movs	r0, r4
 2060 0024 FFF7FEFF 		bl	smtc_ping_slot_start
 2061              	.L227:
 2062              		@ sp needed
 2063 0028 70BD     		pop	{r4, r5, r6, pc}
 2064              	.L228:
 2065 002a 0A2B     		cmp	r3, #10
 2066 002c F6D1     		bne	.L229
 2067 002e 3733     		adds	r3, r3, #55
 2068 0030 FF33     		adds	r3, r3, #255
 2069 0032 C35C     		ldrb	r3, [r0, r3]
 2070 0034 5C33     		adds	r3, r3, #92
 2071 0036 9B00     		lsls	r3, r3, #2
 2072 0038 1B58     		ldr	r3, [r3, r0]
 2073 003a 0068     		ldr	r0, [r0]
 2074 003c D98A     		ldrh	r1, [r3, #22]
 2075 003e 1A7D     		ldrb	r2, [r3, #20]
 2076 0040 1D6A     		ldr	r5, [r3, #32]
 2077 0042 FFF7FEFF 		bl	smtc_ping_slot_get_duration_timeout_ms.isra.0
 2078 0046 2918     		adds	r1, r5, r0
 2079 0048 2000     		movs	r0, r4
 2080 004a FFF7FEFF 		bl	smtc_ping_slot_compute_next_ping_offset_time
ARM GAS  /tmp/cc9f9OAE.s 			page 39


 2081 004e E5E7     		b	.L229
 2083              		.section	.text.smtc_ping_slot_multicast_b_get_session_status,"ax",%progbits
 2084              		.align	1
 2085              		.global	smtc_ping_slot_multicast_b_get_session_status
 2086              		.syntax unified
 2087              		.code	16
 2088              		.thumb_func
 2090              	smtc_ping_slot_multicast_b_get_session_status:
 2091              		@ args = 12, pretend = 0, frame = 0
 2092              		@ frame_needed = 0, uses_anonymous_args = 0
 2093 0000 10B5     		push	{r4, lr}
 2094 0002 0400     		movs	r4, r0
 2095 0004 0120     		movs	r0, #1
 2096 0006 0329     		cmp	r1, #3
 2097 0008 14D8     		bhi	.L235
 2098 000a 8900     		lsls	r1, r1, #2
 2099 000c 6018     		adds	r0, r4, r1
 2100 000e FC30     		adds	r0, r0, #252
 2101 0010 816F     		ldr	r1, [r0, #120]
 2102 0012 0C78     		ldrb	r4, [r1]
 2103 0014 1470     		strb	r4, [r2]
 2104 0016 0A00     		movs	r2, r1
 2105 0018 2932     		adds	r2, r2, #41
 2106 001a 1278     		ldrb	r2, [r2]
 2107 001c 1A70     		strb	r2, [r3]
 2108 001e 0A69     		ldr	r2, [r1, #16]
 2109 0020 029B     		ldr	r3, [sp, #8]
 2110 0022 1A60     		str	r2, [r3]
 2111 0024 0B7D     		ldrb	r3, [r1, #20]
 2112 0026 039A     		ldr	r2, [sp, #12]
 2113 0028 1370     		strb	r3, [r2]
 2114 002a 836F     		ldr	r3, [r0, #120]
 2115 002c 0020     		movs	r0, #0
 2116 002e 1B7E     		ldrb	r3, [r3, #24]
 2117 0030 049A     		ldr	r2, [sp, #16]
 2118 0032 1370     		strb	r3, [r2]
 2119              	.L235:
 2120              		@ sp needed
 2121 0034 10BD     		pop	{r4, pc}
 2123              		.section	.rodata.__func__.0,"a"
 2126              	__func__.0:
 2127 0000 736D7463 		.ascii	"smtc_ping_slot_compute_first_slot\000"
 2127      5F70696E 
 2127      675F736C 
 2127      6F745F63 
 2127      6F6D7075 
 2128              		.section	.rodata.__func__.1,"a"
 2131              	__func__.1:
 2132 0000 736D7463 		.ascii	"smtc_ping_slot_compute_downlink_toa\000"
 2132      5F70696E 
 2132      675F736C 
 2132      6F745F63 
 2132      6F6D7075 
 2133              		.section	.rodata.__func__.2,"a"
 2136              	__func__.2:
 2137 0000 736D7463 		.ascii	"smtc_ping_slot_mac_rx_frame_decode\000"
 2137      5F70696E 
ARM GAS  /tmp/cc9f9OAE.s 			page 40


 2137      675F736C 
 2137      6F745F6D 
 2137      61635F72 
 2138              		.section	.rodata.__func__.3,"a"
 2141              	__func__.3:
 2142 0000 70696E67 		.ascii	"ping_slot_mac_rx_lora_launch_callback_for_rp\000"
 2142      5F736C6F 
 2142      745F6D61 
 2142      635F7278 
 2142      5F6C6F72 
 2143              		.section	.rodata.__func__.4,"a"
 2146              	__func__.4:
 2147 0000 736D7463 		.ascii	"smtc_ping_slot_start\000"
 2147      5F70696E 
 2147      675F736C 
 2147      6F745F73 
 2147      74617274 
 2148              		.ident	"GCC: (Arch Repository) 13.2.0"
ARM GAS  /tmp/cc9f9OAE.s 			page 41


DEFINED SYMBOLS
                            *ABS*:00000000 smtc_ping_slot.c
     /tmp/cc9f9OAE.s:14     .text.ral_compute_lora_ldro:00000000 $t
     /tmp/cc9f9OAE.s:19     .text.ral_compute_lora_ldro:00000000 ral_compute_lora_ldro
     /tmp/cc9f9OAE.s:29     .text.ral_compute_lora_ldro:0000000e $d
     /tmp/cc9f9OAE.s:81     .text.smtc_ping_slot_compute_next_ping_offset_time:00000000 $t
     /tmp/cc9f9OAE.s:86     .text.smtc_ping_slot_compute_next_ping_offset_time:00000000 smtc_ping_slot_compute_next_ping_offset_time
     /tmp/cc9f9OAE.s:133    .text.ping_slot_mac_rx_lora_launch_callback_for_rp:00000000 $t
     /tmp/cc9f9OAE.s:138    .text.ping_slot_mac_rx_lora_launch_callback_for_rp:00000000 ping_slot_mac_rx_lora_launch_callback_for_rp
     /tmp/cc9f9OAE.s:212    .text.ping_slot_mac_rx_lora_launch_callback_for_rp:0000008c $d
     /tmp/cc9f9OAE.s:2141   .rodata.__func__.3:00000000 __func__.3
     /tmp/cc9f9OAE.s:220    .text.smtc_ping_slot_get_duration_timeout_ms.isra.0:00000000 $t
     /tmp/cc9f9OAE.s:225    .text.smtc_ping_slot_get_duration_timeout_ms.isra.0:00000000 smtc_ping_slot_get_duration_timeout_ms.isra.0
     /tmp/cc9f9OAE.s:246    .text.smtc_ping_slot_init:00000000 $t
     /tmp/cc9f9OAE.s:252    .text.smtc_ping_slot_init:00000000 smtc_ping_slot_init
     /tmp/cc9f9OAE.s:327    .text.smtc_ping_slot_init:0000008c $d
     /tmp/cc9f9OAE.s:2038   .text.smtc_ping_slot_rp_callback:00000000 smtc_ping_slot_rp_callback
     /tmp/cc9f9OAE.s:374    .text.smtc_ping_slot_mac_rp_callback:00000000 $t
     /tmp/cc9f9OAE.s:380    .text.smtc_ping_slot_mac_rp_callback:00000000 smtc_ping_slot_mac_rp_callback
     /tmp/cc9f9OAE.s:408    .text.smtc_ping_slot_mac_rp_callback:00000034 $d
     /tmp/cc9f9OAE.s:419    .text.smtc_ping_slot_mac_rp_callback:0000004a $t
     /tmp/cc9f9OAE.s:831    .text.smtc_ping_slot_mac_rp_callback:0000037c $d
     /tmp/cc9f9OAE.s:844    .text.smtc_ping_slot_mac_rp_callback:000003ac $t
     /tmp/cc9f9OAE.s:1043   .text.smtc_ping_slot_mac_rp_callback:00000544 $d
     /tmp/cc9f9OAE.s:2136   .rodata.__func__.2:00000000 __func__.2
     /tmp/cc9f9OAE.s:2131   .rodata.__func__.1:00000000 __func__.1
     /tmp/cc9f9OAE.s:1065   .text.smtc_ping_slot_compute_first_slot:00000000 $t
     /tmp/cc9f9OAE.s:1071   .text.smtc_ping_slot_compute_first_slot:00000000 smtc_ping_slot_compute_first_slot
     /tmp/cc9f9OAE.s:1126   .text.smtc_ping_slot_compute_first_slot:00000074 $d
     /tmp/cc9f9OAE.s:2126   .rodata.__func__.0:00000000 __func__.0
     /tmp/cc9f9OAE.s:1132   .text.smtc_ping_slot_init_after_beacon:00000000 $t
     /tmp/cc9f9OAE.s:1138   .text.smtc_ping_slot_init_after_beacon:00000000 smtc_ping_slot_init_after_beacon
     /tmp/cc9f9OAE.s:1219   .text.smtc_ping_slot_init_after_beacon:00000090 $d
     /tmp/cc9f9OAE.s:1222   .text.smtc_ping_slot_multicast_b_start_session:00000000 $t
     /tmp/cc9f9OAE.s:1228   .text.smtc_ping_slot_multicast_b_start_session:00000000 smtc_ping_slot_multicast_b_start_session
     /tmp/cc9f9OAE.s:1287   .text.smtc_ping_slot_multicast_b_stop_session:00000000 $t
     /tmp/cc9f9OAE.s:1293   .text.smtc_ping_slot_multicast_b_stop_session:00000000 smtc_ping_slot_multicast_b_stop_session
     /tmp/cc9f9OAE.s:1317   .text.smtc_ping_slot_multicast_b_stop_all_sessions:00000000 $t
     /tmp/cc9f9OAE.s:1323   .text.smtc_ping_slot_multicast_b_stop_all_sessions:00000000 smtc_ping_slot_multicast_b_stop_all_sessions
     /tmp/cc9f9OAE.s:1349   .text.smtc_ping_slot_stop:00000000 $t
     /tmp/cc9f9OAE.s:1355   .text.smtc_ping_slot_stop:00000000 smtc_ping_slot_stop
     /tmp/cc9f9OAE.s:1398   .text.smtc_ping_slot_start:00000000 $t
     /tmp/cc9f9OAE.s:1404   .text.smtc_ping_slot_start:00000000 smtc_ping_slot_start
     /tmp/cc9f9OAE.s:1703   .text.smtc_ping_slot_start:00000240 $d
     /tmp/cc9f9OAE.s:2146   .rodata.__func__.4:00000000 __func__.4
     /tmp/cc9f9OAE.s:1714   .text.smtc_ping_slot_start:00000268 $t
     /tmp/cc9f9OAE.s:2016   .text.smtc_ping_slot_start:000004e0 $d
     /tmp/cc9f9OAE.s:2032   .text.smtc_ping_slot_rp_callback:00000000 $t
     /tmp/cc9f9OAE.s:2084   .text.smtc_ping_slot_multicast_b_get_session_status:00000000 $t
     /tmp/cc9f9OAE.s:2090   .text.smtc_ping_slot_multicast_b_get_session_status:00000000 smtc_ping_slot_multicast_b_get_session_status
     /tmp/cc9f9OAE.s:42     .text.ral_compute_lora_ldro:0000001b $d
     /tmp/cc9f9OAE.s:42     .text.ral_compute_lora_ldro:0000001c $t

UNDEFINED SYMBOLS
__gnu_thumb1_case_uqi
smtc_modem_hal_start_radio_tcxo
smtc_modem_hal_assert_fail
ARM GAS  /tmp/cc9f9OAE.s 			page 42


smtc_modem_hal_get_time_in_100us
smtc_modem_hal_get_time_in_ms
__aeabi_uidiv
smtc_real_get_symbol_duration_us
memset
rp_release_hook
rp_hook_init
rp_hook_get_id
rp_get_status
__gnu_thumb1_case_uhi
smtc_modem_hal_print_trace
lr1mac_rx_payload_min_size_check
lr1mac_rx_payload_max_size_check
lr1mac_rx_mhdr_extract
lr1mac_rx_fhdr_extract
lr1mac_fcnt_dwn_accept
memcpy1
smtc_modem_crypto_verify_mic
smtc_real_get_modulation_type_from_datarate
smtc_real_lora_dr_to_sf_bw
smtc_real_get_coding_rate
smtc_real_get_preamble_len
lr1mac_core_next_free_duty_cycle_ms_get
smtc_modem_crypto_payload_decrypt
smtc_modem_hal_store_crashlog
smtc_modem_hal_set_crashlog_status
smtc_modem_hal_reset_mcu
smtc_real_fsk_dr_to_bitrate
__aeabi_uidivmod
__aeabi_idivmod
smtc_modem_crypto_get_class_b_rand
smtc_real_is_frequency_valid
smtc_real_is_rx_dr_valid
rp_task_abort
lr1mac_core_is_time_valid
lr1mac_core_convert_rtc_to_gps_epoch_time
smtc_real_get_ping_slot_frequency
smtc_real_get_rx_window_parameters
smtc_real_get_sync_word
smtc_modem_hal_get_radio_tcxo_startup_delay_ms
smtc_modem_hal_get_board_delay_ms
smtc_real_get_rx_start_time_offset_ms
rp_task_enqueue
smtc_real_get_gfsk_sync_word
lr1_stack_mac_rx_gfsk_launch_callback_for_rp
