ARM GAS  /tmp/cc5tL14s.s 			page 1


   1              		.cpu cortex-m0
   2              		.arch armv6s-m
   3              		.fpu softvfp
   4              		.eabi_attribute 23, 1
   5              		.eabi_attribute 24, 1
   6              		.eabi_attribute 25, 1
   7              		.eabi_attribute 26, 1
   8              		.eabi_attribute 30, 4
   9              		.eabi_attribute 34, 0
  10              		.eabi_attribute 18, 4
  11              		.file	"smtc_lbt.c"
  12              		.text
  13              		.section	.rodata.smtc_lbt_rp_callback.str1.1,"aMS",%progbits,1
  14              	.LC0:
  15 0000 6C627420 		.ascii	"lbt abort max retry reach \012\015\000"
  15      61626F72 
  15      74206D61 
  15      78207265 
  15      74727920 
  16              		.section	.text.smtc_lbt_rp_callback,"ax",%progbits
  17              		.align	1
  18              		.global	smtc_lbt_rp_callback
  19              		.syntax unified
  20              		.code	16
  21              		.thumb_func
  23              	smtc_lbt_rp_callback:
  24              		@ args = 0, pretend = 0, frame = 8
  25              		@ frame_needed = 0, uses_anonymous_args = 0
  26 0000 73B5     		push	{r0, r1, r4, r5, r6, lr}
  27 0002 6B46     		mov	r3, sp
  28 0004 DE1C     		adds	r6, r3, #3
  29 0006 0100     		movs	r1, r0
  30 0008 0400     		movs	r4, r0
  31 000a 3200     		movs	r2, r6
  32 000c 0068     		ldr	r0, [r0]
  33 000e FFF7FEFF 		bl	rp_hook_get_id
  34 0012 6B46     		mov	r3, sp
  35 0014 9D1C     		adds	r5, r3, #2
  36 0016 2B00     		movs	r3, r5
  37 0018 3178     		ldrb	r1, [r6]
  38 001a 2068     		ldr	r0, [r4]
  39 001c 01AA     		add	r2, sp, #4
  40 001e FFF7FEFF 		bl	rp_get_status
  41 0022 2B78     		ldrb	r3, [r5]
  42 0024 062B     		cmp	r3, #6
  43 0026 03D1     		bne	.L2
  44 0028 A369     		ldr	r3, [r4, #24]
  45 002a E069     		ldr	r0, [r4, #28]
  46              	.L6:
  47 002c 9847     		blx	r3
  48              		@ sp needed
  49 002e 73BD     		pop	{r0, r1, r4, r5, r6, pc}
  50              	.L2:
  51 0030 072B     		cmp	r3, #7
  52 0032 05D1     		bne	.L4
  53 0034 237D     		ldrb	r3, [r4, #20]
  54 0036 002B     		cmp	r3, #0
ARM GAS  /tmp/cc5tL14s.s 			page 2


  55 0038 05D0     		beq	.L5
  56 003a 0448     		ldr	r0, .L7
  57 003c FFF7FEFF 		bl	smtc_modem_hal_print_trace
  58              	.L4:
  59 0040 A36A     		ldr	r3, [r4, #40]
  60 0042 E06A     		ldr	r0, [r4, #44]
  61 0044 F2E7     		b	.L6
  62              	.L5:
  63 0046 236A     		ldr	r3, [r4, #32]
  64 0048 606A     		ldr	r0, [r4, #36]
  65 004a EFE7     		b	.L6
  66              	.L8:
  67              		.align	2
  68              	.L7:
  69 004c 00000000 		.word	.LC0
  71              		.section	.rodata.smtc_lbt_launch_callback_for_rp.str1.1,"aMS",%progbits,1
  72              	.LC3:
  73 0000 6C627420 		.ascii	"lbt rssi: %d dBm\012\015\000"
  73      72737369 
  73      3A202564 
  73      2064426D 
  73      0A0D00
  74              		.section	.text.smtc_lbt_launch_callback_for_rp,"ax",%progbits
  75              		.align	1
  76              		.global	smtc_lbt_launch_callback_for_rp
  77              		.syntax unified
  78              		.code	16
  79              		.thumb_func
  81              	smtc_lbt_launch_callback_for_rp:
  82              		@ args = 0, pretend = 0, frame = 16
  83              		@ frame_needed = 0, uses_anonymous_args = 0
  84 0000 F0B5     		push	{r4, r5, r6, r7, lr}
  85 0002 4F4B     		ldr	r3, .L41
  86 0004 85B0     		sub	sp, sp, #20
  87 0006 0400     		movs	r4, r0
  88 0008 C55C     		ldrb	r5, [r0, r3]
  89 000a FFF7FEFF 		bl	smtc_modem_hal_start_radio_tcxo
  90 000e 8423     		movs	r3, #132
  91 0010 9C26     		movs	r6, #156
  92 0012 6B43     		muls	r3, r5
  93 0014 3601     		lsls	r6, r6, #4
  94 0016 A259     		ldr	r2, [r4, r6]
  95 0018 E318     		adds	r3, r4, r3
  96 001a 197F     		ldrb	r1, [r3, #28]
  97 001c 1068     		ldr	r0, [r2]
  98 001e 936E     		ldr	r3, [r2, #104]
  99 0020 9847     		blx	r3
 100 0022 0028     		cmp	r0, #0
 101 0024 03D0     		beq	.L10
 102 0026 6A21     		movs	r1, #106
 103 0028 4648     		ldr	r0, .L41+4
 104 002a FFF7FEFF 		bl	smtc_modem_hal_assert_fail
 105              	.L10:
 106 002e 8423     		movs	r3, #132
 107 0030 6B43     		muls	r3, r5
 108 0032 A259     		ldr	r2, [r4, r6]
 109 0034 E318     		adds	r3, r4, r3
ARM GAS  /tmp/cc5tL14s.s 			page 3


 110 0036 566E     		ldr	r6, [r2, #100]
 111 0038 D96E     		ldr	r1, [r3, #108]
 112 003a 1068     		ldr	r0, [r2]
 113 003c B047     		blx	r6
 114 003e 0028     		cmp	r0, #0
 115 0040 03D0     		beq	.L11
 116 0042 6B21     		movs	r1, #107
 117 0044 3F48     		ldr	r0, .L41+4
 118 0046 FFF7FEFF 		bl	smtc_modem_hal_assert_fail
 119              	.L11:
 120 004a 8421     		movs	r1, #132
 121 004c 9C26     		movs	r6, #156
 122 004e 6943     		muls	r1, r5
 123 0050 3601     		lsls	r6, r6, #4
 124 0052 A359     		ldr	r3, [r4, r6]
 125 0054 4C31     		adds	r1, r1, #76
 126 0056 1A6F     		ldr	r2, [r3, #112]
 127 0058 1868     		ldr	r0, [r3]
 128 005a 6118     		adds	r1, r4, r1
 129 005c 9047     		blx	r2
 130 005e 0028     		cmp	r0, #0
 131 0060 03D0     		beq	.L12
 132 0062 6D21     		movs	r1, #109
 133 0064 3748     		ldr	r0, .L41+4
 134 0066 FFF7FEFF 		bl	smtc_modem_hal_assert_fail
 135              	.L12:
 136 006a A359     		ldr	r3, [r4, r6]
 137 006c 0021     		movs	r1, #0
 138 006e 1A6E     		ldr	r2, [r3, #96]
 139 0070 1868     		ldr	r0, [r3]
 140 0072 9047     		blx	r2
 141 0074 0028     		cmp	r0, #0
 142 0076 03D0     		beq	.L13
 143 0078 6F21     		movs	r1, #111
 144 007a 3248     		ldr	r0, .L41+4
 145 007c FFF7FEFF 		bl	smtc_modem_hal_assert_fail
 146              	.L13:
 147 0080 9C23     		movs	r3, #156
 148 0082 0121     		movs	r1, #1
 149 0084 1B01     		lsls	r3, r3, #4
 150 0086 E358     		ldr	r3, [r4, r3]
 151 0088 4942     		rsbs	r1, r1, #0
 152 008a 5A6A     		ldr	r2, [r3, #36]
 153 008c 1868     		ldr	r0, [r3]
 154 008e 9047     		blx	r2
 155 0090 0028     		cmp	r0, #0
 156 0092 03D0     		beq	.L14
 157 0094 7021     		movs	r1, #112
 158 0096 2B48     		ldr	r0, .L41+4
 159 0098 FFF7FEFF 		bl	smtc_modem_hal_assert_fail
 160              	.L14:
 161 009c FFF7FEFF 		bl	smtc_modem_hal_get_time_in_ms
 162 00a0 0090     		str	r0, [sp]
 163              	.L15:
 164 00a2 FFF7FEFF 		bl	smtc_modem_hal_get_time_in_ms
 165 00a6 009B     		ldr	r3, [sp]
 166 00a8 0233     		adds	r3, r3, #2
ARM GAS  /tmp/cc5tL14s.s 			page 4


 167 00aa 1B1A     		subs	r3, r3, r0
 168 00ac 002B     		cmp	r3, #0
 169 00ae F8DC     		bgt	.L15
 170 00b0 2B00     		movs	r3, r5
 171 00b2 8426     		movs	r6, #132
 172 00b4 D333     		adds	r3, r3, #211
 173 00b6 6E43     		muls	r6, r5
 174 00b8 FF33     		adds	r3, r3, #255
 175 00ba 9B00     		lsls	r3, r3, #2
 176 00bc E318     		adds	r3, r4, r3
 177 00be 0193     		str	r3, [sp, #4]
 178 00c0 A619     		adds	r6, r4, r6
 179              	.L19:
 180 00c2 9C23     		movs	r3, #156
 181 00c4 1B01     		lsls	r3, r3, #4
 182 00c6 E358     		ldr	r3, [r4, r3]
 183 00c8 02AA     		add	r2, sp, #8
 184 00ca 971D     		adds	r7, r2, #6
 185 00cc 1A00     		movs	r2, r3
 186 00ce 9C32     		adds	r2, r2, #156
 187 00d0 3900     		movs	r1, r7
 188 00d2 1268     		ldr	r2, [r2]
 189 00d4 1868     		ldr	r0, [r3]
 190 00d6 9047     		blx	r2
 191 00d8 0028     		cmp	r0, #0
 192 00da 03D0     		beq	.L16
 193 00dc 7821     		movs	r1, #120
 194 00de 1948     		ldr	r0, .L41+4
 195 00e0 FFF7FEFF 		bl	smtc_modem_hal_assert_fail
 196              	.L16:
 197 00e4 019B     		ldr	r3, [sp, #4]
 198 00e6 0022     		movs	r2, #0
 199 00e8 B95E     		ldrsh	r1, [r7, r2]
 200 00ea 5B68     		ldr	r3, [r3, #4]
 201 00ec 5A6B     		ldr	r2, [r3, #52]
 202 00ee 1986     		strh	r1, [r3, #48]
 203 00f0 5218     		adds	r2, r2, r1
 204 00f2 5A63     		str	r2, [r3, #52]
 205 00f4 9A6B     		ldr	r2, [r3, #56]
 206 00f6 0132     		adds	r2, r2, #1
 207 00f8 9A63     		str	r2, [r3, #56]
 208 00fa 3300     		movs	r3, r6
 209 00fc 8433     		adds	r3, r3, #132
 210 00fe 0022     		movs	r2, #0
 211 0100 9B5E     		ldrsh	r3, [r3, r2]
 212 0102 8B42     		cmp	r3, r1
 213 0104 0DDC     		bgt	.L17
 214 0106 1048     		ldr	r0, .L41+8
 215 0108 FFF7FEFF 		bl	smtc_modem_hal_print_trace
 216 010c EF23     		movs	r3, #239
 217 010e 6519     		adds	r5, r4, r5
 218 0110 DB00     		lsls	r3, r3, #3
 219 0112 ED18     		adds	r5, r5, r3
 220 0114 0723     		movs	r3, #7
 221              	.L40:
 222 0116 2000     		movs	r0, r4
 223 0118 2B70     		strb	r3, [r5]
ARM GAS  /tmp/cc5tL14s.s 			page 5


 224 011a FFF7FEFF 		bl	rp_radio_irq_callback
 225 011e 05B0     		add	sp, sp, #20
 226              		@ sp needed
 227 0120 F0BD     		pop	{r4, r5, r6, r7, pc}
 228              	.L17:
 229 0122 B76F     		ldr	r7, [r6, #120]
 230 0124 009B     		ldr	r3, [sp]
 231 0126 DF19     		adds	r7, r3, r7
 232 0128 FFF7FEFF 		bl	smtc_modem_hal_get_time_in_ms
 233 012c 3F1A     		subs	r7, r7, r0
 234 012e 002F     		cmp	r7, #0
 235 0130 C7DC     		bgt	.L19
 236 0132 EF23     		movs	r3, #239
 237 0134 6519     		adds	r5, r4, r5
 238 0136 DB00     		lsls	r3, r3, #3
 239 0138 ED18     		adds	r5, r5, r3
 240 013a 0623     		movs	r3, #6
 241 013c EBE7     		b	.L40
 242              	.L42:
 243 013e C046     		.align	2
 244              	.L41:
 245 0140 84090000 		.word	2436
 246 0144 00000000 		.word	__func__.1
 247 0148 00000000 		.word	.LC3
 249              		.section	.rodata.smtc_lbt_init.str1.1,"aMS",%progbits,1
 250              	.LC6:
 251 0000 1B5B303B 		.ascii	"\033[0;31mERROR: crash log :%s\012\015\000"
 251      33316D45 
 251      52524F52 
 251      3A206372 
 251      61736820 
 252              	.LC8:
 253 001e 1B5B306D 		.ascii	"\033[0m\000"
 253      00
 254              	.LC10:
 255 0023 1B5B303B 		.ascii	"\033[0;31mERROR: -> lbt bad init\012\015\000"
 255      33316D45 
 255      52524F52 
 255      3A202D3E 
 255      206C6274 
 256              		.section	.text.smtc_lbt_init,"ax",%progbits
 257              		.align	1
 258              		.global	smtc_lbt_init
 259              		.syntax unified
 260              		.code	16
 261              		.thumb_func
 263              	smtc_lbt_init:
 264              		@ args = 20, pretend = 0, frame = 8
 265              		@ frame_needed = 0, uses_anonymous_args = 0
 266 0000 F7B5     		push	{r0, r1, r2, r4, r5, r6, r7, lr}
 267 0002 0400     		movs	r4, r0
 268 0004 0E00     		movs	r6, r1
 269 0006 1500     		movs	r5, r2
 270 0008 1F1E     		subs	r7, r3, #0
 271 000a 05D0     		beq	.L44
 272 000c 099B     		ldr	r3, [sp, #36]
 273 000e 002B     		cmp	r3, #0
ARM GAS  /tmp/cc5tL14s.s 			page 6


 274 0010 02D0     		beq	.L44
 275 0012 0B9B     		ldr	r3, [sp, #44]
 276 0014 002B     		cmp	r3, #0
 277 0016 18D1     		bne	.L45
 278              	.L44:
 279 0018 1D4B     		ldr	r3, .L52
 280 001a 1800     		movs	r0, r3
 281 001c 0193     		str	r3, [sp, #4]
 282 001e FFF7FEFF 		bl	smtc_modem_hal_store_crashlog
 283 0022 0120     		movs	r0, #1
 284 0024 FFF7FEFF 		bl	smtc_modem_hal_set_crashlog_status
 285 0028 0199     		ldr	r1, [sp, #4]
 286 002a 1A48     		ldr	r0, .L52+4
 287 002c FFF7FEFF 		bl	smtc_modem_hal_print_trace
 288 0030 194B     		ldr	r3, .L52+8
 289 0032 1800     		movs	r0, r3
 290 0034 0193     		str	r3, [sp, #4]
 291 0036 FFF7FEFF 		bl	smtc_modem_hal_print_trace
 292 003a 1848     		ldr	r0, .L52+12
 293 003c FFF7FEFF 		bl	smtc_modem_hal_print_trace
 294 0040 0198     		ldr	r0, [sp, #4]
 295 0042 FFF7FEFF 		bl	smtc_modem_hal_print_trace
 296 0046 FFF7FEFF 		bl	smtc_modem_hal_reset_mcu
 297              	.L45:
 298              		@ sp needed
 299 004a 089B     		ldr	r3, [sp, #32]
 300 004c 2200     		movs	r2, r4
 301 004e E361     		str	r3, [r4, #28]
 302 0050 099B     		ldr	r3, [sp, #36]
 303 0052 3C32     		adds	r2, r2, #60
 304 0054 2362     		str	r3, [r4, #32]
 305 0056 0A9B     		ldr	r3, [sp, #40]
 306 0058 2900     		movs	r1, r5
 307 005a 6362     		str	r3, [r4, #36]
 308 005c 0B9B     		ldr	r3, [sp, #44]
 309 005e 2660     		str	r6, [r4]
 310 0060 A362     		str	r3, [r4, #40]
 311 0062 0C9B     		ldr	r3, [sp, #48]
 312 0064 2571     		strb	r5, [r4, #4]
 313 0066 E362     		str	r3, [r4, #44]
 314 0068 0023     		movs	r3, #0
 315 006a A761     		str	r7, [r4, #24]
 316 006c 2386     		strh	r3, [r4, #48]
 317 006e 6363     		str	r3, [r4, #52]
 318 0070 A363     		str	r3, [r4, #56]
 319 0072 2375     		strb	r3, [r4, #20]
 320 0074 3000     		movs	r0, r6
 321 0076 1370     		strb	r3, [r2]
 322 0078 A360     		str	r3, [r4, #8]
 323 007a A381     		strh	r3, [r4, #12]
 324 007c 2361     		str	r3, [r4, #16]
 325 007e FFF7FEFF 		bl	rp_release_hook
 326 0082 2900     		movs	r1, r5
 327 0084 3000     		movs	r0, r6
 328 0086 2300     		movs	r3, r4
 329 0088 054A     		ldr	r2, .L52+16
 330 008a FFF7FEFF 		bl	rp_hook_init
ARM GAS  /tmp/cc5tL14s.s 			page 7


 331 008e F7BD     		pop	{r0, r1, r2, r4, r5, r6, r7, pc}
 332              	.L53:
 333              		.align	2
 334              	.L52:
 335 0090 00000000 		.word	__func__.2
 336 0094 00000000 		.word	.LC6
 337 0098 1E000000 		.word	.LC8
 338 009c 23000000 		.word	.LC10
 339 00a0 00000000 		.word	smtc_lbt_rp_callback
 341              		.section	.text.smtc_lbt_set_parameters,"ax",%progbits
 342              		.align	1
 343              		.global	smtc_lbt_set_parameters
 344              		.syntax unified
 345              		.code	16
 346              		.thumb_func
 348              	smtc_lbt_set_parameters:
 349              		@ args = 0, pretend = 0, frame = 0
 350              		@ frame_needed = 0, uses_anonymous_args = 0
 351 0000 10B5     		push	{r4, lr}
 352 0002 0024     		movs	r4, #0
 353              		@ sp needed
 354 0004 0231     		adds	r1, r1, #2
 355 0006 0486     		strh	r4, [r0, #48]
 356 0008 4463     		str	r4, [r0, #52]
 357 000a 8463     		str	r4, [r0, #56]
 358 000c 8160     		str	r1, [r0, #8]
 359 000e 8281     		strh	r2, [r0, #12]
 360 0010 0361     		str	r3, [r0, #16]
 361 0012 10BD     		pop	{r4, pc}
 363              		.section	.text.smtc_lbt_get_parameters,"ax",%progbits
 364              		.align	1
 365              		.global	smtc_lbt_get_parameters
 366              		.syntax unified
 367              		.code	16
 368              		.thumb_func
 370              	smtc_lbt_get_parameters:
 371              		@ args = 0, pretend = 0, frame = 0
 372              		@ frame_needed = 0, uses_anonymous_args = 0
 373 0000 10B5     		push	{r4, lr}
 374 0002 8468     		ldr	r4, [r0, #8]
 375              		@ sp needed
 376 0004 023C     		subs	r4, r4, #2
 377 0006 0C60     		str	r4, [r1]
 378 0008 0C24     		movs	r4, #12
 379 000a 015F     		ldrsh	r1, [r0, r4]
 380 000c 1180     		strh	r1, [r2]
 381 000e 0269     		ldr	r2, [r0, #16]
 382 0010 1A60     		str	r2, [r3]
 383 0012 10BD     		pop	{r4, pc}
 385              		.section	.text.smtc_lbt_set_state,"ax",%progbits
 386              		.align	1
 387              		.global	smtc_lbt_set_state
 388              		.syntax unified
 389              		.code	16
 390              		.thumb_func
 392              	smtc_lbt_set_state:
 393              		@ args = 0, pretend = 0, frame = 0
ARM GAS  /tmp/cc5tL14s.s 			page 8


 394              		@ frame_needed = 0, uses_anonymous_args = 0
 395              		@ link register save eliminated.
 396 0000 3C30     		adds	r0, r0, #60
 397 0002 0170     		strb	r1, [r0]
 398              		@ sp needed
 399 0004 7047     		bx	lr
 401              		.section	.text.smtc_lbt_get_state,"ax",%progbits
 402              		.align	1
 403              		.global	smtc_lbt_get_state
 404              		.syntax unified
 405              		.code	16
 406              		.thumb_func
 408              	smtc_lbt_get_state:
 409              		@ args = 0, pretend = 0, frame = 0
 410              		@ frame_needed = 0, uses_anonymous_args = 0
 411              		@ link register save eliminated.
 412 0000 3C30     		adds	r0, r0, #60
 413 0002 0078     		ldrb	r0, [r0]
 414              		@ sp needed
 415 0004 7047     		bx	lr
 417              		.section	.rodata.smtc_lbt_listen_channel.str1.1,"aMS",%progbits,1
 418              	.LC16:
 419 0000 1B5B303B 		.ascii	"\033[0;31mERROR: -> lbt_obj bad initialization \012"
 419      33316D45 
 419      52524F52 
 419      3A202D3E 
 419      206C6274 
 420 002d 0D00     		.ascii	"\015\000"
 421              	.LC18:
 422 002f 1B5B303B 		.ascii	"\033[0;31mERROR: -> radioplanner isn't initialized "
 422      33316D45 
 422      52524F52 
 422      3A202D3E 
 422      20726164 
 423 005f 666F7220 		.ascii	"for lbt obj \012\015\000"
 423      6C627420 
 423      6F626A20 
 423      0A0D00
 424              	.LC21:
 425 006e 52616469 		.ascii	"Radio planner hook %d is busy \012\015\000"
 425      6F20706C 
 425      616E6E65 
 425      7220686F 
 425      6F6B2025 
 426              	.LC23:
 427 008f 20204C69 		.ascii	"  Listen Frequency = %u during %d ms \012\015\000"
 427      7374656E 
 427      20467265 
 427      7175656E 
 427      6379203D 
 428              		.section	.text.smtc_lbt_listen_channel,"ax",%progbits
 429              		.align	1
 430              		.global	smtc_lbt_listen_channel
 431              		.syntax unified
 432              		.code	16
 433              		.thumb_func
 435              	smtc_lbt_listen_channel:
ARM GAS  /tmp/cc5tL14s.s 			page 9


 436              		@ args = 4, pretend = 0, frame = 216
 437              		@ frame_needed = 0, uses_anonymous_args = 0
 438 0000 F0B5     		push	{r4, r5, r6, r7, lr}
 439 0002 B9B0     		sub	sp, sp, #228
 440 0004 0393     		str	r3, [sp, #12]
 441 0006 8369     		ldr	r3, [r0, #24]
 442 0008 0500     		movs	r5, r0
 443 000a 1700     		movs	r7, r2
 444 000c 0291     		str	r1, [sp, #8]
 445 000e 0275     		strb	r2, [r0, #20]
 446 0010 002B     		cmp	r3, #0
 447 0012 05D0     		beq	.L59
 448 0014 036A     		ldr	r3, [r0, #32]
 449 0016 002B     		cmp	r3, #0
 450 0018 02D0     		beq	.L59
 451 001a 836A     		ldr	r3, [r0, #40]
 452 001c 002B     		cmp	r3, #0
 453 001e 16D1     		bne	.L60
 454              	.L59:
 455 0020 4D4C     		ldr	r4, .L73
 456 0022 2000     		movs	r0, r4
 457 0024 FFF7FEFF 		bl	smtc_modem_hal_store_crashlog
 458 0028 0120     		movs	r0, #1
 459 002a FFF7FEFF 		bl	smtc_modem_hal_set_crashlog_status
 460 002e 2100     		movs	r1, r4
 461 0030 4A48     		ldr	r0, .L73+4
 462 0032 FFF7FEFF 		bl	smtc_modem_hal_print_trace
 463 0036 4A4C     		ldr	r4, .L73+8
 464 0038 2000     		movs	r0, r4
 465 003a FFF7FEFF 		bl	smtc_modem_hal_print_trace
 466 003e 4948     		ldr	r0, .L73+12
 467 0040 FFF7FEFF 		bl	smtc_modem_hal_print_trace
 468 0044 2000     		movs	r0, r4
 469 0046 FFF7FEFF 		bl	smtc_modem_hal_print_trace
 470 004a FFF7FEFF 		bl	smtc_modem_hal_reset_mcu
 471              	.L60:
 472 004e 1C22     		movs	r2, #28
 473 0050 0021     		movs	r1, #0
 474 0052 17AE     		add	r6, sp, #92
 475 0054 05A8     		add	r0, sp, #20
 476 0056 FFF7FEFF 		bl	memset
 477 005a 8422     		movs	r2, #132
 478 005c 0021     		movs	r1, #0
 479 005e 3000     		movs	r0, r6
 480 0060 FFF7FEFF 		bl	memset
 481 0064 0CAC     		add	r4, sp, #48
 482 0066 1C22     		movs	r2, #28
 483 0068 0021     		movs	r1, #0
 484 006a 05A8     		add	r0, sp, #20
 485 006c FFF7FEFF 		bl	memset
 486 0070 0021     		movs	r1, #0
 487 0072 2C22     		movs	r2, #44
 488 0074 2000     		movs	r0, r4
 489 0076 FFF7FEFF 		bl	memset
 490 007a 5223     		movs	r3, #82
 491 007c 02AA     		add	r2, sp, #8
 492 007e 9B18     		adds	r3, r3, r2
ARM GAS  /tmp/cc5tL14s.s 			page 10


 493 0080 0122     		movs	r2, #1
 494 0082 1A70     		strb	r2, [r3]
 495 0084 029B     		ldr	r3, [sp, #8]
 496 0086 1493     		str	r3, [sp, #80]
 497 0088 2B69     		ldr	r3, [r5, #16]
 498 008a 0E93     		str	r3, [sp, #56]
 499 008c 5A08     		lsrs	r2, r3, #1
 500 008e 9B08     		lsrs	r3, r3, #2
 501 0090 0D93     		str	r3, [sp, #52]
 502 0092 0023     		movs	r3, #0
 503 0094 0C92     		str	r2, [sp, #48]
 504 0096 0422     		movs	r2, #4
 505 0098 3370     		strb	r3, [r6]
 506 009a 23AB     		add	r3, sp, #140
 507 009c 2273     		strb	r2, [r4, #12]
 508 009e 07CC     		ldmia	r4!, {r0, r1, r2}
 509 00a0 07C3     		stmia	r3!, {r0, r1, r2}
 510 00a2 07CC     		ldmia	r4!, {r0, r1, r2}
 511 00a4 07C3     		stmia	r3!, {r0, r1, r2}
 512 00a6 07CC     		ldmia	r4!, {r0, r1, r2}
 513 00a8 07C3     		stmia	r3!, {r0, r1, r2}
 514 00aa 06CC     		ldmia	r4!, {r1, r2}
 515 00ac 06C3     		stmia	r3!, {r1, r2}
 516 00ae AB68     		ldr	r3, [r5, #8]
 517 00b0 2900     		movs	r1, r5
 518 00b2 2E93     		str	r3, [sp, #184]
 519 00b4 AA89     		ldrh	r2, [r5, #12]
 520 00b6 31AB     		add	r3, sp, #196
 521 00b8 1A80     		strh	r2, [r3]
 522 00ba 0B23     		movs	r3, #11
 523 00bc 02AA     		add	r2, sp, #8
 524 00be 9B18     		adds	r3, r3, r2
 525 00c0 1A00     		movs	r2, r3
 526 00c2 2868     		ldr	r0, [r5]
 527 00c4 FFF7FEFF 		bl	rp_hook_get_id
 528 00c8 0028     		cmp	r0, #0
 529 00ca 16D0     		beq	.L61
 530 00cc 224C     		ldr	r4, .L73
 531 00ce 2000     		movs	r0, r4
 532 00d0 FFF7FEFF 		bl	smtc_modem_hal_store_crashlog
 533 00d4 0120     		movs	r0, #1
 534 00d6 FFF7FEFF 		bl	smtc_modem_hal_set_crashlog_status
 535 00da 2100     		movs	r1, r4
 536 00dc 1F48     		ldr	r0, .L73+4
 537 00de FFF7FEFF 		bl	smtc_modem_hal_print_trace
 538 00e2 1F4C     		ldr	r4, .L73+8
 539 00e4 2000     		movs	r0, r4
 540 00e6 FFF7FEFF 		bl	smtc_modem_hal_print_trace
 541 00ea 1F48     		ldr	r0, .L73+16
 542 00ec FFF7FEFF 		bl	smtc_modem_hal_print_trace
 543 00f0 2000     		movs	r0, r4
 544 00f2 FFF7FEFF 		bl	smtc_modem_hal_print_trace
 545 00f6 FFF7FEFF 		bl	smtc_modem_hal_reset_mcu
 546              	.L61:
 547 00fa 02AB     		add	r3, sp, #8
 548 00fc DB7A     		ldrb	r3, [r3, #11]
 549 00fe 02AA     		add	r2, sp, #8
ARM GAS  /tmp/cc5tL14s.s 			page 11


 550 0100 AC68     		ldr	r4, [r5, #8]
 551 0102 1373     		strb	r3, [r2, #12]
 552 0104 3E9B     		ldr	r3, [sp, #248]
 553 0106 E318     		adds	r3, r4, r3
 554 0108 0B93     		str	r3, [sp, #44]
 555 010a 0C23     		movs	r3, #12
 556 010c 5373     		strb	r3, [r2, #13]
 557 010e 174B     		ldr	r3, .L73+20
 558 0110 0693     		str	r3, [sp, #24]
 559 0112 039B     		ldr	r3, [sp, #12]
 560 0114 1C1B     		subs	r4, r3, r4
 561 0116 FFF7FEFF 		bl	smtc_modem_hal_get_radio_tcxo_startup_delay_ms
 562 011a 0123     		movs	r3, #1
 563 011c 02AA     		add	r2, sp, #8
 564 011e 7B40     		eors	r3, r7
 565 0120 9375     		strb	r3, [r2, #22]
 566 0122 17AB     		add	r3, sp, #92
 567 0124 0093     		str	r3, [sp]
 568 0126 0023     		movs	r3, #0
 569 0128 201A     		subs	r0, r4, r0
 570 012a 0890     		str	r0, [sp, #32]
 571 012c 1A00     		movs	r2, r3
 572 012e 2868     		ldr	r0, [r5]
 573 0130 05A9     		add	r1, sp, #20
 574 0132 FFF7FEFF 		bl	rp_task_enqueue
 575 0136 0028     		cmp	r0, #0
 576 0138 06D0     		beq	.L62
 577 013a 02AB     		add	r3, sp, #8
 578 013c D97A     		ldrb	r1, [r3, #11]
 579 013e 0C48     		ldr	r0, .L73+24
 580 0140 FFF7FEFF 		bl	smtc_modem_hal_print_trace
 581              	.L58:
 582 0144 39B0     		add	sp, sp, #228
 583              		@ sp needed
 584 0146 F0BD     		pop	{r4, r5, r6, r7, pc}
 585              	.L62:
 586 0148 AA68     		ldr	r2, [r5, #8]
 587 014a 0A48     		ldr	r0, .L73+28
 588 014c 0299     		ldr	r1, [sp, #8]
 589 014e 023A     		subs	r2, r2, #2
 590 0150 FFF7FEFF 		bl	smtc_modem_hal_print_trace
 591 0154 F6E7     		b	.L58
 592              	.L74:
 593 0156 C046     		.align	2
 594              	.L73:
 595 0158 00000000 		.word	__func__.0
 596 015c 00000000 		.word	.LC6
 597 0160 1E000000 		.word	.LC8
 598 0164 00000000 		.word	.LC16
 599 0168 2F000000 		.word	.LC18
 600 016c 00000000 		.word	smtc_lbt_launch_callback_for_rp
 601 0170 6E000000 		.word	.LC21
 602 0174 8F000000 		.word	.LC23
 604              		.section	.rodata.__func__.0,"a"
 607              	__func__.0:
 608 0000 736D7463 		.ascii	"smtc_lbt_listen_channel\000"
 608      5F6C6274 
ARM GAS  /tmp/cc5tL14s.s 			page 12


 608      5F6C6973 
 608      74656E5F 
 608      6368616E 
 609              		.section	.rodata.__func__.1,"a"
 612              	__func__.1:
 613 0000 736D7463 		.ascii	"smtc_lbt_launch_callback_for_rp\000"
 613      5F6C6274 
 613      5F6C6175 
 613      6E63685F 
 613      63616C6C 
 614              		.section	.rodata.__func__.2,"a"
 617              	__func__.2:
 618 0000 736D7463 		.ascii	"smtc_lbt_init\000"
 618      5F6C6274 
 618      5F696E69 
 618      7400
 619              		.ident	"GCC: (Arch Repository) 13.2.0"
ARM GAS  /tmp/cc5tL14s.s 			page 13


DEFINED SYMBOLS
                            *ABS*:00000000 smtc_lbt.c
     /tmp/cc5tL14s.s:17     .text.smtc_lbt_rp_callback:00000000 $t
     /tmp/cc5tL14s.s:23     .text.smtc_lbt_rp_callback:00000000 smtc_lbt_rp_callback
     /tmp/cc5tL14s.s:69     .text.smtc_lbt_rp_callback:0000004c $d
     /tmp/cc5tL14s.s:75     .text.smtc_lbt_launch_callback_for_rp:00000000 $t
     /tmp/cc5tL14s.s:81     .text.smtc_lbt_launch_callback_for_rp:00000000 smtc_lbt_launch_callback_for_rp
     /tmp/cc5tL14s.s:245    .text.smtc_lbt_launch_callback_for_rp:00000140 $d
     /tmp/cc5tL14s.s:612    .rodata.__func__.1:00000000 __func__.1
     /tmp/cc5tL14s.s:257    .text.smtc_lbt_init:00000000 $t
     /tmp/cc5tL14s.s:263    .text.smtc_lbt_init:00000000 smtc_lbt_init
     /tmp/cc5tL14s.s:335    .text.smtc_lbt_init:00000090 $d
     /tmp/cc5tL14s.s:617    .rodata.__func__.2:00000000 __func__.2
     /tmp/cc5tL14s.s:342    .text.smtc_lbt_set_parameters:00000000 $t
     /tmp/cc5tL14s.s:348    .text.smtc_lbt_set_parameters:00000000 smtc_lbt_set_parameters
     /tmp/cc5tL14s.s:364    .text.smtc_lbt_get_parameters:00000000 $t
     /tmp/cc5tL14s.s:370    .text.smtc_lbt_get_parameters:00000000 smtc_lbt_get_parameters
     /tmp/cc5tL14s.s:386    .text.smtc_lbt_set_state:00000000 $t
     /tmp/cc5tL14s.s:392    .text.smtc_lbt_set_state:00000000 smtc_lbt_set_state
     /tmp/cc5tL14s.s:402    .text.smtc_lbt_get_state:00000000 $t
     /tmp/cc5tL14s.s:408    .text.smtc_lbt_get_state:00000000 smtc_lbt_get_state
     /tmp/cc5tL14s.s:429    .text.smtc_lbt_listen_channel:00000000 $t
     /tmp/cc5tL14s.s:435    .text.smtc_lbt_listen_channel:00000000 smtc_lbt_listen_channel
     /tmp/cc5tL14s.s:595    .text.smtc_lbt_listen_channel:00000158 $d
     /tmp/cc5tL14s.s:607    .rodata.__func__.0:00000000 __func__.0

UNDEFINED SYMBOLS
rp_hook_get_id
rp_get_status
smtc_modem_hal_print_trace
smtc_modem_hal_start_radio_tcxo
smtc_modem_hal_assert_fail
smtc_modem_hal_get_time_in_ms
rp_radio_irq_callback
smtc_modem_hal_store_crashlog
smtc_modem_hal_set_crashlog_status
smtc_modem_hal_reset_mcu
rp_release_hook
rp_hook_init
memset
smtc_modem_hal_get_radio_tcxo_startup_delay_ms
rp_task_enqueue
