ARM GAS  /tmp/ccXugCEU.s 			page 1


   1              		.cpu cortex-m0
   2              		.arch armv6s-m
   3              		.fpu softvfp
   4              		.eabi_attribute 23, 1
   5              		.eabi_attribute 24, 1
   6              		.eabi_attribute 25, 1
   7              		.eabi_attribute 26, 1
   8              		.eabi_attribute 30, 4
   9              		.eabi_attribute 34, 0
  10              		.eabi_attribute 18, 4
  11              		.file	"smtc_beacon_sniff.c"
  12              		.text
  13              		.section	.text.crc16_beacon.part.0,"ax",%progbits
  14              		.align	1
  15              		.syntax unified
  16              		.code	16
  17              		.thumb_func
  19              	crc16_beacon.part.0:
  20              		@ args = 0, pretend = 0, frame = 0
  21              		@ frame_needed = 0, uses_anonymous_args = 0
  22 0000 F0B5     		push	{r4, r5, r6, r7, lr}
  23 0002 0400     		movs	r4, r0
  24 0004 0D00     		movs	r5, r1
  25 0006 081E     		subs	r0, r1, #0
  26 0008 17D0     		beq	.L2
  27 000a 0020     		movs	r0, #0
  28 000c 0827     		movs	r7, #8
  29 000e 0200     		movs	r2, r0
  30 0010 0A4E     		ldr	r6, .L12
  31              	.L5:
  32 0012 A35C     		ldrb	r3, [r4, r2]
  33 0014 1B02     		lsls	r3, r3, #8
  34 0016 5840     		eors	r0, r3
  35 0018 3B00     		movs	r3, r7
  36              	.L4:
  37 001a 4100     		lsls	r1, r0, #1
  38 001c 00B2     		sxth	r0, r0
  39 001e 8446     		mov	ip, r0
  40 0020 89B2     		uxth	r1, r1
  41 0022 0800     		movs	r0, r1
  42 0024 6146     		mov	r1, ip
  43 0026 0029     		cmp	r1, #0
  44 0028 00DA     		bge	.L3
  45 002a 7040     		eors	r0, r6
  46              	.L3:
  47 002c 013B     		subs	r3, r3, #1
  48 002e DBB2     		uxtb	r3, r3
  49 0030 002B     		cmp	r3, #0
  50 0032 F2D1     		bne	.L4
  51 0034 0132     		adds	r2, r2, #1
  52 0036 9542     		cmp	r5, r2
  53 0038 EBD8     		bhi	.L5
  54              	.L2:
  55              		@ sp needed
  56 003a F0BD     		pop	{r4, r5, r6, r7, pc}
  57              	.L13:
  58              		.align	2
ARM GAS  /tmp/ccXugCEU.s 			page 2


  59              	.L12:
  60 003c 21100000 		.word	4129
  62              		.section	.rodata.get_beacon_length.str1.1,"aMS",%progbits,1
  63              	.LC2:
  64 0000 1B5B303B 		.ascii	"\033[0;31mERROR: crash log :%s\012\015\000"
  64      33316D45 
  64      52524F52 
  64      3A206372 
  64      61736820 
  65              	.LC4:
  66 001e 1B5B306D 		.ascii	"\033[0m\000"
  66      00
  67              	.LC6:
  68 0023 1B5B303B 		.ascii	"\033[0;31mERROR: ->  invalid beacon sf \000"
  68      33316D45 
  68      52524F52 
  68      3A202D3E 
  68      2020696E 
  69              		.section	.text.get_beacon_length,"ax",%progbits
  70              		.align	1
  71              		.syntax unified
  72              		.code	16
  73              		.thumb_func
  75              	get_beacon_length:
  76              		@ args = 0, pretend = 0, frame = 0
  77              		@ frame_needed = 0, uses_anonymous_args = 0
  78 0000 0838     		subs	r0, r0, #8
  79 0002 C0B2     		uxtb	r0, r0
  80 0004 10B5     		push	{r4, lr}
  81 0006 0428     		cmp	r0, #4
  82 0008 02D8     		bhi	.L15
  83 000a 0E4B     		ldr	r3, .L17
  84 000c 185C     		ldrb	r0, [r3, r0]
  85              	.L16:
  86              		@ sp needed
  87 000e 10BD     		pop	{r4, pc}
  88              	.L15:
  89 0010 0D4C     		ldr	r4, .L17+4
  90 0012 2000     		movs	r0, r4
  91 0014 FFF7FEFF 		bl	smtc_modem_hal_store_crashlog
  92 0018 0120     		movs	r0, #1
  93 001a FFF7FEFF 		bl	smtc_modem_hal_set_crashlog_status
  94 001e 2100     		movs	r1, r4
  95 0020 0A48     		ldr	r0, .L17+8
  96 0022 FFF7FEFF 		bl	smtc_modem_hal_print_trace
  97 0026 0A4C     		ldr	r4, .L17+12
  98 0028 2000     		movs	r0, r4
  99 002a FFF7FEFF 		bl	smtc_modem_hal_print_trace
 100 002e 0948     		ldr	r0, .L17+16
 101 0030 FFF7FEFF 		bl	smtc_modem_hal_print_trace
 102 0034 2000     		movs	r0, r4
 103 0036 FFF7FEFF 		bl	smtc_modem_hal_print_trace
 104 003a FFF7FEFF 		bl	smtc_modem_hal_reset_mcu
 105 003e 0020     		movs	r0, #0
 106 0040 E5E7     		b	.L16
 107              	.L18:
 108 0042 C046     		.align	2
ARM GAS  /tmp/ccXugCEU.s 			page 3


 109              	.L17:
 110 0044 00000000 		.word	CSWTCH.66
 111 0048 00000000 		.word	__func__.0
 112 004c 00000000 		.word	.LC2
 113 0050 1E000000 		.word	.LC4
 114 0054 23000000 		.word	.LC6
 116              		.section	.rodata.smtc_beacon_sniff_launch_callback_for_rp.str1.1,"aMS",%progbits,1
 117              	.LC8:
 118 0000 646F6573 		.ascii	"doesn't listen this beacon , jump it to save power "
 118      6E277420 
 118      6C697374 
 118      656E2074 
 118      68697320 
 119 0033 0A0D00   		.ascii	"\012\015\000"
 120              		.section	.text.smtc_beacon_sniff_launch_callback_for_rp,"ax",%progbits
 121              		.align	1
 122              		.syntax unified
 123              		.code	16
 124              		.thumb_func
 126              	smtc_beacon_sniff_launch_callback_for_rp:
 127              		@ args = 0, pretend = 0, frame = 0
 128              		@ frame_needed = 0, uses_anonymous_args = 0
 129 0000 F8B5     		push	{r3, r4, r5, r6, r7, lr}
 130 0002 2B4B     		ldr	r3, .L36
 131 0004 2B4A     		ldr	r2, .L36+4
 132 0006 C65C     		ldrb	r6, [r0, r3]
 133 0008 1C23     		movs	r3, #28
 134 000a 7343     		muls	r3, r6
 135 000c C318     		adds	r3, r0, r3
 136 000e 9B18     		adds	r3, r3, r2
 137 0010 1B78     		ldrb	r3, [r3]
 138 0012 0400     		movs	r4, r0
 139 0014 0E2B     		cmp	r3, #14
 140 0016 07D1     		bne	.L20
 141 0018 2748     		ldr	r0, .L36+8
 142 001a FFF7FEFF 		bl	smtc_modem_hal_print_trace
 143 001e 3100     		movs	r1, r6
 144 0020 2000     		movs	r0, r4
 145 0022 FFF7FEFF 		bl	rp_task_abort
 146              	.L19:
 147              		@ sp needed
 148 0026 F8BD     		pop	{r3, r4, r5, r6, r7, pc}
 149              	.L20:
 150 0028 9C25     		movs	r5, #156
 151 002a FFF7FEFF 		bl	smtc_modem_hal_start_radio_tcxo
 152 002e 8421     		movs	r1, #132
 153 0030 2D01     		lsls	r5, r5, #4
 154 0032 6059     		ldr	r0, [r4, r5]
 155 0034 7143     		muls	r1, r6
 156 0036 0300     		movs	r3, r0
 157 0038 4C31     		adds	r1, r1, #76
 158 003a F433     		adds	r3, r3, #244
 159 003c 1B68     		ldr	r3, [r3]
 160 003e 6118     		adds	r1, r4, r1
 161 0040 9847     		blx	r3
 162 0042 0028     		cmp	r0, #0
 163 0044 04D0     		beq	.L22
ARM GAS  /tmp/ccXugCEU.s 			page 4


 164 0046 6E21     		movs	r1, #110
 165 0048 1C48     		ldr	r0, .L36+12
 166 004a FF31     		adds	r1, r1, #255
 167 004c FFF7FEFF 		bl	smtc_modem_hal_assert_fail
 168              	.L22:
 169 0050 6359     		ldr	r3, [r4, r5]
 170 0052 CC21     		movs	r1, #204
 171 0054 1A6E     		ldr	r2, [r3, #96]
 172 0056 1868     		ldr	r0, [r3]
 173 0058 9047     		blx	r2
 174 005a 0028     		cmp	r0, #0
 175 005c 04D0     		beq	.L23
 176 005e B721     		movs	r1, #183
 177 0060 1648     		ldr	r0, .L36+12
 178 0062 4900     		lsls	r1, r1, #1
 179 0064 FFF7FEFF 		bl	smtc_modem_hal_assert_fail
 180              	.L23:
 181 0068 1C25     		movs	r5, #28
 182 006a 7543     		muls	r5, r6
 183 006c 144B     		ldr	r3, .L36+16
 184 006e 6519     		adds	r5, r4, r5
 185 0070 ED18     		adds	r5, r5, r3
 186              	.L24:
 187 0072 2F68     		ldr	r7, [r5]
 188 0074 FFF7FEFF 		bl	smtc_modem_hal_get_time_in_ms
 189 0078 3F1A     		subs	r7, r7, r0
 190 007a 002F     		cmp	r7, #0
 191 007c F9DC     		bgt	.L24
 192 007e 9C23     		movs	r3, #156
 193 0080 1B01     		lsls	r3, r3, #4
 194 0082 E258     		ldr	r2, [r4, r3]
 195 0084 8423     		movs	r3, #132
 196 0086 7343     		muls	r3, r6
 197 0088 E318     		adds	r3, r4, r3
 198 008a 556A     		ldr	r5, [r2, #36]
 199 008c 996F     		ldr	r1, [r3, #120]
 200 008e 1068     		ldr	r0, [r2]
 201 0090 A847     		blx	r5
 202 0092 0028     		cmp	r0, #0
 203 0094 04D0     		beq	.L25
 204 0096 7621     		movs	r1, #118
 205 0098 0848     		ldr	r0, .L36+12
 206 009a FF31     		adds	r1, r1, #255
 207 009c FFF7FEFF 		bl	smtc_modem_hal_assert_fail
 208              	.L25:
 209 00a0 FFF7FEFF 		bl	smtc_modem_hal_get_time_in_ms
 210 00a4 8F23     		movs	r3, #143
 211 00a6 1B01     		lsls	r3, r3, #4
 212 00a8 E418     		adds	r4, r4, r3
 213 00aa 6065     		str	r0, [r4, #84]
 214 00ac BBE7     		b	.L19
 215              	.L37:
 216 00ae C046     		.align	2
 217              	.L36:
 218 00b0 84090000 		.word	2436
 219 00b4 C9050000 		.word	1481
 220 00b8 00000000 		.word	.LC8
ARM GAS  /tmp/ccXugCEU.s 			page 5


 221 00bc 00000000 		.word	__func__.1
 222 00c0 D4050000 		.word	1492
 224              		.global	__aeabi_uidivmod
 225              		.global	__aeabi_uidiv
 226              		.section	.text.beacon_rp_request,"ax",%progbits
 227              		.align	1
 228              		.syntax unified
 229              		.code	16
 230              		.thumb_func
 232              	beacon_rp_request:
 233              		@ args = 0, pretend = 0, frame = 192
 234              		@ frame_needed = 0, uses_anonymous_args = 0
 235 0000 F0B5     		push	{r4, r5, r6, r7, lr}
 236 0002 0400     		movs	r4, r0
 237 0004 B3B0     		sub	sp, sp, #204
 238 0006 0AAE     		add	r6, sp, #40
 239 0008 1C22     		movs	r2, #28
 240 000a 0021     		movs	r1, #0
 241 000c 3000     		movs	r0, r6
 242 000e FFF7FEFF 		bl	memset
 243 0012 1422     		movs	r2, #20
 244 0014 0021     		movs	r1, #0
 245 0016 05A8     		add	r0, sp, #20
 246 0018 FFF7FEFF 		bl	memset
 247 001c A36D     		ldr	r3, [r4, #88]
 248 001e E06D     		ldr	r0, [r4, #92]
 249 0020 C018     		adds	r0, r0, r3
 250 0022 2300     		movs	r3, r4
 251 0024 4C33     		adds	r3, r3, #76
 252 0026 1978     		ldrb	r1, [r3]
 253 0028 FFF7FEFF 		bl	__aeabi_uidivmod
 254 002c 0B1E     		subs	r3, r1, #0
 255 002e 06D0     		beq	.L39
 256 0030 2300     		movs	r3, r4
 257 0032 2A33     		adds	r3, r3, #42
 258 0034 1A78     		ldrb	r2, [r3]
 259 0036 0023     		movs	r3, #0
 260 0038 9A42     		cmp	r2, r3
 261 003a 00D0     		beq	.L39
 262 003c 0E33     		adds	r3, r3, #14
 263              	.L39:
 264 003e 7370     		strb	r3, [r6, #1]
 265 0040 237B     		ldrb	r3, [r4, #12]
 266 0042 3370     		strb	r3, [r6]
 267 0044 0023     		movs	r3, #0
 268 0046 B372     		strb	r3, [r6, #10]
 269 0048 FFF7FEFF 		bl	smtc_modem_hal_get_radio_tcxo_startup_delay_ms
 270 004c 0500     		movs	r5, r0
 271 004e FFF7FEFF 		bl	smtc_modem_hal_get_board_delay_ms
 272 0052 A768     		ldr	r7, [r4, #8]
 273 0054 0390     		str	r0, [sp, #12]
 274 0056 3800     		movs	r0, r7
 275 0058 FFF7FEFF 		bl	smtc_real_get_beacon_dr
 276 005c 039A     		ldr	r2, [sp, #12]
 277 005e 0100     		movs	r1, r0
 278 0060 AA18     		adds	r2, r5, r2
 279 0062 11A8     		add	r0, sp, #68
ARM GAS  /tmp/ccXugCEU.s 			page 6


 280 0064 238E     		ldrh	r3, [r4, #48]
 281 0066 52B2     		sxtb	r2, r2
 282 0068 0090     		str	r0, [sp]
 283 006a 3800     		movs	r0, r7
 284 006c FFF7FEFF 		bl	smtc_real_get_rx_start_time_offset_ms
 285 0070 0A21     		movs	r1, #10
 286 0072 A06C     		ldr	r0, [r4, #72]
 287 0074 FFF7FEFF 		bl	__aeabi_uidiv
 288 0078 119B     		ldr	r3, [sp, #68]
 289 007a A568     		ldr	r5, [r4, #8]
 290 007c C018     		adds	r0, r0, r3
 291 007e F060     		str	r0, [r6, #12]
 292 0080 2800     		movs	r0, r5
 293 0082 FFF7FEFF 		bl	smtc_real_get_beacon_dr
 294 0086 0100     		movs	r1, r0
 295 0088 2800     		movs	r0, r5
 296 008a FFF7FEFF 		bl	smtc_real_get_symbol_duration_us
 297 008e FA25     		movs	r5, #250
 298 0090 0123     		movs	r3, #1
 299 0092 AD00     		lsls	r5, r5, #2
 300 0094 A842     		cmp	r0, r5
 301 0096 0BD3     		bcc	.L40
 302 0098 A768     		ldr	r7, [r4, #8]
 303 009a 3800     		movs	r0, r7
 304 009c FFF7FEFF 		bl	smtc_real_get_beacon_dr
 305 00a0 0100     		movs	r1, r0
 306 00a2 3800     		movs	r0, r7
 307 00a4 FFF7FEFF 		bl	smtc_real_get_symbol_duration_us
 308 00a8 2900     		movs	r1, r5
 309 00aa FFF7FEFF 		bl	__aeabi_uidiv
 310 00ae 0300     		movs	r3, r0
 311              	.L40:
 312 00b0 278E     		ldrh	r7, [r4, #48]
 313 00b2 0021     		movs	r1, #0
 314 00b4 7B43     		muls	r3, r7
 315 00b6 B361     		str	r3, [r6, #24]
 316 00b8 4F4B     		ldr	r3, .L59
 317 00ba 8422     		movs	r2, #132
 318 00bc 11A8     		add	r0, sp, #68
 319 00be 7360     		str	r3, [r6, #4]
 320 00c0 FFF7FEFF 		bl	memset
 321 00c4 3C22     		movs	r2, #60
 322 00c6 02AB     		add	r3, sp, #8
 323 00c8 9A18     		adds	r2, r3, r2
 324 00ca 0123     		movs	r3, #1
 325 00cc 05AD     		add	r5, sp, #20
 326 00ce 1370     		strb	r3, [r2]
 327 00d0 A068     		ldr	r0, [r4, #8]
 328 00d2 AF74     		strb	r7, [r5, #18]
 329 00d4 FFF7FEFF 		bl	smtc_real_get_sync_word
 330 00d8 6874     		strb	r0, [r5, #17]
 331 00da A068     		ldr	r0, [r4, #8]
 332 00dc FFF7FEFF 		bl	smtc_real_get_coding_rate
 333 00e0 0123     		movs	r3, #1
 334 00e2 AB71     		strb	r3, [r5, #6]
 335 00e4 A368     		ldr	r3, [r4, #8]
 336 00e6 A870     		strb	r0, [r5, #2]
ARM GAS  /tmp/ccXugCEU.s 			page 7


 337 00e8 1800     		movs	r0, r3
 338 00ea 0393     		str	r3, [sp, #12]
 339 00ec 0B27     		movs	r7, #11
 340 00ee FFF7FEFF 		bl	smtc_real_get_beacon_dr
 341 00f2 0A22     		movs	r2, #10
 342 00f4 02AB     		add	r3, sp, #8
 343 00f6 0100     		movs	r1, r0
 344 00f8 FF18     		adds	r7, r7, r3
 345 00fa 02A8     		add	r0, sp, #8
 346 00fc 1218     		adds	r2, r2, r0
 347 00fe 3B00     		movs	r3, r7
 348 0100 0398     		ldr	r0, [sp, #12]
 349 0102 FFF7FEFF 		bl	smtc_real_lora_dr_to_sf_bw
 350 0106 02AB     		add	r3, sp, #8
 351 0108 987A     		ldrb	r0, [r3, #10]
 352 010a FFF7FEFF 		bl	get_beacon_length
 353 010e 0023     		movs	r3, #0
 354 0110 2B81     		strh	r3, [r5, #8]
 355 0112 A368     		ldr	r3, [r4, #8]
 356 0114 E871     		strb	r0, [r5, #7]
 357 0116 1800     		movs	r0, r3
 358 0118 0393     		str	r3, [sp, #12]
 359 011a FFF7FEFF 		bl	smtc_real_get_beacon_dr
 360 011e 0A22     		movs	r2, #10
 361 0120 0100     		movs	r1, r0
 362 0122 02A8     		add	r0, sp, #8
 363 0124 1218     		adds	r2, r2, r0
 364 0126 3B00     		movs	r3, r7
 365 0128 0398     		ldr	r0, [sp, #12]
 366 012a FFF7FEFF 		bl	smtc_real_lora_dr_to_sf_bw
 367 012e 02AB     		add	r3, sp, #8
 368 0130 9B7A     		ldrb	r3, [r3, #10]
 369 0132 2B70     		strb	r3, [r5]
 370 0134 A368     		ldr	r3, [r4, #8]
 371 0136 1800     		movs	r0, r3
 372 0138 0393     		str	r3, [sp, #12]
 373 013a FFF7FEFF 		bl	smtc_real_get_beacon_dr
 374 013e 0A22     		movs	r2, #10
 375 0140 0100     		movs	r1, r0
 376 0142 02A8     		add	r0, sp, #8
 377 0144 1218     		adds	r2, r2, r0
 378 0146 3B00     		movs	r3, r7
 379 0148 0398     		ldr	r0, [sp, #12]
 380 014a FFF7FEFF 		bl	smtc_real_lora_dr_to_sf_bw
 381 014e 3B78     		ldrb	r3, [r7]
 382 0150 E16A     		ldr	r1, [r4, #44]
 383 0152 A068     		ldr	r0, [r4, #8]
 384 0154 6B70     		strb	r3, [r5, #1]
 385 0156 FFF7FEFF 		bl	smtc_real_get_beacon_frequency
 386 015a E860     		str	r0, [r5, #12]
 387 015c 6878     		ldrb	r0, [r5, #1]
 388 015e 2B78     		ldrb	r3, [r5]
 389 0160 0C28     		cmp	r0, #12
 390 0162 08D8     		bhi	.L41
 391 0164 FFF7FEFF 		bl	__gnu_thumb1_case_uqi
 392              	.L43:
 393 0168 45       		.byte	(.L52-.L43)/2
ARM GAS  /tmp/ccXugCEU.s 			page 8


 394 0169 45       		.byte	(.L52-.L43)/2
 395 016a 45       		.byte	(.L52-.L43)/2
 396 016b 45       		.byte	(.L52-.L43)/2
 397 016c 45       		.byte	(.L52-.L43)/2
 398 016d 40       		.byte	(.L46-.L43)/2
 399 016e 3B       		.byte	(.L45-.L43)/2
 400 016f 34       		.byte	(.L42-.L43)/2
 401 0170 34       		.byte	(.L42-.L43)/2
 402 0171 2F       		.byte	(.L44-.L43)/2
 403 0172 34       		.byte	(.L42-.L43)/2
 404 0173 07       		.byte	(.L41-.L43)/2
 405 0174 34       		.byte	(.L42-.L43)/2
 406 0175 00       		.p2align 1
 407              	.L41:
 408 0176 0023     		movs	r3, #0
 409              	.L47:
 410 0178 EB70     		strb	r3, [r5, #3]
 411 017a 0A23     		movs	r3, #10
 412 017c 2A00     		movs	r2, r5
 413 017e AB80     		strh	r3, [r5, #4]
 414 0180 1DAB     		add	r3, sp, #116
 415 0182 83CA     		ldmia	r2!, {r0, r1, r7}
 416 0184 83C3     		stmia	r3!, {r0, r1, r7}
 417 0186 03CA     		ldmia	r2!, {r0, r1}
 418 0188 03C3     		stmia	r3!, {r0, r1}
 419 018a 1C4B     		ldr	r3, .L59+4
 420 018c 6268     		ldr	r2, [r4, #4]
 421 018e 2893     		str	r3, [sp, #160]
 422 0190 F93B     		subs	r3, r3, #249
 423 0192 FF3B     		subs	r3, r3, #255
 424 0194 D358     		ldr	r3, [r2, r3]
 425 0196 2900     		movs	r1, r5
 426 0198 A033     		adds	r3, r3, #160
 427 019a 1B68     		ldr	r3, [r3]
 428 019c 06A8     		add	r0, sp, #24
 429 019e 9847     		blx	r3
 430 01a0 2200     		movs	r2, r4
 431 01a2 11AB     		add	r3, sp, #68
 432 01a4 6063     		str	r0, [r4, #52]
 433 01a6 0093     		str	r3, [sp]
 434 01a8 3100     		movs	r1, r6
 435 01aa 1923     		movs	r3, #25
 436 01ac 6068     		ldr	r0, [r4, #4]
 437 01ae 1032     		adds	r2, r2, #16
 438 01b0 FFF7FEFF 		bl	rp_task_enqueue
 439 01b4 0028     		cmp	r0, #0
 440 01b6 04D0     		beq	.L38
 441 01b8 AE21     		movs	r1, #174
 442 01ba 1148     		ldr	r0, .L59+8
 443 01bc 4900     		lsls	r1, r1, #1
 444 01be FFF7FEFF 		bl	smtc_modem_hal_assert_fail
 445              	.L38:
 446 01c2 33B0     		add	sp, sp, #204
 447              		@ sp needed
 448 01c4 F0BD     		pop	{r4, r5, r6, r7, pc}
 449              	.L44:
 450 01c6 0C3B     		subs	r3, r3, #12
ARM GAS  /tmp/ccXugCEU.s 			page 9


 451 01c8 5A42     		rsbs	r2, r3, #0
 452 01ca 5341     		adcs	r3, r3, r2
 453              	.L58:
 454 01cc DBB2     		uxtb	r3, r3
 455 01ce D3E7     		b	.L47
 456              	.L42:
 457 01d0 0B3B     		subs	r3, r3, #11
 458 01d2 DAB2     		uxtb	r2, r3
 459 01d4 0121     		movs	r1, #1
 460 01d6 0023     		movs	r3, #0
 461              	.L57:
 462 01d8 9142     		cmp	r1, r2
 463 01da 5B41     		adcs	r3, r3, r3
 464 01dc F6E7     		b	.L58
 465              	.L45:
 466 01de 0A3B     		subs	r3, r3, #10
 467 01e0 DAB2     		uxtb	r2, r3
 468 01e2 0221     		movs	r1, #2
 469 01e4 0023     		movs	r3, #0
 470 01e6 F7E7     		b	.L57
 471              	.L46:
 472 01e8 093B     		subs	r3, r3, #9
 473 01ea DAB2     		uxtb	r2, r3
 474 01ec 0321     		movs	r1, #3
 475 01ee 0023     		movs	r3, #0
 476 01f0 F2E7     		b	.L57
 477              	.L52:
 478 01f2 0123     		movs	r3, #1
 479 01f4 C0E7     		b	.L47
 480              	.L60:
 481 01f6 C046     		.align	2
 482              	.L59:
 483 01f8 00000000 		.word	smtc_beacon_sniff_launch_callback_for_rp
 484 01fc B80B0000 		.word	3000
 485 0200 00000000 		.word	__func__.2
 487              		.section	.text.smtc_beacon_sniff_init,"ax",%progbits
 488              		.align	1
 489              		.global	smtc_beacon_sniff_init
 490              		.syntax unified
 491              		.code	16
 492              		.thumb_func
 494              	smtc_beacon_sniff_init:
 495              		@ args = 12, pretend = 0, frame = 8
 496              		@ frame_needed = 0, uses_anonymous_args = 0
 497 0000 F7B5     		push	{r0, r1, r2, r4, r5, r6, r7, lr}
 498 0002 0400     		movs	r4, r0
 499              		@ sp needed
 500 0004 1D00     		movs	r5, r3
 501 0006 0E00     		movs	r6, r1
 502 0008 08AB     		add	r3, sp, #32
 503 000a 0192     		str	r2, [sp, #4]
 504 000c 0021     		movs	r1, #0
 505 000e 8422     		movs	r2, #132
 506 0010 1F78     		ldrb	r7, [r3]
 507 0012 FFF7FEFF 		bl	memset
 508 0016 019B     		ldr	r3, [sp, #4]
 509 0018 2200     		movs	r2, r4
ARM GAS  /tmp/ccXugCEU.s 			page 10


 510 001a A360     		str	r3, [r4, #8]
 511 001c 0023     		movs	r3, #0
 512 001e 2A32     		adds	r2, r2, #42
 513 0020 6560     		str	r5, [r4, #4]
 514 0022 2773     		strb	r7, [r4, #12]
 515 0024 2660     		str	r6, [r4]
 516 0026 6373     		strb	r3, [r4, #13]
 517 0028 E381     		strh	r3, [r4, #14]
 518 002a 1370     		strb	r3, [r2]
 519 002c 099B     		ldr	r3, [sp, #36]
 520 002e 0122     		movs	r2, #1
 521 0030 2365     		str	r3, [r4, #80]
 522 0032 0A9B     		ldr	r3, [sp, #40]
 523 0034 3900     		movs	r1, r7
 524 0036 6365     		str	r3, [r4, #84]
 525 0038 074B     		ldr	r3, .L62
 526 003a 2800     		movs	r0, r5
 527 003c 6364     		str	r3, [r4, #68]
 528 003e 2300     		movs	r3, r4
 529 0040 4C33     		adds	r3, r3, #76
 530 0042 1A70     		strb	r2, [r3]
 531 0044 FFF7FEFF 		bl	rp_release_hook
 532 0048 2300     		movs	r3, r4
 533 004a 044A     		ldr	r2, .L62+4
 534 004c 217B     		ldrb	r1, [r4, #12]
 535 004e 6068     		ldr	r0, [r4, #4]
 536 0050 FFF7FEFF 		bl	rp_hook_init
 537 0054 F7BD     		pop	{r0, r1, r2, r4, r5, r6, r7, pc}
 538              	.L63:
 539 0056 C046     		.align	2
 540              	.L62:
 541 0058 00881300 		.word	1280000
 542 005c 00000000 		.word	smtc_beacon_sniff_rp_callback
 544              		.section	.text.smtc_beacon_sniff_stop,"ax",%progbits
 545              		.align	1
 546              		.global	smtc_beacon_sniff_stop
 547              		.syntax unified
 548              		.code	16
 549              		.thumb_func
 551              	smtc_beacon_sniff_stop:
 552              		@ args = 0, pretend = 0, frame = 0
 553              		@ frame_needed = 0, uses_anonymous_args = 0
 554 0000 10B5     		push	{r4, lr}
 555 0002 837B     		ldrb	r3, [r0, #14]
 556 0004 0400     		movs	r4, r0
 557 0006 002B     		cmp	r3, #0
 558 0008 08D0     		beq	.L64
 559 000a 0023     		movs	r3, #0
 560 000c 017B     		ldrb	r1, [r0, #12]
 561 000e C373     		strb	r3, [r0, #15]
 562 0010 4068     		ldr	r0, [r0, #4]
 563 0012 FFF7FEFF 		bl	rp_task_abort
 564 0016 2068     		ldr	r0, [r4]
 565 0018 FFF7FEFF 		bl	smtc_ping_slot_stop
 566              	.L64:
 567              		@ sp needed
 568 001c 10BD     		pop	{r4, pc}
ARM GAS  /tmp/ccXugCEU.s 			page 11


 570              		.section	.text.smtc_beacon_class_b_enable_service,"ax",%progbits
 571              		.align	1
 572              		.global	smtc_beacon_class_b_enable_service
 573              		.syntax unified
 574              		.code	16
 575              		.thumb_func
 577              	smtc_beacon_class_b_enable_service:
 578              		@ args = 0, pretend = 0, frame = 0
 579              		@ frame_needed = 0, uses_anonymous_args = 0
 580 0000 70B5     		push	{r4, r5, r6, lr}
 581 0002 0400     		movs	r4, r0
 582 0004 0D1E     		subs	r5, r1, #0
 583 0006 01D1     		bne	.L70
 584 0008 FFF7FEFF 		bl	smtc_beacon_sniff_stop
 585              	.L70:
 586              		@ sp needed
 587 000c A573     		strb	r5, [r4, #14]
 588 000e 70BD     		pop	{r4, r5, r6, pc}
 590              		.section	.rodata.smtc_beacon_sniff_start.str1.1,"aMS",%progbits,1
 591              	.LC15:
 592 0000 636C6173 		.ascii	"class_b_obj disabled\012\015\000"
 592      735F625F 
 592      6F626A20 
 592      64697361 
 592      626C6564 
 593              	.LC17:
 594 0017 62656163 		.ascii	"beacon sniff not started, time is not sync\012\015\000"
 594      6F6E2073 
 594      6E696666 
 594      206E6F74 
 594      20737461 
 595              		.global	__aeabi_idiv
 596              	.LC19:
 597 0044 21212121 		.ascii	"!!!!! seconds_since_epoch %u, fractional_second %u "
 597      21207365 
 597      636F6E64 
 597      735F7369 
 597      6E63655F 
 598 0077 6D730A0D 		.ascii	"ms\012\015\000"
 598      00
 599              	.LC21:
 600 007c 4E657874 		.ascii	"Next beacon in %u ms at %u\012\015\000"
 600      20626561 
 600      636F6E20 
 600      696E2025 
 600      75206D73 
 601              		.section	.text.smtc_beacon_sniff_start,"ax",%progbits
 602              		.align	1
 603              		.global	smtc_beacon_sniff_start
 604              		.syntax unified
 605              		.code	16
 606              		.thumb_func
 608              	smtc_beacon_sniff_start:
 609              		@ args = 0, pretend = 0, frame = 24
 610              		@ frame_needed = 0, uses_anonymous_args = 0
 611 0000 F0B5     		push	{r4, r5, r6, r7, lr}
 612 0002 87B0     		sub	sp, sp, #28
ARM GAS  /tmp/ccXugCEU.s 			page 12


 613 0004 0400     		movs	r4, r0
 614 0006 FFF7FEFF 		bl	smtc_modem_hal_get_time_in_ms
 615 000a 0026     		movs	r6, #0
 616 000c 02AB     		add	r3, sp, #8
 617 000e DF1D     		adds	r7, r3, #7
 618 0010 3A00     		movs	r2, r7
 619 0012 0500     		movs	r5, r0
 620 0014 2100     		movs	r1, r4
 621 0016 6068     		ldr	r0, [r4, #4]
 622 0018 0496     		str	r6, [sp, #16]
 623 001a 0596     		str	r6, [sp, #20]
 624 001c FFF7FEFF 		bl	rp_hook_get_id
 625 0020 2300     		movs	r3, r4
 626 0022 2A33     		adds	r3, r3, #42
 627 0024 1E70     		strb	r6, [r3]
 628 0026 227B     		ldrb	r2, [r4, #12]
 629 0028 3B78     		ldrb	r3, [r7]
 630 002a 9A42     		cmp	r2, r3
 631 002c 04D0     		beq	.L72
 632 002e 1821     		movs	r1, #24
 633 0030 4348     		ldr	r0, .L81
 634 0032 FF31     		adds	r1, r1, #255
 635 0034 FFF7FEFF 		bl	smtc_modem_hal_assert_fail
 636              	.L72:
 637 0038 A37B     		ldrb	r3, [r4, #14]
 638 003a 002B     		cmp	r3, #0
 639 003c 05D1     		bne	.L73
 640 003e 4148     		ldr	r0, .L81+4
 641 0040 FFF7FEFF 		bl	smtc_modem_hal_print_trace
 642 0044 0120     		movs	r0, #1
 643              	.L74:
 644 0046 07B0     		add	sp, sp, #28
 645              		@ sp needed
 646 0048 F0BD     		pop	{r4, r5, r6, r7, pc}
 647              	.L73:
 648 004a FA23     		movs	r3, #250
 649 004c 9B00     		lsls	r3, r3, #2
 650 004e EB18     		adds	r3, r5, r3
 651 0050 0193     		str	r3, [sp, #4]
 652 0052 0199     		ldr	r1, [sp, #4]
 653 0054 A068     		ldr	r0, [r4, #8]
 654 0056 05AB     		add	r3, sp, #20
 655 0058 04AA     		add	r2, sp, #16
 656 005a FFF7FEFF 		bl	lr1mac_core_convert_rtc_to_gps_epoch_time
 657 005e 0028     		cmp	r0, #0
 658 0060 04D1     		bne	.L75
 659 0062 3948     		ldr	r0, .L81+8
 660 0064 FFF7FEFF 		bl	smtc_modem_hal_print_trace
 661 0068 0320     		movs	r0, #3
 662 006a ECE7     		b	.L74
 663              	.L75:
 664 006c 7F22     		movs	r2, #127
 665 006e 049B     		ldr	r3, [sp, #16]
 666 0070 364D     		ldr	r5, .L81+12
 667 0072 1340     		ands	r3, r2
 668 0074 5D43     		muls	r5, r3
 669 0076 059B     		ldr	r3, [sp, #20]
ARM GAS  /tmp/ccXugCEU.s 			page 13


 670 0078 A668     		ldr	r6, [r4, #8]
 671 007a ED1A     		subs	r5, r5, r3
 672 007c FA23     		movs	r3, #250
 673 007e 5B02     		lsls	r3, r3, #9
 674 0080 ED18     		adds	r5, r5, r3
 675 0082 019B     		ldr	r3, [sp, #4]
 676 0084 3000     		movs	r0, r6
 677 0086 ED18     		adds	r5, r5, r3
 678 0088 0A23     		movs	r3, #10
 679 008a 6B43     		muls	r3, r5
 680 008c A364     		str	r3, [r4, #72]
 681 008e FFF7FEFF 		bl	smtc_real_get_beacon_dr
 682 0092 0100     		movs	r1, r0
 683 0094 3000     		movs	r0, r6
 684 0096 FFF7FEFF 		bl	smtc_real_get_symbol_duration_us
 685 009a FA26     		movs	r6, #250
 686 009c B600     		lsls	r6, r6, #2
 687 009e B042     		cmp	r0, r6
 688 00a0 1FD2     		bcs	.L76
 689              	.L78:
 690 00a2 FF20     		movs	r0, #255
 691              	.L77:
 692 00a4 0123     		movs	r3, #1
 693 00a6 2086     		strh	r0, [r4, #48]
 694 00a8 E373     		strb	r3, [r4, #15]
 695 00aa 2900     		movs	r1, r5
 696 00ac 05AB     		add	r3, sp, #20
 697 00ae A068     		ldr	r0, [r4, #8]
 698 00b0 04AA     		add	r2, sp, #16
 699 00b2 FFF7FEFF 		bl	lr1mac_core_convert_rtc_to_gps_epoch_time
 700 00b6 0499     		ldr	r1, [sp, #16]
 701 00b8 059A     		ldr	r2, [sp, #20]
 702 00ba E162     		str	r1, [r4, #44]
 703 00bc 2448     		ldr	r0, .L81+16
 704 00be FFF7FEFF 		bl	smtc_modem_hal_print_trace
 705 00c2 2000     		movs	r0, r4
 706 00c4 FFF7FEFF 		bl	beacon_rp_request
 707 00c8 A46C     		ldr	r4, [r4, #72]
 708 00ca 0A21     		movs	r1, #10
 709 00cc 2000     		movs	r0, r4
 710 00ce FFF7FEFF 		bl	__aeabi_uidiv
 711 00d2 019B     		ldr	r3, [sp, #4]
 712 00d4 2200     		movs	r2, r4
 713 00d6 C11A     		subs	r1, r0, r3
 714 00d8 1E48     		ldr	r0, .L81+20
 715 00da FFF7FEFF 		bl	smtc_modem_hal_print_trace
 716 00de 0020     		movs	r0, #0
 717 00e0 B1E7     		b	.L74
 718              	.L76:
 719 00e2 A768     		ldr	r7, [r4, #8]
 720 00e4 3800     		movs	r0, r7
 721 00e6 FFF7FEFF 		bl	smtc_real_get_beacon_dr
 722 00ea 0100     		movs	r1, r0
 723 00ec 3800     		movs	r0, r7
 724 00ee FFF7FEFF 		bl	smtc_real_get_symbol_duration_us
 725 00f2 3100     		movs	r1, r6
 726 00f4 FFF7FEFF 		bl	__aeabi_uidiv
ARM GAS  /tmp/ccXugCEU.s 			page 14


 727 00f8 0100     		movs	r1, r0
 728 00fa FA20     		movs	r0, #250
 729 00fc C000     		lsls	r0, r0, #3
 730 00fe FFF7FEFF 		bl	__aeabi_uidiv
 731 0102 FE28     		cmp	r0, #254
 732 0104 CDD8     		bhi	.L78
 733 0106 A768     		ldr	r7, [r4, #8]
 734 0108 3800     		movs	r0, r7
 735 010a FFF7FEFF 		bl	smtc_real_get_beacon_dr
 736 010e 0100     		movs	r1, r0
 737 0110 3800     		movs	r0, r7
 738 0112 FFF7FEFF 		bl	smtc_real_get_symbol_duration_us
 739 0116 0121     		movs	r1, #1
 740 0118 B042     		cmp	r0, r6
 741 011a 0BD3     		bcc	.L79
 742 011c A768     		ldr	r7, [r4, #8]
 743 011e 3800     		movs	r0, r7
 744 0120 FFF7FEFF 		bl	smtc_real_get_beacon_dr
 745 0124 0100     		movs	r1, r0
 746 0126 3800     		movs	r0, r7
 747 0128 FFF7FEFF 		bl	smtc_real_get_symbol_duration_us
 748 012c 3100     		movs	r1, r6
 749 012e FFF7FEFF 		bl	__aeabi_uidiv
 750 0132 0100     		movs	r1, r0
 751              	.L79:
 752 0134 FA20     		movs	r0, #250
 753 0136 C000     		lsls	r0, r0, #3
 754 0138 FFF7FEFF 		bl	__aeabi_uidiv
 755 013c 80B2     		uxth	r0, r0
 756 013e B1E7     		b	.L77
 757              	.L82:
 758              		.align	2
 759              	.L81:
 760 0140 00000000 		.word	__func__.3
 761 0144 00000000 		.word	.LC15
 762 0148 17000000 		.word	.LC17
 763 014c 18FCFFFF 		.word	-1000
 764 0150 44000000 		.word	.LC19
 765 0154 7C000000 		.word	.LC21
 767              		.section	.text.smtc_beacon_sniff_get_metadata,"ax",%progbits
 768              		.align	1
 769              		.global	smtc_beacon_sniff_get_metadata
 770              		.syntax unified
 771              		.code	16
 772              		.thumb_func
 774              	smtc_beacon_sniff_get_metadata:
 775              		@ args = 0, pretend = 0, frame = 0
 776              		@ frame_needed = 0, uses_anonymous_args = 0
 777 0000 0B00     		movs	r3, r1
 778 0002 0100     		movs	r1, r0
 779 0004 10B5     		push	{r4, lr}
 780 0006 2C22     		movs	r2, #44
 781              		@ sp needed
 782 0008 1800     		movs	r0, r3
 783 000a 5831     		adds	r1, r1, #88
 784 000c FFF7FEFF 		bl	memcpy
 785 0010 10BD     		pop	{r4, pc}
ARM GAS  /tmp/ccXugCEU.s 			page 15


 787              		.section	.rodata.smtc_decode_beacon_epoch_time.str1.1,"aMS",%progbits,1
 788              	.LC23:
 789 0000 494E5641 		.ascii	"INVALID CRC  \012\015\000"
 789      4C494420 
 789      43524320 
 789      200A0D00 
 790              		.section	.text.smtc_decode_beacon_epoch_time,"ax",%progbits
 791              		.align	1
 792              		.global	smtc_decode_beacon_epoch_time
 793              		.syntax unified
 794              		.code	16
 795              		.thumb_func
 797              	smtc_decode_beacon_epoch_time:
 798              		@ args = 0, pretend = 0, frame = 0
 799              		@ frame_needed = 0, uses_anonymous_args = 0
 800 0000 70B5     		push	{r4, r5, r6, lr}
 801 0002 4418     		adds	r4, r0, r1
 802 0004 A31E     		subs	r3, r4, #2
 803 0006 1B78     		ldrb	r3, [r3]
 804 0008 E21E     		subs	r2, r4, #3
 805 000a 1578     		ldrb	r5, [r2]
 806 000c 1B02     		lsls	r3, r3, #8
 807 000e 0339     		subs	r1, r1, #3
 808 0010 ED18     		adds	r5, r5, r3
 809 0012 89B2     		uxth	r1, r1
 810 0014 ADB2     		uxth	r5, r5
 811 0016 0029     		cmp	r1, #0
 812 0018 02D0     		beq	.L85
 813 001a FFF7FEFF 		bl	crc16_beacon.part.0
 814 001e 0100     		movs	r1, r0
 815              	.L85:
 816 0020 8D42     		cmp	r5, r1
 817 0022 04D0     		beq	.L86
 818 0024 0948     		ldr	r0, .L91
 819 0026 FFF7FEFF 		bl	smtc_modem_hal_print_trace
 820 002a 0020     		movs	r0, #0
 821              	.L84:
 822              		@ sp needed
 823 002c 70BD     		pop	{r4, r5, r6, pc}
 824              	.L86:
 825 002e A31F     		subs	r3, r4, #6
 826 0030 1878     		ldrb	r0, [r3]
 827 0032 E31F     		subs	r3, r4, #7
 828 0034 1B78     		ldrb	r3, [r3]
 829 0036 0002     		lsls	r0, r0, #8
 830 0038 C018     		adds	r0, r0, r3
 831 003a 631F     		subs	r3, r4, #5
 832 003c 1B78     		ldrb	r3, [r3]
 833 003e 043C     		subs	r4, r4, #4
 834 0040 1B04     		lsls	r3, r3, #16
 835 0042 C018     		adds	r0, r0, r3
 836 0044 2378     		ldrb	r3, [r4]
 837 0046 1B06     		lsls	r3, r3, #24
 838 0048 C018     		adds	r0, r0, r3
 839 004a EFE7     		b	.L84
 840              	.L92:
 841              		.align	2
ARM GAS  /tmp/ccXugCEU.s 			page 16


 842              	.L91:
 843 004c 00000000 		.word	.LC23
 845              		.section	.rodata.smtc_beacon_sniff_rp_callback.str1.1,"aMS",%progbits,1
 846              	.LC25:
 847 0000 20626561 		.ascii	" beacon_timestamp_us = %u us\012\015\000"
 847      636F6E5F 
 847      74696D65 
 847      7374616D 
 847      705F7573 
 848              	.LC27:
 849 001f 20626561 		.ascii	" beacon_time - network time = %d ms\012\015\000"
 849      636F6E5F 
 849      74696D65 
 849      202D206E 
 849      6574776F 
 850              	.LC29:
 851 0045 1B5B303B 		.ascii	"\033[0;31mERROR: device no more synchronized\012\015"
 851      33316D45 
 851      52524F52 
 851      3A206465 
 851      76696365 
 852 0070 00       		.ascii	"\000"
 853              	.LC32:
 854 0071 74696D65 		.ascii	"time error on first beacon = %d (100us resolution) "
 854      20657272 
 854      6F72206F 
 854      6E206669 
 854      72737420 
 855 00a4 200A0D00 		.ascii	" \012\015\000"
 856              	.LC34:
 857 00a8 72782064 		.ascii	"rx delay = %d ms\012\015\000"
 857      656C6179 
 857      203D2025 
 857      64206D73 
 857      0A0D00
 858              	.LC36:
 859 00bb 42656163 		.ascii	"Beacon Payload \000"
 859      6F6E2050 
 859      61796C6F 
 859      61642000 
 860              	.LC38:
 861 00cb 2573202D 		.ascii	"%s - (%lu bytes):\012\015\000"
 861      2028256C 
 861      75206279 
 861      74657329 
 861      3A0A0D00 
 862              	.LC40:
 863 00df 0A0D00   		.ascii	"\012\015\000"
 864              	.LC42:
 865 00e2 20253032 		.ascii	" %02X\000"
 865      5800
 866              	.LC44:
 867 00e8 2D2D3E20 		.ascii	"--> PLL INFO ppl_phase =%d, pll_error_100us= %d  pl"
 867      504C4C20 
 867      494E464F 
 867      2070706C 
 867      5F706861 
ARM GAS  /tmp/ccXugCEU.s 			page 17


 868 011b 6C5F6672 		.ascii	"l_frequency_100us = %d \012\015\000"
 868      65717565 
 868      6E63795F 
 868      31303075 
 868      73203D20 
 869              	.LC46:
 870 0135 0A0D2A2A 		.ascii	"\012\015*******************************************"
 870      2A2A2A2A 
 870      2A2A2A2A 
 870      2A2A2A2A 
 870      2A2A2A2A 
 871 0162 2A0A0D00 		.ascii	"*\012\015\000"
 872              	.LC48:
 873 0166 2D2D3E42 		.ascii	"-->BEACON STATUS \012\015 received = %d\012\015 mis"
 873      4541434F 
 873      4E205354 
 873      41545553 
 873      200A0D20 
 874 018d 73656420 		.ascii	"sed = %d\012\015 received_consecutively = %d\012\015"
 874      3D202564 
 874      0A0D2072 
 874      65636569 
 874      7665645F 
 875 01b5 206C6F73 		.ascii	" lost_consecutively =%d\012\015 four_last_beacon_rx"
 875      745F636F 
 875      6E736563 
 875      75746976 
 875      656C7920 
 876 01e2 5F737461 		.ascii	"_statistic = %d\012\015 next beacon rx_nb_symb = %d"
 876      74697374 
 876      6963203D 
 876      2025640A 
 876      0D206E65 
 877 020f 0A0D00   		.ascii	"\012\015\000"
 878              	.LC50:
 879 0212 2A2A2A2A 		.ascii	"*********************************************\012\015"
 879      2A2A2A2A 
 879      2A2A2A2A 
 879      2A2A2A2A 
 879      2A2A2A2A 
 880 0241 2000     		.ascii	" \000"
 881              	.LC52:
 882 0243 62656163 		.ascii	"beacon stop ping slot\012\015\000"
 882      6F6E2073 
 882      746F7020 
 882      70696E67 
 882      20736C6F 
 883              		.section	.text.smtc_beacon_sniff_rp_callback,"ax",%progbits
 884              		.align	1
 885              		.global	smtc_beacon_sniff_rp_callback
 886              		.syntax unified
 887              		.code	16
 888              		.thumb_func
 890              	smtc_beacon_sniff_rp_callback:
 891              		@ args = 0, pretend = 0, frame = 24
 892              		@ frame_needed = 0, uses_anonymous_args = 0
 893 0000 F0B5     		push	{r4, r5, r6, r7, lr}
ARM GAS  /tmp/ccXugCEU.s 			page 18


 894 0002 C37B     		ldrb	r3, [r0, #15]
 895 0004 0400     		movs	r4, r0
 896 0006 8BB0     		sub	sp, sp, #44
 897 0008 002B     		cmp	r3, #0
 898 000a 00D1     		bne	.LCB892
 899 000c A8E3     		b	.L93	@long jump
 900              	.LCB892:
 901 000e 4168     		ldr	r1, [r0, #4]
 902 0010 037B     		ldrb	r3, [r0, #12]
 903 0012 EF20     		movs	r0, #239
 904 0014 CA18     		adds	r2, r1, r3
 905 0016 A768     		ldr	r7, [r4, #8]
 906 0018 F333     		adds	r3, r3, #243
 907 001a C000     		lsls	r0, r0, #3
 908 001c FF33     		adds	r3, r3, #255
 909 001e 1218     		adds	r2, r2, r0
 910 0020 9B00     		lsls	r3, r3, #2
 911 0022 3800     		movs	r0, r7
 912 0024 5E58     		ldr	r6, [r3, r1]
 913 0026 1578     		ldrb	r5, [r2]
 914 0028 FFF7FEFF 		bl	smtc_real_get_beacon_dr
 915 002c 0100     		movs	r1, r0
 916 002e 3800     		movs	r0, r7
 917 0030 FFF7FEFF 		bl	smtc_real_get_symbol_duration_us
 918 0034 6421     		movs	r1, #100
 919 0036 4008     		lsrs	r0, r0, #1
 920 0038 FFF7FEFF 		bl	__aeabi_uidiv
 921 003c 6421     		movs	r1, #100
 922 003e 361A     		subs	r6, r6, r0
 923 0040 7143     		muls	r1, r6
 924 0042 D848     		ldr	r0, .L200
 925 0044 FFF7FEFF 		bl	smtc_modem_hal_print_trace
 926 0048 0023     		movs	r3, #0
 927 004a 6373     		strb	r3, [r4, #13]
 928 004c 042D     		cmp	r5, #4
 929 004e 7AD1     		bne	.L97
 930 0050 A568     		ldr	r5, [r4, #8]
 931 0052 2800     		movs	r0, r5
 932 0054 FFF7FEFF 		bl	smtc_real_get_beacon_dr
 933 0058 0100     		movs	r1, r0
 934 005a 2800     		movs	r0, r5
 935 005c 2500     		movs	r5, r4
 936 005e 08AA     		add	r2, sp, #32
 937 0060 09AB     		add	r3, sp, #36
 938 0062 FFF7FEFF 		bl	smtc_real_lora_dr_to_sf_bw
 939 0066 1035     		adds	r5, r5, #16
 940 0068 04AB     		add	r3, sp, #16
 941 006a 197C     		ldrb	r1, [r3, #16]
 942 006c 2800     		movs	r0, r5
 943 006e FFF7FEFF 		bl	smtc_decode_beacon_epoch_time
 944 0072 A768     		ldr	r7, [r4, #8]
 945 0074 3800     		movs	r0, r7
 946 0076 FFF7FEFF 		bl	smtc_real_get_beacon_dr
 947 007a 08AA     		add	r2, sp, #32
 948 007c 0100     		movs	r1, r0
 949 007e 09AB     		add	r3, sp, #36
 950 0080 3800     		movs	r0, r7
ARM GAS  /tmp/ccXugCEU.s 			page 19


 951 0082 FFF7FEFF 		bl	smtc_real_lora_dr_to_sf_bw
 952 0086 04AB     		add	r3, sp, #16
 953 0088 197C     		ldrb	r1, [r3, #16]
 954 008a 2800     		movs	r0, r5
 955 008c FFF7FEFF 		bl	smtc_decode_beacon_epoch_time
 956 0090 0A21     		movs	r1, #10
 957 0092 0500     		movs	r5, r0
 958 0094 3000     		movs	r0, r6
 959 0096 FFF7FEFF 		bl	__aeabi_uidiv
 960 009a 616B     		ldr	r1, [r4, #52]
 961 009c 09AB     		add	r3, sp, #36
 962 009e 411A     		subs	r1, r0, r1
 963 00a0 08AA     		add	r2, sp, #32
 964 00a2 A068     		ldr	r0, [r4, #8]
 965 00a4 FFF7FEFF 		bl	lr1mac_core_convert_rtc_to_gps_epoch_time
 966 00a8 0028     		cmp	r0, #0
 967 00aa 00D1     		bne	.LCB965
 968 00ac D1E0     		b	.L98	@long jump
 969              	.LCB965:
 970 00ae FA21     		movs	r1, #250
 971 00b0 089B     		ldr	r3, [sp, #32]
 972 00b2 8900     		lsls	r1, r1, #2
 973 00b4 ED1A     		subs	r5, r5, r3
 974 00b6 6943     		muls	r1, r5
 975 00b8 099B     		ldr	r3, [sp, #36]
 976 00ba BB48     		ldr	r0, .L200+4
 977 00bc C91A     		subs	r1, r1, r3
 978 00be FFF7FEFF 		bl	smtc_modem_hal_print_trace
 979              	.L99:
 980 00c2 0123     		movs	r3, #1
 981 00c4 E521     		movs	r1, #229
 982 00c6 6373     		strb	r3, [r4, #13]
 983 00c8 237B     		ldrb	r3, [r4, #12]
 984 00ca 8900     		lsls	r1, r1, #2
 985 00cc 6268     		ldr	r2, [r4, #4]
 986 00ce 5B18     		adds	r3, r3, r1
 987 00d0 5B00     		lsls	r3, r3, #1
 988 00d2 9A5A     		ldrh	r2, [r3, r2]
 989 00d4 2300     		movs	r3, r4
 990 00d6 2933     		adds	r3, r3, #41
 991 00d8 1A70     		strb	r2, [r3]
 992 00da 0133     		adds	r3, r3, #1
 993 00dc 0593     		str	r3, [sp, #20]
 994 00de 1D78     		ldrb	r5, [r3]
 995 00e0 002D     		cmp	r5, #0
 996 00e2 11D1     		bne	.L100
 997 00e4 0A27     		movs	r7, #10
 998 00e6 616B     		ldr	r1, [r4, #52]
 999 00e8 A36C     		ldr	r3, [r4, #72]
 1000 00ea 7943     		muls	r1, r7
 1001 00ec C918     		adds	r1, r1, r3
 1002 00ee AF48     		ldr	r0, .L200+8
 1003 00f0 711A     		subs	r1, r6, r1
 1004 00f2 FFF7FEFF 		bl	smtc_modem_hal_print_trace
 1005 00f6 AE4B     		ldr	r3, .L200+12
 1006 00f8 E563     		str	r5, [r4, #60]
 1007 00fa 6364     		str	r3, [r4, #68]
ARM GAS  /tmp/ccXugCEU.s 			page 20


 1008 00fc 636B     		ldr	r3, [r4, #52]
 1009 00fe A563     		str	r5, [r4, #56]
 1010 0100 7B43     		muls	r3, r7
 1011 0102 F31A     		subs	r3, r6, r3
 1012 0104 2564     		str	r5, [r4, #64]
 1013 0106 A364     		str	r3, [r4, #72]
 1014              	.L100:
 1015 0108 059B     		ldr	r3, [sp, #20]
 1016 010a A06C     		ldr	r0, [r4, #72]
 1017 010c 1B78     		ldrb	r3, [r3]
 1018 010e E16B     		ldr	r1, [r4, #60]
 1019 0110 626C     		ldr	r2, [r4, #68]
 1020 0112 012B     		cmp	r3, #1
 1021 0114 17D1     		bne	.L97
 1022 0116 0A25     		movs	r5, #10
 1023 0118 636B     		ldr	r3, [r4, #52]
 1024 011a 6B43     		muls	r3, r5
 1025 011c 1B18     		adds	r3, r3, r0
 1026 011e 0720     		movs	r0, #7
 1027 0120 4143     		muls	r1, r0
 1028 0122 F31A     		subs	r3, r6, r3
 1029 0124 C918     		adds	r1, r1, r3
 1030 0126 A363     		str	r3, [r4, #56]
 1031 0128 CB17     		asrs	r3, r1, #31
 1032 012a 0340     		ands	r3, r0
 1033 012c 5B18     		adds	r3, r3, r1
 1034 012e 216C     		ldr	r1, [r4, #64]
 1035 0130 DB10     		asrs	r3, r3, #3
 1036 0132 E363     		str	r3, [r4, #60]
 1037 0134 5B18     		adds	r3, r3, r1
 1038 0136 2364     		str	r3, [r4, #64]
 1039 0138 0021     		movs	r1, #0
 1040 013a 202B     		cmp	r3, #32
 1041 013c 00DC     		bgt	.LCB1039
 1042 013e 8FE0     		b	.L102	@long jump
 1043              	.LCB1039:
 1044 0140 0132     		adds	r2, r2, #1
 1045              	.L190:
 1046 0142 6264     		str	r2, [r4, #68]
 1047 0144 2164     		str	r1, [r4, #64]
 1048              	.L97:
 1049 0146 E16B     		ldr	r1, [r4, #60]
 1050 0148 A36C     		ldr	r3, [r4, #72]
 1051 014a CA17     		asrs	r2, r1, #31
 1052 014c 8D18     		adds	r5, r1, r2
 1053 014e 5540     		eors	r5, r2
 1054 0150 606C     		ldr	r0, [r4, #68]
 1055 0152 0A00     		movs	r2, r1
 1056 0154 642D     		cmp	r5, #100
 1057 0156 03DD     		ble	.L104
 1058 0158 6422     		movs	r2, #100
 1059 015a 0029     		cmp	r1, #0
 1060 015c 00DA     		bge	.L104
 1061 015e C83A     		subs	r2, r2, #200
 1062              	.L104:
 1063 0160 1B18     		adds	r3, r3, r0
 1064 0162 9B18     		adds	r3, r3, r2
ARM GAS  /tmp/ccXugCEU.s 			page 21


 1065 0164 A364     		str	r3, [r4, #72]
 1066 0166 637B     		ldrb	r3, [r4, #13]
 1067 0168 0125     		movs	r5, #1
 1068 016a 002B     		cmp	r3, #0
 1069 016c 17D1     		bne	.L105
 1070 016e A768     		ldr	r7, [r4, #8]
 1071 0170 238E     		ldrh	r3, [r4, #48]
 1072 0172 3800     		movs	r0, r7
 1073 0174 0693     		str	r3, [sp, #24]
 1074 0176 FFF7FEFF 		bl	smtc_real_get_beacon_dr
 1075 017a 0100     		movs	r1, r0
 1076 017c 3800     		movs	r0, r7
 1077 017e FFF7FEFF 		bl	smtc_real_get_symbol_duration_us
 1078 0182 FA27     		movs	r7, #250
 1079 0184 BF00     		lsls	r7, r7, #2
 1080 0186 B842     		cmp	r0, r7
 1081 0188 6FD2     		bcs	.L106
 1082              	.L108:
 1083 018a FF20     		movs	r0, #255
 1084              	.L107:
 1085 018c 069B     		ldr	r3, [sp, #24]
 1086 018e 0025     		movs	r5, #0
 1087 0190 8342     		cmp	r3, r0
 1088 0192 04D2     		bcs	.L105
 1089 0194 3822     		movs	r2, #56
 1090 0196 636E     		ldr	r3, [r4, #100]
 1091 0198 9A42     		cmp	r2, r3
 1092 019a 6D41     		adcs	r5, r5, r5
 1093 019c EDB2     		uxtb	r5, r5
 1094              	.L105:
 1095 019e 2700     		movs	r7, r4
 1096 01a0 2300     		movs	r3, r4
 1097 01a2 2A37     		adds	r7, r7, #42
 1098 01a4 3D70     		strb	r5, [r7]
 1099 01a6 0025     		movs	r5, #0
 1100 01a8 7A33     		adds	r3, r3, #122
 1101 01aa 1D70     		strb	r5, [r3]
 1102 01ac 023B     		subs	r3, r3, #2
 1103 01ae 1D70     		strb	r5, [r3]
 1104 01b0 6368     		ldr	r3, [r4, #4]
 1105 01b2 0693     		str	r3, [sp, #24]
 1106 01b4 237B     		ldrb	r3, [r4, #12]
 1107 01b6 0593     		str	r3, [sp, #20]
 1108 01b8 627B     		ldrb	r2, [r4, #13]
 1109 01ba AA42     		cmp	r2, r5
 1110 01bc 00D1     		bne	.LCB1111
 1111 01be 85E0     		b	.L110	@long jump
 1112              	.LCB1111:
 1113 01c0 0A21     		movs	r1, #10
 1114 01c2 3000     		movs	r0, r6
 1115 01c4 FFF7FEFF 		bl	__aeabi_uidiv
 1116 01c8 8423     		movs	r3, #132
 1117 01ca 059A     		ldr	r2, [sp, #20]
 1118 01cc 2067     		str	r0, [r4, #112]
 1119 01ce 5343     		muls	r3, r2
 1120 01d0 069A     		ldr	r2, [sp, #24]
 1121 01d2 0600     		movs	r6, r0
ARM GAS  /tmp/ccXugCEU.s 			page 22


 1122 01d4 D318     		adds	r3, r2, r3
 1123 01d6 1A00     		movs	r2, r3
 1124 01d8 7E32     		adds	r2, r2, #126
 1125 01da 1188     		ldrh	r1, [r2]
 1126 01dc 2200     		movs	r2, r4
 1127 01de 7C33     		adds	r3, r3, #124
 1128 01e0 7432     		adds	r2, r2, #116
 1129 01e2 1180     		strh	r1, [r2]
 1130 01e4 1A88     		ldrh	r2, [r3]
 1131 01e6 2300     		movs	r3, r4
 1132 01e8 7633     		adds	r3, r3, #118
 1133 01ea 1A80     		strh	r2, [r3]
 1134 01ec A068     		ldr	r0, [r4, #8]
 1135 01ee FFF7FEFF 		bl	smtc_real_get_beacon_dr
 1136 01f2 2300     		movs	r3, r4
 1137 01f4 8033     		adds	r3, r3, #128
 1138 01f6 1870     		strb	r0, [r3]
 1139 01f8 E16A     		ldr	r1, [r4, #44]
 1140 01fa A068     		ldr	r0, [r4, #8]
 1141 01fc FFF7FEFF 		bl	smtc_real_get_beacon_frequency
 1142 0200 D423     		movs	r3, #212
 1143 0202 2268     		ldr	r2, [r4]
 1144 0204 5B00     		lsls	r3, r3, #1
 1145 0206 E067     		str	r0, [r4, #124]
 1146 0208 A666     		str	r6, [r4, #104]
 1147 020a D650     		str	r6, [r2, r3]
 1148 020c 2200     		movs	r2, r4
 1149 020e A36D     		ldr	r3, [r4, #88]
 1150 0210 6566     		str	r5, [r4, #100]
 1151 0212 0133     		adds	r3, r3, #1
 1152 0214 A365     		str	r3, [r4, #88]
 1153 0216 236E     		ldr	r3, [r4, #96]
 1154 0218 6C32     		adds	r2, r2, #108
 1155 021a 0133     		adds	r3, r3, #1
 1156 021c 2366     		str	r3, [r4, #96]
 1157 021e 1178     		ldrb	r1, [r2]
 1158 0220 0B1C     		adds	r3, r1, #0
 1159 0222 0329     		cmp	r1, #3
 1160 0224 00D9     		bls	.L111
 1161 0226 0323     		movs	r3, #3
 1162              	.L111:
 1163 0228 0133     		adds	r3, r3, #1
 1164              	.L191:
 1165 022a 1370     		strb	r3, [r2]
 1166              	.L112:
 1167 022c 3B78     		ldrb	r3, [r7]
 1168 022e A06C     		ldr	r0, [r4, #72]
 1169 0230 002B     		cmp	r3, #0
 1170 0232 63D1     		bne	.L113
 1171 0234 A568     		ldr	r5, [r4, #8]
 1172 0236 2800     		movs	r0, r5
 1173 0238 FFF7FEFF 		bl	smtc_real_get_beacon_dr
 1174 023c 0100     		movs	r1, r0
 1175 023e 2800     		movs	r0, r5
 1176 0240 FA25     		movs	r5, #250
 1177 0242 FFF7FEFF 		bl	smtc_real_get_symbol_duration_us
 1178 0246 AD00     		lsls	r5, r5, #2
ARM GAS  /tmp/ccXugCEU.s 			page 23


 1179              	.L199:
 1180 0248 A842     		cmp	r0, r5
 1181 024a 00D3     		bcc	.LCB1189
 1182 024c 92E2     		b	.L154	@long jump
 1183              	.LCB1189:
 1184              	.L155:
 1185 024e FF20     		movs	r0, #255
 1186 0250 35E2     		b	.L139
 1187              	.L98:
 1188 0252 5848     		ldr	r0, .L200+16
 1189 0254 FFF7FEFF 		bl	smtc_modem_hal_print_trace
 1190 0258 5748     		ldr	r0, .L200+20
 1191 025a FFF7FEFF 		bl	smtc_modem_hal_print_trace
 1192 025e 30E7     		b	.L99
 1193              	.L102:
 1194 0260 2033     		adds	r3, r3, #32
 1195 0262 00DB     		blt	.LCB1205
 1196 0264 6FE7     		b	.L97	@long jump
 1197              	.LCB1205:
 1198 0266 013A     		subs	r2, r2, #1
 1199 0268 6BE7     		b	.L190
 1200              	.L106:
 1201 026a A368     		ldr	r3, [r4, #8]
 1202 026c 1800     		movs	r0, r3
 1203 026e 0593     		str	r3, [sp, #20]
 1204 0270 FFF7FEFF 		bl	smtc_real_get_beacon_dr
 1205 0274 0100     		movs	r1, r0
 1206 0276 0598     		ldr	r0, [sp, #20]
 1207 0278 FFF7FEFF 		bl	smtc_real_get_symbol_duration_us
 1208 027c 3900     		movs	r1, r7
 1209 027e FFF7FEFF 		bl	__aeabi_uidiv
 1210 0282 0100     		movs	r1, r0
 1211 0284 FA20     		movs	r0, #250
 1212 0286 C000     		lsls	r0, r0, #3
 1213 0288 FFF7FEFF 		bl	__aeabi_uidiv
 1214 028c FE28     		cmp	r0, #254
 1215 028e 00D9     		bls	.LCB1226
 1216 0290 7BE7     		b	.L108	@long jump
 1217              	.LCB1226:
 1218 0292 A368     		ldr	r3, [r4, #8]
 1219 0294 1800     		movs	r0, r3
 1220 0296 0593     		str	r3, [sp, #20]
 1221 0298 FFF7FEFF 		bl	smtc_real_get_beacon_dr
 1222 029c 0100     		movs	r1, r0
 1223 029e 0598     		ldr	r0, [sp, #20]
 1224 02a0 FFF7FEFF 		bl	smtc_real_get_symbol_duration_us
 1225 02a4 2900     		movs	r1, r5
 1226 02a6 B842     		cmp	r0, r7
 1227 02a8 0BD3     		bcc	.L109
 1228 02aa A568     		ldr	r5, [r4, #8]
 1229 02ac 2800     		movs	r0, r5
 1230 02ae FFF7FEFF 		bl	smtc_real_get_beacon_dr
 1231 02b2 0100     		movs	r1, r0
 1232 02b4 2800     		movs	r0, r5
 1233 02b6 FFF7FEFF 		bl	smtc_real_get_symbol_duration_us
 1234 02ba 3900     		movs	r1, r7
 1235 02bc FFF7FEFF 		bl	__aeabi_uidiv
ARM GAS  /tmp/ccXugCEU.s 			page 24


 1236 02c0 0100     		movs	r1, r0
 1237              	.L109:
 1238 02c2 FA20     		movs	r0, #250
 1239 02c4 C000     		lsls	r0, r0, #3
 1240 02c6 FFF7FEFF 		bl	__aeabi_uidiv
 1241 02ca 5FE7     		b	.L107
 1242              	.L110:
 1243 02cc E36D     		ldr	r3, [r4, #92]
 1244 02ce 2266     		str	r2, [r4, #96]
 1245 02d0 0133     		adds	r3, r3, #1
 1246 02d2 E365     		str	r3, [r4, #92]
 1247 02d4 636E     		ldr	r3, [r4, #100]
 1248 02d6 059A     		ldr	r2, [sp, #20]
 1249 02d8 0133     		adds	r3, r3, #1
 1250 02da 6366     		str	r3, [r4, #100]
 1251 02dc 1C23     		movs	r3, #28
 1252 02de 5343     		muls	r3, r2
 1253 02e0 069A     		ldr	r2, [sp, #24]
 1254 02e2 D318     		adds	r3, r2, r3
 1255 02e4 354A     		ldr	r2, .L200+24
 1256 02e6 9B18     		adds	r3, r3, r2
 1257 02e8 1B78     		ldrb	r3, [r3]
 1258 02ea 0E2B     		cmp	r3, #14
 1259 02ec 9ED0     		beq	.L112
 1260 02ee 2200     		movs	r2, r4
 1261 02f0 6C32     		adds	r2, r2, #108
 1262 02f2 1378     		ldrb	r3, [r2]
 1263 02f4 002B     		cmp	r3, #0
 1264 02f6 99D0     		beq	.L112
 1265 02f8 013B     		subs	r3, r3, #1
 1266 02fa 96E7     		b	.L191
 1267              	.L113:
 1268 02fc 0A21     		movs	r1, #10
 1269 02fe FFF7FEFF 		bl	__aeabi_uidiv
 1270 0302 A16E     		ldr	r1, [r4, #104]
 1271 0304 0500     		movs	r5, r0
 1272 0306 411A     		subs	r1, r0, r1
 1273 0308 2D48     		ldr	r0, .L200+28
 1274 030a FFF7FEFF 		bl	smtc_modem_hal_print_trace
 1275 030e A668     		ldr	r6, [r4, #8]
 1276 0310 3000     		movs	r0, r6
 1277 0312 FFF7FEFF 		bl	smtc_real_get_beacon_dr
 1278 0316 0023     		movs	r3, #0
 1279 0318 A26E     		ldr	r2, [r4, #104]
 1280 031a 0293     		str	r3, [sp, #8]
 1281 031c 09AB     		add	r3, sp, #36
 1282 031e 0193     		str	r3, [sp, #4]
 1283 0320 08AB     		add	r3, sp, #32
 1284 0322 0093     		str	r3, [sp]
 1285 0324 2300     		movs	r3, r4
 1286 0326 0100     		movs	r1, r0
 1287 0328 3033     		adds	r3, r3, #48
 1288 032a 3000     		movs	r0, r6
 1289 032c AA1A     		subs	r2, r5, r2
 1290 032e FFF7FEFF 		bl	smtc_real_get_rx_window_parameters
 1291 0332 636E     		ldr	r3, [r4, #100]
 1292 0334 002B     		cmp	r3, #0
ARM GAS  /tmp/ccXugCEU.s 			page 25


 1293 0336 00D0     		beq	.LCB1308
 1294 0338 C2E1     		b	.L118	@long jump
 1295              	.LCB1308:
 1296 033a 2300     		movs	r3, r4
 1297 033c 6C33     		adds	r3, r3, #108
 1298 033e 0693     		str	r3, [sp, #24]
 1299 0340 1A78     		ldrb	r2, [r3]
 1300 0342 0523     		movs	r3, #5
 1301 0344 9B1A     		subs	r3, r3, r2
 1302 0346 228E     		ldrh	r2, [r4, #48]
 1303 0348 A568     		ldr	r5, [r4, #8]
 1304 034a 5A43     		muls	r2, r3
 1305 034c 2800     		movs	r0, r5
 1306 034e 0792     		str	r2, [sp, #28]
 1307 0350 FFF7FEFF 		bl	smtc_real_get_beacon_dr
 1308 0354 0100     		movs	r1, r0
 1309 0356 2800     		movs	r0, r5
 1310 0358 FFF7FEFF 		bl	smtc_real_get_symbol_duration_us
 1311 035c FA25     		movs	r5, #250
 1312 035e AD00     		lsls	r5, r5, #2
 1313 0360 A842     		cmp	r0, r5
 1314 0362 2FD2     		bcs	.L120
 1315              	.L123:
 1316 0364 A568     		ldr	r5, [r4, #8]
 1317 0366 2800     		movs	r0, r5
 1318 0368 FFF7FEFF 		bl	smtc_real_get_beacon_dr
 1319 036c 0100     		movs	r1, r0
 1320 036e 2800     		movs	r0, r5
 1321 0370 FFF7FEFF 		bl	smtc_real_get_symbol_duration_us
 1322 0374 FA25     		movs	r5, #250
 1323 0376 0121     		movs	r1, #1
 1324 0378 AD00     		lsls	r5, r5, #2
 1325 037a A842     		cmp	r0, r5
 1326 037c 0BD3     		bcc	.L122
 1327 037e A668     		ldr	r6, [r4, #8]
 1328 0380 3000     		movs	r0, r6
 1329 0382 FFF7FEFF 		bl	smtc_real_get_beacon_dr
 1330 0386 0100     		movs	r1, r0
 1331 0388 3000     		movs	r0, r6
 1332 038a FFF7FEFF 		bl	smtc_real_get_symbol_duration_us
 1333 038e 2900     		movs	r1, r5
 1334 0390 FFF7FEFF 		bl	__aeabi_uidiv
 1335 0394 0100     		movs	r1, r0
 1336              	.L122:
 1337 0396 FA20     		movs	r0, #250
 1338 0398 C000     		lsls	r0, r0, #3
 1339 039a FFF7FEFF 		bl	__aeabi_uidiv
 1340 039e 0590     		str	r0, [sp, #20]
 1341 03a0 24E0     		b	.L124
 1342              	.L201:
 1343 03a2 C046     		.align	2
 1344              	.L200:
 1345 03a4 00000000 		.word	.LC25
 1346 03a8 1F000000 		.word	.LC27
 1347 03ac 71000000 		.word	.LC32
 1348 03b0 00881300 		.word	1280000
 1349 03b4 45000000 		.word	.LC29
ARM GAS  /tmp/ccXugCEU.s 			page 26


 1350 03b8 1E000000 		.word	.LC4
 1351 03bc C9050000 		.word	1481
 1352 03c0 A8000000 		.word	.LC34
 1353              	.L120:
 1354 03c4 A668     		ldr	r6, [r4, #8]
 1355 03c6 3000     		movs	r0, r6
 1356 03c8 FFF7FEFF 		bl	smtc_real_get_beacon_dr
 1357 03cc 0100     		movs	r1, r0
 1358 03ce 3000     		movs	r0, r6
 1359 03d0 FFF7FEFF 		bl	smtc_real_get_symbol_duration_us
 1360 03d4 2900     		movs	r1, r5
 1361 03d6 FFF7FEFF 		bl	__aeabi_uidiv
 1362 03da 0100     		movs	r1, r0
 1363 03dc FA20     		movs	r0, #250
 1364 03de C000     		lsls	r0, r0, #3
 1365 03e0 FFF7FEFF 		bl	__aeabi_uidiv
 1366 03e4 0628     		cmp	r0, #6
 1367 03e6 BDD8     		bhi	.L123
 1368 03e8 0623     		movs	r3, #6
 1369 03ea 0593     		str	r3, [sp, #20]
 1370              	.L124:
 1371 03ec A568     		ldr	r5, [r4, #8]
 1372 03ee 2800     		movs	r0, r5
 1373 03f0 FFF7FEFF 		bl	smtc_real_get_beacon_dr
 1374 03f4 0100     		movs	r1, r0
 1375 03f6 2800     		movs	r0, r5
 1376 03f8 FFF7FEFF 		bl	smtc_real_get_symbol_duration_us
 1377 03fc FA25     		movs	r5, #250
 1378 03fe AD00     		lsls	r5, r5, #2
 1379 0400 A842     		cmp	r0, r5
 1380 0402 2AD2     		bcs	.L125
 1381              	.L127:
 1382 0404 FF20     		movs	r0, #255
 1383              	.L126:
 1384 0406 FA25     		movs	r5, #250
 1385 0408 059B     		ldr	r3, [sp, #20]
 1386 040a A668     		ldr	r6, [r4, #8]
 1387 040c AD00     		lsls	r5, r5, #2
 1388 040e 8342     		cmp	r3, r0
 1389 0410 6FD2     		bcs	.L129
 1390 0412 3000     		movs	r0, r6
 1391 0414 FFF7FEFF 		bl	smtc_real_get_beacon_dr
 1392 0418 0100     		movs	r1, r0
 1393 041a 3000     		movs	r0, r6
 1394 041c FFF7FEFF 		bl	smtc_real_get_symbol_duration_us
 1395 0420 A842     		cmp	r0, r5
 1396 0422 48D2     		bcs	.L130
 1397              	.L133:
 1398 0424 A568     		ldr	r5, [r4, #8]
 1399 0426 2800     		movs	r0, r5
 1400 0428 FFF7FEFF 		bl	smtc_real_get_beacon_dr
 1401 042c 0100     		movs	r1, r0
 1402 042e 2800     		movs	r0, r5
 1403 0430 FFF7FEFF 		bl	smtc_real_get_symbol_duration_us
 1404 0434 FA25     		movs	r5, #250
 1405 0436 0121     		movs	r1, #1
 1406 0438 AD00     		lsls	r5, r5, #2
ARM GAS  /tmp/ccXugCEU.s 			page 27


 1407 043a A842     		cmp	r0, r5
 1408 043c 00D2     		bcs	.LCB1434
 1409 043e 81E0     		b	.L137	@long jump
 1410              	.LCB1434:
 1411              	.L193:
 1412 0440 A668     		ldr	r6, [r4, #8]
 1413 0442 3000     		movs	r0, r6
 1414 0444 FFF7FEFF 		bl	smtc_real_get_beacon_dr
 1415 0448 0100     		movs	r1, r0
 1416 044a 3000     		movs	r0, r6
 1417 044c FFF7FEFF 		bl	smtc_real_get_symbol_duration_us
 1418 0450 2900     		movs	r1, r5
 1419 0452 FFF7FEFF 		bl	__aeabi_uidiv
 1420 0456 0100     		movs	r1, r0
 1421 0458 74E0     		b	.L137
 1422              	.L125:
 1423 045a A668     		ldr	r6, [r4, #8]
 1424 045c 3000     		movs	r0, r6
 1425 045e FFF7FEFF 		bl	smtc_real_get_beacon_dr
 1426 0462 0100     		movs	r1, r0
 1427 0464 3000     		movs	r0, r6
 1428 0466 FFF7FEFF 		bl	smtc_real_get_symbol_duration_us
 1429 046a 2900     		movs	r1, r5
 1430 046c FFF7FEFF 		bl	__aeabi_uidiv
 1431 0470 0100     		movs	r1, r0
 1432 0472 FA20     		movs	r0, #250
 1433 0474 C000     		lsls	r0, r0, #3
 1434 0476 FFF7FEFF 		bl	__aeabi_uidiv
 1435 047a FE28     		cmp	r0, #254
 1436 047c C2D8     		bhi	.L127
 1437 047e A668     		ldr	r6, [r4, #8]
 1438 0480 3000     		movs	r0, r6
 1439 0482 FFF7FEFF 		bl	smtc_real_get_beacon_dr
 1440 0486 0100     		movs	r1, r0
 1441 0488 3000     		movs	r0, r6
 1442 048a FFF7FEFF 		bl	smtc_real_get_symbol_duration_us
 1443 048e 0121     		movs	r1, #1
 1444 0490 A842     		cmp	r0, r5
 1445 0492 0BD3     		bcc	.L128
 1446 0494 A668     		ldr	r6, [r4, #8]
 1447 0496 3000     		movs	r0, r6
 1448 0498 FFF7FEFF 		bl	smtc_real_get_beacon_dr
 1449 049c 0100     		movs	r1, r0
 1450 049e 3000     		movs	r0, r6
 1451 04a0 FFF7FEFF 		bl	smtc_real_get_symbol_duration_us
 1452 04a4 2900     		movs	r1, r5
 1453 04a6 FFF7FEFF 		bl	__aeabi_uidiv
 1454 04aa 0100     		movs	r1, r0
 1455              	.L128:
 1456 04ac FA20     		movs	r0, #250
 1457 04ae C000     		lsls	r0, r0, #3
 1458 04b0 FFF7FEFF 		bl	__aeabi_uidiv
 1459 04b4 A7E7     		b	.L126
 1460              	.L130:
 1461 04b6 A668     		ldr	r6, [r4, #8]
 1462 04b8 3000     		movs	r0, r6
 1463 04ba FFF7FEFF 		bl	smtc_real_get_beacon_dr
ARM GAS  /tmp/ccXugCEU.s 			page 28


 1464 04be 0100     		movs	r1, r0
 1465 04c0 3000     		movs	r0, r6
 1466 04c2 FFF7FEFF 		bl	smtc_real_get_symbol_duration_us
 1467 04c6 2900     		movs	r1, r5
 1468 04c8 FFF7FEFF 		bl	__aeabi_uidiv
 1469 04cc 0100     		movs	r1, r0
 1470 04ce FA20     		movs	r0, #250
 1471 04d0 C000     		lsls	r0, r0, #3
 1472 04d2 FFF7FEFF 		bl	__aeabi_uidiv
 1473 04d6 0628     		cmp	r0, #6
 1474 04d8 A4D8     		bhi	.L133
 1475 04da 0620     		movs	r0, #6
 1476              	.L134:
 1477 04dc 079B     		ldr	r3, [sp, #28]
 1478 04de 8342     		cmp	r3, r0
 1479 04e0 35D2     		bcs	.L138
 1480 04e2 0520     		movs	r0, #5
 1481 04e4 069B     		ldr	r3, [sp, #24]
 1482 04e6 1B78     		ldrb	r3, [r3]
 1483 04e8 C01A     		subs	r0, r0, r3
 1484 04ea 238E     		ldrh	r3, [r4, #48]
 1485 04ec 5843     		muls	r0, r3
 1486              	.L192:
 1487 04ee 80B2     		uxth	r0, r0
 1488 04f0 E5E0     		b	.L139
 1489              	.L129:
 1490 04f2 3000     		movs	r0, r6
 1491 04f4 FFF7FEFF 		bl	smtc_real_get_beacon_dr
 1492 04f8 0100     		movs	r1, r0
 1493 04fa 3000     		movs	r0, r6
 1494 04fc FFF7FEFF 		bl	smtc_real_get_symbol_duration_us
 1495 0500 A842     		cmp	r0, r5
 1496 0502 01D2     		bcs	.L135
 1497              	.L136:
 1498 0504 FF20     		movs	r0, #255
 1499 0506 E9E7     		b	.L134
 1500              	.L135:
 1501 0508 A668     		ldr	r6, [r4, #8]
 1502 050a 3000     		movs	r0, r6
 1503 050c FFF7FEFF 		bl	smtc_real_get_beacon_dr
 1504 0510 0100     		movs	r1, r0
 1505 0512 3000     		movs	r0, r6
 1506 0514 FFF7FEFF 		bl	smtc_real_get_symbol_duration_us
 1507 0518 2900     		movs	r1, r5
 1508 051a FFF7FEFF 		bl	__aeabi_uidiv
 1509 051e 0100     		movs	r1, r0
 1510 0520 FA20     		movs	r0, #250
 1511 0522 C000     		lsls	r0, r0, #3
 1512 0524 FFF7FEFF 		bl	__aeabi_uidiv
 1513 0528 FE28     		cmp	r0, #254
 1514 052a EBD8     		bhi	.L136
 1515 052c A668     		ldr	r6, [r4, #8]
 1516 052e 3000     		movs	r0, r6
 1517 0530 FFF7FEFF 		bl	smtc_real_get_beacon_dr
 1518 0534 0100     		movs	r1, r0
 1519 0536 3000     		movs	r0, r6
 1520 0538 FFF7FEFF 		bl	smtc_real_get_symbol_duration_us
ARM GAS  /tmp/ccXugCEU.s 			page 29


 1521 053c 0121     		movs	r1, #1
 1522 053e A842     		cmp	r0, r5
 1523 0540 00D3     		bcc	.LCB1565
 1524 0542 7DE7     		b	.L193	@long jump
 1525              	.LCB1565:
 1526              	.L137:
 1527 0544 FA20     		movs	r0, #250
 1528 0546 C000     		lsls	r0, r0, #3
 1529 0548 FFF7FEFF 		bl	__aeabi_uidiv
 1530 054c C6E7     		b	.L134
 1531              	.L138:
 1532 054e A568     		ldr	r5, [r4, #8]
 1533 0550 2800     		movs	r0, r5
 1534 0552 FFF7FEFF 		bl	smtc_real_get_beacon_dr
 1535 0556 0100     		movs	r1, r0
 1536 0558 2800     		movs	r0, r5
 1537 055a FFF7FEFF 		bl	smtc_real_get_symbol_duration_us
 1538 055e FA25     		movs	r5, #250
 1539 0560 AD00     		lsls	r5, r5, #2
 1540 0562 A842     		cmp	r0, r5
 1541 0564 1ED2     		bcs	.L140
 1542              	.L143:
 1543 0566 A568     		ldr	r5, [r4, #8]
 1544 0568 2800     		movs	r0, r5
 1545 056a FFF7FEFF 		bl	smtc_real_get_beacon_dr
 1546 056e 0100     		movs	r1, r0
 1547 0570 2800     		movs	r0, r5
 1548 0572 FFF7FEFF 		bl	smtc_real_get_symbol_duration_us
 1549 0576 FA25     		movs	r5, #250
 1550 0578 0121     		movs	r1, #1
 1551 057a AD00     		lsls	r5, r5, #2
 1552 057c A842     		cmp	r0, r5
 1553 057e 0BD3     		bcc	.L142
 1554 0580 A668     		ldr	r6, [r4, #8]
 1555 0582 3000     		movs	r0, r6
 1556 0584 FFF7FEFF 		bl	smtc_real_get_beacon_dr
 1557 0588 0100     		movs	r1, r0
 1558 058a 3000     		movs	r0, r6
 1559 058c FFF7FEFF 		bl	smtc_real_get_symbol_duration_us
 1560 0590 2900     		movs	r1, r5
 1561 0592 FFF7FEFF 		bl	__aeabi_uidiv
 1562 0596 0100     		movs	r1, r0
 1563              	.L142:
 1564 0598 FA20     		movs	r0, #250
 1565 059a C000     		lsls	r0, r0, #3
 1566 059c FFF7FEFF 		bl	__aeabi_uidiv
 1567 05a0 0590     		str	r0, [sp, #20]
 1568 05a2 13E0     		b	.L144
 1569              	.L140:
 1570 05a4 A668     		ldr	r6, [r4, #8]
 1571 05a6 3000     		movs	r0, r6
 1572 05a8 FFF7FEFF 		bl	smtc_real_get_beacon_dr
 1573 05ac 0100     		movs	r1, r0
 1574 05ae 3000     		movs	r0, r6
 1575 05b0 FFF7FEFF 		bl	smtc_real_get_symbol_duration_us
 1576 05b4 2900     		movs	r1, r5
 1577 05b6 FFF7FEFF 		bl	__aeabi_uidiv
ARM GAS  /tmp/ccXugCEU.s 			page 30


 1578 05ba 0100     		movs	r1, r0
 1579 05bc FA20     		movs	r0, #250
 1580 05be C000     		lsls	r0, r0, #3
 1581 05c0 FFF7FEFF 		bl	__aeabi_uidiv
 1582 05c4 0628     		cmp	r0, #6
 1583 05c6 CED8     		bhi	.L143
 1584 05c8 0623     		movs	r3, #6
 1585 05ca 0593     		str	r3, [sp, #20]
 1586              	.L144:
 1587 05cc A568     		ldr	r5, [r4, #8]
 1588 05ce 2800     		movs	r0, r5
 1589 05d0 FFF7FEFF 		bl	smtc_real_get_beacon_dr
 1590 05d4 0100     		movs	r1, r0
 1591 05d6 2800     		movs	r0, r5
 1592 05d8 FFF7FEFF 		bl	smtc_real_get_symbol_duration_us
 1593 05dc FA25     		movs	r5, #250
 1594 05de AD00     		lsls	r5, r5, #2
 1595 05e0 A842     		cmp	r0, r5
 1596 05e2 2BD2     		bcs	.L145
 1597              	.L147:
 1598 05e4 FF20     		movs	r0, #255
 1599              	.L146:
 1600 05e6 FA25     		movs	r5, #250
 1601 05e8 059B     		ldr	r3, [sp, #20]
 1602 05ea A668     		ldr	r6, [r4, #8]
 1603 05ec AD00     		lsls	r5, r5, #2
 1604 05ee 8342     		cmp	r3, r0
 1605 05f0 00D3     		bcc	.LCB1656
 1606 05f2 B7E0     		b	.L149	@long jump
 1607              	.LCB1656:
 1608 05f4 3000     		movs	r0, r6
 1609 05f6 FFF7FEFF 		bl	smtc_real_get_beacon_dr
 1610 05fa 0100     		movs	r1, r0
 1611 05fc 3000     		movs	r0, r6
 1612 05fe FFF7FEFF 		bl	smtc_real_get_symbol_duration_us
 1613 0602 A842     		cmp	r0, r5
 1614 0604 48D2     		bcs	.L150
 1615              	.L153:
 1616 0606 A568     		ldr	r5, [r4, #8]
 1617 0608 2800     		movs	r0, r5
 1618 060a FFF7FEFF 		bl	smtc_real_get_beacon_dr
 1619 060e 0100     		movs	r1, r0
 1620 0610 2800     		movs	r0, r5
 1621 0612 FFF7FEFF 		bl	smtc_real_get_symbol_duration_us
 1622 0616 FA25     		movs	r5, #250
 1623 0618 0121     		movs	r1, #1
 1624 061a AD00     		lsls	r5, r5, #2
 1625 061c A842     		cmp	r0, r5
 1626 061e 00D2     		bcs	.LCB1677
 1627 0620 C7E0     		b	.L156	@long jump
 1628              	.LCB1677:
 1629              	.L194:
 1630 0622 A668     		ldr	r6, [r4, #8]
 1631 0624 3000     		movs	r0, r6
 1632 0626 FFF7FEFF 		bl	smtc_real_get_beacon_dr
 1633 062a 0100     		movs	r1, r0
 1634 062c 3000     		movs	r0, r6
ARM GAS  /tmp/ccXugCEU.s 			page 31


 1635 062e FFF7FEFF 		bl	smtc_real_get_symbol_duration_us
 1636 0632 2900     		movs	r1, r5
 1637 0634 FFF7FEFF 		bl	__aeabi_uidiv
 1638 0638 0100     		movs	r1, r0
 1639 063a BAE0     		b	.L156
 1640              	.L145:
 1641 063c A668     		ldr	r6, [r4, #8]
 1642 063e 3000     		movs	r0, r6
 1643 0640 FFF7FEFF 		bl	smtc_real_get_beacon_dr
 1644 0644 0100     		movs	r1, r0
 1645 0646 3000     		movs	r0, r6
 1646 0648 FFF7FEFF 		bl	smtc_real_get_symbol_duration_us
 1647 064c 2900     		movs	r1, r5
 1648 064e FFF7FEFF 		bl	__aeabi_uidiv
 1649 0652 0100     		movs	r1, r0
 1650 0654 FA20     		movs	r0, #250
 1651 0656 C000     		lsls	r0, r0, #3
 1652 0658 FFF7FEFF 		bl	__aeabi_uidiv
 1653 065c FE28     		cmp	r0, #254
 1654 065e C1D8     		bhi	.L147
 1655 0660 A668     		ldr	r6, [r4, #8]
 1656 0662 3000     		movs	r0, r6
 1657 0664 FFF7FEFF 		bl	smtc_real_get_beacon_dr
 1658 0668 0100     		movs	r1, r0
 1659 066a 3000     		movs	r0, r6
 1660 066c FFF7FEFF 		bl	smtc_real_get_symbol_duration_us
 1661 0670 0121     		movs	r1, #1
 1662 0672 A842     		cmp	r0, r5
 1663 0674 0BD3     		bcc	.L148
 1664 0676 A668     		ldr	r6, [r4, #8]
 1665 0678 3000     		movs	r0, r6
 1666 067a FFF7FEFF 		bl	smtc_real_get_beacon_dr
 1667 067e 0100     		movs	r1, r0
 1668 0680 3000     		movs	r0, r6
 1669 0682 FFF7FEFF 		bl	smtc_real_get_symbol_duration_us
 1670 0686 2900     		movs	r1, r5
 1671 0688 FFF7FEFF 		bl	__aeabi_uidiv
 1672 068c 0100     		movs	r1, r0
 1673              	.L148:
 1674 068e FA20     		movs	r0, #250
 1675 0690 C000     		lsls	r0, r0, #3
 1676 0692 FFF7FEFF 		bl	__aeabi_uidiv
 1677 0696 A6E7     		b	.L146
 1678              	.L150:
 1679 0698 A668     		ldr	r6, [r4, #8]
 1680 069a 3000     		movs	r0, r6
 1681 069c FFF7FEFF 		bl	smtc_real_get_beacon_dr
 1682 06a0 0100     		movs	r1, r0
 1683 06a2 3000     		movs	r0, r6
 1684 06a4 FFF7FEFF 		bl	smtc_real_get_symbol_duration_us
 1685 06a8 2900     		movs	r1, r5
 1686 06aa FFF7FEFF 		bl	__aeabi_uidiv
 1687 06ae 0100     		movs	r1, r0
 1688 06b0 FA20     		movs	r0, #250
 1689 06b2 C000     		lsls	r0, r0, #3
 1690 06b4 FFF7FEFF 		bl	__aeabi_uidiv
 1691 06b8 0628     		cmp	r0, #6
ARM GAS  /tmp/ccXugCEU.s 			page 32


 1692 06ba A4D8     		bhi	.L153
 1693 06bc 0620     		movs	r0, #6
 1694              	.L139:
 1695 06be 2086     		strh	r0, [r4, #48]
 1696              	.L118:
 1697 06c0 637B     		ldrb	r3, [r4, #13]
 1698 06c2 002B     		cmp	r3, #0
 1699 06c4 0ED0     		beq	.L157
 1700 06c6 2600     		movs	r6, r4
 1701 06c8 2936     		adds	r6, r6, #41
 1702 06ca 3278     		ldrb	r2, [r6]
 1703 06cc 4E49     		ldr	r1, .L202
 1704 06ce 4F48     		ldr	r0, .L202+4
 1705 06d0 FFF7FEFF 		bl	smtc_modem_hal_print_trace
 1706 06d4 0025     		movs	r5, #0
 1707              	.L158:
 1708 06d6 3378     		ldrb	r3, [r6]
 1709 06d8 9D42     		cmp	r5, r3
 1710 06da 00D2     		bcs	.LCB1771
 1711 06dc 6EE0     		b	.L160	@long jump
 1712              	.LCB1771:
 1713 06de 4C48     		ldr	r0, .L202+8
 1714 06e0 FFF7FEFF 		bl	smtc_modem_hal_print_trace
 1715              	.L157:
 1716 06e4 636C     		ldr	r3, [r4, #68]
 1717 06e6 E26B     		ldr	r2, [r4, #60]
 1718 06e8 A16C     		ldr	r1, [r4, #72]
 1719 06ea 4A48     		ldr	r0, .L202+12
 1720 06ec FFF7FEFF 		bl	smtc_modem_hal_print_trace
 1721 06f0 4948     		ldr	r0, .L202+16
 1722 06f2 FFF7FEFF 		bl	smtc_modem_hal_print_trace
 1723 06f6 238E     		ldrh	r3, [r4, #48]
 1724 06f8 4848     		ldr	r0, .L202+20
 1725 06fa 0293     		str	r3, [sp, #8]
 1726 06fc 2300     		movs	r3, r4
 1727 06fe 6C33     		adds	r3, r3, #108
 1728 0700 1B78     		ldrb	r3, [r3]
 1729 0702 0193     		str	r3, [sp, #4]
 1730 0704 636E     		ldr	r3, [r4, #100]
 1731 0706 0093     		str	r3, [sp]
 1732 0708 236E     		ldr	r3, [r4, #96]
 1733 070a E26D     		ldr	r2, [r4, #92]
 1734 070c A16D     		ldr	r1, [r4, #88]
 1735 070e FFF7FEFF 		bl	smtc_modem_hal_print_trace
 1736 0712 4348     		ldr	r0, .L202+24
 1737 0714 FFF7FEFF 		bl	smtc_modem_hal_print_trace
 1738 0718 3B78     		ldrb	r3, [r7]
 1739 071a 012B     		cmp	r3, #1
 1740 071c 5ED1     		bne	.L161
 1741 071e A268     		ldr	r2, [r4, #8]
 1742 0720 404B     		ldr	r3, .L202+28
 1743 0722 D35C     		ldrb	r3, [r2, r3]
 1744 0724 032B     		cmp	r3, #3
 1745 0726 59D1     		bne	.L161
 1746 0728 A56C     		ldr	r5, [r4, #72]
 1747 072a 0A21     		movs	r1, #10
 1748 072c 2800     		movs	r0, r5
ARM GAS  /tmp/ccXugCEU.s 			page 33


 1749 072e FFF7FEFF 		bl	__aeabi_uidiv
 1750 0732 E36A     		ldr	r3, [r4, #44]
 1751 0734 616C     		ldr	r1, [r4, #68]
 1752 0736 0193     		str	r3, [sp, #4]
 1753 0738 3B4B     		ldr	r3, .L202+32
 1754 073a 0200     		movs	r2, r0
 1755 073c 0093     		str	r3, [sp]
 1756 073e 2068     		ldr	r0, [r4]
 1757 0740 3A4B     		ldr	r3, .L202+36
 1758 0742 691A     		subs	r1, r5, r1
 1759 0744 FFF7FEFF 		bl	smtc_ping_slot_init_after_beacon
 1760 0748 2068     		ldr	r0, [r4]
 1761 074a FFF7FEFF 		bl	smtc_ping_slot_start
 1762              	.L162:
 1763 074e E36A     		ldr	r3, [r4, #44]
 1764 0750 2000     		movs	r0, r4
 1765 0752 8033     		adds	r3, r3, #128
 1766 0754 E362     		str	r3, [r4, #44]
 1767 0756 3B78     		ldrb	r3, [r7]
 1768 0758 002B     		cmp	r3, #0
 1769 075a 46D1     		bne	.L163
 1770 075c FFF7FEFF 		bl	smtc_beacon_sniff_start
 1771              	.L93:
 1772 0760 0BB0     		add	sp, sp, #44
 1773              		@ sp needed
 1774 0762 F0BD     		pop	{r4, r5, r6, r7, pc}
 1775              	.L149:
 1776 0764 3000     		movs	r0, r6
 1777 0766 FFF7FEFF 		bl	smtc_real_get_beacon_dr
 1778 076a 0100     		movs	r1, r0
 1779 076c 3000     		movs	r0, r6
 1780 076e FFF7FEFF 		bl	smtc_real_get_symbol_duration_us
 1781 0772 69E5     		b	.L199
 1782              	.L154:
 1783 0774 A668     		ldr	r6, [r4, #8]
 1784 0776 3000     		movs	r0, r6
 1785 0778 FFF7FEFF 		bl	smtc_real_get_beacon_dr
 1786 077c 0100     		movs	r1, r0
 1787 077e 3000     		movs	r0, r6
 1788 0780 FFF7FEFF 		bl	smtc_real_get_symbol_duration_us
 1789 0784 2900     		movs	r1, r5
 1790 0786 FFF7FEFF 		bl	__aeabi_uidiv
 1791 078a 0100     		movs	r1, r0
 1792 078c FA20     		movs	r0, #250
 1793 078e C000     		lsls	r0, r0, #3
 1794 0790 FFF7FEFF 		bl	__aeabi_uidiv
 1795 0794 FE28     		cmp	r0, #254
 1796 0796 00D9     		bls	.LCB1869
 1797 0798 59E5     		b	.L155	@long jump
 1798              	.LCB1869:
 1799 079a A668     		ldr	r6, [r4, #8]
 1800 079c 3000     		movs	r0, r6
 1801 079e FFF7FEFF 		bl	smtc_real_get_beacon_dr
 1802 07a2 0100     		movs	r1, r0
 1803 07a4 3000     		movs	r0, r6
 1804 07a6 FFF7FEFF 		bl	smtc_real_get_symbol_duration_us
 1805 07aa 0121     		movs	r1, #1
ARM GAS  /tmp/ccXugCEU.s 			page 34


 1806 07ac A842     		cmp	r0, r5
 1807 07ae 00D3     		bcc	.LCB1879
 1808 07b0 37E7     		b	.L194	@long jump
 1809              	.LCB1879:
 1810              	.L156:
 1811 07b2 FA20     		movs	r0, #250
 1812 07b4 C000     		lsls	r0, r0, #3
 1813 07b6 FFF7FEFF 		bl	__aeabi_uidiv
 1814 07ba 98E6     		b	.L192
 1815              	.L160:
 1816 07bc 0F23     		movs	r3, #15
 1817 07be 1D42     		tst	r5, r3
 1818 07c0 04D1     		bne	.L159
 1819 07c2 002D     		cmp	r5, #0
 1820 07c4 02D0     		beq	.L159
 1821 07c6 1248     		ldr	r0, .L202+8
 1822 07c8 FFF7FEFF 		bl	smtc_modem_hal_print_trace
 1823              	.L159:
 1824 07cc 2300     		movs	r3, r4
 1825 07ce 1033     		adds	r3, r3, #16
 1826 07d0 595D     		ldrb	r1, [r3, r5]
 1827 07d2 1748     		ldr	r0, .L202+40
 1828 07d4 FFF7FEFF 		bl	smtc_modem_hal_print_trace
 1829 07d8 0135     		adds	r5, r5, #1
 1830 07da 7CE7     		b	.L158
 1831              	.L161:
 1832 07dc 1548     		ldr	r0, .L202+44
 1833 07de FFF7FEFF 		bl	smtc_modem_hal_print_trace
 1834 07e2 2068     		ldr	r0, [r4]
 1835 07e4 FFF7FEFF 		bl	smtc_ping_slot_stop
 1836 07e8 B1E7     		b	.L162
 1837              	.L163:
 1838 07ea FFF7FEFF 		bl	beacon_rp_request
 1839 07ee A068     		ldr	r0, [r4, #8]
 1840 07f0 FFF7FEFF 		bl	lr1mac_core_get_status_push_network_downlink_to_user
 1841 07f4 0028     		cmp	r0, #0
 1842 07f6 B3D0     		beq	.L93
 1843 07f8 2300     		movs	r3, r4
 1844 07fa 0D22     		movs	r2, #13
 1845 07fc 7933     		adds	r3, r3, #121
 1846 07fe 1A70     		strb	r2, [r3]
 1847 0800 236D     		ldr	r3, [r4, #80]
 1848 0802 606D     		ldr	r0, [r4, #84]
 1849 0804 9847     		blx	r3
 1850 0806 ABE7     		b	.L93
 1851              	.L203:
 1852              		.align	2
 1853              	.L202:
 1854 0808 BB000000 		.word	.LC36
 1855 080c CB000000 		.word	.LC38
 1856 0810 DF000000 		.word	.LC40
 1857 0814 E8000000 		.word	.LC44
 1858 0818 35010000 		.word	.LC46
 1859 081c 66010000 		.word	.LC48
 1860 0820 12020000 		.word	.LC50
 1861 0824 46050000 		.word	1350
 1862 0828 B80B0000 		.word	3000
ARM GAS  /tmp/ccXugCEU.s 			page 35


 1863 082c 48080000 		.word	2120
 1864 0830 E2000000 		.word	.LC42
 1865 0834 43020000 		.word	.LC52
 1867              		.section	.text.smtc_decode_beacon_param,"ax",%progbits
 1868              		.align	1
 1869              		.global	smtc_decode_beacon_param
 1870              		.syntax unified
 1871              		.code	16
 1872              		.thumb_func
 1874              	smtc_decode_beacon_param:
 1875              		@ args = 0, pretend = 0, frame = 0
 1876              		@ frame_needed = 0, uses_anonymous_args = 0
 1877              		@ link register save eliminated.
 1878 0000 4018     		adds	r0, r0, r1
 1879 0002 0838     		subs	r0, r0, #8
 1880 0004 0078     		ldrb	r0, [r0]
 1881              		@ sp needed
 1882 0006 7047     		bx	lr
 1884              		.section	.rodata.smtc_decode_beacon_gw_specific.str1.1,"aMS",%progbits,1
 1885              	.LC54:
 1886 0000 494E5641 		.ascii	"INVALID CRC GwSpecific\012\015\000"
 1886      4C494420 
 1886      43524320 
 1886      47775370 
 1886      65636966 
 1887              		.section	.text.smtc_decode_beacon_gw_specific,"ax",%progbits
 1888              		.align	1
 1889              		.global	smtc_decode_beacon_gw_specific
 1890              		.syntax unified
 1891              		.code	16
 1892              		.thumb_func
 1894              	smtc_decode_beacon_gw_specific:
 1895              		@ args = 0, pretend = 0, frame = 0
 1896              		@ frame_needed = 0, uses_anonymous_args = 0
 1897 0000 F8B5     		push	{r3, r4, r5, r6, r7, lr}
 1898 0002 0400     		movs	r4, r0
 1899 0004 0800     		movs	r0, r1
 1900 0006 0F00     		movs	r7, r1
 1901 0008 1600     		movs	r6, r2
 1902 000a FFF7FEFF 		bl	get_beacon_length
 1903 000e 2018     		adds	r0, r4, r0
 1904 0010 0238     		subs	r0, r0, #2
 1905 0012 0578     		ldrb	r5, [r0]
 1906 0014 3800     		movs	r0, r7
 1907 0016 FFF7FEFF 		bl	get_beacon_length
 1908 001a 2018     		adds	r0, r4, r0
 1909 001c 0138     		subs	r0, r0, #1
 1910 001e 0378     		ldrb	r3, [r0]
 1911 0020 3800     		movs	r0, r7
 1912 0022 1B02     		lsls	r3, r3, #8
 1913 0024 ED18     		adds	r5, r5, r3
 1914 0026 7B1E     		subs	r3, r7, #1
 1915 0028 E418     		adds	r4, r4, r3
 1916 002a FFF7FEFF 		bl	get_beacon_length
 1917 002e C11B     		subs	r1, r0, r7
 1918 0030 0131     		adds	r1, r1, #1
 1919 0032 89B2     		uxth	r1, r1
ARM GAS  /tmp/ccXugCEU.s 			page 36


 1920 0034 ADB2     		uxth	r5, r5
 1921 0036 0029     		cmp	r1, #0
 1922 0038 03D0     		beq	.L206
 1923 003a 2000     		movs	r0, r4
 1924 003c FFF7FEFF 		bl	crc16_beacon.part.0
 1925 0040 0100     		movs	r1, r0
 1926              	.L206:
 1927 0042 8D42     		cmp	r5, r1
 1928 0044 09D0     		beq	.L207
 1929 0046 0848     		ldr	r0, .L212
 1930 0048 FFF7FEFF 		bl	smtc_modem_hal_print_trace
 1931 004c 0722     		movs	r2, #7
 1932 004e 0021     		movs	r1, #0
 1933 0050 3000     		movs	r0, r6
 1934 0052 FFF7FEFF 		bl	memset
 1935 0056 0020     		movs	r0, #0
 1936              	.L208:
 1937              		@ sp needed
 1938 0058 F8BD     		pop	{r3, r4, r5, r6, r7, pc}
 1939              	.L207:
 1940 005a 0722     		movs	r2, #7
 1941 005c 2100     		movs	r1, r4
 1942 005e 3000     		movs	r0, r6
 1943 0060 FFF7FEFF 		bl	memcpy
 1944 0064 0120     		movs	r0, #1
 1945 0066 F7E7     		b	.L208
 1946              	.L213:
 1947              		.align	2
 1948              	.L212:
 1949 0068 00000000 		.word	.LC54
 1951              		.section	.rodata.CSWTCH.66,"a"
 1954              	CSWTCH.66:
 1955 0000 13       		.byte	19
 1956 0001 11       		.byte	17
 1957 0002 13       		.byte	19
 1958 0003 15       		.byte	21
 1959 0004 17       		.byte	23
 1960              		.section	.rodata.__func__.0,"a"
 1963              	__func__.0:
 1964 0000 6765745F 		.ascii	"get_beacon_length\000"
 1964      62656163 
 1964      6F6E5F6C 
 1964      656E6774 
 1964      6800
 1965              		.section	.rodata.__func__.1,"a"
 1968              	__func__.1:
 1969 0000 736D7463 		.ascii	"smtc_beacon_sniff_launch_callback_for_rp\000"
 1969      5F626561 
 1969      636F6E5F 
 1969      736E6966 
 1969      665F6C61 
 1970              		.section	.rodata.__func__.2,"a"
 1973              	__func__.2:
 1974 0000 62656163 		.ascii	"beacon_rp_request\000"
 1974      6F6E5F72 
 1974      705F7265 
 1974      71756573 
ARM GAS  /tmp/ccXugCEU.s 			page 37


 1974      7400
 1975              		.section	.rodata.__func__.3,"a"
 1978              	__func__.3:
 1979 0000 736D7463 		.ascii	"smtc_beacon_sniff_start\000"
 1979      5F626561 
 1979      636F6E5F 
 1979      736E6966 
 1979      665F7374 
 1980              		.ident	"GCC: (Arch Repository) 13.2.0"
ARM GAS  /tmp/ccXugCEU.s 			page 38


DEFINED SYMBOLS
                            *ABS*:00000000 smtc_beacon_sniff.c
     /tmp/ccXugCEU.s:14     .text.crc16_beacon.part.0:00000000 $t
     /tmp/ccXugCEU.s:19     .text.crc16_beacon.part.0:00000000 crc16_beacon.part.0
     /tmp/ccXugCEU.s:60     .text.crc16_beacon.part.0:0000003c $d
     /tmp/ccXugCEU.s:70     .text.get_beacon_length:00000000 $t
     /tmp/ccXugCEU.s:75     .text.get_beacon_length:00000000 get_beacon_length
     /tmp/ccXugCEU.s:110    .text.get_beacon_length:00000044 $d
     /tmp/ccXugCEU.s:1954   .rodata.CSWTCH.66:00000000 CSWTCH.66
     /tmp/ccXugCEU.s:1963   .rodata.__func__.0:00000000 __func__.0
     /tmp/ccXugCEU.s:121    .text.smtc_beacon_sniff_launch_callback_for_rp:00000000 $t
     /tmp/ccXugCEU.s:126    .text.smtc_beacon_sniff_launch_callback_for_rp:00000000 smtc_beacon_sniff_launch_callback_for_rp
     /tmp/ccXugCEU.s:218    .text.smtc_beacon_sniff_launch_callback_for_rp:000000b0 $d
     /tmp/ccXugCEU.s:1968   .rodata.__func__.1:00000000 __func__.1
     /tmp/ccXugCEU.s:227    .text.beacon_rp_request:00000000 $t
     /tmp/ccXugCEU.s:232    .text.beacon_rp_request:00000000 beacon_rp_request
     /tmp/ccXugCEU.s:393    .text.beacon_rp_request:00000168 $d
     /tmp/ccXugCEU.s:483    .text.beacon_rp_request:000001f8 $d
     /tmp/ccXugCEU.s:1973   .rodata.__func__.2:00000000 __func__.2
     /tmp/ccXugCEU.s:488    .text.smtc_beacon_sniff_init:00000000 $t
     /tmp/ccXugCEU.s:494    .text.smtc_beacon_sniff_init:00000000 smtc_beacon_sniff_init
     /tmp/ccXugCEU.s:541    .text.smtc_beacon_sniff_init:00000058 $d
     /tmp/ccXugCEU.s:890    .text.smtc_beacon_sniff_rp_callback:00000000 smtc_beacon_sniff_rp_callback
     /tmp/ccXugCEU.s:545    .text.smtc_beacon_sniff_stop:00000000 $t
     /tmp/ccXugCEU.s:551    .text.smtc_beacon_sniff_stop:00000000 smtc_beacon_sniff_stop
     /tmp/ccXugCEU.s:571    .text.smtc_beacon_class_b_enable_service:00000000 $t
     /tmp/ccXugCEU.s:577    .text.smtc_beacon_class_b_enable_service:00000000 smtc_beacon_class_b_enable_service
     /tmp/ccXugCEU.s:602    .text.smtc_beacon_sniff_start:00000000 $t
     /tmp/ccXugCEU.s:608    .text.smtc_beacon_sniff_start:00000000 smtc_beacon_sniff_start
     /tmp/ccXugCEU.s:760    .text.smtc_beacon_sniff_start:00000140 $d
     /tmp/ccXugCEU.s:1978   .rodata.__func__.3:00000000 __func__.3
     /tmp/ccXugCEU.s:768    .text.smtc_beacon_sniff_get_metadata:00000000 $t
     /tmp/ccXugCEU.s:774    .text.smtc_beacon_sniff_get_metadata:00000000 smtc_beacon_sniff_get_metadata
     /tmp/ccXugCEU.s:791    .text.smtc_decode_beacon_epoch_time:00000000 $t
     /tmp/ccXugCEU.s:797    .text.smtc_decode_beacon_epoch_time:00000000 smtc_decode_beacon_epoch_time
     /tmp/ccXugCEU.s:843    .text.smtc_decode_beacon_epoch_time:0000004c $d
     /tmp/ccXugCEU.s:884    .text.smtc_beacon_sniff_rp_callback:00000000 $t
     /tmp/ccXugCEU.s:1345   .text.smtc_beacon_sniff_rp_callback:000003a4 $d
     /tmp/ccXugCEU.s:1354   .text.smtc_beacon_sniff_rp_callback:000003c4 $t
     /tmp/ccXugCEU.s:1854   .text.smtc_beacon_sniff_rp_callback:00000808 $d
     /tmp/ccXugCEU.s:1868   .text.smtc_decode_beacon_param:00000000 $t
     /tmp/ccXugCEU.s:1874   .text.smtc_decode_beacon_param:00000000 smtc_decode_beacon_param
     /tmp/ccXugCEU.s:1888   .text.smtc_decode_beacon_gw_specific:00000000 $t
     /tmp/ccXugCEU.s:1894   .text.smtc_decode_beacon_gw_specific:00000000 smtc_decode_beacon_gw_specific
     /tmp/ccXugCEU.s:1949   .text.smtc_decode_beacon_gw_specific:00000068 $d
     /tmp/ccXugCEU.s:406    .text.beacon_rp_request:00000175 $d
     /tmp/ccXugCEU.s:406    .text.beacon_rp_request:00000176 $t

UNDEFINED SYMBOLS
smtc_modem_hal_store_crashlog
smtc_modem_hal_set_crashlog_status
smtc_modem_hal_print_trace
smtc_modem_hal_reset_mcu
rp_task_abort
smtc_modem_hal_start_radio_tcxo
smtc_modem_hal_assert_fail
smtc_modem_hal_get_time_in_ms
ARM GAS  /tmp/ccXugCEU.s 			page 39


__aeabi_uidivmod
__aeabi_uidiv
memset
smtc_modem_hal_get_radio_tcxo_startup_delay_ms
smtc_modem_hal_get_board_delay_ms
smtc_real_get_beacon_dr
smtc_real_get_rx_start_time_offset_ms
smtc_real_get_symbol_duration_us
smtc_real_get_sync_word
smtc_real_get_coding_rate
smtc_real_lora_dr_to_sf_bw
smtc_real_get_beacon_frequency
__gnu_thumb1_case_uqi
rp_task_enqueue
rp_release_hook
rp_hook_init
smtc_ping_slot_stop
__aeabi_idiv
rp_hook_get_id
lr1mac_core_convert_rtc_to_gps_epoch_time
memcpy
smtc_real_get_rx_window_parameters
smtc_ping_slot_init_after_beacon
smtc_ping_slot_start
lr1mac_core_get_status_push_network_downlink_to_user
