ARM GAS  /tmp/cce6rP9B.s 			page 1


   1              		.cpu cortex-m0
   2              		.arch armv6s-m
   3              		.fpu softvfp
   4              		.eabi_attribute 23, 1
   5              		.eabi_attribute 24, 1
   6              		.eabi_attribute 25, 1
   7              		.eabi_attribute 26, 1
   8              		.eabi_attribute 30, 4
   9              		.eabi_attribute 34, 0
  10              		.eabi_attribute 18, 4
  11              		.file	"cayenne_lpp.c"
  12              		.text
  13              		.section	.text.cayenne_lpp_reset,"ax",%progbits
  14              		.align	1
  15              		.global	cayenne_lpp_reset
  16              		.syntax unified
  17              		.code	16
  18              		.thumb_func
  20              	cayenne_lpp_reset:
  21              		@ args = 0, pretend = 0, frame = 0
  22              		@ frame_needed = 0, uses_anonymous_args = 0
  23 0000 10B5     		push	{r4, lr}
  24 0002 2A22     		movs	r2, #42
  25              		@ sp needed
  26 0004 0400     		movs	r4, r0
  27 0006 0021     		movs	r1, #0
  28 0008 FFF7FEFF 		bl	memset
  29 000c 0023     		movs	r3, #0
  30 000e 2A34     		adds	r4, r4, #42
  31 0010 2370     		strb	r3, [r4]
  32 0012 10BD     		pop	{r4, pc}
  34              		.section	.rodata.cayenne_lpp_add_digital_input.str1.1,"aMS",%progbits,1
  35              	.LC0:
  36 0000 286C7070 		.ascii	"(lpp->cursor + CAYENNE_LPP_DIGITAL_INPUT_SIZE) < CA"
  36      2D3E6375 
  36      72736F72 
  36      202B2043 
  36      4159454E 
  37 0033 59454E4E 		.ascii	"YENNE_LPP_MAX_BUFFER_SIZE\000"
  37      455F4C50 
  37      505F4D41 
  37      585F4255 
  37      46464552 
  38              	.LC3:
  39 004d 65787465 		.ascii	"extensions/drivers/cayennelpp/cayenne_lpp.c\000"
  39      6E73696F 
  39      6E732F64 
  39      72697665 
  39      72732F63 
  40              		.section	.text.cayenne_lpp_add_digital_input,"ax",%progbits
  41              		.align	1
  42              		.global	cayenne_lpp_add_digital_input
  43              		.syntax unified
  44              		.code	16
  45              		.thumb_func
  47              	cayenne_lpp_add_digital_input:
  48              		@ args = 0, pretend = 0, frame = 0
ARM GAS  /tmp/cce6rP9B.s 			page 2


  49              		@ frame_needed = 0, uses_anonymous_args = 0
  50 0000 70B5     		push	{r4, r5, r6, lr}
  51 0002 0400     		movs	r4, r0
  52 0004 2A34     		adds	r4, r4, #42
  53 0006 2378     		ldrb	r3, [r4]
  54 0008 DD1C     		adds	r5, r3, #3
  55 000a 292D     		cmp	r5, #41
  56 000c 05D9     		bls	.L3
  57 000e 1E21     		movs	r1, #30
  58 0010 074B     		ldr	r3, .L4
  59 0012 084A     		ldr	r2, .L4+4
  60 0014 0848     		ldr	r0, .L4+8
  61 0016 FFF7FEFF 		bl	__assert_func
  62              	.L3:
  63 001a 0026     		movs	r6, #0
  64              		@ sp needed
  65 001c C154     		strb	r1, [r0, r3]
  66 001e 591C     		adds	r1, r3, #1
  67 0020 0233     		adds	r3, r3, #2
  68 0022 C9B2     		uxtb	r1, r1
  69 0024 DBB2     		uxtb	r3, r3
  70 0026 4654     		strb	r6, [r0, r1]
  71 0028 2570     		strb	r5, [r4]
  72 002a C254     		strb	r2, [r0, r3]
  73 002c 70BD     		pop	{r4, r5, r6, pc}
  74              	.L5:
  75 002e C046     		.align	2
  76              	.L4:
  77 0030 00000000 		.word	.LC0
  78 0034 00000000 		.word	__func__.11
  79 0038 4D000000 		.word	.LC3
  81              		.section	.rodata.cayenne_lpp_add_digital_output.str1.1,"aMS",%progbits,1
  82              	.LC5:
  83 0000 286C7070 		.ascii	"(lpp->cursor + CAYENNE_LPP_DIGITAL_OUTPUT_SIZE) < C"
  83      2D3E6375 
  83      72736F72 
  83      202B2043 
  83      4159454E 
  84 0033 4159454E 		.ascii	"AYENNE_LPP_MAX_BUFFER_SIZE\000"
  84      4E455F4C 
  84      50505F4D 
  84      41585F42 
  84      55464645 
  85              		.section	.text.cayenne_lpp_add_digital_output,"ax",%progbits
  86              		.align	1
  87              		.global	cayenne_lpp_add_digital_output
  88              		.syntax unified
  89              		.code	16
  90              		.thumb_func
  92              	cayenne_lpp_add_digital_output:
  93              		@ args = 0, pretend = 0, frame = 0
  94              		@ frame_needed = 0, uses_anonymous_args = 0
  95 0000 70B5     		push	{r4, r5, r6, lr}
  96 0002 0400     		movs	r4, r0
  97 0004 2A34     		adds	r4, r4, #42
  98 0006 2378     		ldrb	r3, [r4]
  99 0008 DD1C     		adds	r5, r3, #3
ARM GAS  /tmp/cce6rP9B.s 			page 3


 100 000a 292D     		cmp	r5, #41
 101 000c 05D9     		bls	.L7
 102 000e 2821     		movs	r1, #40
 103 0010 074B     		ldr	r3, .L8
 104 0012 084A     		ldr	r2, .L8+4
 105 0014 0848     		ldr	r0, .L8+8
 106 0016 FFF7FEFF 		bl	__assert_func
 107              	.L7:
 108 001a 0126     		movs	r6, #1
 109              		@ sp needed
 110 001c C154     		strb	r1, [r0, r3]
 111 001e 591C     		adds	r1, r3, #1
 112 0020 0233     		adds	r3, r3, #2
 113 0022 C9B2     		uxtb	r1, r1
 114 0024 DBB2     		uxtb	r3, r3
 115 0026 4654     		strb	r6, [r0, r1]
 116 0028 2570     		strb	r5, [r4]
 117 002a C254     		strb	r2, [r0, r3]
 118 002c 70BD     		pop	{r4, r5, r6, pc}
 119              	.L9:
 120 002e C046     		.align	2
 121              	.L8:
 122 0030 00000000 		.word	.LC5
 123 0034 00000000 		.word	__func__.10
 124 0038 4D000000 		.word	.LC3
 126              		.section	.rodata.cayenne_lpp_add_analog_input.str1.1,"aMS",%progbits,1
 127              	.LC9:
 128 0000 286C7070 		.ascii	"(lpp->cursor + CAYENNE_LPP_ANALOG_INPUT_SIZE) < CAY"
 128      2D3E6375 
 128      72736F72 
 128      202B2043 
 128      4159454E 
 129 0033 454E4E45 		.ascii	"ENNE_LPP_MAX_BUFFER_SIZE\000"
 129      5F4C5050 
 129      5F4D4158 
 129      5F425546 
 129      4645525F 
 130              		.global	__aeabi_fmul
 131              		.global	__aeabi_f2iz
 132              		.section	.text.cayenne_lpp_add_analog_input,"ax",%progbits
 133              		.align	1
 134              		.global	cayenne_lpp_add_analog_input
 135              		.syntax unified
 136              		.code	16
 137              		.thumb_func
 139              	cayenne_lpp_add_analog_input:
 140              		@ args = 0, pretend = 0, frame = 8
 141              		@ frame_needed = 0, uses_anonymous_args = 0
 142 0000 F7B5     		push	{r0, r1, r2, r4, r5, r6, r7, lr}
 143 0002 0500     		movs	r5, r0
 144 0004 2E00     		movs	r6, r5
 145 0006 0191     		str	r1, [sp, #4]
 146 0008 2A36     		adds	r6, r6, #42
 147 000a 3478     		ldrb	r4, [r6]
 148 000c 101C     		adds	r0, r2, #0
 149 000e 271D     		adds	r7, r4, #4
 150 0010 292F     		cmp	r7, #41
ARM GAS  /tmp/cce6rP9B.s 			page 4


 151 0012 05D9     		bls	.L11
 152 0014 3221     		movs	r1, #50
 153 0016 0D4B     		ldr	r3, .L12
 154 0018 0D4A     		ldr	r2, .L12+4
 155 001a 0E48     		ldr	r0, .L12+8
 156 001c FFF7FEFF 		bl	__assert_func
 157              	.L11:
 158 0020 0D49     		ldr	r1, .L12+12
 159 0022 FFF7FEFF 		bl	__aeabi_fmul
 160              		@ sp needed
 161 0026 FFF7FEFF 		bl	__aeabi_f2iz
 162 002a 0222     		movs	r2, #2
 163 002c 019B     		ldr	r3, [sp, #4]
 164 002e 00B2     		sxth	r0, r0
 165 0030 2B55     		strb	r3, [r5, r4]
 166 0032 631C     		adds	r3, r4, #1
 167 0034 DBB2     		uxtb	r3, r3
 168 0036 EA54     		strb	r2, [r5, r3]
 169 0038 A318     		adds	r3, r4, r2
 170 003a 0334     		adds	r4, r4, #3
 171 003c DBB2     		uxtb	r3, r3
 172 003e 0212     		asrs	r2, r0, #8
 173 0040 E4B2     		uxtb	r4, r4
 174 0042 EA54     		strb	r2, [r5, r3]
 175 0044 3770     		strb	r7, [r6]
 176 0046 2855     		strb	r0, [r5, r4]
 177 0048 F7BD     		pop	{r0, r1, r2, r4, r5, r6, r7, pc}
 178              	.L13:
 179 004a C046     		.align	2
 180              	.L12:
 181 004c 00000000 		.word	.LC9
 182 0050 00000000 		.word	__func__.9
 183 0054 4D000000 		.word	.LC3
 184 0058 0000C842 		.word	1120403456
 186              		.section	.rodata.cayenne_lpp_add_analog_output.str1.1,"aMS",%progbits,1
 187              	.LC13:
 188 0000 286C7070 		.ascii	"(lpp->cursor + CAYENNE_LPP_ANALOG_OUTPUT_SIZE) < CA"
 188      2D3E6375 
 188      72736F72 
 188      202B2043 
 188      4159454E 
 189 0033 59454E4E 		.ascii	"YENNE_LPP_MAX_BUFFER_SIZE\000"
 189      455F4C50 
 189      505F4D41 
 189      585F4255 
 189      46464552 
 190              		.section	.text.cayenne_lpp_add_analog_output,"ax",%progbits
 191              		.align	1
 192              		.global	cayenne_lpp_add_analog_output
 193              		.syntax unified
 194              		.code	16
 195              		.thumb_func
 197              	cayenne_lpp_add_analog_output:
 198              		@ args = 0, pretend = 0, frame = 8
 199              		@ frame_needed = 0, uses_anonymous_args = 0
 200 0000 F7B5     		push	{r0, r1, r2, r4, r5, r6, r7, lr}
 201 0002 0500     		movs	r5, r0
ARM GAS  /tmp/cce6rP9B.s 			page 5


 202 0004 2E00     		movs	r6, r5
 203 0006 0191     		str	r1, [sp, #4]
 204 0008 2A36     		adds	r6, r6, #42
 205 000a 3478     		ldrb	r4, [r6]
 206 000c 101C     		adds	r0, r2, #0
 207 000e 271D     		adds	r7, r4, #4
 208 0010 292F     		cmp	r7, #41
 209 0012 05D9     		bls	.L15
 210 0014 3E21     		movs	r1, #62
 211 0016 0D4B     		ldr	r3, .L16
 212 0018 0D4A     		ldr	r2, .L16+4
 213 001a 0E48     		ldr	r0, .L16+8
 214 001c FFF7FEFF 		bl	__assert_func
 215              	.L15:
 216 0020 0D49     		ldr	r1, .L16+12
 217 0022 FFF7FEFF 		bl	__aeabi_fmul
 218              		@ sp needed
 219 0026 FFF7FEFF 		bl	__aeabi_f2iz
 220 002a 0322     		movs	r2, #3
 221 002c 019B     		ldr	r3, [sp, #4]
 222 002e 00B2     		sxth	r0, r0
 223 0030 2B55     		strb	r3, [r5, r4]
 224 0032 631C     		adds	r3, r4, #1
 225 0034 DBB2     		uxtb	r3, r3
 226 0036 EA54     		strb	r2, [r5, r3]
 227 0038 A31C     		adds	r3, r4, #2
 228 003a 0334     		adds	r4, r4, #3
 229 003c DBB2     		uxtb	r3, r3
 230 003e 0212     		asrs	r2, r0, #8
 231 0040 E4B2     		uxtb	r4, r4
 232 0042 EA54     		strb	r2, [r5, r3]
 233 0044 3770     		strb	r7, [r6]
 234 0046 2855     		strb	r0, [r5, r4]
 235 0048 F7BD     		pop	{r0, r1, r2, r4, r5, r6, r7, pc}
 236              	.L17:
 237 004a C046     		.align	2
 238              	.L16:
 239 004c 00000000 		.word	.LC13
 240 0050 00000000 		.word	__func__.8
 241 0054 4D000000 		.word	.LC3
 242 0058 0000C842 		.word	1120403456
 244              		.section	.rodata.cayenne_lpp_add_luminosity.str1.1,"aMS",%progbits,1
 245              	.LC17:
 246 0000 286C7070 		.ascii	"(lpp->cursor + CAYENNE_LPP_LUMINOSITY_SIZE) < CAYEN"
 246      2D3E6375 
 246      72736F72 
 246      202B2043 
 246      4159454E 
 247 0033 4E455F4C 		.ascii	"NE_LPP_MAX_BUFFER_SIZE\000"
 247      50505F4D 
 247      41585F42 
 247      55464645 
 247      525F5349 
 248              		.section	.text.cayenne_lpp_add_luminosity,"ax",%progbits
 249              		.align	1
 250              		.global	cayenne_lpp_add_luminosity
 251              		.syntax unified
ARM GAS  /tmp/cce6rP9B.s 			page 6


 252              		.code	16
 253              		.thumb_func
 255              	cayenne_lpp_add_luminosity:
 256              		@ args = 0, pretend = 0, frame = 0
 257              		@ frame_needed = 0, uses_anonymous_args = 0
 258 0000 70B5     		push	{r4, r5, r6, lr}
 259 0002 0400     		movs	r4, r0
 260 0004 2A34     		adds	r4, r4, #42
 261 0006 2378     		ldrb	r3, [r4]
 262 0008 1D1D     		adds	r5, r3, #4
 263 000a 292D     		cmp	r5, #41
 264 000c 05D9     		bls	.L19
 265 000e 4A21     		movs	r1, #74
 266 0010 094B     		ldr	r3, .L20
 267 0012 0A4A     		ldr	r2, .L20+4
 268 0014 0A48     		ldr	r0, .L20+8
 269 0016 FFF7FEFF 		bl	__assert_func
 270              	.L19:
 271 001a 6526     		movs	r6, #101
 272              		@ sp needed
 273 001c C154     		strb	r1, [r0, r3]
 274 001e 591C     		adds	r1, r3, #1
 275 0020 C9B2     		uxtb	r1, r1
 276 0022 4654     		strb	r6, [r0, r1]
 277 0024 991C     		adds	r1, r3, #2
 278 0026 0333     		adds	r3, r3, #3
 279 0028 160A     		lsrs	r6, r2, #8
 280 002a C9B2     		uxtb	r1, r1
 281 002c DBB2     		uxtb	r3, r3
 282 002e 4654     		strb	r6, [r0, r1]
 283 0030 2570     		strb	r5, [r4]
 284 0032 C254     		strb	r2, [r0, r3]
 285 0034 70BD     		pop	{r4, r5, r6, pc}
 286              	.L21:
 287 0036 C046     		.align	2
 288              	.L20:
 289 0038 00000000 		.word	.LC17
 290 003c 00000000 		.word	__func__.7
 291 0040 4D000000 		.word	.LC3
 293              		.section	.rodata.cayenne_lpp_add_presence.str1.1,"aMS",%progbits,1
 294              	.LC21:
 295 0000 286C7070 		.ascii	"(lpp->cursor + CAYENNE_LPP_PRESENCE_SIZE) < CAYENNE"
 295      2D3E6375 
 295      72736F72 
 295      202B2043 
 295      4159454E 
 296 0033 5F4C5050 		.ascii	"_LPP_MAX_BUFFER_SIZE\000"
 296      5F4D4158 
 296      5F425546 
 296      4645525F 
 296      53495A45 
 297              		.section	.text.cayenne_lpp_add_presence,"ax",%progbits
 298              		.align	1
 299              		.global	cayenne_lpp_add_presence
 300              		.syntax unified
 301              		.code	16
 302              		.thumb_func
ARM GAS  /tmp/cce6rP9B.s 			page 7


 304              	cayenne_lpp_add_presence:
 305              		@ args = 0, pretend = 0, frame = 0
 306              		@ frame_needed = 0, uses_anonymous_args = 0
 307 0000 70B5     		push	{r4, r5, r6, lr}
 308 0002 0400     		movs	r4, r0
 309 0004 2A34     		adds	r4, r4, #42
 310 0006 2378     		ldrb	r3, [r4]
 311 0008 DD1C     		adds	r5, r3, #3
 312 000a 292D     		cmp	r5, #41
 313 000c 05D9     		bls	.L23
 314 000e 5521     		movs	r1, #85
 315 0010 074B     		ldr	r3, .L24
 316 0012 084A     		ldr	r2, .L24+4
 317 0014 0848     		ldr	r0, .L24+8
 318 0016 FFF7FEFF 		bl	__assert_func
 319              	.L23:
 320 001a 6626     		movs	r6, #102
 321              		@ sp needed
 322 001c C154     		strb	r1, [r0, r3]
 323 001e 591C     		adds	r1, r3, #1
 324 0020 0233     		adds	r3, r3, #2
 325 0022 C9B2     		uxtb	r1, r1
 326 0024 DBB2     		uxtb	r3, r3
 327 0026 4654     		strb	r6, [r0, r1]
 328 0028 2570     		strb	r5, [r4]
 329 002a C254     		strb	r2, [r0, r3]
 330 002c 70BD     		pop	{r4, r5, r6, pc}
 331              	.L25:
 332 002e C046     		.align	2
 333              	.L24:
 334 0030 00000000 		.word	.LC21
 335 0034 00000000 		.word	__func__.6
 336 0038 4D000000 		.word	.LC3
 338              		.section	.rodata.cayenne_lpp_add_temperature.str1.1,"aMS",%progbits,1
 339              	.LC25:
 340 0000 286C7070 		.ascii	"(lpp->cursor + CAYENNE_LPP_TEMPERATURE_SIZE) < CAYE"
 340      2D3E6375 
 340      72736F72 
 340      202B2043 
 340      4159454E 
 341 0033 4E4E455F 		.ascii	"NNE_LPP_MAX_BUFFER_SIZE\000"
 341      4C50505F 
 341      4D41585F 
 341      42554646 
 341      45525F53 
 342              		.section	.text.cayenne_lpp_add_temperature,"ax",%progbits
 343              		.align	1
 344              		.global	cayenne_lpp_add_temperature
 345              		.syntax unified
 346              		.code	16
 347              		.thumb_func
 349              	cayenne_lpp_add_temperature:
 350              		@ args = 0, pretend = 0, frame = 8
 351              		@ frame_needed = 0, uses_anonymous_args = 0
 352 0000 F7B5     		push	{r0, r1, r2, r4, r5, r6, r7, lr}
 353 0002 0500     		movs	r5, r0
 354 0004 2E00     		movs	r6, r5
ARM GAS  /tmp/cce6rP9B.s 			page 8


 355 0006 0191     		str	r1, [sp, #4]
 356 0008 2A36     		adds	r6, r6, #42
 357 000a 3478     		ldrb	r4, [r6]
 358 000c 101C     		adds	r0, r2, #0
 359 000e 271D     		adds	r7, r4, #4
 360 0010 292F     		cmp	r7, #41
 361 0012 05D9     		bls	.L27
 362 0014 5F21     		movs	r1, #95
 363 0016 0D4B     		ldr	r3, .L28
 364 0018 0D4A     		ldr	r2, .L28+4
 365 001a 0E48     		ldr	r0, .L28+8
 366 001c FFF7FEFF 		bl	__assert_func
 367              	.L27:
 368 0020 0D49     		ldr	r1, .L28+12
 369 0022 FFF7FEFF 		bl	__aeabi_fmul
 370              		@ sp needed
 371 0026 FFF7FEFF 		bl	__aeabi_f2iz
 372 002a 6722     		movs	r2, #103
 373 002c 019B     		ldr	r3, [sp, #4]
 374 002e 00B2     		sxth	r0, r0
 375 0030 2B55     		strb	r3, [r5, r4]
 376 0032 631C     		adds	r3, r4, #1
 377 0034 DBB2     		uxtb	r3, r3
 378 0036 EA54     		strb	r2, [r5, r3]
 379 0038 A31C     		adds	r3, r4, #2
 380 003a 0334     		adds	r4, r4, #3
 381 003c DBB2     		uxtb	r3, r3
 382 003e 0212     		asrs	r2, r0, #8
 383 0040 E4B2     		uxtb	r4, r4
 384 0042 EA54     		strb	r2, [r5, r3]
 385 0044 3770     		strb	r7, [r6]
 386 0046 2855     		strb	r0, [r5, r4]
 387 0048 F7BD     		pop	{r0, r1, r2, r4, r5, r6, r7, pc}
 388              	.L29:
 389 004a C046     		.align	2
 390              	.L28:
 391 004c 00000000 		.word	.LC25
 392 0050 00000000 		.word	__func__.5
 393 0054 4D000000 		.word	.LC3
 394 0058 00002041 		.word	1092616192
 396              		.section	.rodata.cayenne_lpp_add_relative_humidity.str1.1,"aMS",%progbits,1
 397              	.LC29:
 398 0000 286C7070 		.ascii	"(lpp->cursor + CAYENNE_LPP_RELATIVE_HUMIDITY_SIZE) "
 398      2D3E6375 
 398      72736F72 
 398      202B2043 
 398      4159454E 
 399 0033 3C204341 		.ascii	"< CAYENNE_LPP_MAX_BUFFER_SIZE\000"
 399      59454E4E 
 399      455F4C50 
 399      505F4D41 
 399      585F4255 
 400              		.global	__aeabi_fadd
 401              		.global	__aeabi_f2uiz
 402              		.section	.text.cayenne_lpp_add_relative_humidity,"ax",%progbits
 403              		.align	1
 404              		.global	cayenne_lpp_add_relative_humidity
ARM GAS  /tmp/cce6rP9B.s 			page 9


 405              		.syntax unified
 406              		.code	16
 407              		.thumb_func
 409              	cayenne_lpp_add_relative_humidity:
 410              		@ args = 0, pretend = 0, frame = 0
 411              		@ frame_needed = 0, uses_anonymous_args = 0
 412 0000 70B5     		push	{r4, r5, r6, lr}
 413 0002 0500     		movs	r5, r0
 414 0004 2C00     		movs	r4, r5
 415 0006 2A34     		adds	r4, r4, #42
 416 0008 2378     		ldrb	r3, [r4]
 417 000a 101C     		adds	r0, r2, #0
 418 000c DE1C     		adds	r6, r3, #3
 419 000e 292E     		cmp	r6, #41
 420 0010 05D9     		bls	.L31
 421 0012 6B21     		movs	r1, #107
 422 0014 094B     		ldr	r3, .L32
 423 0016 0A4A     		ldr	r2, .L32+4
 424 0018 0A48     		ldr	r0, .L32+8
 425 001a FFF7FEFF 		bl	__assert_func
 426              	.L31:
 427 001e E954     		strb	r1, [r5, r3]
 428 0020 6821     		movs	r1, #104
 429              		@ sp needed
 430 0022 5A1C     		adds	r2, r3, #1
 431 0024 D2B2     		uxtb	r2, r2
 432 0026 A954     		strb	r1, [r5, r2]
 433 0028 0233     		adds	r3, r3, #2
 434 002a 2670     		strb	r6, [r4]
 435 002c 011C     		adds	r1, r0, #0
 436 002e DCB2     		uxtb	r4, r3
 437 0030 FFF7FEFF 		bl	__aeabi_fadd
 438 0034 FFF7FEFF 		bl	__aeabi_f2uiz
 439 0038 2855     		strb	r0, [r5, r4]
 440 003a 70BD     		pop	{r4, r5, r6, pc}
 441              	.L33:
 442              		.align	2
 443              	.L32:
 444 003c 00000000 		.word	.LC29
 445 0040 00000000 		.word	__func__.4
 446 0044 4D000000 		.word	.LC3
 448              		.section	.rodata.cayenne_lpp_add_accelerometer.str1.1,"aMS",%progbits,1
 449              	.LC33:
 450 0000 286C7070 		.ascii	"(lpp->cursor + CAYENNE_LPP_ACCELEROMETER_SIZE) < CA"
 450      2D3E6375 
 450      72736F72 
 450      202B2043 
 450      4159454E 
 451 0033 59454E4E 		.ascii	"YENNE_LPP_MAX_BUFFER_SIZE\000"
 451      455F4C50 
 451      505F4D41 
 451      585F4255 
 451      46464552 
 452              		.section	.text.cayenne_lpp_add_accelerometer,"ax",%progbits
 453              		.align	1
 454              		.global	cayenne_lpp_add_accelerometer
 455              		.syntax unified
ARM GAS  /tmp/cce6rP9B.s 			page 10


 456              		.code	16
 457              		.thumb_func
 459              	cayenne_lpp_add_accelerometer:
 460              		@ args = 4, pretend = 0, frame = 16
 461              		@ frame_needed = 0, uses_anonymous_args = 0
 462 0000 F0B5     		push	{r4, r5, r6, r7, lr}
 463 0002 0500     		movs	r5, r0
 464 0004 1E1C     		adds	r6, r3, #0
 465 0006 2B00     		movs	r3, r5
 466 0008 85B0     		sub	sp, sp, #20
 467 000a 2A33     		adds	r3, r3, #42
 468 000c 0193     		str	r3, [sp, #4]
 469 000e 0391     		str	r1, [sp, #12]
 470 0010 1C78     		ldrb	r4, [r3]
 471 0012 101C     		adds	r0, r2, #0
 472 0014 2300     		movs	r3, r4
 473 0016 0833     		adds	r3, r3, #8
 474 0018 0293     		str	r3, [sp, #8]
 475 001a 292B     		cmp	r3, #41
 476 001c 05D9     		bls	.L35
 477 001e 7621     		movs	r1, #118
 478 0020 1C4B     		ldr	r3, .L36
 479 0022 1D4A     		ldr	r2, .L36+4
 480 0024 1D48     		ldr	r0, .L36+8
 481 0026 FFF7FEFF 		bl	__assert_func
 482              	.L35:
 483 002a 1D49     		ldr	r1, .L36+12
 484 002c FFF7FEFF 		bl	__aeabi_fmul
 485 0030 FFF7FEFF 		bl	__aeabi_f2iz
 486 0034 1A49     		ldr	r1, .L36+12
 487 0036 07B2     		sxth	r7, r0
 488 0038 301C     		adds	r0, r6, #0
 489 003a FFF7FEFF 		bl	__aeabi_fmul
 490 003e FFF7FEFF 		bl	__aeabi_f2iz
 491 0042 1749     		ldr	r1, .L36+12
 492 0044 06B2     		sxth	r6, r0
 493 0046 0A98     		ldr	r0, [sp, #40]
 494 0048 FFF7FEFF 		bl	__aeabi_fmul
 495 004c FFF7FEFF 		bl	__aeabi_f2iz
 496 0050 7122     		movs	r2, #113
 497 0052 039B     		ldr	r3, [sp, #12]
 498 0054 00B2     		sxth	r0, r0
 499 0056 2B55     		strb	r3, [r5, r4]
 500 0058 631C     		adds	r3, r4, #1
 501 005a DBB2     		uxtb	r3, r3
 502 005c EA54     		strb	r2, [r5, r3]
 503 005e A31C     		adds	r3, r4, #2
 504 0060 3A12     		asrs	r2, r7, #8
 505 0062 DBB2     		uxtb	r3, r3
 506 0064 EA54     		strb	r2, [r5, r3]
 507 0066 E31C     		adds	r3, r4, #3
 508 0068 DBB2     		uxtb	r3, r3
 509 006a EF54     		strb	r7, [r5, r3]
 510 006c 231D     		adds	r3, r4, #4
 511 006e 3212     		asrs	r2, r6, #8
 512 0070 DBB2     		uxtb	r3, r3
 513 0072 EA54     		strb	r2, [r5, r3]
ARM GAS  /tmp/cce6rP9B.s 			page 11


 514 0074 631D     		adds	r3, r4, #5
 515 0076 DBB2     		uxtb	r3, r3
 516 0078 EE54     		strb	r6, [r5, r3]
 517 007a A31D     		adds	r3, r4, #6
 518 007c 0212     		asrs	r2, r0, #8
 519 007e DBB2     		uxtb	r3, r3
 520 0080 EA54     		strb	r2, [r5, r3]
 521 0082 0734     		adds	r4, r4, #7
 522 0084 019B     		ldr	r3, [sp, #4]
 523 0086 029A     		ldr	r2, [sp, #8]
 524 0088 E4B2     		uxtb	r4, r4
 525 008a 1A70     		strb	r2, [r3]
 526 008c 2855     		strb	r0, [r5, r4]
 527 008e 05B0     		add	sp, sp, #20
 528              		@ sp needed
 529 0090 F0BD     		pop	{r4, r5, r6, r7, pc}
 530              	.L37:
 531 0092 C046     		.align	2
 532              	.L36:
 533 0094 00000000 		.word	.LC33
 534 0098 00000000 		.word	__func__.3
 535 009c 4D000000 		.word	.LC3
 536 00a0 00007A44 		.word	1148846080
 538              		.section	.rodata.cayenne_lpp_add_barometric_pressure.str1.1,"aMS",%progbits,1
 539              	.LC37:
 540 0000 286C7070 		.ascii	"(lpp->cursor + CAYENNE_LPP_BAROMETRIC_PRESSURE_SIZE"
 540      2D3E6375 
 540      72736F72 
 540      202B2043 
 540      4159454E 
 541 0033 29203C20 		.ascii	") < CAYENNE_LPP_MAX_BUFFER_SIZE\000"
 541      43415945 
 541      4E4E455F 
 541      4C50505F 
 541      4D41585F 
 542              		.section	.text.cayenne_lpp_add_barometric_pressure,"ax",%progbits
 543              		.align	1
 544              		.global	cayenne_lpp_add_barometric_pressure
 545              		.syntax unified
 546              		.code	16
 547              		.thumb_func
 549              	cayenne_lpp_add_barometric_pressure:
 550              		@ args = 0, pretend = 0, frame = 8
 551              		@ frame_needed = 0, uses_anonymous_args = 0
 552 0000 F7B5     		push	{r0, r1, r2, r4, r5, r6, r7, lr}
 553 0002 0500     		movs	r5, r0
 554 0004 2E00     		movs	r6, r5
 555 0006 0191     		str	r1, [sp, #4]
 556 0008 2A36     		adds	r6, r6, #42
 557 000a 3478     		ldrb	r4, [r6]
 558 000c 101C     		adds	r0, r2, #0
 559 000e 271D     		adds	r7, r4, #4
 560 0010 292F     		cmp	r7, #41
 561 0012 05D9     		bls	.L39
 562 0014 8921     		movs	r1, #137
 563 0016 0D4B     		ldr	r3, .L40
 564 0018 0D4A     		ldr	r2, .L40+4
ARM GAS  /tmp/cce6rP9B.s 			page 12


 565 001a 0E48     		ldr	r0, .L40+8
 566 001c FFF7FEFF 		bl	__assert_func
 567              	.L39:
 568 0020 0D49     		ldr	r1, .L40+12
 569 0022 FFF7FEFF 		bl	__aeabi_fmul
 570              		@ sp needed
 571 0026 FFF7FEFF 		bl	__aeabi_f2iz
 572 002a 7322     		movs	r2, #115
 573 002c 019B     		ldr	r3, [sp, #4]
 574 002e 00B2     		sxth	r0, r0
 575 0030 2B55     		strb	r3, [r5, r4]
 576 0032 631C     		adds	r3, r4, #1
 577 0034 DBB2     		uxtb	r3, r3
 578 0036 EA54     		strb	r2, [r5, r3]
 579 0038 A31C     		adds	r3, r4, #2
 580 003a 0334     		adds	r4, r4, #3
 581 003c DBB2     		uxtb	r3, r3
 582 003e 0212     		asrs	r2, r0, #8
 583 0040 E4B2     		uxtb	r4, r4
 584 0042 EA54     		strb	r2, [r5, r3]
 585 0044 3770     		strb	r7, [r6]
 586 0046 2855     		strb	r0, [r5, r4]
 587 0048 F7BD     		pop	{r0, r1, r2, r4, r5, r6, r7, pc}
 588              	.L41:
 589 004a C046     		.align	2
 590              	.L40:
 591 004c 00000000 		.word	.LC37
 592 0050 00000000 		.word	__func__.2
 593 0054 4D000000 		.word	.LC3
 594 0058 00002041 		.word	1092616192
 596              		.section	.rodata.cayenne_lpp_add_gyrometer.str1.1,"aMS",%progbits,1
 597              	.LC41:
 598 0000 286C7070 		.ascii	"(lpp->cursor + CAYENNE_LPP_GYROMETER_SIZE) < CAYENN"
 598      2D3E6375 
 598      72736F72 
 598      202B2043 
 598      4159454E 
 599 0033 455F4C50 		.ascii	"E_LPP_MAX_BUFFER_SIZE\000"
 599      505F4D41 
 599      585F4255 
 599      46464552 
 599      5F53495A 
 600              		.section	.text.cayenne_lpp_add_gyrometer,"ax",%progbits
 601              		.align	1
 602              		.global	cayenne_lpp_add_gyrometer
 603              		.syntax unified
 604              		.code	16
 605              		.thumb_func
 607              	cayenne_lpp_add_gyrometer:
 608              		@ args = 4, pretend = 0, frame = 16
 609              		@ frame_needed = 0, uses_anonymous_args = 0
 610 0000 F0B5     		push	{r4, r5, r6, r7, lr}
 611 0002 0500     		movs	r5, r0
 612 0004 1E1C     		adds	r6, r3, #0
 613 0006 2B00     		movs	r3, r5
 614 0008 85B0     		sub	sp, sp, #20
 615 000a 2A33     		adds	r3, r3, #42
ARM GAS  /tmp/cce6rP9B.s 			page 13


 616 000c 0193     		str	r3, [sp, #4]
 617 000e 0391     		str	r1, [sp, #12]
 618 0010 1C78     		ldrb	r4, [r3]
 619 0012 101C     		adds	r0, r2, #0
 620 0014 2300     		movs	r3, r4
 621 0016 0833     		adds	r3, r3, #8
 622 0018 0293     		str	r3, [sp, #8]
 623 001a 292B     		cmp	r3, #41
 624 001c 05D9     		bls	.L43
 625 001e 9521     		movs	r1, #149
 626 0020 1C4B     		ldr	r3, .L44
 627 0022 1D4A     		ldr	r2, .L44+4
 628 0024 1D48     		ldr	r0, .L44+8
 629 0026 FFF7FEFF 		bl	__assert_func
 630              	.L43:
 631 002a 1D49     		ldr	r1, .L44+12
 632 002c FFF7FEFF 		bl	__aeabi_fmul
 633 0030 FFF7FEFF 		bl	__aeabi_f2iz
 634 0034 1A49     		ldr	r1, .L44+12
 635 0036 07B2     		sxth	r7, r0
 636 0038 301C     		adds	r0, r6, #0
 637 003a FFF7FEFF 		bl	__aeabi_fmul
 638 003e FFF7FEFF 		bl	__aeabi_f2iz
 639 0042 1749     		ldr	r1, .L44+12
 640 0044 06B2     		sxth	r6, r0
 641 0046 0A98     		ldr	r0, [sp, #40]
 642 0048 FFF7FEFF 		bl	__aeabi_fmul
 643 004c FFF7FEFF 		bl	__aeabi_f2iz
 644 0050 8622     		movs	r2, #134
 645 0052 039B     		ldr	r3, [sp, #12]
 646 0054 00B2     		sxth	r0, r0
 647 0056 2B55     		strb	r3, [r5, r4]
 648 0058 631C     		adds	r3, r4, #1
 649 005a DBB2     		uxtb	r3, r3
 650 005c EA54     		strb	r2, [r5, r3]
 651 005e A31C     		adds	r3, r4, #2
 652 0060 3A12     		asrs	r2, r7, #8
 653 0062 DBB2     		uxtb	r3, r3
 654 0064 EA54     		strb	r2, [r5, r3]
 655 0066 E31C     		adds	r3, r4, #3
 656 0068 DBB2     		uxtb	r3, r3
 657 006a EF54     		strb	r7, [r5, r3]
 658 006c 231D     		adds	r3, r4, #4
 659 006e 3212     		asrs	r2, r6, #8
 660 0070 DBB2     		uxtb	r3, r3
 661 0072 EA54     		strb	r2, [r5, r3]
 662 0074 631D     		adds	r3, r4, #5
 663 0076 DBB2     		uxtb	r3, r3
 664 0078 EE54     		strb	r6, [r5, r3]
 665 007a A31D     		adds	r3, r4, #6
 666 007c 0212     		asrs	r2, r0, #8
 667 007e DBB2     		uxtb	r3, r3
 668 0080 EA54     		strb	r2, [r5, r3]
 669 0082 0734     		adds	r4, r4, #7
 670 0084 019B     		ldr	r3, [sp, #4]
 671 0086 029A     		ldr	r2, [sp, #8]
 672 0088 E4B2     		uxtb	r4, r4
ARM GAS  /tmp/cce6rP9B.s 			page 14


 673 008a 1A70     		strb	r2, [r3]
 674 008c 2855     		strb	r0, [r5, r4]
 675 008e 05B0     		add	sp, sp, #20
 676              		@ sp needed
 677 0090 F0BD     		pop	{r4, r5, r6, r7, pc}
 678              	.L45:
 679 0092 C046     		.align	2
 680              	.L44:
 681 0094 00000000 		.word	.LC41
 682 0098 00000000 		.word	__func__.1
 683 009c 4D000000 		.word	.LC3
 684 00a0 0000C842 		.word	1120403456
 686              		.section	.rodata.cayenne_lpp_add_gps.str1.1,"aMS",%progbits,1
 687              	.LC45:
 688 0000 286C7070 		.ascii	"(lpp->cursor + CAYENNE_LPP_GPS_SIZE) < CAYENNE_LPP_"
 688      2D3E6375 
 688      72736F72 
 688      202B2043 
 688      4159454E 
 689 0033 4D41585F 		.ascii	"MAX_BUFFER_SIZE\000"
 689      42554646 
 689      45525F53 
 689      495A4500 
 690              		.section	.text.cayenne_lpp_add_gps,"ax",%progbits
 691              		.align	1
 692              		.global	cayenne_lpp_add_gps
 693              		.syntax unified
 694              		.code	16
 695              		.thumb_func
 697              	cayenne_lpp_add_gps:
 698              		@ args = 4, pretend = 0, frame = 16
 699              		@ frame_needed = 0, uses_anonymous_args = 0
 700 0000 F0B5     		push	{r4, r5, r6, r7, lr}
 701 0002 0500     		movs	r5, r0
 702 0004 1E1C     		adds	r6, r3, #0
 703 0006 2B00     		movs	r3, r5
 704 0008 85B0     		sub	sp, sp, #20
 705 000a 2A33     		adds	r3, r3, #42
 706 000c 0193     		str	r3, [sp, #4]
 707 000e 0391     		str	r1, [sp, #12]
 708 0010 1C78     		ldrb	r4, [r3]
 709 0012 101C     		adds	r0, r2, #0
 710 0014 2300     		movs	r3, r4
 711 0016 0B33     		adds	r3, r3, #11
 712 0018 0293     		str	r3, [sp, #8]
 713 001a 292B     		cmp	r3, #41
 714 001c 05D9     		bls	.L47
 715 001e A821     		movs	r1, #168
 716 0020 224B     		ldr	r3, .L48
 717 0022 234A     		ldr	r2, .L48+4
 718 0024 2348     		ldr	r0, .L48+8
 719 0026 FFF7FEFF 		bl	__assert_func
 720              	.L47:
 721 002a 2349     		ldr	r1, .L48+12
 722 002c FFF7FEFF 		bl	__aeabi_fmul
 723 0030 FFF7FEFF 		bl	__aeabi_f2iz
 724 0034 2049     		ldr	r1, .L48+12
ARM GAS  /tmp/cce6rP9B.s 			page 15


 725 0036 0700     		movs	r7, r0
 726 0038 301C     		adds	r0, r6, #0
 727 003a FFF7FEFF 		bl	__aeabi_fmul
 728 003e FFF7FEFF 		bl	__aeabi_f2iz
 729 0042 1E49     		ldr	r1, .L48+16
 730 0044 0600     		movs	r6, r0
 731 0046 0A98     		ldr	r0, [sp, #40]
 732 0048 FFF7FEFF 		bl	__aeabi_fmul
 733 004c FFF7FEFF 		bl	__aeabi_f2iz
 734 0050 8822     		movs	r2, #136
 735 0052 039B     		ldr	r3, [sp, #12]
 736 0054 2B55     		strb	r3, [r5, r4]
 737 0056 631C     		adds	r3, r4, #1
 738 0058 DBB2     		uxtb	r3, r3
 739 005a EA54     		strb	r2, [r5, r3]
 740 005c A31C     		adds	r3, r4, #2
 741 005e 3A14     		asrs	r2, r7, #16
 742 0060 DBB2     		uxtb	r3, r3
 743 0062 EA54     		strb	r2, [r5, r3]
 744 0064 E31C     		adds	r3, r4, #3
 745 0066 3A12     		asrs	r2, r7, #8
 746 0068 DBB2     		uxtb	r3, r3
 747 006a EA54     		strb	r2, [r5, r3]
 748 006c 231D     		adds	r3, r4, #4
 749 006e DBB2     		uxtb	r3, r3
 750 0070 EF54     		strb	r7, [r5, r3]
 751 0072 631D     		adds	r3, r4, #5
 752 0074 3214     		asrs	r2, r6, #16
 753 0076 DBB2     		uxtb	r3, r3
 754 0078 EA54     		strb	r2, [r5, r3]
 755 007a A31D     		adds	r3, r4, #6
 756 007c 3212     		asrs	r2, r6, #8
 757 007e DBB2     		uxtb	r3, r3
 758 0080 EA54     		strb	r2, [r5, r3]
 759 0082 E31D     		adds	r3, r4, #7
 760 0084 DBB2     		uxtb	r3, r3
 761 0086 EE54     		strb	r6, [r5, r3]
 762 0088 2300     		movs	r3, r4
 763 008a 0833     		adds	r3, r3, #8
 764 008c 0214     		asrs	r2, r0, #16
 765 008e DBB2     		uxtb	r3, r3
 766 0090 EA54     		strb	r2, [r5, r3]
 767 0092 2300     		movs	r3, r4
 768 0094 0933     		adds	r3, r3, #9
 769 0096 0212     		asrs	r2, r0, #8
 770 0098 DBB2     		uxtb	r3, r3
 771 009a EA54     		strb	r2, [r5, r3]
 772 009c 0A34     		adds	r4, r4, #10
 773 009e 019B     		ldr	r3, [sp, #4]
 774 00a0 029A     		ldr	r2, [sp, #8]
 775 00a2 E4B2     		uxtb	r4, r4
 776 00a4 1A70     		strb	r2, [r3]
 777 00a6 2855     		strb	r0, [r5, r4]
 778 00a8 05B0     		add	sp, sp, #20
 779              		@ sp needed
 780 00aa F0BD     		pop	{r4, r5, r6, r7, pc}
 781              	.L49:
ARM GAS  /tmp/cce6rP9B.s 			page 16


 782              		.align	2
 783              	.L48:
 784 00ac 00000000 		.word	.LC45
 785 00b0 00000000 		.word	__func__.0
 786 00b4 4D000000 		.word	.LC3
 787 00b8 00401C46 		.word	1176256512
 788 00bc 0000C842 		.word	1120403456
 790              		.section	.rodata.__func__.0,"a"
 793              	__func__.0:
 794 0000 63617965 		.ascii	"cayenne_lpp_add_gps\000"
 794      6E6E655F 
 794      6C70705F 
 794      6164645F 
 794      67707300 
 795              		.section	.rodata.__func__.1,"a"
 798              	__func__.1:
 799 0000 63617965 		.ascii	"cayenne_lpp_add_gyrometer\000"
 799      6E6E655F 
 799      6C70705F 
 799      6164645F 
 799      6779726F 
 800              		.section	.rodata.__func__.2,"a"
 803              	__func__.2:
 804 0000 63617965 		.ascii	"cayenne_lpp_add_barometric_pressure\000"
 804      6E6E655F 
 804      6C70705F 
 804      6164645F 
 804      6261726F 
 805              		.section	.rodata.__func__.3,"a"
 808              	__func__.3:
 809 0000 63617965 		.ascii	"cayenne_lpp_add_accelerometer\000"
 809      6E6E655F 
 809      6C70705F 
 809      6164645F 
 809      61636365 
 810              		.section	.rodata.__func__.4,"a"
 813              	__func__.4:
 814 0000 63617965 		.ascii	"cayenne_lpp_add_relative_humidity\000"
 814      6E6E655F 
 814      6C70705F 
 814      6164645F 
 814      72656C61 
 815              		.section	.rodata.__func__.5,"a"
 818              	__func__.5:
 819 0000 63617965 		.ascii	"cayenne_lpp_add_temperature\000"
 819      6E6E655F 
 819      6C70705F 
 819      6164645F 
 819      74656D70 
 820              		.section	.rodata.__func__.6,"a"
 823              	__func__.6:
 824 0000 63617965 		.ascii	"cayenne_lpp_add_presence\000"
 824      6E6E655F 
 824      6C70705F 
 824      6164645F 
 824      70726573 
 825              		.section	.rodata.__func__.7,"a"
ARM GAS  /tmp/cce6rP9B.s 			page 17


 828              	__func__.7:
 829 0000 63617965 		.ascii	"cayenne_lpp_add_luminosity\000"
 829      6E6E655F 
 829      6C70705F 
 829      6164645F 
 829      6C756D69 
 830              		.section	.rodata.__func__.8,"a"
 833              	__func__.8:
 834 0000 63617965 		.ascii	"cayenne_lpp_add_analog_output\000"
 834      6E6E655F 
 834      6C70705F 
 834      6164645F 
 834      616E616C 
 835              		.section	.rodata.__func__.9,"a"
 838              	__func__.9:
 839 0000 63617965 		.ascii	"cayenne_lpp_add_analog_input\000"
 839      6E6E655F 
 839      6C70705F 
 839      6164645F 
 839      616E616C 
 840              		.section	.rodata.__func__.10,"a"
 843              	__func__.10:
 844 0000 63617965 		.ascii	"cayenne_lpp_add_digital_output\000"
 844      6E6E655F 
 844      6C70705F 
 844      6164645F 
 844      64696769 
 845              		.section	.rodata.__func__.11,"a"
 848              	__func__.11:
 849 0000 63617965 		.ascii	"cayenne_lpp_add_digital_input\000"
 849      6E6E655F 
 849      6C70705F 
 849      6164645F 
 849      64696769 
 850              		.ident	"GCC: (Arch Repository) 13.2.0"
ARM GAS  /tmp/cce6rP9B.s 			page 18


DEFINED SYMBOLS
                            *ABS*:00000000 cayenne_lpp.c
     /tmp/cce6rP9B.s:14     .text.cayenne_lpp_reset:00000000 $t
     /tmp/cce6rP9B.s:20     .text.cayenne_lpp_reset:00000000 cayenne_lpp_reset
     /tmp/cce6rP9B.s:41     .text.cayenne_lpp_add_digital_input:00000000 $t
     /tmp/cce6rP9B.s:47     .text.cayenne_lpp_add_digital_input:00000000 cayenne_lpp_add_digital_input
     /tmp/cce6rP9B.s:77     .text.cayenne_lpp_add_digital_input:00000030 $d
     /tmp/cce6rP9B.s:848    .rodata.__func__.11:00000000 __func__.11
     /tmp/cce6rP9B.s:86     .text.cayenne_lpp_add_digital_output:00000000 $t
     /tmp/cce6rP9B.s:92     .text.cayenne_lpp_add_digital_output:00000000 cayenne_lpp_add_digital_output
     /tmp/cce6rP9B.s:122    .text.cayenne_lpp_add_digital_output:00000030 $d
     /tmp/cce6rP9B.s:843    .rodata.__func__.10:00000000 __func__.10
     /tmp/cce6rP9B.s:133    .text.cayenne_lpp_add_analog_input:00000000 $t
     /tmp/cce6rP9B.s:139    .text.cayenne_lpp_add_analog_input:00000000 cayenne_lpp_add_analog_input
     /tmp/cce6rP9B.s:181    .text.cayenne_lpp_add_analog_input:0000004c $d
     /tmp/cce6rP9B.s:838    .rodata.__func__.9:00000000 __func__.9
     /tmp/cce6rP9B.s:191    .text.cayenne_lpp_add_analog_output:00000000 $t
     /tmp/cce6rP9B.s:197    .text.cayenne_lpp_add_analog_output:00000000 cayenne_lpp_add_analog_output
     /tmp/cce6rP9B.s:239    .text.cayenne_lpp_add_analog_output:0000004c $d
     /tmp/cce6rP9B.s:833    .rodata.__func__.8:00000000 __func__.8
     /tmp/cce6rP9B.s:249    .text.cayenne_lpp_add_luminosity:00000000 $t
     /tmp/cce6rP9B.s:255    .text.cayenne_lpp_add_luminosity:00000000 cayenne_lpp_add_luminosity
     /tmp/cce6rP9B.s:289    .text.cayenne_lpp_add_luminosity:00000038 $d
     /tmp/cce6rP9B.s:828    .rodata.__func__.7:00000000 __func__.7
     /tmp/cce6rP9B.s:298    .text.cayenne_lpp_add_presence:00000000 $t
     /tmp/cce6rP9B.s:304    .text.cayenne_lpp_add_presence:00000000 cayenne_lpp_add_presence
     /tmp/cce6rP9B.s:334    .text.cayenne_lpp_add_presence:00000030 $d
     /tmp/cce6rP9B.s:823    .rodata.__func__.6:00000000 __func__.6
     /tmp/cce6rP9B.s:343    .text.cayenne_lpp_add_temperature:00000000 $t
     /tmp/cce6rP9B.s:349    .text.cayenne_lpp_add_temperature:00000000 cayenne_lpp_add_temperature
     /tmp/cce6rP9B.s:391    .text.cayenne_lpp_add_temperature:0000004c $d
     /tmp/cce6rP9B.s:818    .rodata.__func__.5:00000000 __func__.5
     /tmp/cce6rP9B.s:403    .text.cayenne_lpp_add_relative_humidity:00000000 $t
     /tmp/cce6rP9B.s:409    .text.cayenne_lpp_add_relative_humidity:00000000 cayenne_lpp_add_relative_humidity
     /tmp/cce6rP9B.s:444    .text.cayenne_lpp_add_relative_humidity:0000003c $d
     /tmp/cce6rP9B.s:813    .rodata.__func__.4:00000000 __func__.4
     /tmp/cce6rP9B.s:453    .text.cayenne_lpp_add_accelerometer:00000000 $t
     /tmp/cce6rP9B.s:459    .text.cayenne_lpp_add_accelerometer:00000000 cayenne_lpp_add_accelerometer
     /tmp/cce6rP9B.s:533    .text.cayenne_lpp_add_accelerometer:00000094 $d
     /tmp/cce6rP9B.s:808    .rodata.__func__.3:00000000 __func__.3
     /tmp/cce6rP9B.s:543    .text.cayenne_lpp_add_barometric_pressure:00000000 $t
     /tmp/cce6rP9B.s:549    .text.cayenne_lpp_add_barometric_pressure:00000000 cayenne_lpp_add_barometric_pressure
     /tmp/cce6rP9B.s:591    .text.cayenne_lpp_add_barometric_pressure:0000004c $d
     /tmp/cce6rP9B.s:803    .rodata.__func__.2:00000000 __func__.2
     /tmp/cce6rP9B.s:601    .text.cayenne_lpp_add_gyrometer:00000000 $t
     /tmp/cce6rP9B.s:607    .text.cayenne_lpp_add_gyrometer:00000000 cayenne_lpp_add_gyrometer
     /tmp/cce6rP9B.s:681    .text.cayenne_lpp_add_gyrometer:00000094 $d
     /tmp/cce6rP9B.s:798    .rodata.__func__.1:00000000 __func__.1
     /tmp/cce6rP9B.s:691    .text.cayenne_lpp_add_gps:00000000 $t
     /tmp/cce6rP9B.s:697    .text.cayenne_lpp_add_gps:00000000 cayenne_lpp_add_gps
     /tmp/cce6rP9B.s:784    .text.cayenne_lpp_add_gps:000000ac $d
     /tmp/cce6rP9B.s:793    .rodata.__func__.0:00000000 __func__.0

UNDEFINED SYMBOLS
memset
__assert_func
__aeabi_fmul
ARM GAS  /tmp/cce6rP9B.s 			page 19


__aeabi_f2iz
__aeabi_fadd
__aeabi_f2uiz
