ARM GAS  /tmp/ccZxScxN.s 			page 1


   1              		.cpu cortex-m0
   2              		.arch armv6s-m
   3              		.fpu softvfp
   4              		.eabi_attribute 23, 1
   5              		.eabi_attribute 24, 1
   6              		.eabi_attribute 25, 1
   7              		.eabi_attribute 26, 1
   8              		.eabi_attribute 30, 4
   9              		.eabi_attribute 34, 0
  10              		.eabi_attribute 18, 4
  11              		.file	"functions.c"
  12              		.text
  13              		.section	.rodata.printCayenneLPPBuffer.str1.1,"aMS",%progbits,1
  14              	.LC0:
  15 0000 43617965 		.ascii	"CayenneLPP Buffer Content (Hex): \000"
  15      6E6E654C 
  15      50502042 
  15      75666665 
  15      7220436F 
  16              	.LC2:
  17 0022 25303258 		.ascii	"%02X \000"
  17      2000
  18              	.LC4:
  19 0028 0A0D00   		.ascii	"\012\015\000"
  20              		.section	.text.printCayenneLPPBuffer,"ax",%progbits
  21              		.align	1
  22              		.global	printCayenneLPPBuffer
  23              		.syntax unified
  24              		.code	16
  25              		.thumb_func
  27              	printCayenneLPPBuffer:
  28              		@ args = 0, pretend = 0, frame = 0
  29              		@ frame_needed = 0, uses_anonymous_args = 0
  30 0000 70B5     		push	{r4, r5, r6, lr}
  31 0002 0500     		movs	r5, r0
  32 0004 0948     		ldr	r0, .L4
  33 0006 FFF7FEFF 		bl	hal_trace_print_var
  34 000a 0024     		movs	r4, #0
  35              	.L2:
  36 000c 2B00     		movs	r3, r5
  37 000e 2A33     		adds	r3, r3, #42
  38 0010 1B78     		ldrb	r3, [r3]
  39 0012 A342     		cmp	r3, r4
  40 0014 03D8     		bhi	.L3
  41              		@ sp needed
  42 0016 0648     		ldr	r0, .L4+4
  43 0018 FFF7FEFF 		bl	hal_trace_print_var
  44 001c 70BD     		pop	{r4, r5, r6, pc}
  45              	.L3:
  46 001e 295D     		ldrb	r1, [r5, r4]
  47 0020 0448     		ldr	r0, .L4+8
  48 0022 0134     		adds	r4, r4, #1
  49 0024 FFF7FEFF 		bl	hal_trace_print_var
  50 0028 E4B2     		uxtb	r4, r4
  51 002a EFE7     		b	.L2
  52              	.L5:
  53              		.align	2
ARM GAS  /tmp/ccZxScxN.s 			page 2


  54              	.L4:
  55 002c 00000000 		.word	.LC0
  56 0030 28000000 		.word	.LC4
  57 0034 22000000 		.word	.LC2
  59              		.section	.text.sendLoRaWANPacket,"ax",%progbits
  60              		.align	1
  61              		.global	sendLoRaWANPacket
  62              		.syntax unified
  63              		.code	16
  64              		.thumb_func
  66              	sendLoRaWANPacket:
  67              		@ args = 0, pretend = 0, frame = 0
  68              		@ frame_needed = 0, uses_anonymous_args = 0
  69 0000 07B5     		push	{r0, r1, r2, lr}
  70 0002 0022     		movs	r2, #0
  71              		@ sp needed
  72 0004 0300     		movs	r3, r0
  73 0006 0091     		str	r1, [sp]
  74 0008 1000     		movs	r0, r2
  75 000a 5521     		movs	r1, #85
  76 000c FFF7FEFF 		bl	smtc_modem_request_uplink
  77 0010 07BD     		pop	{r0, r1, r2, pc}
  79              		.section	.text.sendData,"ax",%progbits
  80              		.align	1
  81              		.global	sendData
  82              		.syntax unified
  83              		.code	16
  84              		.thumb_func
  86              	sendData:
  87              		@ args = 0, pretend = 0, frame = 48
  88              		@ frame_needed = 0, uses_anonymous_args = 0
  89 0000 F0B5     		push	{r4, r5, r6, r7, lr}
  90 0002 1500     		movs	r5, r2
  91 0004 1C00     		movs	r4, r3
  92 0006 8DB0     		sub	sp, sp, #52
  93 0008 071C     		adds	r7, r0, #0
  94 000a 01A8     		add	r0, sp, #4
  95 000c 0E1C     		adds	r6, r1, #0
  96 000e FFF7FEFF 		bl	cayenne_lpp_reset
  97 0012 3A1C     		adds	r2, r7, #0
  98 0014 01A8     		add	r0, sp, #4
  99 0016 0121     		movs	r1, #1
 100 0018 FFF7FEFF 		bl	cayenne_lpp_add_temperature
 101 001c 321C     		adds	r2, r6, #0
 102 001e 01A8     		add	r0, sp, #4
 103 0020 0221     		movs	r1, #2
 104 0022 FFF7FEFF 		bl	cayenne_lpp_add_analog_input
 105 0026 2A00     		movs	r2, r5
 106 0028 01A8     		add	r0, sp, #4
 107 002a 0321     		movs	r1, #3
 108 002c FFF7FEFF 		bl	cayenne_lpp_add_digital_input
 109 0030 2200     		movs	r2, r4
 110 0032 01A8     		add	r0, sp, #4
 111 0034 0421     		movs	r1, #4
 112 0036 FFF7FEFF 		bl	cayenne_lpp_add_digital_input
 113 003a 2E23     		movs	r3, #46
 114 003c 6B44     		add	r3, r3, sp
ARM GAS  /tmp/ccZxScxN.s 			page 3


 115 003e 1978     		ldrb	r1, [r3]
 116 0040 01A8     		add	r0, sp, #4
 117 0042 FFF7FEFF 		bl	sendLoRaWANPacket
 118 0046 01A8     		add	r0, sp, #4
 119 0048 FFF7FEFF 		bl	printCayenneLPPBuffer
 120 004c 0DB0     		add	sp, sp, #52
 121              		@ sp needed
 122 004e F0BD     		pop	{r4, r5, r6, r7, pc}
 124              		.section	.text.wateralarm,"ax",%progbits
 125              		.align	1
 126              		.global	wateralarm
 127              		.syntax unified
 128              		.code	16
 129              		.thumb_func
 131              	wateralarm:
 132              		@ args = 0, pretend = 0, frame = 48
 133              		@ frame_needed = 0, uses_anonymous_args = 0
 134 0000 10B5     		push	{r4, lr}
 135 0002 0400     		movs	r4, r0
 136 0004 8CB0     		sub	sp, sp, #48
 137 0006 01A8     		add	r0, sp, #4
 138 0008 FFF7FEFF 		bl	cayenne_lpp_reset
 139 000c 2200     		movs	r2, r4
 140 000e 01A8     		add	r0, sp, #4
 141 0010 0421     		movs	r1, #4
 142 0012 FFF7FEFF 		bl	cayenne_lpp_add_digital_input
 143 0016 2E23     		movs	r3, #46
 144 0018 6B44     		add	r3, r3, sp
 145 001a 1978     		ldrb	r1, [r3]
 146 001c 01A8     		add	r0, sp, #4
 147 001e FFF7FEFF 		bl	sendLoRaWANPacket
 148 0022 01A8     		add	r0, sp, #4
 149 0024 FFF7FEFF 		bl	printCayenneLPPBuffer
 150 0028 0CB0     		add	sp, sp, #48
 151              		@ sp needed
 152 002a 10BD     		pop	{r4, pc}
 154              		.section	.text.dooralarm,"ax",%progbits
 155              		.align	1
 156              		.global	dooralarm
 157              		.syntax unified
 158              		.code	16
 159              		.thumb_func
 161              	dooralarm:
 162              		@ args = 0, pretend = 0, frame = 48
 163              		@ frame_needed = 0, uses_anonymous_args = 0
 164 0000 10B5     		push	{r4, lr}
 165 0002 0400     		movs	r4, r0
 166 0004 8CB0     		sub	sp, sp, #48
 167 0006 01A8     		add	r0, sp, #4
 168 0008 FFF7FEFF 		bl	cayenne_lpp_reset
 169 000c 2200     		movs	r2, r4
 170 000e 01A8     		add	r0, sp, #4
 171 0010 0321     		movs	r1, #3
 172 0012 FFF7FEFF 		bl	cayenne_lpp_add_digital_input
 173 0016 2E23     		movs	r3, #46
 174 0018 6B44     		add	r3, r3, sp
 175 001a 1978     		ldrb	r1, [r3]
ARM GAS  /tmp/ccZxScxN.s 			page 4


 176 001c 01A8     		add	r0, sp, #4
 177 001e FFF7FEFF 		bl	sendLoRaWANPacket
 178 0022 01A8     		add	r0, sp, #4
 179 0024 FFF7FEFF 		bl	printCayenneLPPBuffer
 180 0028 0CB0     		add	sp, sp, #48
 181              		@ sp needed
 182 002a 10BD     		pop	{r4, pc}
 184              		.global	__aeabi_i2f
 185              		.section	.text.GETtemperature,"ax",%progbits
 186              		.align	1
 187              		.global	GETtemperature
 188              		.syntax unified
 189              		.code	16
 190              		.thumb_func
 192              	GETtemperature:
 193              		@ args = 0, pretend = 0, frame = 8
 194              		@ frame_needed = 0, uses_anonymous_args = 0
 195 0000 13B5     		push	{r0, r1, r4, lr}
 196 0002 6B46     		mov	r3, sp
 197 0004 DC1D     		adds	r4, r3, #7
 198 0006 2300     		movs	r3, r4
 199 0008 0022     		movs	r2, #0
 200 000a 9021     		movs	r1, #144
 201 000c FFF7FEFF 		bl	hal_i2c_read
 202 0010 0028     		cmp	r0, #0
 203 0012 04D1     		bne	.L12
 204 0014 0020     		movs	r0, #0
 205 0016 2056     		ldrsb	r0, [r4, r0]
 206 0018 FFF7FEFF 		bl	__aeabi_i2f
 207              	.L10:
 208              		@ sp needed
 209 001c 16BD     		pop	{r1, r2, r4, pc}
 210              	.L12:
 211 001e C320     		movs	r0, #195
 212 0020 0006     		lsls	r0, r0, #24
 213 0022 FBE7     		b	.L10
 215              		.section	.rodata.MX_ADC_Init.str1.1,"aMS",%progbits,1
 216              	.LC8:
 217 0000 4552524F 		.ascii	"ERROR: mcu_panic:%s\012\015\000"
 217      523A206D 
 217      63755F70 
 217      616E6963 
 217      3A25730A 
 218              	.LC10:
 219 0016 00       		.ascii	"\000"
 220              	.LC12:
 221 0017 4552524F 		.ascii	"ERROR: -> \000"
 221      523A202D 
 221      3E2000
 222              		.section	.text.MX_ADC_Init,"ax",%progbits
 223              		.align	1
 224              		.global	MX_ADC_Init
 225              		.syntax unified
 226              		.code	16
 227              		.thumb_func
 229              	MX_ADC_Init:
 230              		@ args = 0, pretend = 0, frame = 8
ARM GAS  /tmp/ccZxScxN.s 			page 5


 231              		@ frame_needed = 0, uses_anonymous_args = 0
 232 0000 37B5     		push	{r0, r1, r2, r4, r5, lr}
 233 0002 0822     		movs	r2, #8
 234 0004 0021     		movs	r1, #0
 235 0006 6846     		mov	r0, sp
 236 0008 FFF7FEFF 		bl	memset
 237 000c C221     		movs	r1, #194
 238 000e 254C     		ldr	r4, .L22
 239 0010 254B     		ldr	r3, .L22+4
 240 0012 FF31     		adds	r1, r1, #255
 241 0014 C022     		movs	r2, #192
 242 0016 6162     		str	r1, [r4, #36]
 243 0018 2100     		movs	r1, r4
 244 001a 2360     		str	r3, [r4]
 245 001c 0023     		movs	r3, #0
 246 001e 1206     		lsls	r2, r2, #24
 247 0020 2C31     		adds	r1, r1, #44
 248 0022 6260     		str	r2, [r4, #4]
 249 0024 0B70     		strb	r3, [r1]
 250 0026 0122     		movs	r2, #1
 251 0028 0421     		movs	r1, #4
 252 002a 2000     		movs	r0, r4
 253 002c E363     		str	r3, [r4, #60]
 254 002e A360     		str	r3, [r4, #8]
 255 0030 A363     		str	r3, [r4, #56]
 256 0032 2261     		str	r2, [r4, #16]
 257 0034 E360     		str	r3, [r4, #12]
 258 0036 2384     		strh	r3, [r4, #32]
 259 0038 A362     		str	r3, [r4, #40]
 260 003a 6161     		str	r1, [r4, #20]
 261 003c 2363     		str	r3, [r4, #48]
 262 003e A361     		str	r3, [r4, #24]
 263 0040 6263     		str	r2, [r4, #52]
 264 0042 E361     		str	r3, [r4, #28]
 265 0044 FFF7FEFF 		bl	HAL_ADC_Init
 266 0048 0028     		cmp	r0, #0
 267 004a 0FD0     		beq	.L14
 268 004c 1749     		ldr	r1, .L22+8
 269 004e 1848     		ldr	r0, .L22+12
 270 0050 FFF7FEFF 		bl	hal_trace_print_var
 271 0054 174D     		ldr	r5, .L22+16
 272 0056 2800     		movs	r0, r5
 273 0058 FFF7FEFF 		bl	hal_trace_print_var
 274 005c 1648     		ldr	r0, .L22+20
 275 005e FFF7FEFF 		bl	hal_trace_print_var
 276 0062 2800     		movs	r0, r5
 277 0064 FFF7FEFF 		bl	hal_trace_print_var
 278 0068 FFF7FEFF 		bl	hal_mcu_reset
 279              	.L14:
 280 006c 134B     		ldr	r3, .L22+24
 281 006e 6946     		mov	r1, sp
 282 0070 0093     		str	r3, [sp]
 283 0072 8023     		movs	r3, #128
 284 0074 2000     		movs	r0, r4
 285 0076 5B01     		lsls	r3, r3, #5
 286 0078 0193     		str	r3, [sp, #4]
 287 007a FFF7FEFF 		bl	HAL_ADC_ConfigChannel
ARM GAS  /tmp/ccZxScxN.s 			page 6


 288 007e 0028     		cmp	r0, #0
 289 0080 0FD0     		beq	.L13
 290 0082 0A49     		ldr	r1, .L22+8
 291 0084 0A48     		ldr	r0, .L22+12
 292 0086 FFF7FEFF 		bl	hal_trace_print_var
 293 008a 0A4C     		ldr	r4, .L22+16
 294 008c 2000     		movs	r0, r4
 295 008e FFF7FEFF 		bl	hal_trace_print_var
 296 0092 0948     		ldr	r0, .L22+20
 297 0094 FFF7FEFF 		bl	hal_trace_print_var
 298 0098 2000     		movs	r0, r4
 299 009a FFF7FEFF 		bl	hal_trace_print_var
 300 009e FFF7FEFF 		bl	hal_mcu_reset
 301              	.L13:
 302              		@ sp needed
 303 00a2 37BD     		pop	{r0, r1, r2, r4, r5, pc}
 304              	.L23:
 305              		.align	2
 306              	.L22:
 307 00a4 00000000 		.word	hadc
 308 00a8 00240140 		.word	1073816576
 309 00ac 00000000 		.word	__func__.0
 310 00b0 00000000 		.word	.LC8
 311 00b4 16000000 		.word	.LC10
 312 00b8 17000000 		.word	.LC12
 313 00bc 20000014 		.word	335544352
 315              		.global	__aeabi_ui2f
 316              		.global	__aeabi_fmul
 317              		.section	.text.GETvoltage,"ax",%progbits
 318              		.align	1
 319              		.global	GETvoltage
 320              		.syntax unified
 321              		.code	16
 322              		.thumb_func
 324              	GETvoltage:
 325              		@ args = 0, pretend = 0, frame = 0
 326              		@ frame_needed = 0, uses_anonymous_args = 0
 327 0000 70B5     		push	{r4, r5, r6, lr}
 328 0002 0400     		movs	r4, r0
 329 0004 0121     		movs	r1, #1
 330 0006 0320     		movs	r0, #3
 331 0008 FFF7FEFF 		bl	hal_gpio_set_value
 332 000c FFF7FEFF 		bl	MX_ADC_Init
 333 0010 1420     		movs	r0, #20
 334 0012 FFF7FEFF 		bl	hal_mcu_delay_ms
 335 0016 2000     		movs	r0, r4
 336 0018 FFF7FEFF 		bl	HAL_ADC_Start
 337 001c 0028     		cmp	r0, #0
 338 001e 1FD1     		bne	.L27
 339 0020 1430     		adds	r0, r0, #20
 340 0022 FFF7FEFF 		bl	hal_mcu_delay_ms
 341 0026 0121     		movs	r1, #1
 342 0028 2000     		movs	r0, r4
 343 002a 4942     		rsbs	r1, r1, #0
 344 002c FFF7FEFF 		bl	HAL_ADC_PollForConversion
 345 0030 0025     		movs	r5, #0
 346 0032 0028     		cmp	r0, #0
ARM GAS  /tmp/ccZxScxN.s 			page 7


 347 0034 08D1     		bne	.L26
 348 0036 2000     		movs	r0, r4
 349 0038 FFF7FEFF 		bl	HAL_ADC_GetValue
 350 003c FFF7FEFF 		bl	__aeabi_ui2f
 351 0040 0949     		ldr	r1, .L29
 352 0042 FFF7FEFF 		bl	__aeabi_fmul
 353 0046 051C     		adds	r5, r0, #0
 354              	.L26:
 355 0048 1420     		movs	r0, #20
 356 004a FFF7FEFF 		bl	hal_mcu_delay_ms
 357 004e 2000     		movs	r0, r4
 358 0050 FFF7FEFF 		bl	HAL_ADC_DeInit
 359 0054 0021     		movs	r1, #0
 360 0056 0320     		movs	r0, #3
 361 0058 FFF7FEFF 		bl	hal_gpio_set_value
 362              	.L24:
 363              		@ sp needed
 364 005c 281C     		adds	r0, r5, #0
 365 005e 70BD     		pop	{r4, r5, r6, pc}
 366              	.L27:
 367 0060 8625     		movs	r5, #134
 368 0062 ED05     		lsls	r5, r5, #23
 369 0064 FAE7     		b	.L24
 370              	.L30:
 371 0066 C046     		.align	2
 372              	.L29:
 373 0068 6840533A 		.word	978534504
 375              		.section	.rodata.sensor_read.str1.1,"aMS",%progbits,1
 376              	.LC15:
 377 0000 2D2D2D2D 		.ascii	"----- sensor_read -----\012\015\000"
 377      2D207365 
 377      6E736F72 
 377      5F726561 
 377      64202D2D 
 378              		.section	.text.sensor_read,"ax",%progbits
 379              		.align	1
 380              		.global	sensor_read
 381              		.syntax unified
 382              		.code	16
 383              		.thumb_func
 385              	sensor_read:
 386              		@ args = 0, pretend = 0, frame = 0
 387              		@ frame_needed = 0, uses_anonymous_args = 0
 388 0000 10B5     		push	{r4, lr}
 389 0002 0A48     		ldr	r0, .L32
 390 0004 FFF7FEFF 		bl	hal_trace_print_var
 391              		@ sp needed
 392 0008 0120     		movs	r0, #1
 393 000a FFF7FEFF 		bl	GETtemperature
 394 000e 084B     		ldr	r3, .L32+4
 395 0010 1860     		str	r0, [r3]
 396 0012 0848     		ldr	r0, .L32+8
 397 0014 FFF7FEFF 		bl	GETvoltage
 398 0018 074B     		ldr	r3, .L32+12
 399 001a 011C     		adds	r1, r0, #0
 400 001c 1860     		str	r0, [r3]
 401 001e 074B     		ldr	r3, .L32+16
ARM GAS  /tmp/ccZxScxN.s 			page 8


 402 0020 074C     		ldr	r4, .L32+20
 403 0022 1868     		ldr	r0, [r3]
 404 0024 FFF7FEFF 		bl	__aeabi_fmul
 405 0028 2060     		str	r0, [r4]
 406 002a 10BD     		pop	{r4, pc}
 407              	.L33:
 408              		.align	2
 409              	.L32:
 410 002c 00000000 		.word	.LC15
 411 0030 00000000 		.word	temp
 412 0034 00000000 		.word	hadc
 413 0038 00000000 		.word	ADCmeas
 414 003c 00000000 		.word	VDR
 415 0040 00000000 		.word	Voltage
 417              		.section	.text.GPIO_Init,"ax",%progbits
 418              		.align	1
 419              		.global	GPIO_Init
 420              		.syntax unified
 421              		.code	16
 422              		.thumb_func
 424              	GPIO_Init:
 425              		@ args = 0, pretend = 0, frame = 0
 426              		@ frame_needed = 0, uses_anonymous_args = 0
 427 0000 10B5     		push	{r4, lr}
 428 0002 0021     		movs	r1, #0
 429              		@ sp needed
 430 0004 2720     		movs	r0, #39
 431 0006 FFF7FEFF 		bl	hal_gpio_init_out
 432 000a 0121     		movs	r1, #1
 433 000c 2120     		movs	r0, #33
 434 000e FFF7FEFF 		bl	hal_gpio_init_out
 435 0012 0021     		movs	r1, #0
 436 0014 1020     		movs	r0, #16
 437 0016 FFF7FEFF 		bl	hal_gpio_init_out
 438 001a 0021     		movs	r1, #0
 439 001c 0320     		movs	r0, #3
 440 001e FFF7FEFF 		bl	hal_gpio_init_out
 441 0022 0021     		movs	r1, #0
 442 0024 3220     		movs	r0, #50
 443 0026 FFF7FEFF 		bl	hal_gpio_init_out
 444 002a 0122     		movs	r2, #1
 445 002c 0221     		movs	r1, #2
 446 002e 2B20     		movs	r0, #43
 447 0030 074B     		ldr	r3, .L35
 448 0032 FFF7FEFF 		bl	hal_gpio_init_in
 449 0036 0122     		movs	r2, #1
 450 0038 0221     		movs	r1, #2
 451 003a 2A20     		movs	r0, #42
 452 003c 054B     		ldr	r3, .L35+4
 453 003e FFF7FEFF 		bl	hal_gpio_init_in
 454 0042 0122     		movs	r2, #1
 455 0044 0221     		movs	r1, #2
 456 0046 0F20     		movs	r0, #15
 457 0048 034B     		ldr	r3, .L35+8
 458 004a FFF7FEFF 		bl	hal_gpio_init_in
 459 004e 10BD     		pop	{r4, pc}
 460              	.L36:
ARM GAS  /tmp/ccZxScxN.s 			page 9


 461              		.align	2
 462              	.L35:
 463 0050 00000000 		.word	PC11_cb
 464 0054 00000000 		.word	PC10_cb
 465 0058 00000000 		.word	PA15_cb
 467              		.section	.rodata.__func__.0,"a"
 470              	__func__.0:
 471 0000 4D585F41 		.ascii	"MX_ADC_Init\000"
 471      44435F49 
 471      6E697400 
 472              		.global	PA15_cb
 473              		.section	.data.PA15_cb,"aw"
 474              		.align	2
 477              	PA15_cb:
 478 0000 0F       		.byte	15
 479 0001 000000   		.space	3
 480 0004 00000000 		.word	0
 481 0008 00000000 		.word	PA15Callback
 482              		.global	PC11_cb
 483              		.section	.data.PC11_cb,"aw"
 484              		.align	2
 487              	PC11_cb:
 488 0000 2B       		.byte	43
 489 0001 000000   		.space	3
 490 0004 00000000 		.word	0
 491 0008 00000000 		.word	PC11Callback
 492              		.global	PC10_cb
 493              		.section	.data.PC10_cb,"aw"
 494              		.align	2
 497              	PC10_cb:
 498 0000 2A       		.byte	42
 499 0001 000000   		.space	3
 500 0004 00000000 		.word	0
 501 0008 00000000 		.word	PC10Callback
 502              		.ident	"GCC: (Arch Repository) 13.2.0"
ARM GAS  /tmp/ccZxScxN.s 			page 10


DEFINED SYMBOLS
                            *ABS*:00000000 functions.c
     /tmp/ccZxScxN.s:21     .text.printCayenneLPPBuffer:00000000 $t
     /tmp/ccZxScxN.s:27     .text.printCayenneLPPBuffer:00000000 printCayenneLPPBuffer
     /tmp/ccZxScxN.s:55     .text.printCayenneLPPBuffer:0000002c $d
     /tmp/ccZxScxN.s:60     .text.sendLoRaWANPacket:00000000 $t
     /tmp/ccZxScxN.s:66     .text.sendLoRaWANPacket:00000000 sendLoRaWANPacket
     /tmp/ccZxScxN.s:80     .text.sendData:00000000 $t
     /tmp/ccZxScxN.s:86     .text.sendData:00000000 sendData
     /tmp/ccZxScxN.s:125    .text.wateralarm:00000000 $t
     /tmp/ccZxScxN.s:131    .text.wateralarm:00000000 wateralarm
     /tmp/ccZxScxN.s:155    .text.dooralarm:00000000 $t
     /tmp/ccZxScxN.s:161    .text.dooralarm:00000000 dooralarm
     /tmp/ccZxScxN.s:186    .text.GETtemperature:00000000 $t
     /tmp/ccZxScxN.s:192    .text.GETtemperature:00000000 GETtemperature
     /tmp/ccZxScxN.s:223    .text.MX_ADC_Init:00000000 $t
     /tmp/ccZxScxN.s:229    .text.MX_ADC_Init:00000000 MX_ADC_Init
     /tmp/ccZxScxN.s:307    .text.MX_ADC_Init:000000a4 $d
     /tmp/ccZxScxN.s:470    .rodata.__func__.0:00000000 __func__.0
     /tmp/ccZxScxN.s:318    .text.GETvoltage:00000000 $t
     /tmp/ccZxScxN.s:324    .text.GETvoltage:00000000 GETvoltage
     /tmp/ccZxScxN.s:373    .text.GETvoltage:00000068 $d
     /tmp/ccZxScxN.s:379    .text.sensor_read:00000000 $t
     /tmp/ccZxScxN.s:385    .text.sensor_read:00000000 sensor_read
     /tmp/ccZxScxN.s:410    .text.sensor_read:0000002c $d
     /tmp/ccZxScxN.s:418    .text.GPIO_Init:00000000 $t
     /tmp/ccZxScxN.s:424    .text.GPIO_Init:00000000 GPIO_Init
     /tmp/ccZxScxN.s:463    .text.GPIO_Init:00000050 $d
     /tmp/ccZxScxN.s:487    .data.PC11_cb:00000000 PC11_cb
     /tmp/ccZxScxN.s:497    .data.PC10_cb:00000000 PC10_cb
     /tmp/ccZxScxN.s:477    .data.PA15_cb:00000000 PA15_cb
     /tmp/ccZxScxN.s:474    .data.PA15_cb:00000000 $d
     /tmp/ccZxScxN.s:484    .data.PC11_cb:00000000 $d
     /tmp/ccZxScxN.s:494    .data.PC10_cb:00000000 $d

UNDEFINED SYMBOLS
hal_trace_print_var
smtc_modem_request_uplink
cayenne_lpp_reset
cayenne_lpp_add_temperature
cayenne_lpp_add_analog_input
cayenne_lpp_add_digital_input
__aeabi_i2f
hal_i2c_read
memset
HAL_ADC_Init
hal_mcu_reset
HAL_ADC_ConfigChannel
hadc
__aeabi_ui2f
__aeabi_fmul
hal_gpio_set_value
hal_mcu_delay_ms
HAL_ADC_Start
HAL_ADC_PollForConversion
HAL_ADC_GetValue
HAL_ADC_DeInit
ARM GAS  /tmp/ccZxScxN.s 			page 11


temp
ADCmeas
VDR
Voltage
hal_gpio_init_out
hal_gpio_init_in
PA15Callback
PC11Callback
PC10Callback
