ARM GAS  /tmp/ccGQxnBV.s 			page 1


   1              		.cpu cortex-m0
   2              		.arch armv6s-m
   3              		.fpu softvfp
   4              		.eabi_attribute 23, 1
   5              		.eabi_attribute 24, 1
   6              		.eabi_attribute 25, 1
   7              		.eabi_attribute 26, 1
   8              		.eabi_attribute 30, 4
   9              		.eabi_attribute 34, 0
  10              		.eabi_attribute 18, 4
  11              		.file	"smtc_hal_watchdog.c"
  12              		.text
  13              		.section	.text.hal_watchdog_init,"ax",%progbits
  14              		.align	1
  15              		.global	hal_watchdog_init
  16              		.syntax unified
  17              		.code	16
  18              		.thumb_func
  20              	hal_watchdog_init:
  21              		@ args = 0, pretend = 0, frame = 0
  22              		@ frame_needed = 0, uses_anonymous_args = 0
  23 0000 0548     		ldr	r0, .L2
  24 0002 064B     		ldr	r3, .L2+4
  25 0004 10B5     		push	{r4, lr}
  26 0006 0360     		str	r3, [r0]
  27 0008 0623     		movs	r3, #6
  28              		@ sp needed
  29 000a 4360     		str	r3, [r0, #4]
  30 000c 044B     		ldr	r3, .L2+8
  31 000e C360     		str	r3, [r0, #12]
  32 0010 8360     		str	r3, [r0, #8]
  33 0012 FFF7FEFF 		bl	HAL_IWDG_Init
  34 0016 10BD     		pop	{r4, pc}
  35              	.L3:
  36              		.align	2
  37              	.L2:
  38 0018 00000000 		.word	iwdg_handle
  39 001c 00300040 		.word	1073754112
  40 0020 FF0F0000 		.word	4095
  42              		.section	.text.watchdog_reload,"ax",%progbits
  43              		.align	1
  44              		.global	watchdog_reload
  45              		.syntax unified
  46              		.code	16
  47              		.thumb_func
  49              	watchdog_reload:
  50              		@ args = 0, pretend = 0, frame = 0
  51              		@ frame_needed = 0, uses_anonymous_args = 0
  52 0000 10B5     		push	{r4, lr}
  53 0002 0248     		ldr	r0, .L5
  54 0004 FFF7FEFF 		bl	HAL_IWDG_Refresh
  55              		@ sp needed
  56 0008 10BD     		pop	{r4, pc}
  57              	.L6:
  58 000a C046     		.align	2
  59              	.L5:
  60 000c 00000000 		.word	iwdg_handle
ARM GAS  /tmp/ccGQxnBV.s 			page 2


  62              		.section	.bss.iwdg_handle,"aw",%nobits
  63              		.align	2
  66              	iwdg_handle:
  67 0000 00000000 		.space	16
  67      00000000 
  67      00000000 
  67      00000000 
  68              		.ident	"GCC: (Arch Repository) 13.2.0"
ARM GAS  /tmp/ccGQxnBV.s 			page 3


DEFINED SYMBOLS
                            *ABS*:00000000 smtc_hal_watchdog.c
     /tmp/ccGQxnBV.s:14     .text.hal_watchdog_init:00000000 $t
     /tmp/ccGQxnBV.s:20     .text.hal_watchdog_init:00000000 hal_watchdog_init
     /tmp/ccGQxnBV.s:38     .text.hal_watchdog_init:00000018 $d
     /tmp/ccGQxnBV.s:66     .bss.iwdg_handle:00000000 iwdg_handle
     /tmp/ccGQxnBV.s:43     .text.watchdog_reload:00000000 $t
     /tmp/ccGQxnBV.s:49     .text.watchdog_reload:00000000 watchdog_reload
     /tmp/ccGQxnBV.s:60     .text.watchdog_reload:0000000c $d
     /tmp/ccGQxnBV.s:63     .bss.iwdg_handle:00000000 $d

UNDEFINED SYMBOLS
HAL_IWDG_Init
HAL_IWDG_Refresh
