ARM GAS  /tmp/cc3uPdFw.s 			page 1


   1              		.cpu cortex-m0
   2              		.arch armv6s-m
   3              		.fpu softvfp
   4              		.eabi_attribute 23, 1
   5              		.eabi_attribute 24, 1
   6              		.eabi_attribute 25, 1
   7              		.eabi_attribute 26, 1
   8              		.eabi_attribute 30, 4
   9              		.eabi_attribute 34, 0
  10              		.eabi_attribute 18, 4
  11              		.file	"smtc_hal_rtc.c"
  12              		.text
  13              		.section	.text.rtc_get_timestamp_in_ticks,"ax",%progbits
  14              		.align	1
  15              		.syntax unified
  16              		.code	16
  17              		.thumb_func
  19              	rtc_get_timestamp_in_ticks:
  20              		@ args = 0, pretend = 0, frame = 8
  21              		@ frame_needed = 0, uses_anonymous_args = 0
  22 0000 F7B5     		push	{r0, r1, r2, r4, r5, r6, r7, lr}
  23 0002 0500     		movs	r5, r0
  24 0004 0C00     		movs	r4, r1
  25              	.L2:
  26 0006 234F     		ldr	r7, .L6
  27 0008 234E     		ldr	r6, .L6+4
  28 000a BB6A     		ldr	r3, [r7, #40]
  29 000c 0022     		movs	r2, #0
  30 000e 2900     		movs	r1, r5
  31 0010 3000     		movs	r0, r6
  32 0012 0193     		str	r3, [sp, #4]
  33 0014 FFF7FEFF 		bl	HAL_RTC_GetDate
  34 0018 0022     		movs	r2, #0
  35 001a 2100     		movs	r1, r4
  36 001c 3000     		movs	r0, r6
  37 001e FFF7FEFF 		bl	HAL_RTC_GetTime
  38 0022 BA6A     		ldr	r2, [r7, #40]
  39 0024 019B     		ldr	r3, [sp, #4]
  40 0026 9A42     		cmp	r2, r3
  41 0028 EDD1     		bne	.L2
  42 002a 0321     		movs	r1, #3
  43 002c EA78     		ldrb	r2, [r5, #3]
  44 002e 1B48     		ldr	r0, .L6+8
  45 0030 6E78     		ldrb	r6, [r5, #1]
  46 0032 5043     		muls	r0, r2
  47 0034 0A40     		ands	r2, r1
  48 0036 531E     		subs	r3, r2, #1
  49 0038 9A41     		sbcs	r2, r2, r3
  50 003a 5342     		rsbs	r3, r2, #0
  51 003c 184A     		ldr	r2, .L6+12
  52 003e 013E     		subs	r6, r6, #1
  53 0040 1340     		ands	r3, r2
  54 0042 184A     		ldr	r2, .L6+16
  55 0044 AD78     		ldrb	r5, [r5, #2]
  56 0046 9B18     		adds	r3, r3, r2
  57 0048 3D22     		movs	r2, #61
  58 004a 7243     		muls	r2, r6
ARM GAS  /tmp/cc3uPdFw.s 			page 2


  59 004c 7600     		lsls	r6, r6, #1
  60 004e F340     		lsrs	r3, r3, r6
  61 0050 0132     		adds	r2, r2, #1
  62 0052 D70F     		lsrs	r7, r2, #31
  63 0054 0330     		adds	r0, r0, #3
  64 0056 BA18     		adds	r2, r7, r2
  65 0058 013D     		subs	r5, r5, #1
  66 005a 8008     		lsrs	r0, r0, #2
  67 005c 2818     		adds	r0, r5, r0
  68 005e 5210     		asrs	r2, r2, #1
  69 0060 1218     		adds	r2, r2, r0
  70 0062 0B40     		ands	r3, r1
  71 0064 D31A     		subs	r3, r2, r3
  72 0066 104A     		ldr	r2, .L6+20
  73 0068 2178     		ldrb	r1, [r4]
  74 006a 5A43     		muls	r2, r3
  75 006c E123     		movs	r3, #225
  76 006e 1B01     		lsls	r3, r3, #4
  77 0070 4B43     		muls	r3, r1
  78 0072 3C21     		movs	r1, #60
  79 0074 6078     		ldrb	r0, [r4, #1]
  80 0076 0D4D     		ldr	r5, .L6+24
  81 0078 4143     		muls	r1, r0
  82 007a 5B18     		adds	r3, r3, r1
  83 007c A178     		ldrb	r1, [r4, #2]
  84 007e 6468     		ldr	r4, [r4, #4]
  85 0080 5B18     		adds	r3, r3, r1
  86 0082 9B18     		adds	r3, r3, r2
  87 0084 990D     		lsrs	r1, r3, #22
  88 0086 9802     		lsls	r0, r3, #10
  89 0088 0023     		movs	r3, #0
  90 008a 2A1B     		subs	r2, r5, r4
  91 008c 8018     		adds	r0, r0, r2
  92 008e 5941     		adcs	r1, r1, r3
  93 0090 03B0     		add	sp, sp, #12
  94              		@ sp needed
  95 0092 F0BD     		pop	{r4, r5, r6, r7, pc}
  96              	.L7:
  97              		.align	2
  98              	.L6:
  99 0094 00280040 		.word	1073752064
 100 0098 00000000 		.word	bsp_rtc
 101 009c B5050000 		.word	1461
 102 00a0 50555500 		.word	5592400
 103 00a4 50554400 		.word	4478288
 104 00a8 80510100 		.word	86400
 105 00ac FF030000 		.word	1023
 107              		.section	.text.hal_rtc_get_timer_context,"ax",%progbits
 108              		.align	1
 109              		.global	hal_rtc_get_timer_context
 110              		.syntax unified
 111              		.code	16
 112              		.thumb_func
 114              	hal_rtc_get_timer_context:
 115              		@ args = 0, pretend = 0, frame = 0
 116              		@ frame_needed = 0, uses_anonymous_args = 0
 117              		@ link register save eliminated.
ARM GAS  /tmp/cc3uPdFw.s 			page 3


 118 0000 014B     		ldr	r3, .L9
 119              		@ sp needed
 120 0002 586A     		ldr	r0, [r3, #36]
 121 0004 7047     		bx	lr
 122              	.L10:
 123 0006 C046     		.align	2
 124              	.L9:
 125 0008 00000000 		.word	bsp_rtc
 127              		.section	.text.hal_rtc_set_timer_context,"ax",%progbits
 128              		.align	1
 129              		.global	hal_rtc_set_timer_context
 130              		.syntax unified
 131              		.code	16
 132              		.thumb_func
 134              	hal_rtc_set_timer_context:
 135              		@ args = 0, pretend = 0, frame = 0
 136              		@ frame_needed = 0, uses_anonymous_args = 0
 137 0000 10B5     		push	{r4, lr}
 138 0002 0349     		ldr	r1, .L12
 139 0004 0348     		ldr	r0, .L12+4
 140 0006 FFF7FEFF 		bl	rtc_get_timestamp_in_ticks
 141              		@ sp needed
 142 000a 034B     		ldr	r3, .L12+8
 143 000c 5862     		str	r0, [r3, #36]
 144 000e 10BD     		pop	{r4, pc}
 145              	.L13:
 146              		.align	2
 147              	.L12:
 148 0010 28000000 		.word	bsp_rtc+40
 149 0014 3C000000 		.word	bsp_rtc+60
 150 0018 00000000 		.word	bsp_rtc
 152              		.section	.rodata.hal_rtc_init.str1.1,"aMS",%progbits,1
 153              	.LC7:
 154 0000 4552524F 		.ascii	"ERROR: mcu_panic:%s\012\015\000"
 154      523A206D 
 154      63755F70 
 154      616E6963 
 154      3A25730A 
 155              	.LC9:
 156 0016 00       		.ascii	"\000"
 157              	.LC11:
 158 0017 4552524F 		.ascii	"ERROR: -> \000"
 158      523A202D 
 158      3E2000
 159              		.section	.text.hal_rtc_init,"ax",%progbits
 160              		.align	1
 161              		.global	hal_rtc_init
 162              		.syntax unified
 163              		.code	16
 164              		.thumb_func
 166              	hal_rtc_init:
 167              		@ args = 0, pretend = 0, frame = 24
 168              		@ frame_needed = 0, uses_anonymous_args = 0
 169 0000 30B5     		push	{r4, r5, lr}
 170 0002 1F22     		movs	r2, #31
 171 0004 1C4C     		ldr	r4, .L19
 172 0006 1D4B     		ldr	r3, .L19+4
ARM GAS  /tmp/cc3uPdFw.s 			page 4


 173 0008 A260     		str	r2, [r4, #8]
 174 000a 2360     		str	r3, [r4]
 175 000c 0023     		movs	r3, #0
 176 000e 1C4A     		ldr	r2, .L19+8
 177 0010 87B0     		sub	sp, sp, #28
 178 0012 2000     		movs	r0, r4
 179 0014 6360     		str	r3, [r4, #4]
 180 0016 E260     		str	r2, [r4, #12]
 181 0018 2361     		str	r3, [r4, #16]
 182 001a 6361     		str	r3, [r4, #20]
 183 001c A361     		str	r3, [r4, #24]
 184 001e E361     		str	r3, [r4, #28]
 185 0020 FFF7FEFF 		bl	HAL_RTC_Init
 186 0024 0028     		cmp	r0, #0
 187 0026 0FD0     		beq	.L15
 188 0028 1649     		ldr	r1, .L19+12
 189 002a 1748     		ldr	r0, .L19+16
 190 002c FFF7FEFF 		bl	hal_trace_print_var
 191 0030 164D     		ldr	r5, .L19+20
 192 0032 2800     		movs	r0, r5
 193 0034 FFF7FEFF 		bl	hal_trace_print_var
 194 0038 1548     		ldr	r0, .L19+24
 195 003a FFF7FEFF 		bl	hal_trace_print_var
 196 003e 2800     		movs	r0, r5
 197 0040 FFF7FEFF 		bl	hal_trace_print_var
 198 0044 FFF7FEFF 		bl	hal_mcu_reset
 199              	.L15:
 200 0048 124B     		ldr	r3, .L19+28
 201 004a 6946     		mov	r1, sp
 202 004c 0022     		movs	r2, #0
 203 004e 2000     		movs	r0, r4
 204 0050 0093     		str	r3, [sp]
 205 0052 FFF7FEFF 		bl	HAL_RTC_SetDate
 206 0056 0022     		movs	r2, #0
 207 0058 01A9     		add	r1, sp, #4
 208 005a 2000     		movs	r0, r4
 209 005c 0292     		str	r2, [sp, #8]
 210 005e 0192     		str	r2, [sp, #4]
 211 0060 0592     		str	r2, [sp, #20]
 212 0062 0492     		str	r2, [sp, #16]
 213 0064 FFF7FEFF 		bl	HAL_RTC_SetTime
 214 0068 2000     		movs	r0, r4
 215 006a FFF7FEFF 		bl	HAL_RTCEx_EnableBypassShadow
 216 006e FFF7FEFF 		bl	hal_rtc_set_timer_context
 217 0072 07B0     		add	sp, sp, #28
 218              		@ sp needed
 219 0074 30BD     		pop	{r4, r5, pc}
 220              	.L20:
 221 0076 C046     		.align	2
 222              	.L19:
 223 0078 00000000 		.word	bsp_rtc
 224 007c 00280040 		.word	1073752064
 225 0080 FF030000 		.word	1023
 226 0084 00000000 		.word	__func__.0
 227 0088 00000000 		.word	.LC7
 228 008c 16000000 		.word	.LC9
 229 0090 17000000 		.word	.LC11
ARM GAS  /tmp/cc3uPdFw.s 			page 5


 230 0094 01010100 		.word	65793
 232              		.section	.text.hal_rtc_get_timer_elapsed_time,"ax",%progbits
 233              		.align	1
 234              		.global	hal_rtc_get_timer_elapsed_time
 235              		.syntax unified
 236              		.code	16
 237              		.thumb_func
 239              	hal_rtc_get_timer_elapsed_time:
 240              		@ args = 0, pretend = 0, frame = 24
 241              		@ frame_needed = 0, uses_anonymous_args = 0
 242 0000 7FB5     		push	{r0, r1, r2, r3, r4, r5, r6, lr}
 243 0002 6846     		mov	r0, sp
 244 0004 01A9     		add	r1, sp, #4
 245 0006 FFF7FEFF 		bl	rtc_get_timestamp_in_ticks
 246 000a 024B     		ldr	r3, .L22
 247 000c 5B6A     		ldr	r3, [r3, #36]
 248 000e C01A     		subs	r0, r0, r3
 249 0010 07B0     		add	sp, sp, #28
 250              		@ sp needed
 251 0012 00BD     		pop	{pc}
 252              	.L23:
 253              		.align	2
 254              	.L22:
 255 0014 00000000 		.word	bsp_rtc
 257              		.section	.text.hal_rtc_get_minimum_timeout,"ax",%progbits
 258              		.align	1
 259              		.global	hal_rtc_get_minimum_timeout
 260              		.syntax unified
 261              		.code	16
 262              		.thumb_func
 264              	hal_rtc_get_minimum_timeout:
 265              		@ args = 0, pretend = 0, frame = 0
 266              		@ frame_needed = 0, uses_anonymous_args = 0
 267              		@ link register save eliminated.
 268 0000 0320     		movs	r0, #3
 269              		@ sp needed
 270 0002 7047     		bx	lr
 272              		.section	.text.hal_rtc_get_time_ticks,"ax",%progbits
 273              		.align	1
 274              		.global	hal_rtc_get_time_ticks
 275              		.syntax unified
 276              		.code	16
 277              		.thumb_func
 279              	hal_rtc_get_time_ticks:
 280              		@ args = 0, pretend = 0, frame = 24
 281              		@ frame_needed = 0, uses_anonymous_args = 0
 282 0000 7FB5     		push	{r0, r1, r2, r3, r4, r5, r6, lr}
 283 0002 6846     		mov	r0, sp
 284 0004 01A9     		add	r1, sp, #4
 285 0006 FFF7FEFF 		bl	rtc_get_timestamp_in_ticks
 286 000a 07B0     		add	sp, sp, #28
 287              		@ sp needed
 288 000c 00BD     		pop	{pc}
 290              		.section	.text.hal_rtc_wakeup_timer_stop,"ax",%progbits
 291              		.align	1
 292              		.global	hal_rtc_wakeup_timer_stop
 293              		.syntax unified
ARM GAS  /tmp/cc3uPdFw.s 			page 6


 294              		.code	16
 295              		.thumb_func
 297              	hal_rtc_wakeup_timer_stop:
 298              		@ args = 0, pretend = 0, frame = 0
 299              		@ frame_needed = 0, uses_anonymous_args = 0
 300 0000 10B5     		push	{r4, lr}
 301 0002 0348     		ldr	r0, .L27
 302 0004 FFF7FEFF 		bl	HAL_RTCEx_DeactivateWakeUpTimer
 303              		@ sp needed
 304 0008 0022     		movs	r2, #0
 305 000a 024B     		ldr	r3, .L27+4
 306 000c 1A60     		str	r2, [r3]
 307 000e 10BD     		pop	{r4, pc}
 308              	.L28:
 309              		.align	2
 310              	.L27:
 311 0010 00000000 		.word	bsp_rtc
 312 0014 00000000 		.word	wakeup_timer_rounds
 314              		.section	.text.hal_rtc_has_wut_irq_happened,"ax",%progbits
 315              		.align	1
 316              		.global	hal_rtc_has_wut_irq_happened
 317              		.syntax unified
 318              		.code	16
 319              		.thumb_func
 321              	hal_rtc_has_wut_irq_happened:
 322              		@ args = 0, pretend = 0, frame = 0
 323              		@ frame_needed = 0, uses_anonymous_args = 0
 324              		@ link register save eliminated.
 325 0000 014B     		ldr	r3, .L30
 326              		@ sp needed
 327 0002 1878     		ldrb	r0, [r3]
 328 0004 C0B2     		uxtb	r0, r0
 329 0006 7047     		bx	lr
 330              	.L31:
 331              		.align	2
 332              	.L30:
 333 0008 00000000 		.word	wut_timer_irq_happened
 335              		.section	.text.rtc_tick_2_ms,"ax",%progbits
 336              		.align	1
 337              		.global	rtc_tick_2_ms
 338              		.syntax unified
 339              		.code	16
 340              		.thumb_func
 342              	rtc_tick_2_ms:
 343              		@ args = 0, pretend = 0, frame = 0
 344              		@ frame_needed = 0, uses_anonymous_args = 0
 345              		@ link register save eliminated.
 346 0000 8205     		lsls	r2, r0, #22
 347 0002 054B     		ldr	r3, .L33
 348 0004 920D     		lsrs	r2, r2, #22
 349 0006 5343     		muls	r3, r2
 350              		@ sp needed
 351 0008 FA22     		movs	r2, #250
 352 000a 800A     		lsrs	r0, r0, #10
 353 000c 9200     		lsls	r2, r2, #2
 354 000e 5043     		muls	r0, r2
 355 0010 9B0A     		lsrs	r3, r3, #10
ARM GAS  /tmp/cc3uPdFw.s 			page 7


 356 0012 1818     		adds	r0, r3, r0
 357 0014 7047     		bx	lr
 358              	.L34:
 359 0016 C046     		.align	2
 360              	.L33:
 361 0018 10270000 		.word	10000
 363              		.section	.text.rtc_get_calendar_time,"ax",%progbits
 364              		.align	1
 365              		.syntax unified
 366              		.code	16
 367              		.thumb_func
 369              	rtc_get_calendar_time:
 370              		@ args = 0, pretend = 0, frame = 24
 371              		@ frame_needed = 0, uses_anonymous_args = 0
 372 0000 70B5     		push	{r4, r5, r6, lr}
 373 0002 86B0     		sub	sp, sp, #24
 374 0004 0600     		movs	r6, r0
 375 0006 01A9     		add	r1, sp, #4
 376 0008 6846     		mov	r0, sp
 377 000a FFF7FEFF 		bl	rtc_get_timestamp_in_ticks
 378 000e 0400     		movs	r4, r0
 379 0010 8005     		lsls	r0, r0, #22
 380 0012 800D     		lsrs	r0, r0, #22
 381 0014 0D00     		movs	r5, r1
 382 0016 FFF7FEFF 		bl	rtc_tick_2_ms
 383 001a AD05     		lsls	r5, r5, #22
 384 001c 3080     		strh	r0, [r6]
 385 001e A00A     		lsrs	r0, r4, #10
 386 0020 2843     		orrs	r0, r5
 387 0022 06B0     		add	sp, sp, #24
 388              		@ sp needed
 389 0024 70BD     		pop	{r4, r5, r6, pc}
 391              		.section	.text.hal_rtc_get_time_s,"ax",%progbits
 392              		.align	1
 393              		.global	hal_rtc_get_time_s
 394              		.syntax unified
 395              		.code	16
 396              		.thumb_func
 398              	hal_rtc_get_time_s:
 399              		@ args = 0, pretend = 0, frame = 8
 400              		@ frame_needed = 0, uses_anonymous_args = 0
 401 0000 07B5     		push	{r0, r1, r2, lr}
 402 0002 6B46     		mov	r3, sp
 403              		@ sp needed
 404 0004 981D     		adds	r0, r3, #6
 405 0006 FFF7FEFF 		bl	rtc_get_calendar_time
 406 000a 0EBD     		pop	{r1, r2, r3, pc}
 408              		.section	.text.hal_rtc_get_time_100us,"ax",%progbits
 409              		.align	1
 410              		.global	hal_rtc_get_time_100us
 411              		.syntax unified
 412              		.code	16
 413              		.thumb_func
 415              	hal_rtc_get_time_100us:
 416              		@ args = 0, pretend = 0, frame = 8
 417              		@ frame_needed = 0, uses_anonymous_args = 0
 418 0000 13B5     		push	{r0, r1, r4, lr}
ARM GAS  /tmp/cc3uPdFw.s 			page 8


 419 0002 6B46     		mov	r3, sp
 420              		@ sp needed
 421 0004 9C1D     		adds	r4, r3, #6
 422 0006 2000     		movs	r0, r4
 423 0008 FFF7FEFF 		bl	rtc_get_calendar_time
 424 000c 024B     		ldr	r3, .L38
 425 000e 4343     		muls	r3, r0
 426 0010 2088     		ldrh	r0, [r4]
 427 0012 1818     		adds	r0, r3, r0
 428 0014 16BD     		pop	{r1, r2, r4, pc}
 429              	.L39:
 430 0016 C046     		.align	2
 431              	.L38:
 432 0018 10270000 		.word	10000
 434              		.global	__aeabi_uidiv
 435              		.section	.text.hal_rtc_get_time_ms,"ax",%progbits
 436              		.align	1
 437              		.global	hal_rtc_get_time_ms
 438              		.syntax unified
 439              		.code	16
 440              		.thumb_func
 442              	hal_rtc_get_time_ms:
 443              		@ args = 0, pretend = 0, frame = 0
 444              		@ frame_needed = 0, uses_anonymous_args = 0
 445 0000 10B5     		push	{r4, lr}
 446 0002 FFF7FEFF 		bl	hal_rtc_get_time_100us
 447              		@ sp needed
 448 0006 0A21     		movs	r1, #10
 449 0008 FFF7FEFF 		bl	__aeabi_uidiv
 450 000c 10BD     		pop	{r4, pc}
 452              		.global	__aeabi_uldivmod
 453              		.global	__aeabi_ldivmod
 454              		.section	.text.rtc_ms_2_ticks,"ax",%progbits
 455              		.align	1
 456              		.global	rtc_ms_2_ticks
 457              		.syntax unified
 458              		.code	16
 459              		.thumb_func
 461              	rtc_ms_2_ticks:
 462              		@ args = 0, pretend = 0, frame = 0
 463              		@ frame_needed = 0, uses_anonymous_args = 0
 464 0000 10B5     		push	{r4, lr}
 465 0002 410E     		lsrs	r1, r0, #25
 466 0004 7D22     		movs	r2, #125
 467              		@ sp needed
 468 0006 0023     		movs	r3, #0
 469 0008 C001     		lsls	r0, r0, #7
 470 000a FFF7FEFF 		bl	__aeabi_uldivmod
 471 000e 10BD     		pop	{r4, pc}
 473              		.section	.text.rtc_ms_2_wakeup_timer_tick,"ax",%progbits
 474              		.align	1
 475              		.global	rtc_ms_2_wakeup_timer_tick
 476              		.syntax unified
 477              		.code	16
 478              		.thumb_func
 480              	rtc_ms_2_wakeup_timer_tick:
 481              		@ args = 0, pretend = 0, frame = 0
ARM GAS  /tmp/cc3uPdFw.s 			page 9


 482              		@ frame_needed = 0, uses_anonymous_args = 0
 483              		@ link register save eliminated.
 484 0000 0623     		movs	r3, #6
 485              		@ sp needed
 486 0002 4343     		muls	r3, r0
 487 0004 4000     		lsls	r0, r0, #1
 488 0006 DB09     		lsrs	r3, r3, #7
 489 0008 1818     		adds	r0, r3, r0
 490 000a 7047     		bx	lr
 492              		.global	__aeabi_uidivmod
 493              		.section	.text.hal_rtc_wakeup_timer_set_ms,"ax",%progbits
 494              		.align	1
 495              		.global	hal_rtc_wakeup_timer_set_ms
 496              		.syntax unified
 497              		.code	16
 498              		.thumb_func
 500              	hal_rtc_wakeup_timer_set_ms:
 501              		@ args = 0, pretend = 0, frame = 0
 502              		@ frame_needed = 0, uses_anonymous_args = 0
 503 0000 70B5     		push	{r4, r5, r6, lr}
 504 0002 FFF7FEFF 		bl	rtc_ms_2_wakeup_timer_tick
 505 0006 8023     		movs	r3, #128
 506 0008 0400     		movs	r4, r0
 507 000a 0025     		movs	r5, #0
 508 000c 5B02     		lsls	r3, r3, #9
 509 000e 9842     		cmp	r0, r3
 510 0010 08D3     		bcc	.L44
 511 0012 0B49     		ldr	r1, .L46
 512 0014 FFF7FEFF 		bl	__aeabi_uidiv
 513 0018 0949     		ldr	r1, .L46
 514 001a 0500     		movs	r5, r0
 515 001c 2000     		movs	r0, r4
 516 001e FFF7FEFF 		bl	__aeabi_uidivmod
 517 0022 0C00     		movs	r4, r1
 518              	.L44:
 519              		@ sp needed
 520 0024 074B     		ldr	r3, .L46+4
 521 0026 1D60     		str	r5, [r3]
 522 0028 074D     		ldr	r5, .L46+8
 523 002a 2800     		movs	r0, r5
 524 002c FFF7FEFF 		bl	HAL_RTCEx_DeactivateWakeUpTimer
 525 0030 0022     		movs	r2, #0
 526 0032 064B     		ldr	r3, .L46+12
 527 0034 2800     		movs	r0, r5
 528 0036 2100     		movs	r1, r4
 529 0038 1A70     		strb	r2, [r3]
 530 003a FFF7FEFF 		bl	HAL_RTCEx_SetWakeUpTimer_IT
 531 003e 70BD     		pop	{r4, r5, r6, pc}
 532              	.L47:
 533              		.align	2
 534              	.L46:
 535 0040 FFFF0000 		.word	65535
 536 0044 00000000 		.word	wakeup_timer_rounds
 537 0048 00000000 		.word	bsp_rtc
 538 004c 00000000 		.word	wut_timer_irq_happened
 540              		.section	.text.rtc_set_timestamp,"ax",%progbits
 541              		.align	1
ARM GAS  /tmp/cc3uPdFw.s 			page 10


 542              		.global	rtc_set_timestamp
 543              		.syntax unified
 544              		.code	16
 545              		.thumb_func
 547              	rtc_set_timestamp:
 548              		@ args = 24, pretend = 16, frame = 8
 549              		@ frame_needed = 0, uses_anonymous_args = 0
 550 0000 84B0     		sub	sp, sp, #16
 551 0002 13B5     		push	{r0, r1, r4, lr}
 552 0004 094C     		ldr	r4, .L49
 553 0006 0190     		str	r0, [sp, #4]
 554 0008 0591     		str	r1, [sp, #20]
 555 000a 0692     		str	r2, [sp, #24]
 556 000c 01A9     		add	r1, sp, #4
 557 000e 0022     		movs	r2, #0
 558              		@ sp needed
 559 0010 2000     		movs	r0, r4
 560 0012 0793     		str	r3, [sp, #28]
 561 0014 FFF7FEFF 		bl	HAL_RTC_SetDate
 562 0018 0022     		movs	r2, #0
 563 001a 2000     		movs	r0, r4
 564 001c 05A9     		add	r1, sp, #20
 565 001e FFF7FEFF 		bl	HAL_RTC_SetTime
 566 0022 13BC     		pop	{r0, r1, r4}
 567 0024 08BC     		pop	{r3}
 568 0026 04B0     		add	sp, sp, #16
 569 0028 1847     		bx	r3
 570              	.L50:
 571 002a C046     		.align	2
 572              	.L49:
 573 002c 00000000 		.word	bsp_rtc
 575              		.section	.text.rtc_get_timestamp,"ax",%progbits
 576              		.align	1
 577              		.global	rtc_get_timestamp
 578              		.syntax unified
 579              		.code	16
 580              		.thumb_func
 582              	rtc_get_timestamp:
 583              		@ args = 0, pretend = 0, frame = 8
 584              		@ frame_needed = 0, uses_anonymous_args = 0
 585 0000 F7B5     		push	{r0, r1, r2, r4, r5, r6, r7, lr}
 586 0002 0600     		movs	r6, r0
 587 0004 0D00     		movs	r5, r1
 588              	.L52:
 589 0006 094F     		ldr	r7, .L54
 590 0008 094C     		ldr	r4, .L54+4
 591 000a BB6A     		ldr	r3, [r7, #40]
 592 000c 0022     		movs	r2, #0
 593 000e 3100     		movs	r1, r6
 594 0010 2000     		movs	r0, r4
 595 0012 0193     		str	r3, [sp, #4]
 596 0014 FFF7FEFF 		bl	HAL_RTC_GetDate
 597 0018 0022     		movs	r2, #0
 598 001a 2900     		movs	r1, r5
 599 001c 2000     		movs	r0, r4
 600 001e FFF7FEFF 		bl	HAL_RTC_GetTime
 601 0022 BA6A     		ldr	r2, [r7, #40]
ARM GAS  /tmp/cc3uPdFw.s 			page 11


 602 0024 019B     		ldr	r3, [sp, #4]
 603 0026 9A42     		cmp	r2, r3
 604 0028 EDD1     		bne	.L52
 605              		@ sp needed
 606 002a F7BD     		pop	{r0, r1, r2, r4, r5, r6, r7, pc}
 607              	.L55:
 608              		.align	2
 609              	.L54:
 610 002c 00280040 		.word	1073752064
 611 0030 00000000 		.word	bsp_rtc
 613              		.section	.text.RTC_IRQHandler,"ax",%progbits
 614              		.align	1
 615              		.global	RTC_IRQHandler
 616              		.syntax unified
 617              		.code	16
 618              		.thumb_func
 620              	RTC_IRQHandler:
 621              		@ args = 0, pretend = 0, frame = 0
 622              		@ frame_needed = 0, uses_anonymous_args = 0
 623 0000 10B5     		push	{r4, lr}
 624 0002 0C4C     		ldr	r4, .L59
 625 0004 2000     		movs	r0, r4
 626 0006 FFF7FEFF 		bl	HAL_RTCEx_WakeUpTimerIRQHandler
 627 000a 0B4A     		ldr	r2, .L59+4
 628 000c 1368     		ldr	r3, [r2]
 629 000e 002B     		cmp	r3, #0
 630 0010 05D1     		bne	.L57
 631 0012 0122     		movs	r2, #1
 632 0014 094B     		ldr	r3, .L59+8
 633 0016 1A70     		strb	r2, [r3]
 634 0018 FFF7FEFF 		bl	TimerIrqHandler
 635              	.L56:
 636              		@ sp needed
 637 001c 10BD     		pop	{r4, pc}
 638              	.L57:
 639 001e 013B     		subs	r3, r3, #1
 640 0020 2000     		movs	r0, r4
 641 0022 1360     		str	r3, [r2]
 642 0024 FFF7FEFF 		bl	HAL_RTCEx_DeactivateWakeUpTimer
 643 0028 0022     		movs	r2, #0
 644 002a 2000     		movs	r0, r4
 645 002c 0449     		ldr	r1, .L59+12
 646 002e FFF7FEFF 		bl	HAL_RTCEx_SetWakeUpTimer_IT
 647 0032 F3E7     		b	.L56
 648              	.L60:
 649              		.align	2
 650              	.L59:
 651 0034 00000000 		.word	bsp_rtc
 652 0038 00000000 		.word	wakeup_timer_rounds
 653 003c 00000000 		.word	wut_timer_irq_happened
 654 0040 FFFF0000 		.word	65535
 656              		.section	.text.HAL_RTC_MspInit,"ax",%progbits
 657              		.align	1
 658              		.global	HAL_RTC_MspInit
 659              		.syntax unified
 660              		.code	16
 661              		.thumb_func
ARM GAS  /tmp/cc3uPdFw.s 			page 12


 663              	HAL_RTC_MspInit:
 664              		@ args = 0, pretend = 0, frame = 0
 665              		@ frame_needed = 0, uses_anonymous_args = 0
 666 0000 8023     		movs	r3, #128
 667 0002 074A     		ldr	r2, .L62
 668 0004 DB02     		lsls	r3, r3, #11
 669 0006 116D     		ldr	r1, [r2, #80]
 670 0008 10B5     		push	{r4, lr}
 671 000a 0B43     		orrs	r3, r1
 672 000c 1365     		str	r3, [r2, #80]
 673 000e 0022     		movs	r2, #0
 674              		@ sp needed
 675 0010 1100     		movs	r1, r2
 676 0012 0220     		movs	r0, #2
 677 0014 FFF7FEFF 		bl	HAL_NVIC_SetPriority
 678 0018 0220     		movs	r0, #2
 679 001a FFF7FEFF 		bl	HAL_NVIC_EnableIRQ
 680 001e 10BD     		pop	{r4, pc}
 681              	.L63:
 682              		.align	2
 683              	.L62:
 684 0020 00100240 		.word	1073876992
 686              		.section	.text.HAL_RTC_MspDeInit,"ax",%progbits
 687              		.align	1
 688              		.global	HAL_RTC_MspDeInit
 689              		.syntax unified
 690              		.code	16
 691              		.thumb_func
 693              	HAL_RTC_MspDeInit:
 694              		@ args = 0, pretend = 0, frame = 0
 695              		@ frame_needed = 0, uses_anonymous_args = 0
 696 0000 044A     		ldr	r2, .L65
 697 0002 10B5     		push	{r4, lr}
 698 0004 136D     		ldr	r3, [r2, #80]
 699 0006 0449     		ldr	r1, .L65+4
 700 0008 0220     		movs	r0, #2
 701              		@ sp needed
 702 000a 0B40     		ands	r3, r1
 703 000c 1365     		str	r3, [r2, #80]
 704 000e FFF7FEFF 		bl	HAL_NVIC_DisableIRQ
 705 0012 10BD     		pop	{r4, pc}
 706              	.L66:
 707              		.align	2
 708              	.L65:
 709 0014 00100240 		.word	1073876992
 710 0018 FFFFFBFF 		.word	-262145
 712              		.section	.rodata.__func__.0,"a"
 715              	__func__.0:
 716 0000 68616C5F 		.ascii	"hal_rtc_init\000"
 716      7274635F 
 716      696E6974 
 716      00
 717              		.section	.bss.wakeup_timer_rounds,"aw",%nobits
 718              		.align	2
 721              	wakeup_timer_rounds:
 722 0000 00000000 		.space	4
 723              		.section	.bss.wut_timer_irq_happened,"aw",%nobits
ARM GAS  /tmp/cc3uPdFw.s 			page 13


 726              	wut_timer_irq_happened:
 727 0000 00       		.space	1
 728              		.section	.bss.bsp_rtc,"aw",%nobits
 729              		.align	2
 732              	bsp_rtc:
 733 0000 00000000 		.space	64
 733      00000000 
 733      00000000 
 733      00000000 
 733      00000000 
 734              		.ident	"GCC: (Arch Repository) 13.2.0"
ARM GAS  /tmp/cc3uPdFw.s 			page 14


DEFINED SYMBOLS
                            *ABS*:00000000 smtc_hal_rtc.c
     /tmp/cc3uPdFw.s:14     .text.rtc_get_timestamp_in_ticks:00000000 $t
     /tmp/cc3uPdFw.s:19     .text.rtc_get_timestamp_in_ticks:00000000 rtc_get_timestamp_in_ticks
     /tmp/cc3uPdFw.s:99     .text.rtc_get_timestamp_in_ticks:00000094 $d
     /tmp/cc3uPdFw.s:732    .bss.bsp_rtc:00000000 bsp_rtc
     /tmp/cc3uPdFw.s:108    .text.hal_rtc_get_timer_context:00000000 $t
     /tmp/cc3uPdFw.s:114    .text.hal_rtc_get_timer_context:00000000 hal_rtc_get_timer_context
     /tmp/cc3uPdFw.s:125    .text.hal_rtc_get_timer_context:00000008 $d
     /tmp/cc3uPdFw.s:128    .text.hal_rtc_set_timer_context:00000000 $t
     /tmp/cc3uPdFw.s:134    .text.hal_rtc_set_timer_context:00000000 hal_rtc_set_timer_context
     /tmp/cc3uPdFw.s:148    .text.hal_rtc_set_timer_context:00000010 $d
     /tmp/cc3uPdFw.s:160    .text.hal_rtc_init:00000000 $t
     /tmp/cc3uPdFw.s:166    .text.hal_rtc_init:00000000 hal_rtc_init
     /tmp/cc3uPdFw.s:223    .text.hal_rtc_init:00000078 $d
     /tmp/cc3uPdFw.s:715    .rodata.__func__.0:00000000 __func__.0
     /tmp/cc3uPdFw.s:233    .text.hal_rtc_get_timer_elapsed_time:00000000 $t
     /tmp/cc3uPdFw.s:239    .text.hal_rtc_get_timer_elapsed_time:00000000 hal_rtc_get_timer_elapsed_time
     /tmp/cc3uPdFw.s:255    .text.hal_rtc_get_timer_elapsed_time:00000014 $d
     /tmp/cc3uPdFw.s:258    .text.hal_rtc_get_minimum_timeout:00000000 $t
     /tmp/cc3uPdFw.s:264    .text.hal_rtc_get_minimum_timeout:00000000 hal_rtc_get_minimum_timeout
     /tmp/cc3uPdFw.s:273    .text.hal_rtc_get_time_ticks:00000000 $t
     /tmp/cc3uPdFw.s:279    .text.hal_rtc_get_time_ticks:00000000 hal_rtc_get_time_ticks
     /tmp/cc3uPdFw.s:291    .text.hal_rtc_wakeup_timer_stop:00000000 $t
     /tmp/cc3uPdFw.s:297    .text.hal_rtc_wakeup_timer_stop:00000000 hal_rtc_wakeup_timer_stop
     /tmp/cc3uPdFw.s:311    .text.hal_rtc_wakeup_timer_stop:00000010 $d
     /tmp/cc3uPdFw.s:721    .bss.wakeup_timer_rounds:00000000 wakeup_timer_rounds
     /tmp/cc3uPdFw.s:315    .text.hal_rtc_has_wut_irq_happened:00000000 $t
     /tmp/cc3uPdFw.s:321    .text.hal_rtc_has_wut_irq_happened:00000000 hal_rtc_has_wut_irq_happened
     /tmp/cc3uPdFw.s:333    .text.hal_rtc_has_wut_irq_happened:00000008 $d
     /tmp/cc3uPdFw.s:726    .bss.wut_timer_irq_happened:00000000 wut_timer_irq_happened
     /tmp/cc3uPdFw.s:336    .text.rtc_tick_2_ms:00000000 $t
     /tmp/cc3uPdFw.s:342    .text.rtc_tick_2_ms:00000000 rtc_tick_2_ms
     /tmp/cc3uPdFw.s:361    .text.rtc_tick_2_ms:00000018 $d
     /tmp/cc3uPdFw.s:364    .text.rtc_get_calendar_time:00000000 $t
     /tmp/cc3uPdFw.s:369    .text.rtc_get_calendar_time:00000000 rtc_get_calendar_time
     /tmp/cc3uPdFw.s:392    .text.hal_rtc_get_time_s:00000000 $t
     /tmp/cc3uPdFw.s:398    .text.hal_rtc_get_time_s:00000000 hal_rtc_get_time_s
     /tmp/cc3uPdFw.s:409    .text.hal_rtc_get_time_100us:00000000 $t
     /tmp/cc3uPdFw.s:415    .text.hal_rtc_get_time_100us:00000000 hal_rtc_get_time_100us
     /tmp/cc3uPdFw.s:432    .text.hal_rtc_get_time_100us:00000018 $d
     /tmp/cc3uPdFw.s:436    .text.hal_rtc_get_time_ms:00000000 $t
     /tmp/cc3uPdFw.s:442    .text.hal_rtc_get_time_ms:00000000 hal_rtc_get_time_ms
     /tmp/cc3uPdFw.s:455    .text.rtc_ms_2_ticks:00000000 $t
     /tmp/cc3uPdFw.s:461    .text.rtc_ms_2_ticks:00000000 rtc_ms_2_ticks
     /tmp/cc3uPdFw.s:474    .text.rtc_ms_2_wakeup_timer_tick:00000000 $t
     /tmp/cc3uPdFw.s:480    .text.rtc_ms_2_wakeup_timer_tick:00000000 rtc_ms_2_wakeup_timer_tick
     /tmp/cc3uPdFw.s:494    .text.hal_rtc_wakeup_timer_set_ms:00000000 $t
     /tmp/cc3uPdFw.s:500    .text.hal_rtc_wakeup_timer_set_ms:00000000 hal_rtc_wakeup_timer_set_ms
     /tmp/cc3uPdFw.s:535    .text.hal_rtc_wakeup_timer_set_ms:00000040 $d
     /tmp/cc3uPdFw.s:541    .text.rtc_set_timestamp:00000000 $t
     /tmp/cc3uPdFw.s:547    .text.rtc_set_timestamp:00000000 rtc_set_timestamp
     /tmp/cc3uPdFw.s:573    .text.rtc_set_timestamp:0000002c $d
     /tmp/cc3uPdFw.s:576    .text.rtc_get_timestamp:00000000 $t
     /tmp/cc3uPdFw.s:582    .text.rtc_get_timestamp:00000000 rtc_get_timestamp
     /tmp/cc3uPdFw.s:610    .text.rtc_get_timestamp:0000002c $d
     /tmp/cc3uPdFw.s:614    .text.RTC_IRQHandler:00000000 $t
ARM GAS  /tmp/cc3uPdFw.s 			page 15


     /tmp/cc3uPdFw.s:620    .text.RTC_IRQHandler:00000000 RTC_IRQHandler
     /tmp/cc3uPdFw.s:651    .text.RTC_IRQHandler:00000034 $d
     /tmp/cc3uPdFw.s:657    .text.HAL_RTC_MspInit:00000000 $t
     /tmp/cc3uPdFw.s:663    .text.HAL_RTC_MspInit:00000000 HAL_RTC_MspInit
     /tmp/cc3uPdFw.s:684    .text.HAL_RTC_MspInit:00000020 $d
     /tmp/cc3uPdFw.s:687    .text.HAL_RTC_MspDeInit:00000000 $t
     /tmp/cc3uPdFw.s:693    .text.HAL_RTC_MspDeInit:00000000 HAL_RTC_MspDeInit
     /tmp/cc3uPdFw.s:709    .text.HAL_RTC_MspDeInit:00000014 $d
     /tmp/cc3uPdFw.s:718    .bss.wakeup_timer_rounds:00000000 $d
     /tmp/cc3uPdFw.s:727    .bss.wut_timer_irq_happened:00000000 $d
     /tmp/cc3uPdFw.s:729    .bss.bsp_rtc:00000000 $d

UNDEFINED SYMBOLS
HAL_RTC_GetDate
HAL_RTC_GetTime
HAL_RTC_Init
hal_trace_print_var
hal_mcu_reset
HAL_RTC_SetDate
HAL_RTC_SetTime
HAL_RTCEx_EnableBypassShadow
HAL_RTCEx_DeactivateWakeUpTimer
__aeabi_uidiv
__aeabi_uldivmod
__aeabi_ldivmod
__aeabi_uidivmod
HAL_RTCEx_SetWakeUpTimer_IT
HAL_RTCEx_WakeUpTimerIRQHandler
TimerIrqHandler
HAL_NVIC_SetPriority
HAL_NVIC_EnableIRQ
HAL_NVIC_DisableIRQ
