ARM GAS  /tmp/ccS09ONi.s 			page 1


   1              		.cpu cortex-m0
   2              		.arch armv6s-m
   3              		.fpu softvfp
   4              		.eabi_attribute 23, 1
   5              		.eabi_attribute 24, 1
   6              		.eabi_attribute 25, 1
   7              		.eabi_attribute 26, 1
   8              		.eabi_attribute 30, 4
   9              		.eabi_attribute 34, 0
  10              		.eabi_attribute 18, 4
  11              		.file	"stm32l0xx_hal_gpio.c"
  12              		.text
  13              		.section	.text.HAL_GPIO_Init,"ax",%progbits
  14              		.align	1
  15              		.global	HAL_GPIO_Init
  16              		.syntax unified
  17              		.code	16
  18              		.thumb_func
  20              	HAL_GPIO_Init:
  21              		@ args = 0, pretend = 0, frame = 16
  22              		@ frame_needed = 0, uses_anonymous_args = 0
  23 0000 0023     		movs	r3, #0
  24 0002 F0B5     		push	{r4, r5, r6, r7, lr}
  25 0004 85B0     		sub	sp, sp, #20
  26              	.L2:
  27 0006 0A68     		ldr	r2, [r1]
  28 0008 1400     		movs	r4, r2
  29 000a DC40     		lsrs	r4, r4, r3
  30 000c 01D1     		bne	.L19
  31 000e 05B0     		add	sp, sp, #20
  32              		@ sp needed
  33 0010 F0BD     		pop	{r4, r5, r6, r7, pc}
  34              	.L19:
  35 0012 0125     		movs	r5, #1
  36 0014 1400     		movs	r4, r2
  37 0016 9D40     		lsls	r5, r5, r3
  38 0018 2C40     		ands	r4, r5
  39 001a 0094     		str	r4, [sp]
  40 001c 2A42     		tst	r2, r5
  41 001e 00D1     		bne	.LCB37
  42 0020 9CE0     		b	.L4	@long jump
  43              	.LCB37:
  44 0022 4A68     		ldr	r2, [r1, #4]
  45 0024 5F00     		lsls	r7, r3, #1
  46 0026 9446     		mov	ip, r2
  47 0028 0322     		movs	r2, #3
  48 002a 6446     		mov	r4, ip
  49 002c 2240     		ands	r2, r4
  50 002e 0324     		movs	r4, #3
  51 0030 BC40     		lsls	r4, r4, r7
  52 0032 E443     		mvns	r4, r4
  53 0034 0194     		str	r4, [sp, #4]
  54 0036 541E     		subs	r4, r2, #1
  55 0038 012C     		cmp	r4, #1
  56 003a 2ED8     		bhi	.L5
  57 003c 8668     		ldr	r6, [r0, #8]
  58 003e 019C     		ldr	r4, [sp, #4]
ARM GAS  /tmp/ccS09ONi.s 			page 2


  59 0040 2640     		ands	r6, r4
  60 0042 CC68     		ldr	r4, [r1, #12]
  61 0044 BC40     		lsls	r4, r4, r7
  62 0046 3443     		orrs	r4, r6
  63 0048 8460     		str	r4, [r0, #8]
  64 004a 4468     		ldr	r4, [r0, #4]
  65 004c 0126     		movs	r6, #1
  66 004e AC43     		bics	r4, r5
  67 0050 2500     		movs	r5, r4
  68 0052 6446     		mov	r4, ip
  69 0054 2409     		lsrs	r4, r4, #4
  70 0056 3440     		ands	r4, r6
  71 0058 9C40     		lsls	r4, r4, r3
  72 005a 2C43     		orrs	r4, r5
  73 005c 4460     		str	r4, [r0, #4]
  74              	.L6:
  75 005e C568     		ldr	r5, [r0, #12]
  76 0060 019C     		ldr	r4, [sp, #4]
  77 0062 2540     		ands	r5, r4
  78 0064 8C68     		ldr	r4, [r1, #8]
  79 0066 BC40     		lsls	r4, r4, r7
  80 0068 2C43     		orrs	r4, r5
  81 006a C460     		str	r4, [r0, #12]
  82 006c 022A     		cmp	r2, #2
  83 006e 16D1     		bne	.L7
  84 0070 0725     		movs	r5, #7
  85 0072 0F26     		movs	r6, #15
  86 0074 1D40     		ands	r5, r3
  87 0076 AD00     		lsls	r5, r5, #2
  88 0078 AE40     		lsls	r6, r6, r5
  89 007a DC08     		lsrs	r4, r3, #3
  90 007c A400     		lsls	r4, r4, #2
  91 007e 0419     		adds	r4, r0, r4
  92 0080 0294     		str	r4, [sp, #8]
  93 0082 246A     		ldr	r4, [r4, #32]
  94 0084 0396     		str	r6, [sp, #12]
  95 0086 2600     		movs	r6, r4
  96 0088 039C     		ldr	r4, [sp, #12]
  97 008a A643     		bics	r6, r4
  98 008c 3400     		movs	r4, r6
  99 008e 0E69     		ldr	r6, [r1, #16]
 100 0090 AE40     		lsls	r6, r6, r5
 101 0092 2643     		orrs	r6, r4
 102 0094 029C     		ldr	r4, [sp, #8]
 103 0096 2662     		str	r6, [r4, #32]
 104 0098 01E0     		b	.L7
 105              	.L5:
 106 009a 032A     		cmp	r2, #3
 107 009c DFD1     		bne	.L6
 108              	.L7:
 109 009e BA40     		lsls	r2, r2, r7
 110 00a0 0468     		ldr	r4, [r0]
 111 00a2 019D     		ldr	r5, [sp, #4]
 112 00a4 2540     		ands	r5, r4
 113 00a6 2A43     		orrs	r2, r5
 114 00a8 C024     		movs	r4, #192
 115 00aa 0260     		str	r2, [r0]
ARM GAS  /tmp/ccS09ONi.s 			page 3


 116 00ac 6246     		mov	r2, ip
 117 00ae A402     		lsls	r4, r4, #10
 118 00b0 2242     		tst	r2, r4
 119 00b2 53D0     		beq	.L4
 120 00b4 0125     		movs	r5, #1
 121 00b6 2A4C     		ldr	r4, .L33
 122 00b8 A027     		movs	r7, #160
 123 00ba 626B     		ldr	r2, [r4, #52]
 124 00bc FF05     		lsls	r7, r7, #23
 125 00be 2A43     		orrs	r2, r5
 126 00c0 6263     		str	r2, [r4, #52]
 127 00c2 284A     		ldr	r2, .L33+4
 128 00c4 9C08     		lsrs	r4, r3, #2
 129 00c6 A400     		lsls	r4, r4, #2
 130 00c8 A418     		adds	r4, r4, r2
 131 00ca 0F22     		movs	r2, #15
 132 00cc 0235     		adds	r5, r5, #2
 133 00ce 1D40     		ands	r5, r3
 134 00d0 AD00     		lsls	r5, r5, #2
 135 00d2 AA40     		lsls	r2, r2, r5
 136 00d4 A668     		ldr	r6, [r4, #8]
 137 00d6 9643     		bics	r6, r2
 138 00d8 0022     		movs	r2, #0
 139 00da B842     		cmp	r0, r7
 140 00dc 14D0     		beq	.L10
 141 00de 224F     		ldr	r7, .L33+8
 142 00e0 0132     		adds	r2, r2, #1
 143 00e2 B842     		cmp	r0, r7
 144 00e4 10D0     		beq	.L10
 145 00e6 214F     		ldr	r7, .L33+12
 146 00e8 0132     		adds	r2, r2, #1
 147 00ea B842     		cmp	r0, r7
 148 00ec 0CD0     		beq	.L10
 149 00ee 204F     		ldr	r7, .L33+16
 150 00f0 0132     		adds	r2, r2, #1
 151 00f2 B842     		cmp	r0, r7
 152 00f4 08D0     		beq	.L10
 153 00f6 1F4F     		ldr	r7, .L33+20
 154 00f8 0132     		adds	r2, r2, #1
 155 00fa B842     		cmp	r0, r7
 156 00fc 04D0     		beq	.L10
 157 00fe 1E4A     		ldr	r2, .L33+24
 158 0100 8218     		adds	r2, r0, r2
 159 0102 571E     		subs	r7, r2, #1
 160 0104 BA41     		sbcs	r2, r2, r7
 161 0106 0532     		adds	r2, r2, #5
 162              	.L10:
 163 0108 AA40     		lsls	r2, r2, r5
 164 010a 6746     		mov	r7, ip
 165 010c 3243     		orrs	r2, r6
 166 010e A260     		str	r2, [r4, #8]
 167 0110 1A4A     		ldr	r2, .L33+28
 168 0112 009C     		ldr	r4, [sp]
 169 0114 1668     		ldr	r6, [r2]
 170 0116 009D     		ldr	r5, [sp]
 171 0118 E443     		mvns	r4, r4
 172 011a 3543     		orrs	r5, r6
ARM GAS  /tmp/ccS09ONi.s 			page 4


 173 011c FF03     		lsls	r7, r7, #15
 174 011e 01D4     		bmi	.L12
 175 0120 3500     		movs	r5, r6
 176 0122 2540     		ands	r5, r4
 177              	.L12:
 178 0124 6746     		mov	r7, ip
 179 0126 1560     		str	r5, [r2]
 180 0128 5668     		ldr	r6, [r2, #4]
 181 012a 009D     		ldr	r5, [sp]
 182 012c 3543     		orrs	r5, r6
 183 012e BF03     		lsls	r7, r7, #14
 184 0130 01D4     		bmi	.L14
 185 0132 3500     		movs	r5, r6
 186 0134 2540     		ands	r5, r4
 187              	.L14:
 188 0136 6746     		mov	r7, ip
 189 0138 5560     		str	r5, [r2, #4]
 190 013a 9668     		ldr	r6, [r2, #8]
 191 013c 009D     		ldr	r5, [sp]
 192 013e 3543     		orrs	r5, r6
 193 0140 FF02     		lsls	r7, r7, #11
 194 0142 01D4     		bmi	.L16
 195 0144 3500     		movs	r5, r6
 196 0146 2540     		ands	r5, r4
 197              	.L16:
 198 0148 6746     		mov	r7, ip
 199 014a 9560     		str	r5, [r2, #8]
 200 014c D568     		ldr	r5, [r2, #12]
 201 014e 009E     		ldr	r6, [sp]
 202 0150 2E43     		orrs	r6, r5
 203 0152 BF02     		lsls	r7, r7, #10
 204 0154 01D4     		bmi	.L18
 205 0156 2540     		ands	r5, r4
 206 0158 2E00     		movs	r6, r5
 207              	.L18:
 208 015a D660     		str	r6, [r2, #12]
 209              	.L4:
 210 015c 0133     		adds	r3, r3, #1
 211 015e 52E7     		b	.L2
 212              	.L34:
 213              		.align	2
 214              	.L33:
 215 0160 00100240 		.word	1073876992
 216 0164 00000140 		.word	1073807360
 217 0168 00040050 		.word	1342178304
 218 016c 00080050 		.word	1342179328
 219 0170 000C0050 		.word	1342180352
 220 0174 00100050 		.word	1342181376
 221 0178 00E4FFAF 		.word	-1342184448
 222 017c 00040140 		.word	1073808384
 224              		.section	.text.HAL_GPIO_DeInit,"ax",%progbits
 225              		.align	1
 226              		.global	HAL_GPIO_DeInit
 227              		.syntax unified
 228              		.code	16
 229              		.thumb_func
 231              	HAL_GPIO_DeInit:
ARM GAS  /tmp/ccS09ONi.s 			page 5


 232              		@ args = 0, pretend = 0, frame = 16
 233              		@ frame_needed = 0, uses_anonymous_args = 0
 234 0000 F0B5     		push	{r4, r5, r6, r7, lr}
 235 0002 0022     		movs	r2, #0
 236 0004 0F00     		movs	r7, r1
 237 0006 85B0     		sub	sp, sp, #20
 238              	.L36:
 239 0008 3B00     		movs	r3, r7
 240 000a D340     		lsrs	r3, r3, r2
 241 000c 01D1     		bne	.L40
 242 000e 05B0     		add	sp, sp, #20
 243              		@ sp needed
 244 0010 F0BD     		pop	{r4, r5, r6, r7, pc}
 245              	.L40:
 246 0012 0123     		movs	r3, #1
 247 0014 9340     		lsls	r3, r3, r2
 248 0016 1C00     		movs	r4, r3
 249 0018 0193     		str	r3, [sp, #4]
 250 001a 3C40     		ands	r4, r7
 251 001c 1F42     		tst	r7, r3
 252 001e 5AD0     		beq	.L37
 253 0020 2E4B     		ldr	r3, .L50
 254 0022 0325     		movs	r5, #3
 255 0024 9108     		lsrs	r1, r2, #2
 256 0026 8900     		lsls	r1, r1, #2
 257 0028 C918     		adds	r1, r1, r3
 258 002a 0F23     		movs	r3, #15
 259 002c 1540     		ands	r5, r2
 260 002e AD00     		lsls	r5, r5, #2
 261 0030 AB40     		lsls	r3, r3, r5
 262 0032 8E68     		ldr	r6, [r1, #8]
 263 0034 0293     		str	r3, [sp, #8]
 264 0036 1E40     		ands	r6, r3
 265 0038 0396     		str	r6, [sp, #12]
 266 003a A026     		movs	r6, #160
 267 003c 0023     		movs	r3, #0
 268 003e F605     		lsls	r6, r6, #23
 269 0040 B042     		cmp	r0, r6
 270 0042 18D0     		beq	.L38
 271 0044 264B     		ldr	r3, .L50+4
 272 0046 9C46     		mov	ip, r3
 273 0048 0123     		movs	r3, #1
 274 004a 6045     		cmp	r0, ip
 275 004c 13D0     		beq	.L38
 276 004e 254B     		ldr	r3, .L50+8
 277 0050 9C46     		mov	ip, r3
 278 0052 0223     		movs	r3, #2
 279 0054 6045     		cmp	r0, ip
 280 0056 0ED0     		beq	.L38
 281 0058 234B     		ldr	r3, .L50+12
 282 005a 9C46     		mov	ip, r3
 283 005c 0323     		movs	r3, #3
 284 005e 6045     		cmp	r0, ip
 285 0060 09D0     		beq	.L38
 286 0062 224B     		ldr	r3, .L50+16
 287 0064 9C46     		mov	ip, r3
 288 0066 0423     		movs	r3, #4
ARM GAS  /tmp/ccS09ONi.s 			page 6


 289 0068 6045     		cmp	r0, ip
 290 006a 04D0     		beq	.L38
 291 006c 204B     		ldr	r3, .L50+20
 292 006e C318     		adds	r3, r0, r3
 293 0070 5E1E     		subs	r6, r3, #1
 294 0072 B341     		sbcs	r3, r3, r6
 295 0074 0533     		adds	r3, r3, #5
 296              	.L38:
 297 0076 AB40     		lsls	r3, r3, r5
 298 0078 039D     		ldr	r5, [sp, #12]
 299 007a AB42     		cmp	r3, r5
 300 007c 10D1     		bne	.L39
 301 007e 1D4B     		ldr	r3, .L50+24
 302 0080 1D68     		ldr	r5, [r3]
 303 0082 A543     		bics	r5, r4
 304 0084 1D60     		str	r5, [r3]
 305 0086 5D68     		ldr	r5, [r3, #4]
 306 0088 A543     		bics	r5, r4
 307 008a 5D60     		str	r5, [r3, #4]
 308 008c 9D68     		ldr	r5, [r3, #8]
 309 008e A543     		bics	r5, r4
 310 0090 9D60     		str	r5, [r3, #8]
 311 0092 DD68     		ldr	r5, [r3, #12]
 312 0094 A543     		bics	r5, r4
 313 0096 DD60     		str	r5, [r3, #12]
 314 0098 8B68     		ldr	r3, [r1, #8]
 315 009a 029C     		ldr	r4, [sp, #8]
 316 009c A343     		bics	r3, r4
 317 009e 8B60     		str	r3, [r1, #8]
 318              	.L39:
 319 00a0 0324     		movs	r4, #3
 320 00a2 5100     		lsls	r1, r2, #1
 321 00a4 8C40     		lsls	r4, r4, r1
 322 00a6 0721     		movs	r1, #7
 323 00a8 0F26     		movs	r6, #15
 324 00aa 1140     		ands	r1, r2
 325 00ac 8900     		lsls	r1, r1, #2
 326 00ae 8E40     		lsls	r6, r6, r1
 327 00b0 0368     		ldr	r3, [r0]
 328 00b2 0199     		ldr	r1, [sp, #4]
 329 00b4 2343     		orrs	r3, r4
 330 00b6 0360     		str	r3, [r0]
 331 00b8 D308     		lsrs	r3, r2, #3
 332 00ba 9B00     		lsls	r3, r3, #2
 333 00bc C318     		adds	r3, r0, r3
 334 00be 1D6A     		ldr	r5, [r3, #32]
 335 00c0 B543     		bics	r5, r6
 336 00c2 1D62     		str	r5, [r3, #32]
 337 00c4 C368     		ldr	r3, [r0, #12]
 338 00c6 A343     		bics	r3, r4
 339 00c8 C360     		str	r3, [r0, #12]
 340 00ca 4368     		ldr	r3, [r0, #4]
 341 00cc 8B43     		bics	r3, r1
 342 00ce 4360     		str	r3, [r0, #4]
 343 00d0 8368     		ldr	r3, [r0, #8]
 344 00d2 A343     		bics	r3, r4
 345 00d4 8360     		str	r3, [r0, #8]
ARM GAS  /tmp/ccS09ONi.s 			page 7


 346              	.L37:
 347 00d6 0132     		adds	r2, r2, #1
 348 00d8 96E7     		b	.L36
 349              	.L51:
 350 00da C046     		.align	2
 351              	.L50:
 352 00dc 00000140 		.word	1073807360
 353 00e0 00040050 		.word	1342178304
 354 00e4 00080050 		.word	1342179328
 355 00e8 000C0050 		.word	1342180352
 356 00ec 00100050 		.word	1342181376
 357 00f0 00E4FFAF 		.word	-1342184448
 358 00f4 00040140 		.word	1073808384
 360              		.section	.text.HAL_GPIO_ReadPin,"ax",%progbits
 361              		.align	1
 362              		.global	HAL_GPIO_ReadPin
 363              		.syntax unified
 364              		.code	16
 365              		.thumb_func
 367              	HAL_GPIO_ReadPin:
 368              		@ args = 0, pretend = 0, frame = 0
 369              		@ frame_needed = 0, uses_anonymous_args = 0
 370              		@ link register save eliminated.
 371 0000 0069     		ldr	r0, [r0, #16]
 372              		@ sp needed
 373 0002 0840     		ands	r0, r1
 374 0004 431E     		subs	r3, r0, #1
 375 0006 9841     		sbcs	r0, r0, r3
 376 0008 C0B2     		uxtb	r0, r0
 377 000a 7047     		bx	lr
 379              		.section	.text.HAL_GPIO_WritePin,"ax",%progbits
 380              		.align	1
 381              		.global	HAL_GPIO_WritePin
 382              		.syntax unified
 383              		.code	16
 384              		.thumb_func
 386              	HAL_GPIO_WritePin:
 387              		@ args = 0, pretend = 0, frame = 0
 388              		@ frame_needed = 0, uses_anonymous_args = 0
 389              		@ link register save eliminated.
 390 0000 002A     		cmp	r2, #0
 391 0002 01D0     		beq	.L54
 392 0004 8161     		str	r1, [r0, #24]
 393              	.L53:
 394              		@ sp needed
 395 0006 7047     		bx	lr
 396              	.L54:
 397 0008 8162     		str	r1, [r0, #40]
 398 000a FCE7     		b	.L53
 400              		.section	.text.HAL_GPIO_TogglePin,"ax",%progbits
 401              		.align	1
 402              		.global	HAL_GPIO_TogglePin
 403              		.syntax unified
 404              		.code	16
 405              		.thumb_func
 407              	HAL_GPIO_TogglePin:
 408              		@ args = 0, pretend = 0, frame = 0
ARM GAS  /tmp/ccS09ONi.s 			page 8


 409              		@ frame_needed = 0, uses_anonymous_args = 0
 410              		@ link register save eliminated.
 411 0000 4269     		ldr	r2, [r0, #20]
 412              		@ sp needed
 413 0002 1300     		movs	r3, r2
 414 0004 0B40     		ands	r3, r1
 415 0006 1B04     		lsls	r3, r3, #16
 416 0008 9143     		bics	r1, r2
 417 000a 0B43     		orrs	r3, r1
 418 000c 8361     		str	r3, [r0, #24]
 419 000e 7047     		bx	lr
 421              		.section	.text.HAL_GPIO_LockPin,"ax",%progbits
 422              		.align	1
 423              		.global	HAL_GPIO_LockPin
 424              		.syntax unified
 425              		.code	16
 426              		.thumb_func
 428              	HAL_GPIO_LockPin:
 429              		@ args = 0, pretend = 0, frame = 8
 430              		@ frame_needed = 0, uses_anonymous_args = 0
 431              		@ link register save eliminated.
 432 0000 8023     		movs	r3, #128
 433 0002 82B0     		sub	sp, sp, #8
 434 0004 5B02     		lsls	r3, r3, #9
 435 0006 0193     		str	r3, [sp, #4]
 436 0008 019B     		ldr	r3, [sp, #4]
 437 000a 0B43     		orrs	r3, r1
 438 000c 0193     		str	r3, [sp, #4]
 439 000e 019B     		ldr	r3, [sp, #4]
 440 0010 C361     		str	r3, [r0, #28]
 441 0012 C161     		str	r1, [r0, #28]
 442 0014 019B     		ldr	r3, [sp, #4]
 443 0016 C361     		str	r3, [r0, #28]
 444 0018 C369     		ldr	r3, [r0, #28]
 445 001a 0193     		str	r3, [sp, #4]
 446 001c C369     		ldr	r3, [r0, #28]
 447 001e 0120     		movs	r0, #1
 448 0020 1B0C     		lsrs	r3, r3, #16
 449 0022 9843     		bics	r0, r3
 450 0024 02B0     		add	sp, sp, #8
 451              		@ sp needed
 452 0026 7047     		bx	lr
 454              		.section	.text.HAL_GPIO_EXTI_Callback,"ax",%progbits
 455              		.align	1
 456              		.weak	HAL_GPIO_EXTI_Callback
 457              		.syntax unified
 458              		.code	16
 459              		.thumb_func
 461              	HAL_GPIO_EXTI_Callback:
 462              		@ args = 0, pretend = 0, frame = 0
 463              		@ frame_needed = 0, uses_anonymous_args = 0
 464              		@ link register save eliminated.
 465              		@ sp needed
 466 0000 7047     		bx	lr
 468              		.section	.text.HAL_GPIO_EXTI_IRQHandler,"ax",%progbits
 469              		.align	1
 470              		.global	HAL_GPIO_EXTI_IRQHandler
ARM GAS  /tmp/ccS09ONi.s 			page 9


 471              		.syntax unified
 472              		.code	16
 473              		.thumb_func
 475              	HAL_GPIO_EXTI_IRQHandler:
 476              		@ args = 0, pretend = 0, frame = 0
 477              		@ frame_needed = 0, uses_anonymous_args = 0
 478 0000 044B     		ldr	r3, .L64
 479 0002 10B5     		push	{r4, lr}
 480 0004 5A69     		ldr	r2, [r3, #20]
 481 0006 1042     		tst	r0, r2
 482 0008 02D0     		beq	.L59
 483 000a 5861     		str	r0, [r3, #20]
 484 000c FFF7FEFF 		bl	HAL_GPIO_EXTI_Callback
 485              	.L59:
 486              		@ sp needed
 487 0010 10BD     		pop	{r4, pc}
 488              	.L65:
 489 0012 C046     		.align	2
 490              	.L64:
 491 0014 00040140 		.word	1073808384
 493              		.ident	"GCC: (Arch Repository) 13.2.0"
ARM GAS  /tmp/ccS09ONi.s 			page 10


DEFINED SYMBOLS
                            *ABS*:00000000 stm32l0xx_hal_gpio.c
     /tmp/ccS09ONi.s:14     .text.HAL_GPIO_Init:00000000 $t
     /tmp/ccS09ONi.s:20     .text.HAL_GPIO_Init:00000000 HAL_GPIO_Init
     /tmp/ccS09ONi.s:215    .text.HAL_GPIO_Init:00000160 $d
     /tmp/ccS09ONi.s:225    .text.HAL_GPIO_DeInit:00000000 $t
     /tmp/ccS09ONi.s:231    .text.HAL_GPIO_DeInit:00000000 HAL_GPIO_DeInit
     /tmp/ccS09ONi.s:352    .text.HAL_GPIO_DeInit:000000dc $d
     /tmp/ccS09ONi.s:361    .text.HAL_GPIO_ReadPin:00000000 $t
     /tmp/ccS09ONi.s:367    .text.HAL_GPIO_ReadPin:00000000 HAL_GPIO_ReadPin
     /tmp/ccS09ONi.s:380    .text.HAL_GPIO_WritePin:00000000 $t
     /tmp/ccS09ONi.s:386    .text.HAL_GPIO_WritePin:00000000 HAL_GPIO_WritePin
     /tmp/ccS09ONi.s:401    .text.HAL_GPIO_TogglePin:00000000 $t
     /tmp/ccS09ONi.s:407    .text.HAL_GPIO_TogglePin:00000000 HAL_GPIO_TogglePin
     /tmp/ccS09ONi.s:422    .text.HAL_GPIO_LockPin:00000000 $t
     /tmp/ccS09ONi.s:428    .text.HAL_GPIO_LockPin:00000000 HAL_GPIO_LockPin
     /tmp/ccS09ONi.s:455    .text.HAL_GPIO_EXTI_Callback:00000000 $t
     /tmp/ccS09ONi.s:461    .text.HAL_GPIO_EXTI_Callback:00000000 HAL_GPIO_EXTI_Callback
     /tmp/ccS09ONi.s:469    .text.HAL_GPIO_EXTI_IRQHandler:00000000 $t
     /tmp/ccS09ONi.s:475    .text.HAL_GPIO_EXTI_IRQHandler:00000000 HAL_GPIO_EXTI_IRQHandler
     /tmp/ccS09ONi.s:491    .text.HAL_GPIO_EXTI_IRQHandler:00000014 $d

NO UNDEFINED SYMBOLS
