ARM GAS  /tmp/ccRPa1w0.s 			page 1


   1              		.cpu cortex-m0
   2              		.arch armv6s-m
   3              		.fpu softvfp
   4              		.eabi_attribute 23, 1
   5              		.eabi_attribute 24, 1
   6              		.eabi_attribute 25, 1
   7              		.eabi_attribute 26, 1
   8              		.eabi_attribute 30, 4
   9              		.eabi_attribute 34, 0
  10              		.eabi_attribute 18, 4
  11              		.file	"stm32l0xx_hal_i2c_ex.c"
  12              		.text
  13              		.section	.text.HAL_I2CEx_ConfigAnalogFilter,"ax",%progbits
  14              		.align	1
  15              		.global	HAL_I2CEx_ConfigAnalogFilter
  16              		.syntax unified
  17              		.code	16
  18              		.thumb_func
  20              	HAL_I2CEx_ConfigAnalogFilter:
  21              		@ args = 0, pretend = 0, frame = 0
  22              		@ frame_needed = 0, uses_anonymous_args = 0
  23 0000 F0B5     		push	{r4, r5, r6, r7, lr}
  24 0002 0400     		movs	r4, r0
  25 0004 4134     		adds	r4, r4, #65
  26 0006 2278     		ldrb	r2, [r4]
  27 0008 0300     		movs	r3, r0
  28 000a 0F00     		movs	r7, r1
  29 000c 0220     		movs	r0, #2
  30 000e D6B2     		uxtb	r6, r2
  31 0010 202A     		cmp	r2, #32
  32 0012 18D1     		bne	.L2
  33 0014 1D00     		movs	r5, r3
  34 0016 4035     		adds	r5, r5, #64
  35 0018 2A78     		ldrb	r2, [r5]
  36 001a 012A     		cmp	r2, #1
  37 001c 13D0     		beq	.L2
  38 001e 2422     		movs	r2, #36
  39 0020 2270     		strb	r2, [r4]
  40 0022 1B68     		ldr	r3, [r3]
  41 0024 233A     		subs	r2, r2, #35
  42 0026 1968     		ldr	r1, [r3]
  43 0028 0748     		ldr	r0, .L5
  44 002a 9143     		bics	r1, r2
  45 002c 1960     		str	r1, [r3]
  46 002e 1968     		ldr	r1, [r3]
  47 0030 0140     		ands	r1, r0
  48 0032 0020     		movs	r0, #0
  49 0034 1960     		str	r1, [r3]
  50 0036 1968     		ldr	r1, [r3]
  51 0038 3943     		orrs	r1, r7
  52 003a 1960     		str	r1, [r3]
  53 003c 1968     		ldr	r1, [r3]
  54 003e 0A43     		orrs	r2, r1
  55 0040 1A60     		str	r2, [r3]
  56 0042 2670     		strb	r6, [r4]
  57 0044 2870     		strb	r0, [r5]
  58              	.L2:
ARM GAS  /tmp/ccRPa1w0.s 			page 2


  59              		@ sp needed
  60 0046 F0BD     		pop	{r4, r5, r6, r7, pc}
  61              	.L6:
  62              		.align	2
  63              	.L5:
  64 0048 FFEFFFFF 		.word	-4097
  66              		.section	.text.HAL_I2CEx_ConfigDigitalFilter,"ax",%progbits
  67              		.align	1
  68              		.global	HAL_I2CEx_ConfigDigitalFilter
  69              		.syntax unified
  70              		.code	16
  71              		.thumb_func
  73              	HAL_I2CEx_ConfigDigitalFilter:
  74              		@ args = 0, pretend = 0, frame = 0
  75              		@ frame_needed = 0, uses_anonymous_args = 0
  76 0000 0200     		movs	r2, r0
  77 0002 F0B5     		push	{r4, r5, r6, r7, lr}
  78 0004 4132     		adds	r2, r2, #65
  79 0006 1478     		ldrb	r4, [r2]
  80 0008 0300     		movs	r3, r0
  81 000a E5B2     		uxtb	r5, r4
  82 000c 0220     		movs	r0, #2
  83 000e 202C     		cmp	r4, #32
  84 0010 17D1     		bne	.L8
  85 0012 1C00     		movs	r4, r3
  86 0014 4034     		adds	r4, r4, #64
  87 0016 2678     		ldrb	r6, [r4]
  88 0018 012E     		cmp	r6, #1
  89 001a 12D0     		beq	.L8
  90 001c 2230     		adds	r0, r0, #34
  91 001e 1070     		strb	r0, [r2]
  92 0020 1B68     		ldr	r3, [r3]
  93 0022 2338     		subs	r0, r0, #35
  94 0024 1E68     		ldr	r6, [r3]
  95 0026 074F     		ldr	r7, .L11
  96 0028 8643     		bics	r6, r0
  97 002a 1E60     		str	r6, [r3]
  98 002c 1E68     		ldr	r6, [r3]
  99 002e 0902     		lsls	r1, r1, #8
 100 0030 3E40     		ands	r6, r7
 101 0032 3143     		orrs	r1, r6
 102 0034 1960     		str	r1, [r3]
 103 0036 1968     		ldr	r1, [r3]
 104 0038 0843     		orrs	r0, r1
 105 003a 1860     		str	r0, [r3]
 106 003c 0020     		movs	r0, #0
 107 003e 1570     		strb	r5, [r2]
 108 0040 2070     		strb	r0, [r4]
 109              	.L8:
 110              		@ sp needed
 111 0042 F0BD     		pop	{r4, r5, r6, r7, pc}
 112              	.L12:
 113              		.align	2
 114              	.L11:
 115 0044 FFF0FFFF 		.word	-3841
 117              		.section	.text.HAL_I2CEx_EnableWakeUp,"ax",%progbits
 118              		.align	1
ARM GAS  /tmp/ccRPa1w0.s 			page 3


 119              		.global	HAL_I2CEx_EnableWakeUp
 120              		.syntax unified
 121              		.code	16
 122              		.thumb_func
 124              	HAL_I2CEx_EnableWakeUp:
 125              		@ args = 0, pretend = 0, frame = 0
 126              		@ frame_needed = 0, uses_anonymous_args = 0
 127 0000 0100     		movs	r1, r0
 128 0002 70B5     		push	{r4, r5, r6, lr}
 129 0004 4131     		adds	r1, r1, #65
 130 0006 0A78     		ldrb	r2, [r1]
 131 0008 0300     		movs	r3, r0
 132 000a D5B2     		uxtb	r5, r2
 133 000c 0220     		movs	r0, #2
 134 000e 202A     		cmp	r2, #32
 135 0010 16D1     		bne	.L14
 136 0012 1C00     		movs	r4, r3
 137 0014 4034     		adds	r4, r4, #64
 138 0016 2278     		ldrb	r2, [r4]
 139 0018 012A     		cmp	r2, #1
 140 001a 11D0     		beq	.L14
 141 001c 2422     		movs	r2, #36
 142 001e 0A70     		strb	r2, [r1]
 143 0020 1B68     		ldr	r3, [r3]
 144 0022 233A     		subs	r2, r2, #35
 145 0024 1868     		ldr	r0, [r3]
 146 0026 9043     		bics	r0, r2
 147 0028 1860     		str	r0, [r3]
 148 002a 8020     		movs	r0, #128
 149 002c 1E68     		ldr	r6, [r3]
 150 002e C002     		lsls	r0, r0, #11
 151 0030 3043     		orrs	r0, r6
 152 0032 1860     		str	r0, [r3]
 153 0034 1868     		ldr	r0, [r3]
 154 0036 0243     		orrs	r2, r0
 155 0038 0020     		movs	r0, #0
 156 003a 1A60     		str	r2, [r3]
 157 003c 0D70     		strb	r5, [r1]
 158 003e 2070     		strb	r0, [r4]
 159              	.L14:
 160              		@ sp needed
 161 0040 70BD     		pop	{r4, r5, r6, pc}
 163              		.section	.text.HAL_I2CEx_DisableWakeUp,"ax",%progbits
 164              		.align	1
 165              		.global	HAL_I2CEx_DisableWakeUp
 166              		.syntax unified
 167              		.code	16
 168              		.thumb_func
 170              	HAL_I2CEx_DisableWakeUp:
 171              		@ args = 0, pretend = 0, frame = 0
 172              		@ frame_needed = 0, uses_anonymous_args = 0
 173 0000 0100     		movs	r1, r0
 174 0002 70B5     		push	{r4, r5, r6, lr}
 175 0004 4131     		adds	r1, r1, #65
 176 0006 0A78     		ldrb	r2, [r1]
 177 0008 0300     		movs	r3, r0
 178 000a D5B2     		uxtb	r5, r2
ARM GAS  /tmp/ccRPa1w0.s 			page 4


 179 000c 0220     		movs	r0, #2
 180 000e 202A     		cmp	r2, #32
 181 0010 15D1     		bne	.L18
 182 0012 1C00     		movs	r4, r3
 183 0014 4034     		adds	r4, r4, #64
 184 0016 2278     		ldrb	r2, [r4]
 185 0018 012A     		cmp	r2, #1
 186 001a 10D0     		beq	.L18
 187 001c 2422     		movs	r2, #36
 188 001e 0A70     		strb	r2, [r1]
 189 0020 1B68     		ldr	r3, [r3]
 190 0022 233A     		subs	r2, r2, #35
 191 0024 1868     		ldr	r0, [r3]
 192 0026 064E     		ldr	r6, .L21
 193 0028 9043     		bics	r0, r2
 194 002a 1860     		str	r0, [r3]
 195 002c 1868     		ldr	r0, [r3]
 196 002e 3040     		ands	r0, r6
 197 0030 1860     		str	r0, [r3]
 198 0032 1868     		ldr	r0, [r3]
 199 0034 0243     		orrs	r2, r0
 200 0036 0020     		movs	r0, #0
 201 0038 1A60     		str	r2, [r3]
 202 003a 0D70     		strb	r5, [r1]
 203 003c 2070     		strb	r0, [r4]
 204              	.L18:
 205              		@ sp needed
 206 003e 70BD     		pop	{r4, r5, r6, pc}
 207              	.L22:
 208              		.align	2
 209              	.L21:
 210 0040 FFFFFBFF 		.word	-262145
 212              		.section	.text.HAL_I2CEx_EnableFastModePlus,"ax",%progbits
 213              		.align	1
 214              		.global	HAL_I2CEx_EnableFastModePlus
 215              		.syntax unified
 216              		.code	16
 217              		.thumb_func
 219              	HAL_I2CEx_EnableFastModePlus:
 220              		@ args = 0, pretend = 0, frame = 0
 221              		@ frame_needed = 0, uses_anonymous_args = 0
 222              		@ link register save eliminated.
 223 0000 0123     		movs	r3, #1
 224              		@ sp needed
 225 0002 044A     		ldr	r2, .L24
 226 0004 516B     		ldr	r1, [r2, #52]
 227 0006 0B43     		orrs	r3, r1
 228 0008 5363     		str	r3, [r2, #52]
 229 000a 034A     		ldr	r2, .L24+4
 230 000c 5368     		ldr	r3, [r2, #4]
 231 000e 0343     		orrs	r3, r0
 232 0010 5360     		str	r3, [r2, #4]
 233 0012 7047     		bx	lr
 234              	.L25:
 235              		.align	2
 236              	.L24:
 237 0014 00100240 		.word	1073876992
ARM GAS  /tmp/ccRPa1w0.s 			page 5


 238 0018 00000140 		.word	1073807360
 240              		.section	.text.HAL_I2CEx_DisableFastModePlus,"ax",%progbits
 241              		.align	1
 242              		.global	HAL_I2CEx_DisableFastModePlus
 243              		.syntax unified
 244              		.code	16
 245              		.thumb_func
 247              	HAL_I2CEx_DisableFastModePlus:
 248              		@ args = 0, pretend = 0, frame = 0
 249              		@ frame_needed = 0, uses_anonymous_args = 0
 250              		@ link register save eliminated.
 251 0000 0123     		movs	r3, #1
 252              		@ sp needed
 253 0002 044A     		ldr	r2, .L27
 254 0004 516B     		ldr	r1, [r2, #52]
 255 0006 0B43     		orrs	r3, r1
 256 0008 5363     		str	r3, [r2, #52]
 257 000a 034A     		ldr	r2, .L27+4
 258 000c 5368     		ldr	r3, [r2, #4]
 259 000e 8343     		bics	r3, r0
 260 0010 5360     		str	r3, [r2, #4]
 261 0012 7047     		bx	lr
 262              	.L28:
 263              		.align	2
 264              	.L27:
 265 0014 00100240 		.word	1073876992
 266 0018 00000140 		.word	1073807360
 268              		.ident	"GCC: (Arch Repository) 13.2.0"
ARM GAS  /tmp/ccRPa1w0.s 			page 6


DEFINED SYMBOLS
                            *ABS*:00000000 stm32l0xx_hal_i2c_ex.c
     /tmp/ccRPa1w0.s:14     .text.HAL_I2CEx_ConfigAnalogFilter:00000000 $t
     /tmp/ccRPa1w0.s:20     .text.HAL_I2CEx_ConfigAnalogFilter:00000000 HAL_I2CEx_ConfigAnalogFilter
     /tmp/ccRPa1w0.s:64     .text.HAL_I2CEx_ConfigAnalogFilter:00000048 $d
     /tmp/ccRPa1w0.s:67     .text.HAL_I2CEx_ConfigDigitalFilter:00000000 $t
     /tmp/ccRPa1w0.s:73     .text.HAL_I2CEx_ConfigDigitalFilter:00000000 HAL_I2CEx_ConfigDigitalFilter
     /tmp/ccRPa1w0.s:115    .text.HAL_I2CEx_ConfigDigitalFilter:00000044 $d
     /tmp/ccRPa1w0.s:118    .text.HAL_I2CEx_EnableWakeUp:00000000 $t
     /tmp/ccRPa1w0.s:124    .text.HAL_I2CEx_EnableWakeUp:00000000 HAL_I2CEx_EnableWakeUp
     /tmp/ccRPa1w0.s:164    .text.HAL_I2CEx_DisableWakeUp:00000000 $t
     /tmp/ccRPa1w0.s:170    .text.HAL_I2CEx_DisableWakeUp:00000000 HAL_I2CEx_DisableWakeUp
     /tmp/ccRPa1w0.s:210    .text.HAL_I2CEx_DisableWakeUp:00000040 $d
     /tmp/ccRPa1w0.s:213    .text.HAL_I2CEx_EnableFastModePlus:00000000 $t
     /tmp/ccRPa1w0.s:219    .text.HAL_I2CEx_EnableFastModePlus:00000000 HAL_I2CEx_EnableFastModePlus
     /tmp/ccRPa1w0.s:237    .text.HAL_I2CEx_EnableFastModePlus:00000014 $d
     /tmp/ccRPa1w0.s:241    .text.HAL_I2CEx_DisableFastModePlus:00000000 $t
     /tmp/ccRPa1w0.s:247    .text.HAL_I2CEx_DisableFastModePlus:00000000 HAL_I2CEx_DisableFastModePlus
     /tmp/ccRPa1w0.s:265    .text.HAL_I2CEx_DisableFastModePlus:00000014 $d

NO UNDEFINED SYMBOLS
