ARM GAS  /tmp/cc57xY0v.s 			page 1


   1              		.cpu cortex-m0
   2              		.arch armv6s-m
   3              		.fpu softvfp
   4              		.eabi_attribute 23, 1
   5              		.eabi_attribute 24, 1
   6              		.eabi_attribute 25, 1
   7              		.eabi_attribute 26, 1
   8              		.eabi_attribute 30, 4
   9              		.eabi_attribute 34, 0
  10              		.eabi_attribute 18, 4
  11              		.file	"stm32l0xx_hal_rcc_ex.c"
  12              		.text
  13              		.section	.text.HAL_RCCEx_PeriphCLKConfig,"ax",%progbits
  14              		.align	1
  15              		.global	HAL_RCCEx_PeriphCLKConfig
  16              		.syntax unified
  17              		.code	16
  18              		.thumb_func
  20              	HAL_RCCEx_PeriphCLKConfig:
  21              		@ args = 0, pretend = 0, frame = 8
  22              		@ frame_needed = 0, uses_anonymous_args = 0
  23 0000 0368     		ldr	r3, [r0]
  24 0002 F7B5     		push	{r0, r1, r2, r4, r5, r6, r7, lr}
  25 0004 0500     		movs	r5, r0
  26 0006 9B06     		lsls	r3, r3, #26
  27 0008 3BD5     		bpl	.L3
  28 000a 8023     		movs	r3, #128
  29 000c 0021     		movs	r1, #0
  30 000e 584C     		ldr	r4, .L60
  31 0010 5B05     		lsls	r3, r3, #21
  32 0012 A26B     		ldr	r2, [r4, #56]
  33 0014 0091     		str	r1, [sp]
  34 0016 1A42     		tst	r2, r3
  35 0018 04D1     		bne	.L4
  36 001a A26B     		ldr	r2, [r4, #56]
  37 001c 1343     		orrs	r3, r2
  38 001e A363     		str	r3, [r4, #56]
  39 0020 0123     		movs	r3, #1
  40 0022 0093     		str	r3, [sp]
  41              	.L4:
  42 0024 8027     		movs	r7, #128
  43 0026 534E     		ldr	r6, .L60+4
  44 0028 7F00     		lsls	r7, r7, #1
  45 002a 3368     		ldr	r3, [r6]
  46 002c 3B42     		tst	r3, r7
  47 002e 5AD0     		beq	.L5
  48              	.L11:
  49 0030 6868     		ldr	r0, [r5, #4]
  50 0032 2268     		ldr	r2, [r4]
  51 0034 0100     		movs	r1, r0
  52 0036 C023     		movs	r3, #192
  53 0038 4240     		eors	r2, r0
  54 003a C020     		movs	r0, #192
  55 003c 9B02     		lsls	r3, r3, #10
  56 003e 8003     		lsls	r0, r0, #14
  57 0040 1940     		ands	r1, r3
  58 0042 0242     		tst	r2, r0
ARM GAS  /tmp/cc57xY0v.s 			page 2


  59 0044 60D1     		bne	.L6
  60              	.L7:
  61 0046 226D     		ldr	r2, [r4, #80]
  62 0048 1000     		movs	r0, r2
  63 004a 1840     		ands	r0, r3
  64 004c 1A42     		tst	r2, r3
  65 004e 62D1     		bne	.L12
  66              	.L15:
  67 0050 6968     		ldr	r1, [r5, #4]
  68 0052 C023     		movs	r3, #192
  69 0054 0A00     		movs	r2, r1
  70 0056 9B02     		lsls	r3, r3, #10
  71 0058 1A40     		ands	r2, r3
  72 005a 9A42     		cmp	r2, r3
  73 005c 07D1     		bne	.L14
  74 005e 2368     		ldr	r3, [r4]
  75 0060 4548     		ldr	r0, .L60+8
  76 0062 0340     		ands	r3, r0
  77 0064 C020     		movs	r0, #192
  78 0066 8003     		lsls	r0, r0, #14
  79 0068 0140     		ands	r1, r0
  80 006a 0B43     		orrs	r3, r1
  81 006c 2360     		str	r3, [r4]
  82              	.L14:
  83 006e 236D     		ldr	r3, [r4, #80]
  84 0070 1A43     		orrs	r2, r3
  85 0072 009B     		ldr	r3, [sp]
  86 0074 2265     		str	r2, [r4, #80]
  87 0076 012B     		cmp	r3, #1
  88 0078 03D1     		bne	.L3
  89 007a A36B     		ldr	r3, [r4, #56]
  90 007c 3F4A     		ldr	r2, .L60+12
  91 007e 1340     		ands	r3, r2
  92 0080 A363     		str	r3, [r4, #56]
  93              	.L3:
  94 0082 2B68     		ldr	r3, [r5]
  95 0084 DA07     		lsls	r2, r3, #31
  96 0086 06D5     		bpl	.L20
  97 0088 0320     		movs	r0, #3
  98 008a 3949     		ldr	r1, .L60
  99 008c CA6C     		ldr	r2, [r1, #76]
 100 008e 8243     		bics	r2, r0
 101 0090 A868     		ldr	r0, [r5, #8]
 102 0092 0243     		orrs	r2, r0
 103 0094 CA64     		str	r2, [r1, #76]
 104              	.L20:
 105 0096 9A07     		lsls	r2, r3, #30
 106 0098 06D5     		bpl	.L21
 107 009a 0C20     		movs	r0, #12
 108 009c 3449     		ldr	r1, .L60
 109 009e CA6C     		ldr	r2, [r1, #76]
 110 00a0 8243     		bics	r2, r0
 111 00a2 E868     		ldr	r0, [r5, #12]
 112 00a4 0243     		orrs	r2, r0
 113 00a6 CA64     		str	r2, [r1, #76]
 114              	.L21:
 115 00a8 5A07     		lsls	r2, r3, #29
ARM GAS  /tmp/cc57xY0v.s 			page 3


 116 00aa 06D5     		bpl	.L22
 117 00ac 3049     		ldr	r1, .L60
 118 00ae 3448     		ldr	r0, .L60+16
 119 00b0 CA6C     		ldr	r2, [r1, #76]
 120 00b2 0240     		ands	r2, r0
 121 00b4 2869     		ldr	r0, [r5, #16]
 122 00b6 0243     		orrs	r2, r0
 123 00b8 CA64     		str	r2, [r1, #76]
 124              	.L22:
 125 00ba 1A07     		lsls	r2, r3, #28
 126 00bc 06D5     		bpl	.L23
 127 00be 2C49     		ldr	r1, .L60
 128 00c0 3048     		ldr	r0, .L60+20
 129 00c2 CA6C     		ldr	r2, [r1, #76]
 130 00c4 0240     		ands	r2, r0
 131 00c6 6869     		ldr	r0, [r5, #20]
 132 00c8 0243     		orrs	r2, r0
 133 00ca CA64     		str	r2, [r1, #76]
 134              	.L23:
 135 00cc DA05     		lsls	r2, r3, #23
 136 00ce 06D5     		bpl	.L24
 137 00d0 2749     		ldr	r1, .L60
 138 00d2 2D48     		ldr	r0, .L60+24
 139 00d4 CA6C     		ldr	r2, [r1, #76]
 140 00d6 0240     		ands	r2, r0
 141 00d8 A869     		ldr	r0, [r5, #24]
 142 00da 0243     		orrs	r2, r0
 143 00dc CA64     		str	r2, [r1, #76]
 144              	.L24:
 145 00de 1B06     		lsls	r3, r3, #24
 146 00e0 3ED4     		bmi	.L25
 147              	.L26:
 148 00e2 0020     		movs	r0, #0
 149 00e4 0FE0     		b	.L9
 150              	.L5:
 151 00e6 3368     		ldr	r3, [r6]
 152 00e8 3B43     		orrs	r3, r7
 153 00ea 3360     		str	r3, [r6]
 154 00ec FFF7FEFF 		bl	HAL_GetTick
 155 00f0 0190     		str	r0, [sp, #4]
 156              	.L8:
 157 00f2 3368     		ldr	r3, [r6]
 158 00f4 3B42     		tst	r3, r7
 159 00f6 9BD1     		bne	.L11
 160 00f8 FFF7FEFF 		bl	HAL_GetTick
 161 00fc 019B     		ldr	r3, [sp, #4]
 162 00fe C01A     		subs	r0, r0, r3
 163 0100 6428     		cmp	r0, #100
 164 0102 F6D9     		bls	.L8
 165              	.L17:
 166 0104 0320     		movs	r0, #3
 167              	.L9:
 168              		@ sp needed
 169 0106 FEBD     		pop	{r1, r2, r3, r4, r5, r6, r7, pc}
 170              	.L6:
 171 0108 9942     		cmp	r1, r3
 172 010a 9CD1     		bne	.L7
ARM GAS  /tmp/cc57xY0v.s 			page 4


 173 010c 2268     		ldr	r2, [r4]
 174 010e 0120     		movs	r0, #1
 175 0110 9203     		lsls	r2, r2, #14
 176 0112 98D5     		bpl	.L7
 177 0114 F7E7     		b	.L9
 178              	.L12:
 179 0116 8842     		cmp	r0, r1
 180 0118 9AD0     		beq	.L15
 181 011a 2B68     		ldr	r3, [r5]
 182 011c 9B06     		lsls	r3, r3, #26
 183 011e 97D5     		bpl	.L15
 184 0120 8021     		movs	r1, #128
 185 0122 236D     		ldr	r3, [r4, #80]
 186 0124 206D     		ldr	r0, [r4, #80]
 187 0126 0903     		lsls	r1, r1, #12
 188 0128 0143     		orrs	r1, r0
 189 012a 2165     		str	r1, [r4, #80]
 190 012c 216D     		ldr	r1, [r4, #80]
 191 012e 164A     		ldr	r2, .L60+24
 192 0130 1648     		ldr	r0, .L60+28
 193 0132 1A40     		ands	r2, r3
 194 0134 0140     		ands	r1, r0
 195 0136 2165     		str	r1, [r4, #80]
 196 0138 2265     		str	r2, [r4, #80]
 197 013a DB05     		lsls	r3, r3, #23
 198 013c 00D4     		bmi	.LCB226
 199 013e 87E7     		b	.L15	@long jump
 200              	.LCB226:
 201 0140 FFF7FEFF 		bl	HAL_GetTick
 202 0144 8027     		movs	r7, #128
 203 0146 0600     		movs	r6, r0
 204 0148 BF00     		lsls	r7, r7, #2
 205              	.L16:
 206 014a 236D     		ldr	r3, [r4, #80]
 207 014c 3B42     		tst	r3, r7
 208 014e 00D0     		beq	.LCB236
 209 0150 7EE7     		b	.L15	@long jump
 210              	.LCB236:
 211 0152 FFF7FEFF 		bl	HAL_GetTick
 212 0156 0E4B     		ldr	r3, .L60+32
 213 0158 801B     		subs	r0, r0, r6
 214 015a 9842     		cmp	r0, r3
 215 015c F5D9     		bls	.L16
 216 015e D1E7     		b	.L17
 217              	.L25:
 218 0160 034A     		ldr	r2, .L60
 219 0162 0C49     		ldr	r1, .L60+36
 220 0164 D36C     		ldr	r3, [r2, #76]
 221 0166 0B40     		ands	r3, r1
 222 0168 E969     		ldr	r1, [r5, #28]
 223 016a 0B43     		orrs	r3, r1
 224 016c D364     		str	r3, [r2, #76]
 225 016e B8E7     		b	.L26
 226              	.L61:
 227              		.align	2
 228              	.L60:
 229 0170 00100240 		.word	1073876992
ARM GAS  /tmp/cc57xY0v.s 			page 5


 230 0174 00700040 		.word	1073770496
 231 0178 FFFFCFFF 		.word	-3145729
 232 017c FFFFFFEF 		.word	-268435457
 233 0180 FFF3FFFF 		.word	-3073
 234 0184 FFCFFFFF 		.word	-12289
 235 0188 FFFFFCFF 		.word	-196609
 236 018c FFFFF7FF 		.word	-524289
 237 0190 88130000 		.word	5000
 238 0194 FFFFF3FF 		.word	-786433
 240              		.section	.text.HAL_RCCEx_GetPeriphCLKConfig,"ax",%progbits
 241              		.align	1
 242              		.global	HAL_RCCEx_GetPeriphCLKConfig
 243              		.syntax unified
 244              		.code	16
 245              		.thumb_func
 247              	HAL_RCCEx_GetPeriphCLKConfig:
 248              		@ args = 0, pretend = 0, frame = 0
 249              		@ frame_needed = 0, uses_anonymous_args = 0
 250 0000 B023     		movs	r3, #176
 251 0002 C021     		movs	r1, #192
 252 0004 FF33     		adds	r3, r3, #255
 253 0006 0360     		str	r3, [r0]
 254 0008 134B     		ldr	r3, .L64
 255 000a 8902     		lsls	r1, r1, #10
 256 000c 1A6D     		ldr	r2, [r3, #80]
 257 000e 10B5     		push	{r4, lr}
 258 0010 0A40     		ands	r2, r1
 259 0012 8A42     		cmp	r2, r1
 260 0014 00D1     		bne	.L63
 261 0016 1A68     		ldr	r2, [r3]
 262              	.L63:
 263 0018 0321     		movs	r1, #3
 264              		@ sp needed
 265 001a DA6C     		ldr	r2, [r3, #76]
 266 001c C024     		movs	r4, #192
 267 001e 0A40     		ands	r2, r1
 268 0020 8260     		str	r2, [r0, #8]
 269 0022 DA6C     		ldr	r2, [r3, #76]
 270 0024 0931     		adds	r1, r1, #9
 271 0026 0A40     		ands	r2, r1
 272 0028 C021     		movs	r1, #192
 273 002a C260     		str	r2, [r0, #12]
 274 002c DA6C     		ldr	r2, [r3, #76]
 275 002e 0901     		lsls	r1, r1, #4
 276 0030 0A40     		ands	r2, r1
 277 0032 C021     		movs	r1, #192
 278 0034 0261     		str	r2, [r0, #16]
 279 0036 DA6C     		ldr	r2, [r3, #76]
 280 0038 8901     		lsls	r1, r1, #6
 281 003a 0A40     		ands	r2, r1
 282 003c C021     		movs	r1, #192
 283 003e 4261     		str	r2, [r0, #20]
 284 0040 DA6C     		ldr	r2, [r3, #76]
 285 0042 8902     		lsls	r1, r1, #10
 286 0044 0A40     		ands	r2, r1
 287 0046 8261     		str	r2, [r0, #24]
 288 0048 DA6C     		ldr	r2, [r3, #76]
ARM GAS  /tmp/cc57xY0v.s 			page 6


 289 004a 2403     		lsls	r4, r4, #12
 290 004c 2240     		ands	r2, r4
 291 004e C261     		str	r2, [r0, #28]
 292 0050 1B6D     		ldr	r3, [r3, #80]
 293 0052 0B40     		ands	r3, r1
 294 0054 4360     		str	r3, [r0, #4]
 295 0056 10BD     		pop	{r4, pc}
 296              	.L65:
 297              		.align	2
 298              	.L64:
 299 0058 00100240 		.word	1073876992
 301              		.section	.text.HAL_RCCEx_GetPeriphCLKFreq,"ax",%progbits
 302              		.align	1
 303              		.global	HAL_RCCEx_GetPeriphCLKFreq
 304              		.syntax unified
 305              		.code	16
 306              		.thumb_func
 308              	HAL_RCCEx_GetPeriphCLKFreq:
 309              		@ args = 0, pretend = 0, frame = 0
 310              		@ frame_needed = 0, uses_anonymous_args = 0
 311 0000 10B5     		push	{r4, lr}
 312 0002 0828     		cmp	r0, #8
 313 0004 0AD8     		bhi	.L67
 314 0006 0028     		cmp	r0, #0
 315 0008 2AD0     		beq	.L66
 316 000a 0138     		subs	r0, r0, #1
 317 000c 0728     		cmp	r0, #7
 318 000e 0FD8     		bhi	.L94
 319 0010 FFF7FEFF 		bl	__gnu_thumb1_case_uqi
 320              	.L70:
 321 0014 40       		.byte	(.L73-.L70)/2
 322 0015 5C       		.byte	(.L72-.L70)/2
 323 0016 0E       		.byte	(.L94-.L70)/2
 324 0017 72       		.byte	(.L71-.L70)/2
 325 0018 0E       		.byte	(.L94-.L70)/2
 326 0019 0E       		.byte	(.L94-.L70)/2
 327 001a 0E       		.byte	(.L94-.L70)/2
 328 001b 87       		.byte	(.L69-.L70)/2
 329              		.p2align 1
 330              	.L67:
 331 001c 2028     		cmp	r0, #32
 332 001e 09D0     		beq	.L74
 333 0020 8022     		movs	r2, #128
 334 0022 5200     		lsls	r2, r2, #1
 335 0024 9042     		cmp	r0, r2
 336 0026 00D1     		bne	.LCB357
 337 0028 97E0     		b	.L75	@long jump
 338              	.LCB357:
 339 002a 1028     		cmp	r0, #16
 340 002c 00D1     		bne	.LCB359
 341 002e 8AE0     		b	.L76	@long jump
 342              	.LCB359:
 343              	.L94:
 344 0030 0020     		movs	r0, #0
 345 0032 15E0     		b	.L66
 346              	.L74:
 347 0034 C024     		movs	r4, #192
ARM GAS  /tmp/cc57xY0v.s 			page 7


 348 0036 8021     		movs	r1, #128
 349 0038 514A     		ldr	r2, .L143
 350 003a A402     		lsls	r4, r4, #10
 351 003c 106D     		ldr	r0, [r2, #80]
 352 003e 136D     		ldr	r3, [r2, #80]
 353 0040 4902     		lsls	r1, r1, #9
 354 0042 2340     		ands	r3, r4
 355 0044 8B42     		cmp	r3, r1
 356 0046 03D1     		bne	.L77
 357              	.L133:
 358 0048 8005     		lsls	r0, r0, #22
 359 004a C00F     		lsrs	r0, r0, #31
 360 004c C003     		lsls	r0, r0, #15
 361 004e 07E0     		b	.L66
 362              	.L77:
 363 0050 8021     		movs	r1, #128
 364 0052 8902     		lsls	r1, r1, #10
 365 0054 8B42     		cmp	r3, r1
 366 0056 04D1     		bne	.L78
 367 0058 4A4B     		ldr	r3, .L143+4
 368 005a 8007     		lsls	r0, r0, #30
 369 005c C017     		asrs	r0, r0, #31
 370 005e 1840     		ands	r0, r3
 371              	.L66:
 372              		@ sp needed
 373 0060 10BD     		pop	{r4, pc}
 374              	.L78:
 375 0062 0020     		movs	r0, #0
 376 0064 A342     		cmp	r3, r4
 377 0066 FBD1     		bne	.L66
 378 0068 1368     		ldr	r3, [r2]
 379 006a 0B42     		tst	r3, r1
 380 006c F8D0     		beq	.L66
 381 006e C023     		movs	r3, #192
 382 0070 1068     		ldr	r0, [r2]
 383 0072 8022     		movs	r2, #128
 384 0074 9B03     		lsls	r3, r3, #14
 385 0076 1840     		ands	r0, r3
 386 0078 9203     		lsls	r2, r2, #14
 387 007a 9042     		cmp	r0, r2
 388 007c 7CD0     		beq	.L98
 389 007e 9842     		cmp	r0, r3
 390 0080 7CD0     		beq	.L99
 391 0082 414B     		ldr	r3, .L143+8
 392 0084 C018     		adds	r0, r0, r3
 393 0086 431E     		subs	r3, r0, #1
 394 0088 9841     		sbcs	r0, r0, r3
 395 008a 404B     		ldr	r3, .L143+12
 396 008c 4042     		rsbs	r0, r0, #0
 397 008e 1840     		ands	r0, r3
 398              	.L131:
 399 0090 C018     		adds	r0, r0, r3
 400 0092 E5E7     		b	.L66
 401              	.L73:
 402 0094 3A4B     		ldr	r3, .L143
 403 0096 0321     		movs	r1, #3
 404 0098 D86C     		ldr	r0, [r3, #76]
ARM GAS  /tmp/cc57xY0v.s 			page 8


 405 009a 0200     		movs	r2, r0
 406 009c 0A40     		ands	r2, r1
 407 009e 0842     		tst	r0, r1
 408 00a0 02D1     		bne	.L79
 409 00a2 FFF7FEFF 		bl	HAL_RCC_GetPCLK2Freq
 410 00a6 DBE7     		b	.L66
 411              	.L79:
 412 00a8 022A     		cmp	r2, #2
 413 00aa 0AD1     		bne	.L80
 414              	.L138:
 415 00ac 1A68     		ldr	r2, [r3]
 416 00ae 0020     		movs	r0, #0
 417 00b0 5207     		lsls	r2, r2, #29
 418 00b2 D5D5     		bpl	.L66
 419 00b4 1868     		ldr	r0, [r3]
 420              	.L135:
 421 00b6 364B     		ldr	r3, .L143+16
 422 00b8 C006     		lsls	r0, r0, #27
 423 00ba C017     		asrs	r0, r0, #31
 424 00bc 1840     		ands	r0, r3
 425 00be 354B     		ldr	r3, .L143+20
 426 00c0 E6E7     		b	.L131
 427              	.L80:
 428 00c2 012A     		cmp	r2, #1
 429 00c4 2BD1     		bne	.L132
 430              	.L124:
 431 00c6 FFF7FEFF 		bl	HAL_RCC_GetSysClockFreq
 432 00ca C9E7     		b	.L66
 433              	.L72:
 434 00cc 0C21     		movs	r1, #12
 435 00ce 2C4A     		ldr	r2, .L143
 436 00d0 D36C     		ldr	r3, [r2, #76]
 437 00d2 0B40     		ands	r3, r1
 438 00d4 082B     		cmp	r3, #8
 439 00d6 09D0     		beq	.L82
 440 00d8 04D8     		bhi	.L83
 441 00da 002B     		cmp	r3, #0
 442 00dc F3D1     		bne	.L124
 443              	.L90:
 444 00de FFF7FEFF 		bl	HAL_RCC_GetPCLK1Freq
 445 00e2 BDE7     		b	.L66
 446              	.L83:
 447 00e4 0C2B     		cmp	r3, #12
 448 00e6 A3D1     		bne	.L94
 449 00e8 106D     		ldr	r0, [r2, #80]
 450 00ea ADE7     		b	.L133
 451              	.L82:
 452 00ec 1368     		ldr	r3, [r2]
 453 00ee 0020     		movs	r0, #0
 454 00f0 5B07     		lsls	r3, r3, #29
 455 00f2 B5D5     		bpl	.L66
 456 00f4 1068     		ldr	r0, [r2]
 457 00f6 DEE7     		b	.L135
 458              	.L71:
 459 00f8 214B     		ldr	r3, .L143
 460 00fa C022     		movs	r2, #192
 461 00fc D86C     		ldr	r0, [r3, #76]
ARM GAS  /tmp/cc57xY0v.s 			page 9


 462 00fe 1201     		lsls	r2, r2, #4
 463 0100 0100     		movs	r1, r0
 464 0102 1140     		ands	r1, r2
 465 0104 1042     		tst	r0, r2
 466 0106 EAD0     		beq	.L90
 467 0108 8020     		movs	r0, #128
 468 010a 0001     		lsls	r0, r0, #4
 469 010c 8142     		cmp	r1, r0
 470 010e CDD0     		beq	.L138
 471 0110 8020     		movs	r0, #128
 472 0112 C000     		lsls	r0, r0, #3
 473 0114 8142     		cmp	r1, r0
 474 0116 D6D0     		beq	.L124
 475 0118 0020     		movs	r0, #0
 476 011a 9142     		cmp	r1, r2
 477 011c A0D1     		bne	.L66
 478              	.L132:
 479 011e 186D     		ldr	r0, [r3, #80]
 480 0120 92E7     		b	.L133
 481              	.L69:
 482 0122 174B     		ldr	r3, .L143
 483 0124 C021     		movs	r1, #192
 484 0126 D86C     		ldr	r0, [r3, #76]
 485 0128 8901     		lsls	r1, r1, #6
 486 012a 0200     		movs	r2, r0
 487 012c 0A40     		ands	r2, r1
 488 012e 0842     		tst	r0, r1
 489 0130 D5D0     		beq	.L90
 490 0132 8021     		movs	r1, #128
 491 0134 8901     		lsls	r1, r1, #6
 492 0136 8A42     		cmp	r2, r1
 493 0138 B8D0     		beq	.L138
 494 013a 8023     		movs	r3, #128
 495 013c 5B01     		lsls	r3, r3, #5
 496              	.L142:
 497 013e 9A42     		cmp	r2, r3
 498 0140 00D0     		beq	.LCB554
 499 0142 75E7     		b	.L94	@long jump
 500              	.LCB554:
 501 0144 BFE7     		b	.L124
 502              	.L76:
 503 0146 0E4B     		ldr	r3, .L143
 504 0148 9A6B     		ldr	r2, [r3, #56]
 505 014a 8023     		movs	r3, #128
 506 014c 1000     		movs	r0, r2
 507 014e DB03     		lsls	r3, r3, #15
 508 0150 1840     		ands	r0, r3
 509 0152 1A42     		tst	r2, r3
 510 0154 00D1     		bne	.LCB566
 511 0156 83E7     		b	.L66	@long jump
 512              	.LCB566:
 513 0158 C1E7     		b	.L90
 514              	.L75:
 515 015a 094B     		ldr	r3, .L143
 516 015c C021     		movs	r1, #192
 517 015e D86C     		ldr	r0, [r3, #76]
 518 0160 8902     		lsls	r1, r1, #10
ARM GAS  /tmp/cc57xY0v.s 			page 10


 519 0162 0200     		movs	r2, r0
 520 0164 0A40     		ands	r2, r1
 521 0166 0842     		tst	r0, r1
 522 0168 B9D0     		beq	.L90
 523 016a 8021     		movs	r1, #128
 524 016c 8902     		lsls	r1, r1, #10
 525 016e 8A42     		cmp	r2, r1
 526 0170 9CD0     		beq	.L138
 527 0172 8023     		movs	r3, #128
 528 0174 5B02     		lsls	r3, r3, #9
 529 0176 E2E7     		b	.L142
 530              	.L98:
 531 0178 0748     		ldr	r0, .L143+24
 532 017a 71E7     		b	.L66
 533              	.L99:
 534 017c 0748     		ldr	r0, .L143+28
 535 017e 6FE7     		b	.L66
 536              	.L144:
 537              		.align	2
 538              	.L143:
 539 0180 00100240 		.word	1073876992
 540 0184 88900000 		.word	37000
 541 0188 0000F0FF 		.word	-1048576
 542 018c 80841E00 		.word	2000000
 543 0190 00E548FF 		.word	-12000000
 544 0194 0024F400 		.word	16000000
 545 0198 40420F00 		.word	1000000
 546 019c 20A10700 		.word	500000
 548              		.section	.text.HAL_RCCEx_EnableLSECSS,"ax",%progbits
 549              		.align	1
 550              		.global	HAL_RCCEx_EnableLSECSS
 551              		.syntax unified
 552              		.code	16
 553              		.thumb_func
 555              	HAL_RCCEx_EnableLSECSS:
 556              		@ args = 0, pretend = 0, frame = 0
 557              		@ frame_needed = 0, uses_anonymous_args = 0
 558              		@ link register save eliminated.
 559 0000 8023     		movs	r3, #128
 560              		@ sp needed
 561 0002 034A     		ldr	r2, .L146
 562 0004 9B01     		lsls	r3, r3, #6
 563 0006 116D     		ldr	r1, [r2, #80]
 564 0008 0B43     		orrs	r3, r1
 565 000a 1365     		str	r3, [r2, #80]
 566 000c 7047     		bx	lr
 567              	.L147:
 568 000e C046     		.align	2
 569              	.L146:
 570 0010 00100240 		.word	1073876992
 572              		.section	.text.HAL_RCCEx_DisableLSECSS,"ax",%progbits
 573              		.align	1
 574              		.global	HAL_RCCEx_DisableLSECSS
 575              		.syntax unified
 576              		.code	16
 577              		.thumb_func
 579              	HAL_RCCEx_DisableLSECSS:
ARM GAS  /tmp/cc57xY0v.s 			page 11


 580              		@ args = 0, pretend = 0, frame = 0
 581              		@ frame_needed = 0, uses_anonymous_args = 0
 582              		@ link register save eliminated.
 583 0000 044B     		ldr	r3, .L149
 584 0002 0549     		ldr	r1, .L149+4
 585 0004 1A6D     		ldr	r2, [r3, #80]
 586              		@ sp needed
 587 0006 0A40     		ands	r2, r1
 588 0008 8021     		movs	r1, #128
 589 000a 1A65     		str	r2, [r3, #80]
 590 000c 1A69     		ldr	r2, [r3, #16]
 591 000e 8A43     		bics	r2, r1
 592 0010 1A61     		str	r2, [r3, #16]
 593 0012 7047     		bx	lr
 594              	.L150:
 595              		.align	2
 596              	.L149:
 597 0014 00100240 		.word	1073876992
 598 0018 FFDFFFFF 		.word	-8193
 600              		.section	.text.HAL_RCCEx_EnableLSECSS_IT,"ax",%progbits
 601              		.align	1
 602              		.global	HAL_RCCEx_EnableLSECSS_IT
 603              		.syntax unified
 604              		.code	16
 605              		.thumb_func
 607              	HAL_RCCEx_EnableLSECSS_IT:
 608              		@ args = 0, pretend = 0, frame = 0
 609              		@ frame_needed = 0, uses_anonymous_args = 0
 610              		@ link register save eliminated.
 611 0000 8022     		movs	r2, #128
 612              		@ sp needed
 613 0002 094B     		ldr	r3, .L152
 614 0004 9201     		lsls	r2, r2, #6
 615 0006 196D     		ldr	r1, [r3, #80]
 616 0008 0A43     		orrs	r2, r1
 617 000a 1A65     		str	r2, [r3, #80]
 618 000c 8022     		movs	r2, #128
 619 000e 1969     		ldr	r1, [r3, #16]
 620 0010 0A43     		orrs	r2, r1
 621 0012 1A61     		str	r2, [r3, #16]
 622 0014 8022     		movs	r2, #128
 623 0016 054B     		ldr	r3, .L152+4
 624 0018 1203     		lsls	r2, r2, #12
 625 001a 1968     		ldr	r1, [r3]
 626 001c 1143     		orrs	r1, r2
 627 001e 1960     		str	r1, [r3]
 628 0020 9968     		ldr	r1, [r3, #8]
 629 0022 0A43     		orrs	r2, r1
 630 0024 9A60     		str	r2, [r3, #8]
 631 0026 7047     		bx	lr
 632              	.L153:
 633              		.align	2
 634              	.L152:
 635 0028 00100240 		.word	1073876992
 636 002c 00040140 		.word	1073808384
 638              		.section	.text.HAL_RCCEx_LSECSS_Callback,"ax",%progbits
 639              		.align	1
ARM GAS  /tmp/cc57xY0v.s 			page 12


 640              		.weak	HAL_RCCEx_LSECSS_Callback
 641              		.syntax unified
 642              		.code	16
 643              		.thumb_func
 645              	HAL_RCCEx_LSECSS_Callback:
 646              		@ args = 0, pretend = 0, frame = 0
 647              		@ frame_needed = 0, uses_anonymous_args = 0
 648              		@ link register save eliminated.
 649              		@ sp needed
 650 0000 7047     		bx	lr
 652              		.section	.text.HAL_RCCEx_LSECSS_IRQHandler,"ax",%progbits
 653              		.align	1
 654              		.global	HAL_RCCEx_LSECSS_IRQHandler
 655              		.syntax unified
 656              		.code	16
 657              		.thumb_func
 659              	HAL_RCCEx_LSECSS_IRQHandler:
 660              		@ args = 0, pretend = 0, frame = 0
 661              		@ frame_needed = 0, uses_anonymous_args = 0
 662 0000 70B5     		push	{r4, r5, r6, lr}
 663 0002 8025     		movs	r5, #128
 664 0004 034C     		ldr	r4, .L160
 665 0006 6369     		ldr	r3, [r4, #20]
 666 0008 2B42     		tst	r3, r5
 667 000a 02D0     		beq	.L155
 668 000c FFF7FEFF 		bl	HAL_RCCEx_LSECSS_Callback
 669 0010 A561     		str	r5, [r4, #24]
 670              	.L155:
 671              		@ sp needed
 672 0012 70BD     		pop	{r4, r5, r6, pc}
 673              	.L161:
 674              		.align	2
 675              	.L160:
 676 0014 00100240 		.word	1073876992
 678              		.ident	"GCC: (Arch Repository) 13.2.0"
ARM GAS  /tmp/cc57xY0v.s 			page 13


DEFINED SYMBOLS
                            *ABS*:00000000 stm32l0xx_hal_rcc_ex.c
     /tmp/cc57xY0v.s:14     .text.HAL_RCCEx_PeriphCLKConfig:00000000 $t
     /tmp/cc57xY0v.s:20     .text.HAL_RCCEx_PeriphCLKConfig:00000000 HAL_RCCEx_PeriphCLKConfig
     /tmp/cc57xY0v.s:229    .text.HAL_RCCEx_PeriphCLKConfig:00000170 $d
     /tmp/cc57xY0v.s:241    .text.HAL_RCCEx_GetPeriphCLKConfig:00000000 $t
     /tmp/cc57xY0v.s:247    .text.HAL_RCCEx_GetPeriphCLKConfig:00000000 HAL_RCCEx_GetPeriphCLKConfig
     /tmp/cc57xY0v.s:299    .text.HAL_RCCEx_GetPeriphCLKConfig:00000058 $d
     /tmp/cc57xY0v.s:302    .text.HAL_RCCEx_GetPeriphCLKFreq:00000000 $t
     /tmp/cc57xY0v.s:308    .text.HAL_RCCEx_GetPeriphCLKFreq:00000000 HAL_RCCEx_GetPeriphCLKFreq
     /tmp/cc57xY0v.s:321    .text.HAL_RCCEx_GetPeriphCLKFreq:00000014 $d
     /tmp/cc57xY0v.s:329    .text.HAL_RCCEx_GetPeriphCLKFreq:0000001c $t
     /tmp/cc57xY0v.s:539    .text.HAL_RCCEx_GetPeriphCLKFreq:00000180 $d
     /tmp/cc57xY0v.s:549    .text.HAL_RCCEx_EnableLSECSS:00000000 $t
     /tmp/cc57xY0v.s:555    .text.HAL_RCCEx_EnableLSECSS:00000000 HAL_RCCEx_EnableLSECSS
     /tmp/cc57xY0v.s:570    .text.HAL_RCCEx_EnableLSECSS:00000010 $d
     /tmp/cc57xY0v.s:573    .text.HAL_RCCEx_DisableLSECSS:00000000 $t
     /tmp/cc57xY0v.s:579    .text.HAL_RCCEx_DisableLSECSS:00000000 HAL_RCCEx_DisableLSECSS
     /tmp/cc57xY0v.s:597    .text.HAL_RCCEx_DisableLSECSS:00000014 $d
     /tmp/cc57xY0v.s:601    .text.HAL_RCCEx_EnableLSECSS_IT:00000000 $t
     /tmp/cc57xY0v.s:607    .text.HAL_RCCEx_EnableLSECSS_IT:00000000 HAL_RCCEx_EnableLSECSS_IT
     /tmp/cc57xY0v.s:635    .text.HAL_RCCEx_EnableLSECSS_IT:00000028 $d
     /tmp/cc57xY0v.s:639    .text.HAL_RCCEx_LSECSS_Callback:00000000 $t
     /tmp/cc57xY0v.s:645    .text.HAL_RCCEx_LSECSS_Callback:00000000 HAL_RCCEx_LSECSS_Callback
     /tmp/cc57xY0v.s:653    .text.HAL_RCCEx_LSECSS_IRQHandler:00000000 $t
     /tmp/cc57xY0v.s:659    .text.HAL_RCCEx_LSECSS_IRQHandler:00000000 HAL_RCCEx_LSECSS_IRQHandler
     /tmp/cc57xY0v.s:676    .text.HAL_RCCEx_LSECSS_IRQHandler:00000014 $d

UNDEFINED SYMBOLS
HAL_GetTick
__gnu_thumb1_case_uqi
HAL_RCC_GetPCLK2Freq
HAL_RCC_GetSysClockFreq
HAL_RCC_GetPCLK1Freq
