ARM GAS  /tmp/ccfY7scs.s 			page 1


   1              		.cpu cortex-m0
   2              		.arch armv6s-m
   3              		.fpu softvfp
   4              		.eabi_attribute 23, 1
   5              		.eabi_attribute 24, 1
   6              		.eabi_attribute 25, 1
   7              		.eabi_attribute 26, 1
   8              		.eabi_attribute 30, 4
   9              		.eabi_attribute 34, 0
  10              		.eabi_attribute 18, 4
  11              		.file	"stm32l0xx_hal_lptim.c"
  12              		.text
  13              		.global	__aeabi_uidiv
  14              		.section	.text.LPTIM_WaitForFlag,"ax",%progbits
  15              		.align	1
  16              		.syntax unified
  17              		.code	16
  18              		.thumb_func
  20              	LPTIM_WaitForFlag:
  21              		@ args = 0, pretend = 0, frame = 0
  22              		@ frame_needed = 0, uses_anonymous_args = 0
  23 0000 0C4B     		ldr	r3, .L7
  24 0002 70B5     		push	{r4, r5, r6, lr}
  25 0004 0500     		movs	r5, r0
  26 0006 0C00     		movs	r4, r1
  27 0008 1868     		ldr	r0, [r3]
  28 000a 0B49     		ldr	r1, .L7+4
  29 000c FFF7FEFF 		bl	__aeabi_uidiv
  30 0010 FA23     		movs	r3, #250
  31 0012 9B00     		lsls	r3, r3, #2
  32 0014 4343     		muls	r3, r0
  33 0016 2968     		ldr	r1, [r5]
  34 0018 0020     		movs	r0, #0
  35 001a 0325     		movs	r5, #3
  36              	.L4:
  37 001c 013B     		subs	r3, r3, #1
  38 001e 002B     		cmp	r3, #0
  39 0020 00D1     		bne	.L2
  40 0022 2800     		movs	r0, r5
  41              	.L2:
  42 0024 0A68     		ldr	r2, [r1]
  43 0026 2240     		ands	r2, r4
  44 0028 A242     		cmp	r2, r4
  45 002a 01D0     		beq	.L3
  46 002c 002B     		cmp	r3, #0
  47 002e F5D1     		bne	.L4
  48              	.L3:
  49              		@ sp needed
  50 0030 70BD     		pop	{r4, r5, r6, pc}
  51              	.L8:
  52 0032 C046     		.align	2
  53              	.L7:
  54 0034 00000000 		.word	SystemCoreClock
  55 0038 204E0000 		.word	20000
  57              		.section	.text.HAL_LPTIM_MspInit,"ax",%progbits
  58              		.align	1
  59              		.weak	HAL_LPTIM_MspInit
ARM GAS  /tmp/ccfY7scs.s 			page 2


  60              		.syntax unified
  61              		.code	16
  62              		.thumb_func
  64              	HAL_LPTIM_MspInit:
  65              		@ args = 0, pretend = 0, frame = 0
  66              		@ frame_needed = 0, uses_anonymous_args = 0
  67              		@ link register save eliminated.
  68              		@ sp needed
  69 0000 7047     		bx	lr
  71              		.section	.text.HAL_LPTIM_Init,"ax",%progbits
  72              		.align	1
  73              		.global	HAL_LPTIM_Init
  74              		.syntax unified
  75              		.code	16
  76              		.thumb_func
  78              	HAL_LPTIM_Init:
  79              		@ args = 0, pretend = 0, frame = 8
  80              		@ frame_needed = 0, uses_anonymous_args = 0
  81 0000 F7B5     		push	{r0, r1, r2, r4, r5, r6, r7, lr}
  82 0002 0400     		movs	r4, r0
  83 0004 0120     		movs	r0, #1
  84 0006 002C     		cmp	r4, #0
  85 0008 44D0     		beq	.L11
  86 000a 2500     		movs	r5, r4
  87 000c 2E35     		adds	r5, r5, #46
  88 000e 2B78     		ldrb	r3, [r5]
  89 0010 DAB2     		uxtb	r2, r3
  90 0012 002B     		cmp	r3, #0
  91 0014 05D1     		bne	.L12
  92 0016 2300     		movs	r3, r4
  93 0018 2D33     		adds	r3, r3, #45
  94 001a 2000     		movs	r0, r4
  95 001c 1A70     		strb	r2, [r3]
  96 001e FFF7FEFF 		bl	HAL_LPTIM_MspInit
  97              	.L12:
  98 0022 0223     		movs	r3, #2
  99 0024 2B70     		strb	r3, [r5]
 100 0026 2668     		ldr	r6, [r4]
 101 0028 6168     		ldr	r1, [r4, #4]
 102 002a F368     		ldr	r3, [r6, #12]
 103 002c A06A     		ldr	r0, [r4, #40]
 104 002e 0129     		cmp	r1, #1
 105 0030 03D0     		beq	.L13
 106 0032 8022     		movs	r2, #128
 107 0034 1204     		lsls	r2, r2, #16
 108 0036 9042     		cmp	r0, r2
 109 0038 01D1     		bne	.L14
 110              	.L13:
 111 003a 1E22     		movs	r2, #30
 112 003c 9343     		bics	r3, r2
 113              	.L14:
 114 003e 6269     		ldr	r2, [r4, #20]
 115 0040 184F     		ldr	r7, .L28
 116 0042 BA42     		cmp	r2, r7
 117 0044 01D0     		beq	.L15
 118 0046 184F     		ldr	r7, .L28+4
 119 0048 3B40     		ands	r3, r7
ARM GAS  /tmp/ccfY7scs.s 			page 3


 120              	.L15:
 121 004a 184F     		ldr	r7, .L28+8
 122 004c 1F40     		ands	r7, r3
 123 004e A368     		ldr	r3, [r4, #8]
 124 0050 0197     		str	r7, [sp, #4]
 125 0052 9C46     		mov	ip, r3
 126 0054 0B00     		movs	r3, r1
 127 0056 6746     		mov	r7, ip
 128 0058 0343     		orrs	r3, r0
 129 005a 1F43     		orrs	r7, r3
 130 005c 236A     		ldr	r3, [r4, #32]
 131 005e 3B43     		orrs	r3, r7
 132 0060 676A     		ldr	r7, [r4, #36]
 133 0062 3B43     		orrs	r3, r7
 134 0064 019F     		ldr	r7, [sp, #4]
 135 0066 3B43     		orrs	r3, r7
 136 0068 0029     		cmp	r1, #0
 137 006a 14D1     		bne	.L16
 138 006c E169     		ldr	r1, [r4, #28]
 139 006e 2769     		ldr	r7, [r4, #16]
 140 0070 3943     		orrs	r1, r7
 141 0072 0B43     		orrs	r3, r1
 142              	.L17:
 143 0074 8021     		movs	r1, #128
 144 0076 0904     		lsls	r1, r1, #16
 145 0078 8842     		cmp	r0, r1
 146 007a 0ED0     		beq	.L18
 147              	.L19:
 148 007c 0949     		ldr	r1, .L28
 149 007e 8A42     		cmp	r2, r1
 150 0080 04D0     		beq	.L20
 151 0082 A169     		ldr	r1, [r4, #24]
 152 0084 0A43     		orrs	r2, r1
 153 0086 E169     		ldr	r1, [r4, #28]
 154 0088 0A43     		orrs	r2, r1
 155 008a 1343     		orrs	r3, r2
 156              	.L20:
 157 008c F360     		str	r3, [r6, #12]
 158 008e 0123     		movs	r3, #1
 159 0090 0020     		movs	r0, #0
 160 0092 2B70     		strb	r3, [r5]
 161              	.L11:
 162              		@ sp needed
 163 0094 FEBD     		pop	{r1, r2, r3, r4, r5, r6, r7, pc}
 164              	.L16:
 165 0096 0129     		cmp	r1, #1
 166 0098 ECD1     		bne	.L17
 167              	.L18:
 168 009a E168     		ldr	r1, [r4, #12]
 169 009c 2069     		ldr	r0, [r4, #16]
 170 009e 0143     		orrs	r1, r0
 171 00a0 0B43     		orrs	r3, r1
 172 00a2 EBE7     		b	.L19
 173              	.L29:
 174              		.align	2
 175              	.L28:
 176 00a4 FFFF0000 		.word	65535
ARM GAS  /tmp/ccfY7scs.s 			page 4


 177 00a8 3F1FFFFF 		.word	-57537
 178 00ac FEF119FF 		.word	-15076866
 180              		.section	.text.HAL_LPTIM_MspDeInit,"ax",%progbits
 181              		.align	1
 182              		.weak	HAL_LPTIM_MspDeInit
 183              		.syntax unified
 184              		.code	16
 185              		.thumb_func
 187              	HAL_LPTIM_MspDeInit:
 188              		@ args = 0, pretend = 0, frame = 0
 189              		@ frame_needed = 0, uses_anonymous_args = 0
 190              		@ link register save eliminated.
 191              		@ sp needed
 192 0000 7047     		bx	lr
 194              		.section	.text.HAL_LPTIM_PWM_Start,"ax",%progbits
 195              		.align	1
 196              		.global	HAL_LPTIM_PWM_Start
 197              		.syntax unified
 198              		.code	16
 199              		.thumb_func
 201              	HAL_LPTIM_PWM_Start:
 202              		@ args = 0, pretend = 0, frame = 8
 203              		@ frame_needed = 0, uses_anonymous_args = 0
 204 0000 F7B5     		push	{r0, r1, r2, r4, r5, r6, r7, lr}
 205 0002 0600     		movs	r6, r0
 206 0004 0192     		str	r2, [sp, #4]
 207 0006 0222     		movs	r2, #2
 208 0008 2E36     		adds	r6, r6, #46
 209 000a 3270     		strb	r2, [r6]
 210 000c 0468     		ldr	r4, [r0]
 211 000e 0B00     		movs	r3, r1
 212 0010 E268     		ldr	r2, [r4, #12]
 213 0012 1049     		ldr	r1, .L38
 214 0014 0127     		movs	r7, #1
 215 0016 0A40     		ands	r2, r1
 216 0018 1021     		movs	r1, #16
 217 001a E260     		str	r2, [r4, #12]
 218 001c 2269     		ldr	r2, [r4, #16]
 219 001e 0500     		movs	r5, r0
 220 0020 3A43     		orrs	r2, r7
 221 0022 2261     		str	r2, [r4, #16]
 222 0024 6160     		str	r1, [r4, #4]
 223 0026 A361     		str	r3, [r4, #24]
 224 0028 FFF7FEFF 		bl	LPTIM_WaitForFlag
 225 002c 0328     		cmp	r0, #3
 226 002e 01D1     		bne	.L32
 227              	.L34:
 228 0030 0320     		movs	r0, #3
 229              	.L33:
 230              		@ sp needed
 231 0032 FEBD     		pop	{r1, r2, r3, r4, r5, r6, r7, pc}
 232              	.L32:
 233 0034 0821     		movs	r1, #8
 234 0036 019B     		ldr	r3, [sp, #4]
 235 0038 6160     		str	r1, [r4, #4]
 236 003a 2800     		movs	r0, r5
 237 003c 6361     		str	r3, [r4, #20]
ARM GAS  /tmp/ccfY7scs.s 			page 5


 238 003e FFF7FEFF 		bl	LPTIM_WaitForFlag
 239 0042 0328     		cmp	r0, #3
 240 0044 F4D0     		beq	.L34
 241 0046 0423     		movs	r3, #4
 242 0048 2269     		ldr	r2, [r4, #16]
 243 004a 0020     		movs	r0, #0
 244 004c 1343     		orrs	r3, r2
 245 004e 2361     		str	r3, [r4, #16]
 246 0050 3770     		strb	r7, [r6]
 247 0052 EEE7     		b	.L33
 248              	.L39:
 249              		.align	2
 250              	.L38:
 251 0054 FFFFEFFF 		.word	-1048577
 253              		.section	.text.HAL_LPTIM_OnePulse_Start,"ax",%progbits
 254              		.align	1
 255              		.global	HAL_LPTIM_OnePulse_Start
 256              		.syntax unified
 257              		.code	16
 258              		.thumb_func
 260              	HAL_LPTIM_OnePulse_Start:
 261              		@ args = 0, pretend = 0, frame = 8
 262              		@ frame_needed = 0, uses_anonymous_args = 0
 263 0000 F7B5     		push	{r0, r1, r2, r4, r5, r6, r7, lr}
 264 0002 0192     		str	r2, [sp, #4]
 265 0004 0200     		movs	r2, r0
 266 0006 0226     		movs	r6, #2
 267 0008 2E32     		adds	r2, r2, #46
 268 000a 1670     		strb	r6, [r2]
 269 000c 0468     		ldr	r4, [r0]
 270 000e 0B00     		movs	r3, r1
 271 0010 0092     		str	r2, [sp]
 272 0012 1149     		ldr	r1, .L47
 273 0014 E268     		ldr	r2, [r4, #12]
 274 0016 0127     		movs	r7, #1
 275 0018 0A40     		ands	r2, r1
 276 001a 1021     		movs	r1, #16
 277 001c E260     		str	r2, [r4, #12]
 278 001e 2269     		ldr	r2, [r4, #16]
 279 0020 0500     		movs	r5, r0
 280 0022 3A43     		orrs	r2, r7
 281 0024 2261     		str	r2, [r4, #16]
 282 0026 6160     		str	r1, [r4, #4]
 283 0028 A361     		str	r3, [r4, #24]
 284 002a FFF7FEFF 		bl	LPTIM_WaitForFlag
 285 002e 0328     		cmp	r0, #3
 286 0030 01D1     		bne	.L41
 287              	.L43:
 288 0032 0320     		movs	r0, #3
 289              	.L42:
 290              		@ sp needed
 291 0034 FEBD     		pop	{r1, r2, r3, r4, r5, r6, r7, pc}
 292              	.L41:
 293 0036 0821     		movs	r1, #8
 294 0038 019B     		ldr	r3, [sp, #4]
 295 003a 6160     		str	r1, [r4, #4]
 296 003c 2800     		movs	r0, r5
ARM GAS  /tmp/ccfY7scs.s 			page 6


 297 003e 6361     		str	r3, [r4, #20]
 298 0040 FFF7FEFF 		bl	LPTIM_WaitForFlag
 299 0044 0328     		cmp	r0, #3
 300 0046 F4D0     		beq	.L43
 301 0048 2369     		ldr	r3, [r4, #16]
 302 004a 0020     		movs	r0, #0
 303 004c 1E43     		orrs	r6, r3
 304 004e 009B     		ldr	r3, [sp]
 305 0050 2661     		str	r6, [r4, #16]
 306 0052 1F70     		strb	r7, [r3]
 307 0054 EEE7     		b	.L42
 308              	.L48:
 309 0056 C046     		.align	2
 310              	.L47:
 311 0058 FFFFEFFF 		.word	-1048577
 313              		.section	.text.HAL_LPTIM_SetOnce_Start,"ax",%progbits
 314              		.align	1
 315              		.global	HAL_LPTIM_SetOnce_Start
 316              		.syntax unified
 317              		.code	16
 318              		.thumb_func
 320              	HAL_LPTIM_SetOnce_Start:
 321              		@ args = 0, pretend = 0, frame = 8
 322              		@ frame_needed = 0, uses_anonymous_args = 0
 323 0000 F7B5     		push	{r0, r1, r2, r4, r5, r6, r7, lr}
 324 0002 0192     		str	r2, [sp, #4]
 325 0004 0200     		movs	r2, r0
 326 0006 0226     		movs	r6, #2
 327 0008 2E32     		adds	r2, r2, #46
 328 000a 1670     		strb	r6, [r2]
 329 000c 0092     		str	r2, [sp]
 330 000e 8022     		movs	r2, #128
 331 0010 0468     		ldr	r4, [r0]
 332 0012 0B00     		movs	r3, r1
 333 0014 E168     		ldr	r1, [r4, #12]
 334 0016 0127     		movs	r7, #1
 335 0018 5203     		lsls	r2, r2, #13
 336 001a 0A43     		orrs	r2, r1
 337 001c 1021     		movs	r1, #16
 338 001e E260     		str	r2, [r4, #12]
 339 0020 2269     		ldr	r2, [r4, #16]
 340 0022 0500     		movs	r5, r0
 341 0024 3A43     		orrs	r2, r7
 342 0026 2261     		str	r2, [r4, #16]
 343 0028 6160     		str	r1, [r4, #4]
 344 002a A361     		str	r3, [r4, #24]
 345 002c FFF7FEFF 		bl	LPTIM_WaitForFlag
 346 0030 0328     		cmp	r0, #3
 347 0032 01D1     		bne	.L50
 348              	.L52:
 349 0034 0320     		movs	r0, #3
 350              	.L51:
 351              		@ sp needed
 352 0036 FEBD     		pop	{r1, r2, r3, r4, r5, r6, r7, pc}
 353              	.L50:
 354 0038 0821     		movs	r1, #8
 355 003a 019B     		ldr	r3, [sp, #4]
ARM GAS  /tmp/ccfY7scs.s 			page 7


 356 003c 6160     		str	r1, [r4, #4]
 357 003e 2800     		movs	r0, r5
 358 0040 6361     		str	r3, [r4, #20]
 359 0042 FFF7FEFF 		bl	LPTIM_WaitForFlag
 360 0046 0328     		cmp	r0, #3
 361 0048 F4D0     		beq	.L52
 362 004a 2369     		ldr	r3, [r4, #16]
 363 004c 0020     		movs	r0, #0
 364 004e 1E43     		orrs	r6, r3
 365 0050 009B     		ldr	r3, [sp]
 366 0052 2661     		str	r6, [r4, #16]
 367 0054 1F70     		strb	r7, [r3]
 368 0056 EEE7     		b	.L51
 370              		.section	.text.HAL_LPTIM_Encoder_Start,"ax",%progbits
 371              		.align	1
 372              		.global	HAL_LPTIM_Encoder_Start
 373              		.syntax unified
 374              		.code	16
 375              		.thumb_func
 377              	HAL_LPTIM_Encoder_Start:
 378              		@ args = 0, pretend = 0, frame = 0
 379              		@ frame_needed = 0, uses_anonymous_args = 0
 380 0000 70B5     		push	{r4, r5, r6, lr}
 381 0002 0500     		movs	r5, r0
 382 0004 0223     		movs	r3, #2
 383 0006 0A00     		movs	r2, r1
 384 0008 0621     		movs	r1, #6
 385 000a 2E35     		adds	r5, r5, #46
 386 000c 2B70     		strb	r3, [r5]
 387 000e 0468     		ldr	r4, [r0]
 388 0010 0126     		movs	r6, #1
 389 0012 E368     		ldr	r3, [r4, #12]
 390 0014 8B43     		bics	r3, r1
 391 0016 C168     		ldr	r1, [r0, #12]
 392 0018 0B43     		orrs	r3, r1
 393 001a E360     		str	r3, [r4, #12]
 394 001c 8023     		movs	r3, #128
 395 001e E168     		ldr	r1, [r4, #12]
 396 0020 5B04     		lsls	r3, r3, #17
 397 0022 0B43     		orrs	r3, r1
 398 0024 1021     		movs	r1, #16
 399 0026 E360     		str	r3, [r4, #12]
 400 0028 2369     		ldr	r3, [r4, #16]
 401 002a 3343     		orrs	r3, r6
 402 002c 2361     		str	r3, [r4, #16]
 403 002e 6160     		str	r1, [r4, #4]
 404 0030 A261     		str	r2, [r4, #24]
 405 0032 FFF7FEFF 		bl	LPTIM_WaitForFlag
 406 0036 0328     		cmp	r0, #3
 407 0038 05D0     		beq	.L57
 408 003a 0423     		movs	r3, #4
 409 003c 0020     		movs	r0, #0
 410 003e 2269     		ldr	r2, [r4, #16]
 411 0040 1343     		orrs	r3, r2
 412 0042 2361     		str	r3, [r4, #16]
 413 0044 2E70     		strb	r6, [r5]
 414              	.L57:
ARM GAS  /tmp/ccfY7scs.s 			page 8


 415              		@ sp needed
 416 0046 70BD     		pop	{r4, r5, r6, pc}
 418              		.section	.text.HAL_LPTIM_TimeOut_Start,"ax",%progbits
 419              		.align	1
 420              		.global	HAL_LPTIM_TimeOut_Start
 421              		.syntax unified
 422              		.code	16
 423              		.thumb_func
 425              	HAL_LPTIM_TimeOut_Start:
 426              		@ args = 0, pretend = 0, frame = 8
 427              		@ frame_needed = 0, uses_anonymous_args = 0
 428 0000 F7B5     		push	{r0, r1, r2, r4, r5, r6, r7, lr}
 429 0002 0600     		movs	r6, r0
 430 0004 0192     		str	r2, [sp, #4]
 431 0006 0222     		movs	r2, #2
 432 0008 2E36     		adds	r6, r6, #46
 433 000a 3270     		strb	r2, [r6]
 434 000c 8022     		movs	r2, #128
 435 000e 0468     		ldr	r4, [r0]
 436 0010 0B00     		movs	r3, r1
 437 0012 E168     		ldr	r1, [r4, #12]
 438 0014 0127     		movs	r7, #1
 439 0016 1203     		lsls	r2, r2, #12
 440 0018 0A43     		orrs	r2, r1
 441 001a 1021     		movs	r1, #16
 442 001c E260     		str	r2, [r4, #12]
 443 001e 2269     		ldr	r2, [r4, #16]
 444 0020 0500     		movs	r5, r0
 445 0022 3A43     		orrs	r2, r7
 446 0024 2261     		str	r2, [r4, #16]
 447 0026 6160     		str	r1, [r4, #4]
 448 0028 A361     		str	r3, [r4, #24]
 449 002a FFF7FEFF 		bl	LPTIM_WaitForFlag
 450 002e 0328     		cmp	r0, #3
 451 0030 01D1     		bne	.L62
 452              	.L64:
 453 0032 0320     		movs	r0, #3
 454              	.L63:
 455              		@ sp needed
 456 0034 FEBD     		pop	{r1, r2, r3, r4, r5, r6, r7, pc}
 457              	.L62:
 458 0036 0821     		movs	r1, #8
 459 0038 019B     		ldr	r3, [sp, #4]
 460 003a 6160     		str	r1, [r4, #4]
 461 003c 2800     		movs	r0, r5
 462 003e 6361     		str	r3, [r4, #20]
 463 0040 FFF7FEFF 		bl	LPTIM_WaitForFlag
 464 0044 0328     		cmp	r0, #3
 465 0046 F4D0     		beq	.L64
 466 0048 0423     		movs	r3, #4
 467 004a 2269     		ldr	r2, [r4, #16]
 468 004c 0020     		movs	r0, #0
 469 004e 1343     		orrs	r3, r2
 470 0050 2361     		str	r3, [r4, #16]
 471 0052 3770     		strb	r7, [r6]
 472 0054 EEE7     		b	.L63
 474              		.section	.text.HAL_LPTIM_Counter_Start,"ax",%progbits
ARM GAS  /tmp/ccfY7scs.s 			page 9


 475              		.align	1
 476              		.global	HAL_LPTIM_Counter_Start
 477              		.syntax unified
 478              		.code	16
 479              		.thumb_func
 481              	HAL_LPTIM_Counter_Start:
 482              		@ args = 0, pretend = 0, frame = 0
 483              		@ frame_needed = 0, uses_anonymous_args = 0
 484 0000 70B5     		push	{r4, r5, r6, lr}
 485 0002 0500     		movs	r5, r0
 486 0004 0222     		movs	r2, #2
 487 0006 2E35     		adds	r5, r5, #46
 488 0008 2A70     		strb	r2, [r5]
 489 000a 4268     		ldr	r2, [r0, #4]
 490 000c 0B00     		movs	r3, r1
 491 000e 0468     		ldr	r4, [r0]
 492 0010 012A     		cmp	r2, #1
 493 0012 08D0     		beq	.L69
 494 0014 8022     		movs	r2, #128
 495 0016 816A     		ldr	r1, [r0, #40]
 496 0018 1204     		lsls	r2, r2, #16
 497 001a 9142     		cmp	r1, r2
 498 001c 03D1     		bne	.L69
 499 001e E268     		ldr	r2, [r4, #12]
 500 0020 0A49     		ldr	r1, .L77
 501 0022 0A40     		ands	r2, r1
 502 0024 E260     		str	r2, [r4, #12]
 503              	.L69:
 504 0026 0126     		movs	r6, #1
 505 0028 1021     		movs	r1, #16
 506 002a 2269     		ldr	r2, [r4, #16]
 507 002c 3243     		orrs	r2, r6
 508 002e 2261     		str	r2, [r4, #16]
 509 0030 6160     		str	r1, [r4, #4]
 510 0032 A361     		str	r3, [r4, #24]
 511 0034 FFF7FEFF 		bl	LPTIM_WaitForFlag
 512 0038 0328     		cmp	r0, #3
 513 003a 05D0     		beq	.L70
 514 003c 0423     		movs	r3, #4
 515 003e 0020     		movs	r0, #0
 516 0040 2269     		ldr	r2, [r4, #16]
 517 0042 1343     		orrs	r3, r2
 518 0044 2361     		str	r3, [r4, #16]
 519 0046 2E70     		strb	r6, [r5]
 520              	.L70:
 521              		@ sp needed
 522 0048 70BD     		pop	{r4, r5, r6, pc}
 523              	.L78:
 524 004a C046     		.align	2
 525              	.L77:
 526 004c FFF1FFFF 		.word	-3585
 528              		.section	.text.HAL_LPTIM_ReadCounter,"ax",%progbits
 529              		.align	1
 530              		.global	HAL_LPTIM_ReadCounter
 531              		.syntax unified
 532              		.code	16
 533              		.thumb_func
ARM GAS  /tmp/ccfY7scs.s 			page 10


 535              	HAL_LPTIM_ReadCounter:
 536              		@ args = 0, pretend = 0, frame = 0
 537              		@ frame_needed = 0, uses_anonymous_args = 0
 538              		@ link register save eliminated.
 539 0000 0368     		ldr	r3, [r0]
 540              		@ sp needed
 541 0002 D869     		ldr	r0, [r3, #28]
 542 0004 7047     		bx	lr
 544              		.section	.text.HAL_LPTIM_ReadAutoReload,"ax",%progbits
 545              		.align	1
 546              		.global	HAL_LPTIM_ReadAutoReload
 547              		.syntax unified
 548              		.code	16
 549              		.thumb_func
 551              	HAL_LPTIM_ReadAutoReload:
 552              		@ args = 0, pretend = 0, frame = 0
 553              		@ frame_needed = 0, uses_anonymous_args = 0
 554              		@ link register save eliminated.
 555 0000 0368     		ldr	r3, [r0]
 556              		@ sp needed
 557 0002 9869     		ldr	r0, [r3, #24]
 558 0004 7047     		bx	lr
 560              		.section	.text.HAL_LPTIM_ReadCompare,"ax",%progbits
 561              		.align	1
 562              		.global	HAL_LPTIM_ReadCompare
 563              		.syntax unified
 564              		.code	16
 565              		.thumb_func
 567              	HAL_LPTIM_ReadCompare:
 568              		@ args = 0, pretend = 0, frame = 0
 569              		@ frame_needed = 0, uses_anonymous_args = 0
 570              		@ link register save eliminated.
 571 0000 0368     		ldr	r3, [r0]
 572              		@ sp needed
 573 0002 5869     		ldr	r0, [r3, #20]
 574 0004 7047     		bx	lr
 576              		.section	.text.HAL_LPTIM_CompareMatchCallback,"ax",%progbits
 577              		.align	1
 578              		.weak	HAL_LPTIM_CompareMatchCallback
 579              		.syntax unified
 580              		.code	16
 581              		.thumb_func
 583              	HAL_LPTIM_CompareMatchCallback:
 584              		@ args = 0, pretend = 0, frame = 0
 585              		@ frame_needed = 0, uses_anonymous_args = 0
 586              		@ link register save eliminated.
 587              		@ sp needed
 588 0000 7047     		bx	lr
 590              		.section	.text.HAL_LPTIM_AutoReloadMatchCallback,"ax",%progbits
 591              		.align	1
 592              		.weak	HAL_LPTIM_AutoReloadMatchCallback
 593              		.syntax unified
 594              		.code	16
 595              		.thumb_func
 597              	HAL_LPTIM_AutoReloadMatchCallback:
 598              		@ args = 0, pretend = 0, frame = 0
 599              		@ frame_needed = 0, uses_anonymous_args = 0
ARM GAS  /tmp/ccfY7scs.s 			page 11


 600              		@ link register save eliminated.
 601              		@ sp needed
 602 0000 7047     		bx	lr
 604              		.section	.text.HAL_LPTIM_TriggerCallback,"ax",%progbits
 605              		.align	1
 606              		.weak	HAL_LPTIM_TriggerCallback
 607              		.syntax unified
 608              		.code	16
 609              		.thumb_func
 611              	HAL_LPTIM_TriggerCallback:
 612              		@ args = 0, pretend = 0, frame = 0
 613              		@ frame_needed = 0, uses_anonymous_args = 0
 614              		@ link register save eliminated.
 615              		@ sp needed
 616 0000 7047     		bx	lr
 618              		.section	.text.HAL_LPTIM_CompareWriteCallback,"ax",%progbits
 619              		.align	1
 620              		.weak	HAL_LPTIM_CompareWriteCallback
 621              		.syntax unified
 622              		.code	16
 623              		.thumb_func
 625              	HAL_LPTIM_CompareWriteCallback:
 626              		@ args = 0, pretend = 0, frame = 0
 627              		@ frame_needed = 0, uses_anonymous_args = 0
 628              		@ link register save eliminated.
 629              		@ sp needed
 630 0000 7047     		bx	lr
 632              		.section	.text.HAL_LPTIM_AutoReloadWriteCallback,"ax",%progbits
 633              		.align	1
 634              		.weak	HAL_LPTIM_AutoReloadWriteCallback
 635              		.syntax unified
 636              		.code	16
 637              		.thumb_func
 639              	HAL_LPTIM_AutoReloadWriteCallback:
 640              		@ args = 0, pretend = 0, frame = 0
 641              		@ frame_needed = 0, uses_anonymous_args = 0
 642              		@ link register save eliminated.
 643              		@ sp needed
 644 0000 7047     		bx	lr
 646              		.section	.text.HAL_LPTIM_DirectionUpCallback,"ax",%progbits
 647              		.align	1
 648              		.weak	HAL_LPTIM_DirectionUpCallback
 649              		.syntax unified
 650              		.code	16
 651              		.thumb_func
 653              	HAL_LPTIM_DirectionUpCallback:
 654              		@ args = 0, pretend = 0, frame = 0
 655              		@ frame_needed = 0, uses_anonymous_args = 0
 656              		@ link register save eliminated.
 657              		@ sp needed
 658 0000 7047     		bx	lr
 660              		.section	.text.HAL_LPTIM_DirectionDownCallback,"ax",%progbits
 661              		.align	1
 662              		.weak	HAL_LPTIM_DirectionDownCallback
 663              		.syntax unified
 664              		.code	16
 665              		.thumb_func
ARM GAS  /tmp/ccfY7scs.s 			page 12


 667              	HAL_LPTIM_DirectionDownCallback:
 668              		@ args = 0, pretend = 0, frame = 0
 669              		@ frame_needed = 0, uses_anonymous_args = 0
 670              		@ link register save eliminated.
 671              		@ sp needed
 672 0000 7047     		bx	lr
 674              		.section	.text.HAL_LPTIM_IRQHandler,"ax",%progbits
 675              		.align	1
 676              		.global	HAL_LPTIM_IRQHandler
 677              		.syntax unified
 678              		.code	16
 679              		.thumb_func
 681              	HAL_LPTIM_IRQHandler:
 682              		@ args = 0, pretend = 0, frame = 0
 683              		@ frame_needed = 0, uses_anonymous_args = 0
 684 0000 0122     		movs	r2, #1
 685 0002 0368     		ldr	r3, [r0]
 686 0004 10B5     		push	{r4, lr}
 687 0006 1968     		ldr	r1, [r3]
 688 0008 0400     		movs	r4, r0
 689 000a 1142     		tst	r1, r2
 690 000c 05D0     		beq	.L90
 691 000e 9968     		ldr	r1, [r3, #8]
 692 0010 1142     		tst	r1, r2
 693 0012 02D0     		beq	.L90
 694 0014 5A60     		str	r2, [r3, #4]
 695 0016 FFF7FEFF 		bl	HAL_LPTIM_CompareMatchCallback
 696              	.L90:
 697 001a 0222     		movs	r2, #2
 698 001c 2368     		ldr	r3, [r4]
 699 001e 1968     		ldr	r1, [r3]
 700 0020 1142     		tst	r1, r2
 701 0022 06D0     		beq	.L91
 702 0024 9968     		ldr	r1, [r3, #8]
 703 0026 1142     		tst	r1, r2
 704 0028 03D0     		beq	.L91
 705 002a 2000     		movs	r0, r4
 706 002c 5A60     		str	r2, [r3, #4]
 707 002e FFF7FEFF 		bl	HAL_LPTIM_AutoReloadMatchCallback
 708              	.L91:
 709 0032 0422     		movs	r2, #4
 710 0034 2368     		ldr	r3, [r4]
 711 0036 1968     		ldr	r1, [r3]
 712 0038 1142     		tst	r1, r2
 713 003a 06D0     		beq	.L92
 714 003c 9968     		ldr	r1, [r3, #8]
 715 003e 1142     		tst	r1, r2
 716 0040 03D0     		beq	.L92
 717 0042 2000     		movs	r0, r4
 718 0044 5A60     		str	r2, [r3, #4]
 719 0046 FFF7FEFF 		bl	HAL_LPTIM_TriggerCallback
 720              	.L92:
 721 004a 0822     		movs	r2, #8
 722 004c 2368     		ldr	r3, [r4]
 723 004e 1968     		ldr	r1, [r3]
 724 0050 1142     		tst	r1, r2
 725 0052 06D0     		beq	.L93
ARM GAS  /tmp/ccfY7scs.s 			page 13


 726 0054 9968     		ldr	r1, [r3, #8]
 727 0056 1142     		tst	r1, r2
 728 0058 03D0     		beq	.L93
 729 005a 2000     		movs	r0, r4
 730 005c 5A60     		str	r2, [r3, #4]
 731 005e FFF7FEFF 		bl	HAL_LPTIM_CompareWriteCallback
 732              	.L93:
 733 0062 1022     		movs	r2, #16
 734 0064 2368     		ldr	r3, [r4]
 735 0066 1968     		ldr	r1, [r3]
 736 0068 1142     		tst	r1, r2
 737 006a 06D0     		beq	.L94
 738 006c 9968     		ldr	r1, [r3, #8]
 739 006e 1142     		tst	r1, r2
 740 0070 03D0     		beq	.L94
 741 0072 2000     		movs	r0, r4
 742 0074 5A60     		str	r2, [r3, #4]
 743 0076 FFF7FEFF 		bl	HAL_LPTIM_AutoReloadWriteCallback
 744              	.L94:
 745 007a 2022     		movs	r2, #32
 746 007c 2368     		ldr	r3, [r4]
 747 007e 1968     		ldr	r1, [r3]
 748 0080 1142     		tst	r1, r2
 749 0082 06D0     		beq	.L95
 750 0084 9968     		ldr	r1, [r3, #8]
 751 0086 1142     		tst	r1, r2
 752 0088 03D0     		beq	.L95
 753 008a 2000     		movs	r0, r4
 754 008c 5A60     		str	r2, [r3, #4]
 755 008e FFF7FEFF 		bl	HAL_LPTIM_DirectionUpCallback
 756              	.L95:
 757 0092 4022     		movs	r2, #64
 758 0094 2368     		ldr	r3, [r4]
 759 0096 1968     		ldr	r1, [r3]
 760 0098 1142     		tst	r1, r2
 761 009a 06D0     		beq	.L89
 762 009c 9968     		ldr	r1, [r3, #8]
 763 009e 1142     		tst	r1, r2
 764 00a0 03D0     		beq	.L89
 765 00a2 2000     		movs	r0, r4
 766 00a4 5A60     		str	r2, [r3, #4]
 767 00a6 FFF7FEFF 		bl	HAL_LPTIM_DirectionDownCallback
 768              	.L89:
 769              		@ sp needed
 770 00aa 10BD     		pop	{r4, pc}
 772              		.section	.text.HAL_LPTIM_GetState,"ax",%progbits
 773              		.align	1
 774              		.global	HAL_LPTIM_GetState
 775              		.syntax unified
 776              		.code	16
 777              		.thumb_func
 779              	HAL_LPTIM_GetState:
 780              		@ args = 0, pretend = 0, frame = 0
 781              		@ frame_needed = 0, uses_anonymous_args = 0
 782              		@ link register save eliminated.
 783 0000 2E30     		adds	r0, r0, #46
 784 0002 0078     		ldrb	r0, [r0]
ARM GAS  /tmp/ccfY7scs.s 			page 14


 785              		@ sp needed
 786 0004 C0B2     		uxtb	r0, r0
 787 0006 7047     		bx	lr
 789              		.section	.text.LPTIM_Disable,"ax",%progbits
 790              		.align	1
 791              		.global	LPTIM_Disable
 792              		.syntax unified
 793              		.code	16
 794              		.thumb_func
 796              	LPTIM_Disable:
 797              		@ args = 0, pretend = 0, frame = 16
 798              		@ frame_needed = 0, uses_anonymous_args = 0
 799 0000 F0B5     		push	{r4, r5, r6, r7, lr}
 800 0002 0500     		movs	r5, r0
 801 0004 85B0     		sub	sp, sp, #20
 802              		.syntax divided
 803              	@ 209 "bsp_l0/mcu_drivers/cmsis/Core/Include/cmsis_gcc.h" 1
 804 0006 72B6     		cpsid i
 805              	@ 0 "" 2
 806              		.thumb
 807              		.syntax unified
 808 0008 0023     		movs	r3, #0
 809 000a 0468     		ldr	r4, [r0]
 810 000c 2E4E     		ldr	r6, .L158
 811 000e 0193     		str	r3, [sp, #4]
 812 0010 B442     		cmp	r4, r6
 813 0012 05D1     		bne	.L141
 814 0014 2D4B     		ldr	r3, .L158+4
 815 0016 DA6C     		ldr	r2, [r3, #76]
 816 0018 C023     		movs	r3, #192
 817 001a 1B03     		lsls	r3, r3, #12
 818 001c 1A40     		ands	r2, r3
 819 001e 0192     		str	r2, [sp, #4]
 820              	.L141:
 821 0020 A368     		ldr	r3, [r4, #8]
 822 0022 0293     		str	r3, [sp, #8]
 823 0024 E368     		ldr	r3, [r4, #12]
 824 0026 6169     		ldr	r1, [r4, #20]
 825 0028 0393     		str	r3, [sp, #12]
 826 002a A769     		ldr	r7, [r4, #24]
 827 002c B442     		cmp	r4, r6
 828 002e 09D1     		bne	.L142
 829 0030 8023     		movs	r3, #128
 830 0032 264A     		ldr	r2, .L158+4
 831 0034 1B06     		lsls	r3, r3, #24
 832 0036 906A     		ldr	r0, [r2, #40]
 833 0038 0343     		orrs	r3, r0
 834 003a 9362     		str	r3, [r2, #40]
 835 003c 936A     		ldr	r3, [r2, #40]
 836 003e 5B00     		lsls	r3, r3, #1
 837 0040 5B08     		lsrs	r3, r3, #1
 838 0042 9362     		str	r3, [r2, #40]
 839              	.L142:
 840 0044 0B00     		movs	r3, r1
 841 0046 3B43     		orrs	r3, r7
 842 0048 32D0     		beq	.L144
 843 004a B442     		cmp	r4, r6
ARM GAS  /tmp/ccfY7scs.s 			page 15


 844 004c 04D1     		bne	.L145
 845 004e 1F4A     		ldr	r2, .L158+4
 846 0050 1F48     		ldr	r0, .L158+8
 847 0052 D36C     		ldr	r3, [r2, #76]
 848 0054 0340     		ands	r3, r0
 849 0056 D364     		str	r3, [r2, #76]
 850              	.L145:
 851 0058 0029     		cmp	r1, #0
 852 005a 0FD0     		beq	.L146
 853 005c 0123     		movs	r3, #1
 854 005e 2269     		ldr	r2, [r4, #16]
 855 0060 2800     		movs	r0, r5
 856 0062 1343     		orrs	r3, r2
 857 0064 2361     		str	r3, [r4, #16]
 858 0066 6161     		str	r1, [r4, #20]
 859 0068 0821     		movs	r1, #8
 860 006a FFF7FEFF 		bl	LPTIM_WaitForFlag
 861 006e 0328     		cmp	r0, #3
 862 0070 02D1     		bne	.L147
 863 0072 2B00     		movs	r3, r5
 864 0074 2E33     		adds	r3, r3, #46
 865 0076 1870     		strb	r0, [r3]
 866              	.L147:
 867 0078 0823     		movs	r3, #8
 868 007a 6360     		str	r3, [r4, #4]
 869              	.L146:
 870 007c 002F     		cmp	r7, #0
 871 007e 0ED0     		beq	.L148
 872 0080 0123     		movs	r3, #1
 873 0082 2269     		ldr	r2, [r4, #16]
 874 0084 1021     		movs	r1, #16
 875 0086 1343     		orrs	r3, r2
 876 0088 2361     		str	r3, [r4, #16]
 877 008a 2800     		movs	r0, r5
 878 008c A761     		str	r7, [r4, #24]
 879 008e FFF7FEFF 		bl	LPTIM_WaitForFlag
 880 0092 0328     		cmp	r0, #3
 881 0094 01D1     		bne	.L149
 882 0096 2E35     		adds	r5, r5, #46
 883 0098 2870     		strb	r0, [r5]
 884              	.L149:
 885 009a 1023     		movs	r3, #16
 886 009c 6360     		str	r3, [r4, #4]
 887              	.L148:
 888 009e B442     		cmp	r4, r6
 889 00a0 06D1     		bne	.L144
 890 00a2 0A4A     		ldr	r2, .L158+4
 891 00a4 0A49     		ldr	r1, .L158+8
 892 00a6 D36C     		ldr	r3, [r2, #76]
 893 00a8 0B40     		ands	r3, r1
 894 00aa 0199     		ldr	r1, [sp, #4]
 895 00ac 0B43     		orrs	r3, r1
 896 00ae D364     		str	r3, [r2, #76]
 897              	.L144:
 898 00b0 0122     		movs	r2, #1
 899 00b2 2369     		ldr	r3, [r4, #16]
 900 00b4 9343     		bics	r3, r2
ARM GAS  /tmp/ccfY7scs.s 			page 16


 901 00b6 2361     		str	r3, [r4, #16]
 902 00b8 029B     		ldr	r3, [sp, #8]
 903 00ba A360     		str	r3, [r4, #8]
 904 00bc 039B     		ldr	r3, [sp, #12]
 905 00be E360     		str	r3, [r4, #12]
 906              		.syntax divided
 907              	@ 198 "bsp_l0/mcu_drivers/cmsis/Core/Include/cmsis_gcc.h" 1
 908 00c0 62B6     		cpsie i
 909              	@ 0 "" 2
 910              		.thumb
 911              		.syntax unified
 912 00c2 05B0     		add	sp, sp, #20
 913              		@ sp needed
 914 00c4 F0BD     		pop	{r4, r5, r6, r7, pc}
 915              	.L159:
 916 00c6 C046     		.align	2
 917              	.L158:
 918 00c8 007C0040 		.word	1073773568
 919 00cc 00100240 		.word	1073876992
 920 00d0 FFFFF3FF 		.word	-786433
 922              		.section	.text.HAL_LPTIM_DeInit,"ax",%progbits
 923              		.align	1
 924              		.global	HAL_LPTIM_DeInit
 925              		.syntax unified
 926              		.code	16
 927              		.thumb_func
 929              	HAL_LPTIM_DeInit:
 930              		@ args = 0, pretend = 0, frame = 0
 931              		@ frame_needed = 0, uses_anonymous_args = 0
 932 0000 70B5     		push	{r4, r5, r6, lr}
 933 0002 0400     		movs	r4, r0
 934 0004 0120     		movs	r0, #1
 935 0006 002C     		cmp	r4, #0
 936 0008 11D0     		beq	.L161
 937 000a 2500     		movs	r5, r4
 938 000c 0223     		movs	r3, #2
 939 000e 2E35     		adds	r5, r5, #46
 940 0010 2000     		movs	r0, r4
 941 0012 2B70     		strb	r3, [r5]
 942 0014 FFF7FEFF 		bl	LPTIM_Disable
 943 0018 2B78     		ldrb	r3, [r5]
 944 001a D8B2     		uxtb	r0, r3
 945 001c 032B     		cmp	r3, #3
 946 001e 06D0     		beq	.L161
 947 0020 2000     		movs	r0, r4
 948 0022 FFF7FEFF 		bl	HAL_LPTIM_MspDeInit
 949 0026 0020     		movs	r0, #0
 950 0028 2D34     		adds	r4, r4, #45
 951 002a 2870     		strb	r0, [r5]
 952 002c 2070     		strb	r0, [r4]
 953              	.L161:
 954              		@ sp needed
 955 002e 70BD     		pop	{r4, r5, r6, pc}
 957              		.section	.text.HAL_LPTIM_PWM_Stop,"ax",%progbits
 958              		.align	1
 959              		.global	HAL_LPTIM_PWM_Stop
 960              		.syntax unified
ARM GAS  /tmp/ccfY7scs.s 			page 17


 961              		.code	16
 962              		.thumb_func
 964              	HAL_LPTIM_PWM_Stop:
 965              		@ args = 0, pretend = 0, frame = 0
 966              		@ frame_needed = 0, uses_anonymous_args = 0
 967 0000 10B5     		push	{r4, lr}
 968 0002 0400     		movs	r4, r0
 969 0004 0223     		movs	r3, #2
 970 0006 2E34     		adds	r4, r4, #46
 971 0008 2370     		strb	r3, [r4]
 972 000a FFF7FEFF 		bl	LPTIM_Disable
 973 000e 2378     		ldrb	r3, [r4]
 974 0010 D8B2     		uxtb	r0, r3
 975 0012 032B     		cmp	r3, #3
 976 0014 02D0     		beq	.L167
 977 0016 0123     		movs	r3, #1
 978 0018 0020     		movs	r0, #0
 979 001a 2370     		strb	r3, [r4]
 980              	.L167:
 981              		@ sp needed
 982 001c 10BD     		pop	{r4, pc}
 984              		.section	.text.HAL_LPTIM_OnePulse_Stop,"ax",%progbits
 985              		.align	1
 986              		.global	HAL_LPTIM_OnePulse_Stop
 987              		.syntax unified
 988              		.code	16
 989              		.thumb_func
 991              	HAL_LPTIM_OnePulse_Stop:
 992              		@ args = 0, pretend = 0, frame = 0
 993              		@ frame_needed = 0, uses_anonymous_args = 0
 994 0000 10B5     		push	{r4, lr}
 995 0002 FFF7FEFF 		bl	HAL_LPTIM_PWM_Stop
 996              		@ sp needed
 997 0006 10BD     		pop	{r4, pc}
 999              		.section	.text.HAL_LPTIM_SetOnce_Stop,"ax",%progbits
 1000              		.align	1
 1001              		.global	HAL_LPTIM_SetOnce_Stop
 1002              		.syntax unified
 1003              		.code	16
 1004              		.thumb_func
 1006              	HAL_LPTIM_SetOnce_Stop:
 1007              		@ args = 0, pretend = 0, frame = 0
 1008              		@ frame_needed = 0, uses_anonymous_args = 0
 1009 0000 10B5     		push	{r4, lr}
 1010 0002 FFF7FEFF 		bl	HAL_LPTIM_PWM_Stop
 1011              		@ sp needed
 1012 0006 10BD     		pop	{r4, pc}
 1014              		.section	.text.HAL_LPTIM_Counter_Stop,"ax",%progbits
 1015              		.align	1
 1016              		.global	HAL_LPTIM_Counter_Stop
 1017              		.syntax unified
 1018              		.code	16
 1019              		.thumb_func
 1021              	HAL_LPTIM_Counter_Stop:
 1022              		@ args = 0, pretend = 0, frame = 0
 1023              		@ frame_needed = 0, uses_anonymous_args = 0
 1024 0000 10B5     		push	{r4, lr}
ARM GAS  /tmp/ccfY7scs.s 			page 18


 1025 0002 FFF7FEFF 		bl	HAL_LPTIM_PWM_Stop
 1026              		@ sp needed
 1027 0006 10BD     		pop	{r4, pc}
 1029              		.section	.text.HAL_LPTIM_PWM_Start_IT,"ax",%progbits
 1030              		.align	1
 1031              		.global	HAL_LPTIM_PWM_Start_IT
 1032              		.syntax unified
 1033              		.code	16
 1034              		.thumb_func
 1036              	HAL_LPTIM_PWM_Start_IT:
 1037              		@ args = 0, pretend = 0, frame = 8
 1038              		@ frame_needed = 0, uses_anonymous_args = 0
 1039 0000 F7B5     		push	{r0, r1, r2, r4, r5, r6, r7, lr}
 1040 0002 0700     		movs	r7, r0
 1041 0004 0223     		movs	r3, #2
 1042 0006 2E37     		adds	r7, r7, #46
 1043 0008 3B70     		strb	r3, [r7]
 1044 000a 0568     		ldr	r5, [r0]
 1045 000c 0192     		str	r2, [sp, #4]
 1046 000e EB68     		ldr	r3, [r5, #12]
 1047 0010 224A     		ldr	r2, .L185
 1048 0012 0400     		movs	r4, r0
 1049 0014 1340     		ands	r3, r2
 1050 0016 0122     		movs	r2, #1
 1051 0018 EB60     		str	r3, [r5, #12]
 1052 001a 2B69     		ldr	r3, [r5, #16]
 1053 001c 1343     		orrs	r3, r2
 1054 001e 2B61     		str	r3, [r5, #16]
 1055 0020 1023     		movs	r3, #16
 1056 0022 6B60     		str	r3, [r5, #4]
 1057 0024 A961     		str	r1, [r5, #24]
 1058 0026 1900     		movs	r1, r3
 1059 0028 FFF7FEFF 		bl	LPTIM_WaitForFlag
 1060 002c 0328     		cmp	r0, #3
 1061 002e 01D1     		bne	.L175
 1062              	.L177:
 1063 0030 0320     		movs	r0, #3
 1064              	.L176:
 1065              		@ sp needed
 1066 0032 FEBD     		pop	{r1, r2, r3, r4, r5, r6, r7, pc}
 1067              	.L175:
 1068 0034 0826     		movs	r6, #8
 1069 0036 019B     		ldr	r3, [sp, #4]
 1070 0038 6E60     		str	r6, [r5, #4]
 1071 003a 3100     		movs	r1, r6
 1072 003c 2000     		movs	r0, r4
 1073 003e 6B61     		str	r3, [r5, #20]
 1074 0040 FFF7FEFF 		bl	LPTIM_WaitForFlag
 1075 0044 0328     		cmp	r0, #3
 1076 0046 F3D0     		beq	.L177
 1077 0048 2000     		movs	r0, r4
 1078 004a FFF7FEFF 		bl	LPTIM_Disable
 1079 004e 3B78     		ldrb	r3, [r7]
 1080 0050 032B     		cmp	r3, #3
 1081 0052 EDD0     		beq	.L177
 1082 0054 1021     		movs	r1, #16
 1083 0056 2368     		ldr	r3, [r4]
ARM GAS  /tmp/ccfY7scs.s 			page 19


 1084 0058 9A68     		ldr	r2, [r3, #8]
 1085 005a 0A43     		orrs	r2, r1
 1086 005c 9A60     		str	r2, [r3, #8]
 1087 005e 9A68     		ldr	r2, [r3, #8]
 1088 0060 0E39     		subs	r1, r1, #14
 1089 0062 1643     		orrs	r6, r2
 1090 0064 9E60     		str	r6, [r3, #8]
 1091 0066 9A68     		ldr	r2, [r3, #8]
 1092 0068 0A43     		orrs	r2, r1
 1093 006a 9A60     		str	r2, [r3, #8]
 1094 006c 9A68     		ldr	r2, [r3, #8]
 1095 006e 0139     		subs	r1, r1, #1
 1096 0070 0A43     		orrs	r2, r1
 1097 0072 9A60     		str	r2, [r3, #8]
 1098 0074 6169     		ldr	r1, [r4, #20]
 1099 0076 0A4A     		ldr	r2, .L185+4
 1100 0078 9142     		cmp	r1, r2
 1101 007a 03D0     		beq	.L178
 1102 007c 0422     		movs	r2, #4
 1103 007e 9968     		ldr	r1, [r3, #8]
 1104 0080 0A43     		orrs	r2, r1
 1105 0082 9A60     		str	r2, [r3, #8]
 1106              	.L178:
 1107 0084 0121     		movs	r1, #1
 1108 0086 1A69     		ldr	r2, [r3, #16]
 1109 0088 0A43     		orrs	r2, r1
 1110 008a 1A61     		str	r2, [r3, #16]
 1111 008c 0422     		movs	r2, #4
 1112 008e 1869     		ldr	r0, [r3, #16]
 1113 0090 0243     		orrs	r2, r0
 1114 0092 1A61     		str	r2, [r3, #16]
 1115 0094 0020     		movs	r0, #0
 1116 0096 3970     		strb	r1, [r7]
 1117 0098 CBE7     		b	.L176
 1118              	.L186:
 1119 009a C046     		.align	2
 1120              	.L185:
 1121 009c FFFFEFFF 		.word	-1048577
 1122 00a0 FFFF0000 		.word	65535
 1124              		.section	.text.HAL_LPTIM_PWM_Stop_IT,"ax",%progbits
 1125              		.align	1
 1126              		.global	HAL_LPTIM_PWM_Stop_IT
 1127              		.syntax unified
 1128              		.code	16
 1129              		.thumb_func
 1131              	HAL_LPTIM_PWM_Stop_IT:
 1132              		@ args = 0, pretend = 0, frame = 0
 1133              		@ frame_needed = 0, uses_anonymous_args = 0
 1134 0000 70B5     		push	{r4, r5, r6, lr}
 1135 0002 0500     		movs	r5, r0
 1136 0004 0226     		movs	r6, #2
 1137 0006 2E35     		adds	r5, r5, #46
 1138 0008 2E70     		strb	r6, [r5]
 1139 000a 0400     		movs	r4, r0
 1140 000c FFF7FEFF 		bl	LPTIM_Disable
 1141 0010 2B78     		ldrb	r3, [r5]
 1142 0012 D8B2     		uxtb	r0, r3
ARM GAS  /tmp/ccfY7scs.s 			page 20


 1143 0014 032B     		cmp	r3, #3
 1144 0016 1AD0     		beq	.L188
 1145 0018 1021     		movs	r1, #16
 1146 001a 2368     		ldr	r3, [r4]
 1147 001c 9A68     		ldr	r2, [r3, #8]
 1148 001e 8A43     		bics	r2, r1
 1149 0020 9A60     		str	r2, [r3, #8]
 1150 0022 9A68     		ldr	r2, [r3, #8]
 1151 0024 0839     		subs	r1, r1, #8
 1152 0026 8A43     		bics	r2, r1
 1153 0028 9A60     		str	r2, [r3, #8]
 1154 002a 9A68     		ldr	r2, [r3, #8]
 1155 002c 0739     		subs	r1, r1, #7
 1156 002e B243     		bics	r2, r6
 1157 0030 9A60     		str	r2, [r3, #8]
 1158 0032 9A68     		ldr	r2, [r3, #8]
 1159 0034 8A43     		bics	r2, r1
 1160 0036 9A60     		str	r2, [r3, #8]
 1161 0038 6169     		ldr	r1, [r4, #20]
 1162 003a 054A     		ldr	r2, .L193
 1163 003c 9142     		cmp	r1, r2
 1164 003e 03D0     		beq	.L189
 1165 0040 0421     		movs	r1, #4
 1166 0042 9A68     		ldr	r2, [r3, #8]
 1167 0044 8A43     		bics	r2, r1
 1168 0046 9A60     		str	r2, [r3, #8]
 1169              	.L189:
 1170 0048 0123     		movs	r3, #1
 1171 004a 0020     		movs	r0, #0
 1172 004c 2B70     		strb	r3, [r5]
 1173              	.L188:
 1174              		@ sp needed
 1175 004e 70BD     		pop	{r4, r5, r6, pc}
 1176              	.L194:
 1177              		.align	2
 1178              	.L193:
 1179 0050 FFFF0000 		.word	65535
 1181              		.section	.text.HAL_LPTIM_OnePulse_Stop_IT,"ax",%progbits
 1182              		.align	1
 1183              		.global	HAL_LPTIM_OnePulse_Stop_IT
 1184              		.syntax unified
 1185              		.code	16
 1186              		.thumb_func
 1188              	HAL_LPTIM_OnePulse_Stop_IT:
 1189              		@ args = 0, pretend = 0, frame = 0
 1190              		@ frame_needed = 0, uses_anonymous_args = 0
 1191 0000 10B5     		push	{r4, lr}
 1192 0002 FFF7FEFF 		bl	HAL_LPTIM_PWM_Stop_IT
 1193              		@ sp needed
 1194 0006 10BD     		pop	{r4, pc}
 1196              		.section	.text.HAL_LPTIM_SetOnce_Stop_IT,"ax",%progbits
 1197              		.align	1
 1198              		.global	HAL_LPTIM_SetOnce_Stop_IT
 1199              		.syntax unified
 1200              		.code	16
 1201              		.thumb_func
 1203              	HAL_LPTIM_SetOnce_Stop_IT:
ARM GAS  /tmp/ccfY7scs.s 			page 21


 1204              		@ args = 0, pretend = 0, frame = 0
 1205              		@ frame_needed = 0, uses_anonymous_args = 0
 1206 0000 10B5     		push	{r4, lr}
 1207 0002 FFF7FEFF 		bl	HAL_LPTIM_PWM_Stop_IT
 1208              		@ sp needed
 1209 0006 10BD     		pop	{r4, pc}
 1211              		.section	.text.HAL_LPTIM_OnePulse_Start_IT,"ax",%progbits
 1212              		.align	1
 1213              		.global	HAL_LPTIM_OnePulse_Start_IT
 1214              		.syntax unified
 1215              		.code	16
 1216              		.thumb_func
 1218              	HAL_LPTIM_OnePulse_Start_IT:
 1219              		@ args = 0, pretend = 0, frame = 8
 1220              		@ frame_needed = 0, uses_anonymous_args = 0
 1221 0000 F7B5     		push	{r0, r1, r2, r4, r5, r6, r7, lr}
 1222 0002 0700     		movs	r7, r0
 1223 0004 0223     		movs	r3, #2
 1224 0006 2E37     		adds	r7, r7, #46
 1225 0008 3B70     		strb	r3, [r7]
 1226 000a 0568     		ldr	r5, [r0]
 1227 000c 0192     		str	r2, [sp, #4]
 1228 000e EB68     		ldr	r3, [r5, #12]
 1229 0010 224A     		ldr	r2, .L208
 1230 0012 0400     		movs	r4, r0
 1231 0014 1340     		ands	r3, r2
 1232 0016 0122     		movs	r2, #1
 1233 0018 EB60     		str	r3, [r5, #12]
 1234 001a 2B69     		ldr	r3, [r5, #16]
 1235 001c 1343     		orrs	r3, r2
 1236 001e 2B61     		str	r3, [r5, #16]
 1237 0020 1023     		movs	r3, #16
 1238 0022 6B60     		str	r3, [r5, #4]
 1239 0024 A961     		str	r1, [r5, #24]
 1240 0026 1900     		movs	r1, r3
 1241 0028 FFF7FEFF 		bl	LPTIM_WaitForFlag
 1242 002c 0328     		cmp	r0, #3
 1243 002e 01D1     		bne	.L198
 1244              	.L200:
 1245 0030 0320     		movs	r0, #3
 1246              	.L199:
 1247              		@ sp needed
 1248 0032 FEBD     		pop	{r1, r2, r3, r4, r5, r6, r7, pc}
 1249              	.L198:
 1250 0034 0826     		movs	r6, #8
 1251 0036 019B     		ldr	r3, [sp, #4]
 1252 0038 6E60     		str	r6, [r5, #4]
 1253 003a 3100     		movs	r1, r6
 1254 003c 2000     		movs	r0, r4
 1255 003e 6B61     		str	r3, [r5, #20]
 1256 0040 FFF7FEFF 		bl	LPTIM_WaitForFlag
 1257 0044 0328     		cmp	r0, #3
 1258 0046 F3D0     		beq	.L200
 1259 0048 2000     		movs	r0, r4
 1260 004a FFF7FEFF 		bl	LPTIM_Disable
 1261 004e 3B78     		ldrb	r3, [r7]
 1262 0050 032B     		cmp	r3, #3
ARM GAS  /tmp/ccfY7scs.s 			page 22


 1263 0052 EDD0     		beq	.L200
 1264 0054 1021     		movs	r1, #16
 1265 0056 2368     		ldr	r3, [r4]
 1266 0058 9A68     		ldr	r2, [r3, #8]
 1267 005a 0A43     		orrs	r2, r1
 1268 005c 9A60     		str	r2, [r3, #8]
 1269 005e 9A68     		ldr	r2, [r3, #8]
 1270 0060 0E39     		subs	r1, r1, #14
 1271 0062 1643     		orrs	r6, r2
 1272 0064 9E60     		str	r6, [r3, #8]
 1273 0066 9A68     		ldr	r2, [r3, #8]
 1274 0068 0A43     		orrs	r2, r1
 1275 006a 9A60     		str	r2, [r3, #8]
 1276 006c 9A68     		ldr	r2, [r3, #8]
 1277 006e 0139     		subs	r1, r1, #1
 1278 0070 0A43     		orrs	r2, r1
 1279 0072 9A60     		str	r2, [r3, #8]
 1280 0074 6169     		ldr	r1, [r4, #20]
 1281 0076 0A4A     		ldr	r2, .L208+4
 1282 0078 9142     		cmp	r1, r2
 1283 007a 03D0     		beq	.L201
 1284 007c 0422     		movs	r2, #4
 1285 007e 9968     		ldr	r1, [r3, #8]
 1286 0080 0A43     		orrs	r2, r1
 1287 0082 9A60     		str	r2, [r3, #8]
 1288              	.L201:
 1289 0084 0121     		movs	r1, #1
 1290 0086 1A69     		ldr	r2, [r3, #16]
 1291 0088 0A43     		orrs	r2, r1
 1292 008a 1A61     		str	r2, [r3, #16]
 1293 008c 0222     		movs	r2, #2
 1294 008e 1869     		ldr	r0, [r3, #16]
 1295 0090 0243     		orrs	r2, r0
 1296 0092 1A61     		str	r2, [r3, #16]
 1297 0094 0020     		movs	r0, #0
 1298 0096 3970     		strb	r1, [r7]
 1299 0098 CBE7     		b	.L199
 1300              	.L209:
 1301 009a C046     		.align	2
 1302              	.L208:
 1303 009c FFFFEFFF 		.word	-1048577
 1304 00a0 FFFF0000 		.word	65535
 1306              		.section	.text.HAL_LPTIM_SetOnce_Start_IT,"ax",%progbits
 1307              		.align	1
 1308              		.global	HAL_LPTIM_SetOnce_Start_IT
 1309              		.syntax unified
 1310              		.code	16
 1311              		.thumb_func
 1313              	HAL_LPTIM_SetOnce_Start_IT:
 1314              		@ args = 0, pretend = 0, frame = 8
 1315              		@ frame_needed = 0, uses_anonymous_args = 0
 1316 0000 F7B5     		push	{r0, r1, r2, r4, r5, r6, r7, lr}
 1317 0002 0700     		movs	r7, r0
 1318 0004 0223     		movs	r3, #2
 1319 0006 2E37     		adds	r7, r7, #46
 1320 0008 3B70     		strb	r3, [r7]
 1321 000a 8023     		movs	r3, #128
ARM GAS  /tmp/ccfY7scs.s 			page 23


 1322 000c 0568     		ldr	r5, [r0]
 1323 000e 0192     		str	r2, [sp, #4]
 1324 0010 EA68     		ldr	r2, [r5, #12]
 1325 0012 5B03     		lsls	r3, r3, #13
 1326 0014 1343     		orrs	r3, r2
 1327 0016 0122     		movs	r2, #1
 1328 0018 EB60     		str	r3, [r5, #12]
 1329 001a 2B69     		ldr	r3, [r5, #16]
 1330 001c 0400     		movs	r4, r0
 1331 001e 1343     		orrs	r3, r2
 1332 0020 2B61     		str	r3, [r5, #16]
 1333 0022 1023     		movs	r3, #16
 1334 0024 6B60     		str	r3, [r5, #4]
 1335 0026 A961     		str	r1, [r5, #24]
 1336 0028 1900     		movs	r1, r3
 1337 002a FFF7FEFF 		bl	LPTIM_WaitForFlag
 1338 002e 0328     		cmp	r0, #3
 1339 0030 01D1     		bne	.L211
 1340              	.L213:
 1341 0032 0320     		movs	r0, #3
 1342              	.L212:
 1343              		@ sp needed
 1344 0034 FEBD     		pop	{r1, r2, r3, r4, r5, r6, r7, pc}
 1345              	.L211:
 1346 0036 0826     		movs	r6, #8
 1347 0038 019B     		ldr	r3, [sp, #4]
 1348 003a 6E60     		str	r6, [r5, #4]
 1349 003c 3100     		movs	r1, r6
 1350 003e 2000     		movs	r0, r4
 1351 0040 6B61     		str	r3, [r5, #20]
 1352 0042 FFF7FEFF 		bl	LPTIM_WaitForFlag
 1353 0046 0328     		cmp	r0, #3
 1354 0048 F3D0     		beq	.L213
 1355 004a 2000     		movs	r0, r4
 1356 004c FFF7FEFF 		bl	LPTIM_Disable
 1357 0050 3B78     		ldrb	r3, [r7]
 1358 0052 032B     		cmp	r3, #3
 1359 0054 EDD0     		beq	.L213
 1360 0056 1021     		movs	r1, #16
 1361 0058 2368     		ldr	r3, [r4]
 1362 005a 9A68     		ldr	r2, [r3, #8]
 1363 005c 0A43     		orrs	r2, r1
 1364 005e 9A60     		str	r2, [r3, #8]
 1365 0060 9A68     		ldr	r2, [r3, #8]
 1366 0062 0E39     		subs	r1, r1, #14
 1367 0064 1643     		orrs	r6, r2
 1368 0066 9E60     		str	r6, [r3, #8]
 1369 0068 9A68     		ldr	r2, [r3, #8]
 1370 006a 0A43     		orrs	r2, r1
 1371 006c 9A60     		str	r2, [r3, #8]
 1372 006e 9A68     		ldr	r2, [r3, #8]
 1373 0070 0139     		subs	r1, r1, #1
 1374 0072 0A43     		orrs	r2, r1
 1375 0074 9A60     		str	r2, [r3, #8]
 1376 0076 6169     		ldr	r1, [r4, #20]
 1377 0078 084A     		ldr	r2, .L221
 1378 007a 9142     		cmp	r1, r2
ARM GAS  /tmp/ccfY7scs.s 			page 24


 1379 007c 03D0     		beq	.L214
 1380 007e 0422     		movs	r2, #4
 1381 0080 9968     		ldr	r1, [r3, #8]
 1382 0082 0A43     		orrs	r2, r1
 1383 0084 9A60     		str	r2, [r3, #8]
 1384              	.L214:
 1385 0086 0121     		movs	r1, #1
 1386 0088 1A69     		ldr	r2, [r3, #16]
 1387 008a 0A43     		orrs	r2, r1
 1388 008c 1A61     		str	r2, [r3, #16]
 1389 008e 0222     		movs	r2, #2
 1390 0090 1869     		ldr	r0, [r3, #16]
 1391 0092 0243     		orrs	r2, r0
 1392 0094 1A61     		str	r2, [r3, #16]
 1393 0096 0020     		movs	r0, #0
 1394 0098 3970     		strb	r1, [r7]
 1395 009a CBE7     		b	.L212
 1396              	.L222:
 1397              		.align	2
 1398              	.L221:
 1399 009c FFFF0000 		.word	65535
 1401              		.section	.text.HAL_LPTIM_Encoder_Stop,"ax",%progbits
 1402              		.align	1
 1403              		.global	HAL_LPTIM_Encoder_Stop
 1404              		.syntax unified
 1405              		.code	16
 1406              		.thumb_func
 1408              	HAL_LPTIM_Encoder_Stop:
 1409              		@ args = 0, pretend = 0, frame = 0
 1410              		@ frame_needed = 0, uses_anonymous_args = 0
 1411 0000 70B5     		push	{r4, r5, r6, lr}
 1412 0002 0500     		movs	r5, r0
 1413 0004 0223     		movs	r3, #2
 1414 0006 2E35     		adds	r5, r5, #46
 1415 0008 2B70     		strb	r3, [r5]
 1416 000a 0400     		movs	r4, r0
 1417 000c FFF7FEFF 		bl	LPTIM_Disable
 1418 0010 2B78     		ldrb	r3, [r5]
 1419 0012 D8B2     		uxtb	r0, r3
 1420 0014 032B     		cmp	r3, #3
 1421 0016 07D0     		beq	.L224
 1422 0018 2268     		ldr	r2, [r4]
 1423 001a 0449     		ldr	r1, .L228
 1424 001c D368     		ldr	r3, [r2, #12]
 1425 001e 0020     		movs	r0, #0
 1426 0020 0B40     		ands	r3, r1
 1427 0022 D360     		str	r3, [r2, #12]
 1428 0024 0123     		movs	r3, #1
 1429 0026 2B70     		strb	r3, [r5]
 1430              	.L224:
 1431              		@ sp needed
 1432 0028 70BD     		pop	{r4, r5, r6, pc}
 1433              	.L229:
 1434 002a C046     		.align	2
 1435              	.L228:
 1436 002c FFFFFFFE 		.word	-16777217
 1438              		.section	.text.HAL_LPTIM_Encoder_Start_IT,"ax",%progbits
ARM GAS  /tmp/ccfY7scs.s 			page 25


 1439              		.align	1
 1440              		.global	HAL_LPTIM_Encoder_Start_IT
 1441              		.syntax unified
 1442              		.code	16
 1443              		.thumb_func
 1445              	HAL_LPTIM_Encoder_Start_IT:
 1446              		@ args = 0, pretend = 0, frame = 0
 1447              		@ frame_needed = 0, uses_anonymous_args = 0
 1448 0000 70B5     		push	{r4, r5, r6, lr}
 1449 0002 0400     		movs	r4, r0
 1450 0004 2500     		movs	r5, r4
 1451 0006 0223     		movs	r3, #2
 1452 0008 0800     		movs	r0, r1
 1453 000a 0621     		movs	r1, #6
 1454 000c 2E35     		adds	r5, r5, #46
 1455 000e 2B70     		strb	r3, [r5]
 1456 0010 2368     		ldr	r3, [r4]
 1457 0012 0126     		movs	r6, #1
 1458 0014 DA68     		ldr	r2, [r3, #12]
 1459 0016 8A43     		bics	r2, r1
 1460 0018 E168     		ldr	r1, [r4, #12]
 1461 001a 0A43     		orrs	r2, r1
 1462 001c DA60     		str	r2, [r3, #12]
 1463 001e 8022     		movs	r2, #128
 1464 0020 D968     		ldr	r1, [r3, #12]
 1465 0022 5204     		lsls	r2, r2, #17
 1466 0024 0A43     		orrs	r2, r1
 1467 0026 1021     		movs	r1, #16
 1468 0028 DA60     		str	r2, [r3, #12]
 1469 002a 1A69     		ldr	r2, [r3, #16]
 1470 002c 3243     		orrs	r2, r6
 1471 002e 1A61     		str	r2, [r3, #16]
 1472 0030 5960     		str	r1, [r3, #4]
 1473 0032 9861     		str	r0, [r3, #24]
 1474 0034 2000     		movs	r0, r4
 1475 0036 FFF7FEFF 		bl	LPTIM_WaitForFlag
 1476 003a 0328     		cmp	r0, #3
 1477 003c 01D1     		bne	.L231
 1478              	.L233:
 1479 003e 0320     		movs	r0, #3
 1480              	.L232:
 1481              		@ sp needed
 1482 0040 70BD     		pop	{r4, r5, r6, pc}
 1483              	.L231:
 1484 0042 2000     		movs	r0, r4
 1485 0044 FFF7FEFF 		bl	LPTIM_Disable
 1486 0048 2B78     		ldrb	r3, [r5]
 1487 004a 032B     		cmp	r3, #3
 1488 004c F7D0     		beq	.L233
 1489 004e 4022     		movs	r2, #64
 1490 0050 2368     		ldr	r3, [r4]
 1491 0052 0020     		movs	r0, #0
 1492 0054 9968     		ldr	r1, [r3, #8]
 1493 0056 0A43     		orrs	r2, r1
 1494 0058 9A60     		str	r2, [r3, #8]
 1495 005a 2022     		movs	r2, #32
 1496 005c 9968     		ldr	r1, [r3, #8]
ARM GAS  /tmp/ccfY7scs.s 			page 26


 1497 005e 0A43     		orrs	r2, r1
 1498 0060 9A60     		str	r2, [r3, #8]
 1499 0062 1A69     		ldr	r2, [r3, #16]
 1500 0064 3243     		orrs	r2, r6
 1501 0066 1A61     		str	r2, [r3, #16]
 1502 0068 0422     		movs	r2, #4
 1503 006a 1969     		ldr	r1, [r3, #16]
 1504 006c 0A43     		orrs	r2, r1
 1505 006e 1A61     		str	r2, [r3, #16]
 1506 0070 2E70     		strb	r6, [r5]
 1507 0072 E5E7     		b	.L232
 1509              		.section	.text.HAL_LPTIM_Encoder_Stop_IT,"ax",%progbits
 1510              		.align	1
 1511              		.global	HAL_LPTIM_Encoder_Stop_IT
 1512              		.syntax unified
 1513              		.code	16
 1514              		.thumb_func
 1516              	HAL_LPTIM_Encoder_Stop_IT:
 1517              		@ args = 0, pretend = 0, frame = 0
 1518              		@ frame_needed = 0, uses_anonymous_args = 0
 1519 0000 70B5     		push	{r4, r5, r6, lr}
 1520 0002 0500     		movs	r5, r0
 1521 0004 0223     		movs	r3, #2
 1522 0006 2E35     		adds	r5, r5, #46
 1523 0008 2B70     		strb	r3, [r5]
 1524 000a 0400     		movs	r4, r0
 1525 000c FFF7FEFF 		bl	LPTIM_Disable
 1526 0010 2B78     		ldrb	r3, [r5]
 1527 0012 D8B2     		uxtb	r0, r3
 1528 0014 032B     		cmp	r3, #3
 1529 0016 0FD0     		beq	.L238
 1530 0018 2368     		ldr	r3, [r4]
 1531 001a 0849     		ldr	r1, .L242
 1532 001c DA68     		ldr	r2, [r3, #12]
 1533 001e 0020     		movs	r0, #0
 1534 0020 0A40     		ands	r2, r1
 1535 0022 4021     		movs	r1, #64
 1536 0024 DA60     		str	r2, [r3, #12]
 1537 0026 9A68     		ldr	r2, [r3, #8]
 1538 0028 8A43     		bics	r2, r1
 1539 002a 9A60     		str	r2, [r3, #8]
 1540 002c 9A68     		ldr	r2, [r3, #8]
 1541 002e 2039     		subs	r1, r1, #32
 1542 0030 8A43     		bics	r2, r1
 1543 0032 9A60     		str	r2, [r3, #8]
 1544 0034 0123     		movs	r3, #1
 1545 0036 2B70     		strb	r3, [r5]
 1546              	.L238:
 1547              		@ sp needed
 1548 0038 70BD     		pop	{r4, r5, r6, pc}
 1549              	.L243:
 1550 003a C046     		.align	2
 1551              	.L242:
 1552 003c FFFFFFFE 		.word	-16777217
 1554              		.section	.text.HAL_LPTIM_TimeOut_Stop,"ax",%progbits
 1555              		.align	1
 1556              		.global	HAL_LPTIM_TimeOut_Stop
ARM GAS  /tmp/ccfY7scs.s 			page 27


 1557              		.syntax unified
 1558              		.code	16
 1559              		.thumb_func
 1561              	HAL_LPTIM_TimeOut_Stop:
 1562              		@ args = 0, pretend = 0, frame = 0
 1563              		@ frame_needed = 0, uses_anonymous_args = 0
 1564 0000 70B5     		push	{r4, r5, r6, lr}
 1565 0002 0500     		movs	r5, r0
 1566 0004 0223     		movs	r3, #2
 1567 0006 2E35     		adds	r5, r5, #46
 1568 0008 2B70     		strb	r3, [r5]
 1569 000a 0400     		movs	r4, r0
 1570 000c FFF7FEFF 		bl	LPTIM_Disable
 1571 0010 2B78     		ldrb	r3, [r5]
 1572 0012 D8B2     		uxtb	r0, r3
 1573 0014 032B     		cmp	r3, #3
 1574 0016 07D0     		beq	.L245
 1575 0018 2268     		ldr	r2, [r4]
 1576 001a 0449     		ldr	r1, .L249
 1577 001c D368     		ldr	r3, [r2, #12]
 1578 001e 0020     		movs	r0, #0
 1579 0020 0B40     		ands	r3, r1
 1580 0022 D360     		str	r3, [r2, #12]
 1581 0024 0123     		movs	r3, #1
 1582 0026 2B70     		strb	r3, [r5]
 1583              	.L245:
 1584              		@ sp needed
 1585 0028 70BD     		pop	{r4, r5, r6, pc}
 1586              	.L250:
 1587 002a C046     		.align	2
 1588              	.L249:
 1589 002c FFFFF7FF 		.word	-524289
 1591              		.section	.text.HAL_LPTIM_TimeOut_Start_IT,"ax",%progbits
 1592              		.align	1
 1593              		.global	HAL_LPTIM_TimeOut_Start_IT
 1594              		.syntax unified
 1595              		.code	16
 1596              		.thumb_func
 1598              	HAL_LPTIM_TimeOut_Start_IT:
 1599              		@ args = 0, pretend = 0, frame = 8
 1600              		@ frame_needed = 0, uses_anonymous_args = 0
 1601 0000 F7B5     		push	{r0, r1, r2, r4, r5, r6, r7, lr}
 1602 0002 0700     		movs	r7, r0
 1603 0004 0192     		str	r2, [sp, #4]
 1604 0006 0222     		movs	r2, #2
 1605 0008 2E37     		adds	r7, r7, #46
 1606 000a 3A70     		strb	r2, [r7]
 1607 000c 8022     		movs	r2, #128
 1608 000e 0B00     		movs	r3, r1
 1609 0010 1B49     		ldr	r1, .L261
 1610 0012 0400     		movs	r4, r0
 1611 0014 0868     		ldr	r0, [r1]
 1612 0016 9205     		lsls	r2, r2, #22
 1613 0018 0243     		orrs	r2, r0
 1614 001a 0A60     		str	r2, [r1]
 1615 001c 8022     		movs	r2, #128
 1616 001e 2568     		ldr	r5, [r4]
ARM GAS  /tmp/ccfY7scs.s 			page 28


 1617 0020 0126     		movs	r6, #1
 1618 0022 E968     		ldr	r1, [r5, #12]
 1619 0024 1203     		lsls	r2, r2, #12
 1620 0026 0A43     		orrs	r2, r1
 1621 0028 1021     		movs	r1, #16
 1622 002a EA60     		str	r2, [r5, #12]
 1623 002c 2A69     		ldr	r2, [r5, #16]
 1624 002e 2000     		movs	r0, r4
 1625 0030 3243     		orrs	r2, r6
 1626 0032 2A61     		str	r2, [r5, #16]
 1627 0034 6960     		str	r1, [r5, #4]
 1628 0036 AB61     		str	r3, [r5, #24]
 1629 0038 FFF7FEFF 		bl	LPTIM_WaitForFlag
 1630 003c 0328     		cmp	r0, #3
 1631 003e 01D1     		bne	.L252
 1632              	.L254:
 1633 0040 0320     		movs	r0, #3
 1634              	.L253:
 1635              		@ sp needed
 1636 0042 FEBD     		pop	{r1, r2, r3, r4, r5, r6, r7, pc}
 1637              	.L252:
 1638 0044 0821     		movs	r1, #8
 1639 0046 019B     		ldr	r3, [sp, #4]
 1640 0048 6960     		str	r1, [r5, #4]
 1641 004a 2000     		movs	r0, r4
 1642 004c 6B61     		str	r3, [r5, #20]
 1643 004e FFF7FEFF 		bl	LPTIM_WaitForFlag
 1644 0052 0328     		cmp	r0, #3
 1645 0054 F4D0     		beq	.L254
 1646 0056 2000     		movs	r0, r4
 1647 0058 FFF7FEFF 		bl	LPTIM_Disable
 1648 005c 3B78     		ldrb	r3, [r7]
 1649 005e 032B     		cmp	r3, #3
 1650 0060 EED0     		beq	.L254
 1651 0062 2368     		ldr	r3, [r4]
 1652 0064 0020     		movs	r0, #0
 1653 0066 9A68     		ldr	r2, [r3, #8]
 1654 0068 3243     		orrs	r2, r6
 1655 006a 9A60     		str	r2, [r3, #8]
 1656 006c 1A69     		ldr	r2, [r3, #16]
 1657 006e 3243     		orrs	r2, r6
 1658 0070 1A61     		str	r2, [r3, #16]
 1659 0072 0422     		movs	r2, #4
 1660 0074 1969     		ldr	r1, [r3, #16]
 1661 0076 0A43     		orrs	r2, r1
 1662 0078 1A61     		str	r2, [r3, #16]
 1663 007a 3E70     		strb	r6, [r7]
 1664 007c E1E7     		b	.L253
 1665              	.L262:
 1666 007e C046     		.align	2
 1667              	.L261:
 1668 0080 00040140 		.word	1073808384
 1670              		.section	.text.HAL_LPTIM_TimeOut_Stop_IT,"ax",%progbits
 1671              		.align	1
 1672              		.global	HAL_LPTIM_TimeOut_Stop_IT
 1673              		.syntax unified
 1674              		.code	16
ARM GAS  /tmp/ccfY7scs.s 			page 29


 1675              		.thumb_func
 1677              	HAL_LPTIM_TimeOut_Stop_IT:
 1678              		@ args = 0, pretend = 0, frame = 0
 1679              		@ frame_needed = 0, uses_anonymous_args = 0
 1680 0000 70B5     		push	{r4, r5, r6, lr}
 1681 0002 0500     		movs	r5, r0
 1682 0004 0223     		movs	r3, #2
 1683 0006 0D4A     		ldr	r2, .L268
 1684 0008 2E35     		adds	r5, r5, #46
 1685 000a 2B70     		strb	r3, [r5]
 1686 000c 1368     		ldr	r3, [r2]
 1687 000e 0C49     		ldr	r1, .L268+4
 1688 0010 0400     		movs	r4, r0
 1689 0012 0B40     		ands	r3, r1
 1690 0014 1360     		str	r3, [r2]
 1691 0016 FFF7FEFF 		bl	LPTIM_Disable
 1692 001a 2B78     		ldrb	r3, [r5]
 1693 001c D8B2     		uxtb	r0, r3
 1694 001e 032B     		cmp	r3, #3
 1695 0020 0AD0     		beq	.L264
 1696 0022 2368     		ldr	r3, [r4]
 1697 0024 0749     		ldr	r1, .L268+8
 1698 0026 DA68     		ldr	r2, [r3, #12]
 1699 0028 0020     		movs	r0, #0
 1700 002a 0A40     		ands	r2, r1
 1701 002c 0121     		movs	r1, #1
 1702 002e DA60     		str	r2, [r3, #12]
 1703 0030 9A68     		ldr	r2, [r3, #8]
 1704 0032 8A43     		bics	r2, r1
 1705 0034 9A60     		str	r2, [r3, #8]
 1706 0036 2970     		strb	r1, [r5]
 1707              	.L264:
 1708              		@ sp needed
 1709 0038 70BD     		pop	{r4, r5, r6, pc}
 1710              	.L269:
 1711 003a C046     		.align	2
 1712              	.L268:
 1713 003c 00040140 		.word	1073808384
 1714 0040 FFFFFFDF 		.word	-536870913
 1715 0044 FFFFF7FF 		.word	-524289
 1717              		.section	.text.HAL_LPTIM_Counter_Start_IT,"ax",%progbits
 1718              		.align	1
 1719              		.global	HAL_LPTIM_Counter_Start_IT
 1720              		.syntax unified
 1721              		.code	16
 1722              		.thumb_func
 1724              	HAL_LPTIM_Counter_Start_IT:
 1725              		@ args = 0, pretend = 0, frame = 0
 1726              		@ frame_needed = 0, uses_anonymous_args = 0
 1727 0000 F8B5     		push	{r3, r4, r5, r6, r7, lr}
 1728 0002 0600     		movs	r6, r0
 1729 0004 0223     		movs	r3, #2
 1730 0006 2E36     		adds	r6, r6, #46
 1731 0008 3370     		strb	r3, [r6]
 1732 000a 8023     		movs	r3, #128
 1733 000c 0400     		movs	r4, r0
 1734 000e 1C4A     		ldr	r2, .L281
ARM GAS  /tmp/ccfY7scs.s 			page 30


 1735 0010 9B05     		lsls	r3, r3, #22
 1736 0012 1068     		ldr	r0, [r2]
 1737 0014 0343     		orrs	r3, r0
 1738 0016 1360     		str	r3, [r2]
 1739 0018 6268     		ldr	r2, [r4, #4]
 1740 001a 2368     		ldr	r3, [r4]
 1741 001c 012A     		cmp	r2, #1
 1742 001e 08D0     		beq	.L271
 1743 0020 8022     		movs	r2, #128
 1744 0022 A06A     		ldr	r0, [r4, #40]
 1745 0024 1204     		lsls	r2, r2, #16
 1746 0026 9042     		cmp	r0, r2
 1747 0028 03D1     		bne	.L271
 1748 002a DA68     		ldr	r2, [r3, #12]
 1749 002c 1548     		ldr	r0, .L281+4
 1750 002e 0240     		ands	r2, r0
 1751 0030 DA60     		str	r2, [r3, #12]
 1752              	.L271:
 1753 0032 0127     		movs	r7, #1
 1754 0034 1025     		movs	r5, #16
 1755 0036 1A69     		ldr	r2, [r3, #16]
 1756 0038 2000     		movs	r0, r4
 1757 003a 3A43     		orrs	r2, r7
 1758 003c 1A61     		str	r2, [r3, #16]
 1759 003e 5D60     		str	r5, [r3, #4]
 1760 0040 9961     		str	r1, [r3, #24]
 1761 0042 2900     		movs	r1, r5
 1762 0044 FFF7FEFF 		bl	LPTIM_WaitForFlag
 1763 0048 0328     		cmp	r0, #3
 1764 004a 01D1     		bne	.L272
 1765              	.L274:
 1766 004c 0320     		movs	r0, #3
 1767              	.L273:
 1768              		@ sp needed
 1769 004e F8BD     		pop	{r3, r4, r5, r6, r7, pc}
 1770              	.L272:
 1771 0050 2000     		movs	r0, r4
 1772 0052 FFF7FEFF 		bl	LPTIM_Disable
 1773 0056 3378     		ldrb	r3, [r6]
 1774 0058 032B     		cmp	r3, #3
 1775 005a F7D0     		beq	.L274
 1776 005c 2368     		ldr	r3, [r4]
 1777 005e 0020     		movs	r0, #0
 1778 0060 9A68     		ldr	r2, [r3, #8]
 1779 0062 1543     		orrs	r5, r2
 1780 0064 0222     		movs	r2, #2
 1781 0066 9D60     		str	r5, [r3, #8]
 1782 0068 9968     		ldr	r1, [r3, #8]
 1783 006a 0A43     		orrs	r2, r1
 1784 006c 9A60     		str	r2, [r3, #8]
 1785 006e 1A69     		ldr	r2, [r3, #16]
 1786 0070 3A43     		orrs	r2, r7
 1787 0072 1A61     		str	r2, [r3, #16]
 1788 0074 0422     		movs	r2, #4
 1789 0076 1969     		ldr	r1, [r3, #16]
 1790 0078 0A43     		orrs	r2, r1
 1791 007a 1A61     		str	r2, [r3, #16]
ARM GAS  /tmp/ccfY7scs.s 			page 31


 1792 007c 3770     		strb	r7, [r6]
 1793 007e E6E7     		b	.L273
 1794              	.L282:
 1795              		.align	2
 1796              	.L281:
 1797 0080 00040140 		.word	1073808384
 1798 0084 FFF1FFFF 		.word	-3585
 1800              		.section	.text.HAL_LPTIM_Counter_Stop_IT,"ax",%progbits
 1801              		.align	1
 1802              		.global	HAL_LPTIM_Counter_Stop_IT
 1803              		.syntax unified
 1804              		.code	16
 1805              		.thumb_func
 1807              	HAL_LPTIM_Counter_Stop_IT:
 1808              		@ args = 0, pretend = 0, frame = 0
 1809              		@ frame_needed = 0, uses_anonymous_args = 0
 1810 0000 70B5     		push	{r4, r5, r6, lr}
 1811 0002 0500     		movs	r5, r0
 1812 0004 0226     		movs	r6, #2
 1813 0006 0D4A     		ldr	r2, .L288
 1814 0008 2E35     		adds	r5, r5, #46
 1815 000a 2E70     		strb	r6, [r5]
 1816 000c 1368     		ldr	r3, [r2]
 1817 000e 0C49     		ldr	r1, .L288+4
 1818 0010 0400     		movs	r4, r0
 1819 0012 0B40     		ands	r3, r1
 1820 0014 1360     		str	r3, [r2]
 1821 0016 FFF7FEFF 		bl	LPTIM_Disable
 1822 001a 2B78     		ldrb	r3, [r5]
 1823 001c D8B2     		uxtb	r0, r3
 1824 001e 032B     		cmp	r3, #3
 1825 0020 0AD0     		beq	.L284
 1826 0022 1021     		movs	r1, #16
 1827 0024 2368     		ldr	r3, [r4]
 1828 0026 0020     		movs	r0, #0
 1829 0028 9A68     		ldr	r2, [r3, #8]
 1830 002a 8A43     		bics	r2, r1
 1831 002c 9A60     		str	r2, [r3, #8]
 1832 002e 9A68     		ldr	r2, [r3, #8]
 1833 0030 B243     		bics	r2, r6
 1834 0032 9A60     		str	r2, [r3, #8]
 1835 0034 0123     		movs	r3, #1
 1836 0036 2B70     		strb	r3, [r5]
 1837              	.L284:
 1838              		@ sp needed
 1839 0038 70BD     		pop	{r4, r5, r6, pc}
 1840              	.L289:
 1841 003a C046     		.align	2
 1842              	.L288:
 1843 003c 00040140 		.word	1073808384
 1844 0040 FFFFFFDF 		.word	-536870913
 1846              		.ident	"GCC: (Arch Repository) 13.2.0"
ARM GAS  /tmp/ccfY7scs.s 			page 32


DEFINED SYMBOLS
                            *ABS*:00000000 stm32l0xx_hal_lptim.c
     /tmp/ccfY7scs.s:15     .text.LPTIM_WaitForFlag:00000000 $t
     /tmp/ccfY7scs.s:20     .text.LPTIM_WaitForFlag:00000000 LPTIM_WaitForFlag
     /tmp/ccfY7scs.s:54     .text.LPTIM_WaitForFlag:00000034 $d
     /tmp/ccfY7scs.s:58     .text.HAL_LPTIM_MspInit:00000000 $t
     /tmp/ccfY7scs.s:64     .text.HAL_LPTIM_MspInit:00000000 HAL_LPTIM_MspInit
     /tmp/ccfY7scs.s:72     .text.HAL_LPTIM_Init:00000000 $t
     /tmp/ccfY7scs.s:78     .text.HAL_LPTIM_Init:00000000 HAL_LPTIM_Init
     /tmp/ccfY7scs.s:176    .text.HAL_LPTIM_Init:000000a4 $d
     /tmp/ccfY7scs.s:181    .text.HAL_LPTIM_MspDeInit:00000000 $t
     /tmp/ccfY7scs.s:187    .text.HAL_LPTIM_MspDeInit:00000000 HAL_LPTIM_MspDeInit
     /tmp/ccfY7scs.s:195    .text.HAL_LPTIM_PWM_Start:00000000 $t
     /tmp/ccfY7scs.s:201    .text.HAL_LPTIM_PWM_Start:00000000 HAL_LPTIM_PWM_Start
     /tmp/ccfY7scs.s:251    .text.HAL_LPTIM_PWM_Start:00000054 $d
     /tmp/ccfY7scs.s:254    .text.HAL_LPTIM_OnePulse_Start:00000000 $t
     /tmp/ccfY7scs.s:260    .text.HAL_LPTIM_OnePulse_Start:00000000 HAL_LPTIM_OnePulse_Start
     /tmp/ccfY7scs.s:311    .text.HAL_LPTIM_OnePulse_Start:00000058 $d
     /tmp/ccfY7scs.s:314    .text.HAL_LPTIM_SetOnce_Start:00000000 $t
     /tmp/ccfY7scs.s:320    .text.HAL_LPTIM_SetOnce_Start:00000000 HAL_LPTIM_SetOnce_Start
     /tmp/ccfY7scs.s:371    .text.HAL_LPTIM_Encoder_Start:00000000 $t
     /tmp/ccfY7scs.s:377    .text.HAL_LPTIM_Encoder_Start:00000000 HAL_LPTIM_Encoder_Start
     /tmp/ccfY7scs.s:419    .text.HAL_LPTIM_TimeOut_Start:00000000 $t
     /tmp/ccfY7scs.s:425    .text.HAL_LPTIM_TimeOut_Start:00000000 HAL_LPTIM_TimeOut_Start
     /tmp/ccfY7scs.s:475    .text.HAL_LPTIM_Counter_Start:00000000 $t
     /tmp/ccfY7scs.s:481    .text.HAL_LPTIM_Counter_Start:00000000 HAL_LPTIM_Counter_Start
     /tmp/ccfY7scs.s:526    .text.HAL_LPTIM_Counter_Start:0000004c $d
     /tmp/ccfY7scs.s:529    .text.HAL_LPTIM_ReadCounter:00000000 $t
     /tmp/ccfY7scs.s:535    .text.HAL_LPTIM_ReadCounter:00000000 HAL_LPTIM_ReadCounter
     /tmp/ccfY7scs.s:545    .text.HAL_LPTIM_ReadAutoReload:00000000 $t
     /tmp/ccfY7scs.s:551    .text.HAL_LPTIM_ReadAutoReload:00000000 HAL_LPTIM_ReadAutoReload
     /tmp/ccfY7scs.s:561    .text.HAL_LPTIM_ReadCompare:00000000 $t
     /tmp/ccfY7scs.s:567    .text.HAL_LPTIM_ReadCompare:00000000 HAL_LPTIM_ReadCompare
     /tmp/ccfY7scs.s:577    .text.HAL_LPTIM_CompareMatchCallback:00000000 $t
     /tmp/ccfY7scs.s:583    .text.HAL_LPTIM_CompareMatchCallback:00000000 HAL_LPTIM_CompareMatchCallback
     /tmp/ccfY7scs.s:591    .text.HAL_LPTIM_AutoReloadMatchCallback:00000000 $t
     /tmp/ccfY7scs.s:597    .text.HAL_LPTIM_AutoReloadMatchCallback:00000000 HAL_LPTIM_AutoReloadMatchCallback
     /tmp/ccfY7scs.s:605    .text.HAL_LPTIM_TriggerCallback:00000000 $t
     /tmp/ccfY7scs.s:611    .text.HAL_LPTIM_TriggerCallback:00000000 HAL_LPTIM_TriggerCallback
     /tmp/ccfY7scs.s:619    .text.HAL_LPTIM_CompareWriteCallback:00000000 $t
     /tmp/ccfY7scs.s:625    .text.HAL_LPTIM_CompareWriteCallback:00000000 HAL_LPTIM_CompareWriteCallback
     /tmp/ccfY7scs.s:633    .text.HAL_LPTIM_AutoReloadWriteCallback:00000000 $t
     /tmp/ccfY7scs.s:639    .text.HAL_LPTIM_AutoReloadWriteCallback:00000000 HAL_LPTIM_AutoReloadWriteCallback
     /tmp/ccfY7scs.s:647    .text.HAL_LPTIM_DirectionUpCallback:00000000 $t
     /tmp/ccfY7scs.s:653    .text.HAL_LPTIM_DirectionUpCallback:00000000 HAL_LPTIM_DirectionUpCallback
     /tmp/ccfY7scs.s:661    .text.HAL_LPTIM_DirectionDownCallback:00000000 $t
     /tmp/ccfY7scs.s:667    .text.HAL_LPTIM_DirectionDownCallback:00000000 HAL_LPTIM_DirectionDownCallback
     /tmp/ccfY7scs.s:675    .text.HAL_LPTIM_IRQHandler:00000000 $t
     /tmp/ccfY7scs.s:681    .text.HAL_LPTIM_IRQHandler:00000000 HAL_LPTIM_IRQHandler
     /tmp/ccfY7scs.s:773    .text.HAL_LPTIM_GetState:00000000 $t
     /tmp/ccfY7scs.s:779    .text.HAL_LPTIM_GetState:00000000 HAL_LPTIM_GetState
     /tmp/ccfY7scs.s:790    .text.LPTIM_Disable:00000000 $t
     /tmp/ccfY7scs.s:796    .text.LPTIM_Disable:00000000 LPTIM_Disable
     /tmp/ccfY7scs.s:918    .text.LPTIM_Disable:000000c8 $d
     /tmp/ccfY7scs.s:923    .text.HAL_LPTIM_DeInit:00000000 $t
     /tmp/ccfY7scs.s:929    .text.HAL_LPTIM_DeInit:00000000 HAL_LPTIM_DeInit
     /tmp/ccfY7scs.s:958    .text.HAL_LPTIM_PWM_Stop:00000000 $t
ARM GAS  /tmp/ccfY7scs.s 			page 33


     /tmp/ccfY7scs.s:964    .text.HAL_LPTIM_PWM_Stop:00000000 HAL_LPTIM_PWM_Stop
     /tmp/ccfY7scs.s:985    .text.HAL_LPTIM_OnePulse_Stop:00000000 $t
     /tmp/ccfY7scs.s:991    .text.HAL_LPTIM_OnePulse_Stop:00000000 HAL_LPTIM_OnePulse_Stop
     /tmp/ccfY7scs.s:1000   .text.HAL_LPTIM_SetOnce_Stop:00000000 $t
     /tmp/ccfY7scs.s:1006   .text.HAL_LPTIM_SetOnce_Stop:00000000 HAL_LPTIM_SetOnce_Stop
     /tmp/ccfY7scs.s:1015   .text.HAL_LPTIM_Counter_Stop:00000000 $t
     /tmp/ccfY7scs.s:1021   .text.HAL_LPTIM_Counter_Stop:00000000 HAL_LPTIM_Counter_Stop
     /tmp/ccfY7scs.s:1030   .text.HAL_LPTIM_PWM_Start_IT:00000000 $t
     /tmp/ccfY7scs.s:1036   .text.HAL_LPTIM_PWM_Start_IT:00000000 HAL_LPTIM_PWM_Start_IT
     /tmp/ccfY7scs.s:1121   .text.HAL_LPTIM_PWM_Start_IT:0000009c $d
     /tmp/ccfY7scs.s:1125   .text.HAL_LPTIM_PWM_Stop_IT:00000000 $t
     /tmp/ccfY7scs.s:1131   .text.HAL_LPTIM_PWM_Stop_IT:00000000 HAL_LPTIM_PWM_Stop_IT
     /tmp/ccfY7scs.s:1179   .text.HAL_LPTIM_PWM_Stop_IT:00000050 $d
     /tmp/ccfY7scs.s:1182   .text.HAL_LPTIM_OnePulse_Stop_IT:00000000 $t
     /tmp/ccfY7scs.s:1188   .text.HAL_LPTIM_OnePulse_Stop_IT:00000000 HAL_LPTIM_OnePulse_Stop_IT
     /tmp/ccfY7scs.s:1197   .text.HAL_LPTIM_SetOnce_Stop_IT:00000000 $t
     /tmp/ccfY7scs.s:1203   .text.HAL_LPTIM_SetOnce_Stop_IT:00000000 HAL_LPTIM_SetOnce_Stop_IT
     /tmp/ccfY7scs.s:1212   .text.HAL_LPTIM_OnePulse_Start_IT:00000000 $t
     /tmp/ccfY7scs.s:1218   .text.HAL_LPTIM_OnePulse_Start_IT:00000000 HAL_LPTIM_OnePulse_Start_IT
     /tmp/ccfY7scs.s:1303   .text.HAL_LPTIM_OnePulse_Start_IT:0000009c $d
     /tmp/ccfY7scs.s:1307   .text.HAL_LPTIM_SetOnce_Start_IT:00000000 $t
     /tmp/ccfY7scs.s:1313   .text.HAL_LPTIM_SetOnce_Start_IT:00000000 HAL_LPTIM_SetOnce_Start_IT
     /tmp/ccfY7scs.s:1399   .text.HAL_LPTIM_SetOnce_Start_IT:0000009c $d
     /tmp/ccfY7scs.s:1402   .text.HAL_LPTIM_Encoder_Stop:00000000 $t
     /tmp/ccfY7scs.s:1408   .text.HAL_LPTIM_Encoder_Stop:00000000 HAL_LPTIM_Encoder_Stop
     /tmp/ccfY7scs.s:1436   .text.HAL_LPTIM_Encoder_Stop:0000002c $d
     /tmp/ccfY7scs.s:1439   .text.HAL_LPTIM_Encoder_Start_IT:00000000 $t
     /tmp/ccfY7scs.s:1445   .text.HAL_LPTIM_Encoder_Start_IT:00000000 HAL_LPTIM_Encoder_Start_IT
     /tmp/ccfY7scs.s:1510   .text.HAL_LPTIM_Encoder_Stop_IT:00000000 $t
     /tmp/ccfY7scs.s:1516   .text.HAL_LPTIM_Encoder_Stop_IT:00000000 HAL_LPTIM_Encoder_Stop_IT
     /tmp/ccfY7scs.s:1552   .text.HAL_LPTIM_Encoder_Stop_IT:0000003c $d
     /tmp/ccfY7scs.s:1555   .text.HAL_LPTIM_TimeOut_Stop:00000000 $t
     /tmp/ccfY7scs.s:1561   .text.HAL_LPTIM_TimeOut_Stop:00000000 HAL_LPTIM_TimeOut_Stop
     /tmp/ccfY7scs.s:1589   .text.HAL_LPTIM_TimeOut_Stop:0000002c $d
     /tmp/ccfY7scs.s:1592   .text.HAL_LPTIM_TimeOut_Start_IT:00000000 $t
     /tmp/ccfY7scs.s:1598   .text.HAL_LPTIM_TimeOut_Start_IT:00000000 HAL_LPTIM_TimeOut_Start_IT
     /tmp/ccfY7scs.s:1668   .text.HAL_LPTIM_TimeOut_Start_IT:00000080 $d
     /tmp/ccfY7scs.s:1671   .text.HAL_LPTIM_TimeOut_Stop_IT:00000000 $t
     /tmp/ccfY7scs.s:1677   .text.HAL_LPTIM_TimeOut_Stop_IT:00000000 HAL_LPTIM_TimeOut_Stop_IT
     /tmp/ccfY7scs.s:1713   .text.HAL_LPTIM_TimeOut_Stop_IT:0000003c $d
     /tmp/ccfY7scs.s:1718   .text.HAL_LPTIM_Counter_Start_IT:00000000 $t
     /tmp/ccfY7scs.s:1724   .text.HAL_LPTIM_Counter_Start_IT:00000000 HAL_LPTIM_Counter_Start_IT
     /tmp/ccfY7scs.s:1797   .text.HAL_LPTIM_Counter_Start_IT:00000080 $d
     /tmp/ccfY7scs.s:1801   .text.HAL_LPTIM_Counter_Stop_IT:00000000 $t
     /tmp/ccfY7scs.s:1807   .text.HAL_LPTIM_Counter_Stop_IT:00000000 HAL_LPTIM_Counter_Stop_IT
     /tmp/ccfY7scs.s:1843   .text.HAL_LPTIM_Counter_Stop_IT:0000003c $d

UNDEFINED SYMBOLS
__aeabi_uidiv
SystemCoreClock
