ARM GAS  /tmp/ccJJmYHT.s 			page 1


   1              		.cpu cortex-m0
   2              		.arch armv6s-m
   3              		.fpu softvfp
   4              		.eabi_attribute 23, 1
   5              		.eabi_attribute 24, 1
   6              		.eabi_attribute 25, 1
   7              		.eabi_attribute 26, 1
   8              		.eabi_attribute 30, 4
   9              		.eabi_attribute 34, 0
  10              		.eabi_attribute 18, 4
  11              		.file	"stm32l0xx_hal_rtc_ex.c"
  12              		.text
  13              		.section	.text.HAL_RTCEx_SetTimeStamp,"ax",%progbits
  14              		.align	1
  15              		.global	HAL_RTCEx_SetTimeStamp
  16              		.syntax unified
  17              		.code	16
  18              		.thumb_func
  20              	HAL_RTCEx_SetTimeStamp:
  21              		@ args = 0, pretend = 0, frame = 0
  22              		@ frame_needed = 0, uses_anonymous_args = 0
  23 0000 0A00     		movs	r2, r1
  24 0002 0221     		movs	r1, #2
  25 0004 70B5     		push	{r4, r5, r6, lr}
  26 0006 441C     		adds	r4, r0, #1
  27 0008 E57F     		ldrb	r5, [r4, #31]
  28 000a 0300     		movs	r3, r0
  29 000c 0800     		movs	r0, r1
  30 000e 012D     		cmp	r5, #1
  31 0010 20D0     		beq	.L2
  32 0012 5D18     		adds	r5, r3, r1
  33 0014 E977     		strb	r1, [r5, #31]
  34 0016 1B68     		ldr	r3, [r3]
  35 0018 0F48     		ldr	r0, .L4
  36 001a 9968     		ldr	r1, [r3, #8]
  37 001c 0140     		ands	r1, r0
  38 001e 1143     		orrs	r1, r2
  39 0020 CA22     		movs	r2, #202
  40 0022 5A62     		str	r2, [r3, #36]
  41 0024 773A     		subs	r2, r2, #119
  42 0026 5A62     		str	r2, [r3, #36]
  43 0028 DE68     		ldr	r6, [r3, #12]
  44 002a AC32     		adds	r2, r2, #172
  45 002c 0B48     		ldr	r0, .L4+4
  46 002e 1640     		ands	r6, r2
  47 0030 3043     		orrs	r0, r6
  48 0032 D860     		str	r0, [r3, #12]
  49 0034 DE68     		ldr	r6, [r3, #12]
  50 0036 0A48     		ldr	r0, .L4+8
  51 0038 1640     		ands	r6, r2
  52 003a 3043     		orrs	r0, r6
  53 003c D860     		str	r0, [r3, #12]
  54 003e 9960     		str	r1, [r3, #8]
  55 0040 8021     		movs	r1, #128
  56 0042 9868     		ldr	r0, [r3, #8]
  57 0044 0901     		lsls	r1, r1, #4
  58 0046 0143     		orrs	r1, r0
ARM GAS  /tmp/ccJJmYHT.s 			page 2


  59 0048 9960     		str	r1, [r3, #8]
  60 004a 0020     		movs	r0, #0
  61 004c 5A62     		str	r2, [r3, #36]
  62 004e 0123     		movs	r3, #1
  63 0050 EB77     		strb	r3, [r5, #31]
  64 0052 E077     		strb	r0, [r4, #31]
  65              	.L2:
  66              		@ sp needed
  67 0054 70BD     		pop	{r4, r5, r6, pc}
  68              	.L5:
  69 0056 C046     		.align	2
  70              	.L4:
  71 0058 F7F7FFFF 		.word	-2057
  72 005c 7FF7FFFF 		.word	-2177
  73 0060 7FEFFFFF 		.word	-4225
  75              		.section	.text.HAL_RTCEx_SetTimeStamp_IT,"ax",%progbits
  76              		.align	1
  77              		.global	HAL_RTCEx_SetTimeStamp_IT
  78              		.syntax unified
  79              		.code	16
  80              		.thumb_func
  82              	HAL_RTCEx_SetTimeStamp_IT:
  83              		@ args = 0, pretend = 0, frame = 0
  84              		@ frame_needed = 0, uses_anonymous_args = 0
  85 0000 0A00     		movs	r2, r1
  86 0002 0221     		movs	r1, #2
  87 0004 70B5     		push	{r4, r5, r6, lr}
  88 0006 441C     		adds	r4, r0, #1
  89 0008 E57F     		ldrb	r5, [r4, #31]
  90 000a 0300     		movs	r3, r0
  91 000c 0800     		movs	r0, r1
  92 000e 012D     		cmp	r5, #1
  93 0010 2ED0     		beq	.L7
  94 0012 5D18     		adds	r5, r3, r1
  95 0014 E977     		strb	r1, [r5, #31]
  96 0016 1B68     		ldr	r3, [r3]
  97 0018 1648     		ldr	r0, .L9
  98 001a 9968     		ldr	r1, [r3, #8]
  99 001c 0140     		ands	r1, r0
 100 001e 1143     		orrs	r1, r2
 101 0020 CA22     		movs	r2, #202
 102 0022 FF20     		movs	r0, #255
 103 0024 5A62     		str	r2, [r3, #36]
 104 0026 773A     		subs	r2, r2, #119
 105 0028 5A62     		str	r2, [r3, #36]
 106 002a DE68     		ldr	r6, [r3, #12]
 107 002c 124A     		ldr	r2, .L9+4
 108 002e 0640     		ands	r6, r0
 109 0030 3243     		orrs	r2, r6
 110 0032 DA60     		str	r2, [r3, #12]
 111 0034 DE68     		ldr	r6, [r3, #12]
 112 0036 114A     		ldr	r2, .L9+8
 113 0038 0640     		ands	r6, r0
 114 003a 3243     		orrs	r2, r6
 115 003c DA60     		str	r2, [r3, #12]
 116 003e 8022     		movs	r2, #128
 117 0040 9960     		str	r1, [r3, #8]
ARM GAS  /tmp/ccJJmYHT.s 			page 3


 118 0042 9968     		ldr	r1, [r3, #8]
 119 0044 1201     		lsls	r2, r2, #4
 120 0046 0A43     		orrs	r2, r1
 121 0048 9A60     		str	r2, [r3, #8]
 122 004a 8022     		movs	r2, #128
 123 004c 9968     		ldr	r1, [r3, #8]
 124 004e 1202     		lsls	r2, r2, #8
 125 0050 0A43     		orrs	r2, r1
 126 0052 8021     		movs	r1, #128
 127 0054 9A60     		str	r2, [r3, #8]
 128 0056 0A4A     		ldr	r2, .L9+12
 129 0058 0903     		lsls	r1, r1, #12
 130 005a 1668     		ldr	r6, [r2]
 131 005c 0E43     		orrs	r6, r1
 132 005e 1660     		str	r6, [r2]
 133 0060 9668     		ldr	r6, [r2, #8]
 134 0062 3143     		orrs	r1, r6
 135 0064 9160     		str	r1, [r2, #8]
 136 0066 5862     		str	r0, [r3, #36]
 137 0068 0123     		movs	r3, #1
 138 006a 0020     		movs	r0, #0
 139 006c EB77     		strb	r3, [r5, #31]
 140 006e E077     		strb	r0, [r4, #31]
 141              	.L7:
 142              		@ sp needed
 143 0070 70BD     		pop	{r4, r5, r6, pc}
 144              	.L10:
 145 0072 C046     		.align	2
 146              	.L9:
 147 0074 F7F7FFFF 		.word	-2057
 148 0078 7FF7FFFF 		.word	-2177
 149 007c 7FEFFFFF 		.word	-4225
 150 0080 00040140 		.word	1073808384
 152              		.section	.text.HAL_RTCEx_DeactivateTimeStamp,"ax",%progbits
 153              		.align	1
 154              		.global	HAL_RTCEx_DeactivateTimeStamp
 155              		.syntax unified
 156              		.code	16
 157              		.thumb_func
 159              	HAL_RTCEx_DeactivateTimeStamp:
 160              		@ args = 0, pretend = 0, frame = 0
 161              		@ frame_needed = 0, uses_anonymous_args = 0
 162 0000 0222     		movs	r2, #2
 163 0002 10B5     		push	{r4, lr}
 164 0004 411C     		adds	r1, r0, #1
 165 0006 CC7F     		ldrb	r4, [r1, #31]
 166 0008 0300     		movs	r3, r0
 167 000a 1000     		movs	r0, r2
 168 000c 012C     		cmp	r4, #1
 169 000e 14D0     		beq	.L12
 170 0010 9818     		adds	r0, r3, r2
 171 0012 C277     		strb	r2, [r0, #31]
 172 0014 1B68     		ldr	r3, [r3]
 173 0016 C832     		adds	r2, r2, #200
 174 0018 5A62     		str	r2, [r3, #36]
 175 001a 773A     		subs	r2, r2, #119
 176 001c 5A62     		str	r2, [r3, #36]
ARM GAS  /tmp/ccJJmYHT.s 			page 4


 177 001e 9A68     		ldr	r2, [r3, #8]
 178 0020 064C     		ldr	r4, .L14
 179 0022 2240     		ands	r2, r4
 180 0024 9A60     		str	r2, [r3, #8]
 181 0026 9A68     		ldr	r2, [r3, #8]
 182 0028 054C     		ldr	r4, .L14+4
 183 002a 2240     		ands	r2, r4
 184 002c 9A60     		str	r2, [r3, #8]
 185 002e FF22     		movs	r2, #255
 186 0030 5A62     		str	r2, [r3, #36]
 187 0032 0123     		movs	r3, #1
 188 0034 C377     		strb	r3, [r0, #31]
 189 0036 0020     		movs	r0, #0
 190 0038 C877     		strb	r0, [r1, #31]
 191              	.L12:
 192              		@ sp needed
 193 003a 10BD     		pop	{r4, pc}
 194              	.L15:
 195              		.align	2
 196              	.L14:
 197 003c FF7FFFFF 		.word	-32769
 198 0040 F7F7FFFF 		.word	-2057
 200              		.section	.text.HAL_RTCEx_GetTimeStamp,"ax",%progbits
 201              		.align	1
 202              		.global	HAL_RTCEx_GetTimeStamp
 203              		.syntax unified
 204              		.code	16
 205              		.thumb_func
 207              	HAL_RTCEx_GetTimeStamp:
 208              		@ args = 0, pretend = 0, frame = 8
 209              		@ frame_needed = 0, uses_anonymous_args = 0
 210 0000 F7B5     		push	{r0, r1, r2, r4, r5, r6, r7, lr}
 211 0002 0768     		ldr	r7, [r0]
 212 0004 1400     		movs	r4, r2
 213 0006 0193     		str	r3, [sp, #4]
 214 0008 3A6B     		ldr	r2, [r7, #48]
 215 000a 254B     		ldr	r3, .L18
 216 000c 0600     		movs	r6, r0
 217 000e 1A40     		ands	r2, r3
 218 0010 9446     		mov	ip, r2
 219 0012 244B     		ldr	r3, .L18+4
 220 0014 7A6B     		ldr	r2, [r7, #52]
 221 0016 3F20     		movs	r0, #63
 222 0018 1A40     		ands	r2, r3
 223 001a 6346     		mov	r3, ip
 224 001c 0D00     		movs	r5, r1
 225 001e 190C     		lsrs	r1, r3, #16
 226 0020 0840     		ands	r0, r1
 227 0022 0090     		str	r0, [sp]
 228 0024 6046     		mov	r0, ip
 229 0026 C0B2     		uxtb	r0, r0
 230 0028 0004     		lsls	r0, r0, #16
 231 002a 1B0A     		lsrs	r3, r3, #8
 232 002c 8446     		mov	ip, r0
 233 002e DBB2     		uxtb	r3, r3
 234 0030 0098     		ldr	r0, [sp]
 235 0032 1B02     		lsls	r3, r3, #8
ARM GAS  /tmp/ccJJmYHT.s 			page 5


 236 0034 0343     		orrs	r3, r0
 237 0036 4020     		movs	r0, #64
 238 0038 0140     		ands	r1, r0
 239 003a 6046     		mov	r0, ip
 240 003c 0906     		lsls	r1, r1, #24
 241 003e 0343     		orrs	r3, r0
 242 0040 0B43     		orrs	r3, r1
 243 0042 2B60     		str	r3, [r5]
 244 0044 BB6B     		ldr	r3, [r7, #56]
 245 0046 6B60     		str	r3, [r5, #4]
 246 0048 0023     		movs	r3, #0
 247 004a E370     		strb	r3, [r4, #3]
 248 004c D304     		lsls	r3, r2, #19
 249 004e DB0E     		lsrs	r3, r3, #27
 250 0050 6370     		strb	r3, [r4, #1]
 251 0052 A270     		strb	r2, [r4, #2]
 252 0054 019B     		ldr	r3, [sp, #4]
 253 0056 1204     		lsls	r2, r2, #16
 254 0058 520F     		lsrs	r2, r2, #29
 255 005a 2270     		strb	r2, [r4]
 256 005c 002B     		cmp	r3, #0
 257 005e 17D1     		bne	.L17
 258 0060 0098     		ldr	r0, [sp]
 259 0062 FFF7FEFF 		bl	RTC_Bcd2ToByte
 260 0066 2870     		strb	r0, [r5]
 261 0068 6878     		ldrb	r0, [r5, #1]
 262 006a FFF7FEFF 		bl	RTC_Bcd2ToByte
 263 006e 6870     		strb	r0, [r5, #1]
 264 0070 A878     		ldrb	r0, [r5, #2]
 265 0072 FFF7FEFF 		bl	RTC_Bcd2ToByte
 266 0076 A870     		strb	r0, [r5, #2]
 267 0078 6078     		ldrb	r0, [r4, #1]
 268 007a FFF7FEFF 		bl	RTC_Bcd2ToByte
 269 007e 6070     		strb	r0, [r4, #1]
 270 0080 A078     		ldrb	r0, [r4, #2]
 271 0082 FFF7FEFF 		bl	RTC_Bcd2ToByte
 272 0086 A070     		strb	r0, [r4, #2]
 273 0088 2078     		ldrb	r0, [r4]
 274 008a FFF7FEFF 		bl	RTC_Bcd2ToByte
 275 008e 2070     		strb	r0, [r4]
 276              	.L17:
 277 0090 3168     		ldr	r1, [r6]
 278 0092 054B     		ldr	r3, .L18+8
 279 0094 CA68     		ldr	r2, [r1, #12]
 280 0096 0020     		movs	r0, #0
 281              		@ sp needed
 282 0098 D2B2     		uxtb	r2, r2
 283 009a 1343     		orrs	r3, r2
 284 009c CB60     		str	r3, [r1, #12]
 285 009e FEBD     		pop	{r1, r2, r3, r4, r5, r6, r7, pc}
 286              	.L19:
 287              		.align	2
 288              	.L18:
 289 00a0 7F7F7F00 		.word	8355711
 290 00a4 3FFFFF00 		.word	16777023
 291 00a8 7FF7FFFF 		.word	-2177
 293              		.section	.text.HAL_RTCEx_SetTamper,"ax",%progbits
ARM GAS  /tmp/ccJJmYHT.s 			page 6


 294              		.align	1
 295              		.global	HAL_RTCEx_SetTamper
 296              		.syntax unified
 297              		.code	16
 298              		.thumb_func
 300              	HAL_RTCEx_SetTamper:
 301              		@ args = 0, pretend = 0, frame = 0
 302              		@ frame_needed = 0, uses_anonymous_args = 0
 303 0000 0222     		movs	r2, #2
 304 0002 F0B5     		push	{r4, r5, r6, r7, lr}
 305 0004 451C     		adds	r5, r0, #1
 306 0006 EB7F     		ldrb	r3, [r5, #31]
 307 0008 0400     		movs	r4, r0
 308 000a 1000     		movs	r0, r2
 309 000c 012B     		cmp	r3, #1
 310 000e 46D0     		beq	.L21
 311 0010 0123     		movs	r3, #1
 312 0012 A018     		adds	r0, r4, r2
 313 0014 EB77     		strb	r3, [r5, #31]
 314 0016 C277     		strb	r2, [r0, #31]
 315 0018 0A68     		ldr	r2, [r1]
 316 001a 8F68     		ldr	r7, [r1, #8]
 317 001c 5600     		lsls	r6, r2, #1
 318 001e 002F     		cmp	r7, #0
 319 0020 00D0     		beq	.L22
 320 0022 8E60     		str	r6, [r1, #8]
 321              	.L22:
 322 0024 CF68     		ldr	r7, [r1, #12]
 323 0026 002F     		cmp	r7, #0
 324 0028 0BD0     		beq	.L24
 325 002a 1340     		ands	r3, r2
 326 002c 5B04     		lsls	r3, r3, #17
 327 002e 1707     		lsls	r7, r2, #28
 328 0030 36D4     		bmi	.L25
 329              	.L45:
 330 0032 CB60     		str	r3, [r1, #12]
 331 0034 CF68     		ldr	r7, [r1, #12]
 332 0036 9306     		lsls	r3, r2, #26
 333 0038 03D5     		bpl	.L24
 334 003a 8023     		movs	r3, #128
 335 003c 1B04     		lsls	r3, r3, #16
 336 003e 3B43     		orrs	r3, r7
 337 0040 CB60     		str	r3, [r1, #12]
 338              	.L24:
 339 0042 0B69     		ldr	r3, [r1, #16]
 340 0044 002B     		cmp	r3, #0
 341 0046 0CD0     		beq	.L29
 342 0048 0123     		movs	r3, #1
 343 004a 1340     		ands	r3, r2
 344 004c 9B04     		lsls	r3, r3, #18
 345 004e 1707     		lsls	r7, r2, #28
 346 0050 2AD4     		bmi	.L30
 347              	.L46:
 348 0052 0B61     		str	r3, [r1, #16]
 349 0054 0F69     		ldr	r7, [r1, #16]
 350 0056 9306     		lsls	r3, r2, #26
 351 0058 03D5     		bpl	.L29
ARM GAS  /tmp/ccJJmYHT.s 			page 7


 352 005a 8023     		movs	r3, #128
 353 005c 5B04     		lsls	r3, r3, #17
 354 005e 3B43     		orrs	r3, r7
 355 0060 0B61     		str	r3, [r1, #16]
 356              	.L29:
 357 0062 8B68     		ldr	r3, [r1, #8]
 358 0064 CF68     		ldr	r7, [r1, #12]
 359 0066 1343     		orrs	r3, r2
 360 0068 3B43     		orrs	r3, r7
 361 006a 0F69     		ldr	r7, [r1, #16]
 362 006c 3243     		orrs	r2, r6
 363 006e 3B43     		orrs	r3, r7
 364 0070 4F69     		ldr	r7, [r1, #20]
 365 0072 0F4E     		ldr	r6, .L47
 366 0074 3B43     		orrs	r3, r7
 367 0076 8F69     		ldr	r7, [r1, #24]
 368 0078 3243     		orrs	r2, r6
 369 007a 3B43     		orrs	r3, r7
 370 007c CF69     		ldr	r7, [r1, #28]
 371 007e 3B43     		orrs	r3, r7
 372 0080 0F6A     		ldr	r7, [r1, #32]
 373 0082 496A     		ldr	r1, [r1, #36]
 374 0084 3B43     		orrs	r3, r7
 375 0086 0B43     		orrs	r3, r1
 376 0088 2168     		ldr	r1, [r4]
 377 008a 0C6C     		ldr	r4, [r1, #64]
 378 008c 9443     		bics	r4, r2
 379 008e 0C64     		str	r4, [r1, #64]
 380 0090 0A6C     		ldr	r2, [r1, #64]
 381 0092 1343     		orrs	r3, r2
 382 0094 0B64     		str	r3, [r1, #64]
 383 0096 0123     		movs	r3, #1
 384 0098 C377     		strb	r3, [r0, #31]
 385 009a 0020     		movs	r0, #0
 386 009c E877     		strb	r0, [r5, #31]
 387              	.L21:
 388              		@ sp needed
 389 009e F0BD     		pop	{r4, r5, r6, r7, pc}
 390              	.L25:
 391 00a0 8027     		movs	r7, #128
 392 00a2 7F03     		lsls	r7, r7, #13
 393 00a4 3B43     		orrs	r3, r7
 394 00a6 C4E7     		b	.L45
 395              	.L30:
 396 00a8 8027     		movs	r7, #128
 397 00aa BF03     		lsls	r7, r7, #14
 398 00ac 3B43     		orrs	r3, r7
 399 00ae D0E7     		b	.L46
 400              	.L48:
 401              		.align	2
 402              	.L47:
 403 00b0 84FFFF01 		.word	33554308
 405              		.section	.text.HAL_RTCEx_SetTamper_IT,"ax",%progbits
 406              		.align	1
 407              		.global	HAL_RTCEx_SetTamper_IT
 408              		.syntax unified
 409              		.code	16
ARM GAS  /tmp/ccJJmYHT.s 			page 8


 410              		.thumb_func
 412              	HAL_RTCEx_SetTamper_IT:
 413              		@ args = 0, pretend = 0, frame = 0
 414              		@ frame_needed = 0, uses_anonymous_args = 0
 415 0000 0222     		movs	r2, #2
 416 0002 F0B5     		push	{r4, r5, r6, r7, lr}
 417 0004 451C     		adds	r5, r0, #1
 418 0006 EB7F     		ldrb	r3, [r5, #31]
 419 0008 0400     		movs	r4, r0
 420 000a 1000     		movs	r0, r2
 421 000c 012B     		cmp	r3, #1
 422 000e 51D0     		beq	.L50
 423 0010 0123     		movs	r3, #1
 424 0012 A018     		adds	r0, r4, r2
 425 0014 EB77     		strb	r3, [r5, #31]
 426 0016 C277     		strb	r2, [r0, #31]
 427 0018 0A68     		ldr	r2, [r1]
 428 001a 8F68     		ldr	r7, [r1, #8]
 429 001c 5600     		lsls	r6, r2, #1
 430 001e 002F     		cmp	r7, #0
 431 0020 00D0     		beq	.L51
 432 0022 8E60     		str	r6, [r1, #8]
 433              	.L51:
 434 0024 CF68     		ldr	r7, [r1, #12]
 435 0026 002F     		cmp	r7, #0
 436 0028 0BD0     		beq	.L53
 437 002a 1340     		ands	r3, r2
 438 002c 5B04     		lsls	r3, r3, #17
 439 002e 1707     		lsls	r7, r2, #28
 440 0030 41D4     		bmi	.L54
 441              	.L74:
 442 0032 CB60     		str	r3, [r1, #12]
 443 0034 CF68     		ldr	r7, [r1, #12]
 444 0036 9306     		lsls	r3, r2, #26
 445 0038 03D5     		bpl	.L53
 446 003a 8023     		movs	r3, #128
 447 003c 1B04     		lsls	r3, r3, #16
 448 003e 3B43     		orrs	r3, r7
 449 0040 CB60     		str	r3, [r1, #12]
 450              	.L53:
 451 0042 0B69     		ldr	r3, [r1, #16]
 452 0044 002B     		cmp	r3, #0
 453 0046 0CD0     		beq	.L58
 454 0048 0123     		movs	r3, #1
 455 004a 1340     		ands	r3, r2
 456 004c 9B04     		lsls	r3, r3, #18
 457 004e 1707     		lsls	r7, r2, #28
 458 0050 35D4     		bmi	.L59
 459              	.L75:
 460 0052 0B61     		str	r3, [r1, #16]
 461 0054 0F69     		ldr	r7, [r1, #16]
 462 0056 9306     		lsls	r3, r2, #26
 463 0058 03D5     		bpl	.L58
 464 005a 8023     		movs	r3, #128
 465 005c 5B04     		lsls	r3, r3, #17
 466 005e 3B43     		orrs	r3, r7
 467 0060 0B61     		str	r3, [r1, #16]
ARM GAS  /tmp/ccJJmYHT.s 			page 9


 468              	.L58:
 469 0062 4B68     		ldr	r3, [r1, #4]
 470 0064 8F68     		ldr	r7, [r1, #8]
 471 0066 1343     		orrs	r3, r2
 472 0068 3B43     		orrs	r3, r7
 473 006a CF68     		ldr	r7, [r1, #12]
 474 006c 3243     		orrs	r2, r6
 475 006e 3B43     		orrs	r3, r7
 476 0070 0F69     		ldr	r7, [r1, #16]
 477 0072 154E     		ldr	r6, .L76
 478 0074 3B43     		orrs	r3, r7
 479 0076 4F69     		ldr	r7, [r1, #20]
 480 0078 3243     		orrs	r2, r6
 481 007a 3B43     		orrs	r3, r7
 482 007c 8F69     		ldr	r7, [r1, #24]
 483 007e 3B43     		orrs	r3, r7
 484 0080 CF69     		ldr	r7, [r1, #28]
 485 0082 3B43     		orrs	r3, r7
 486 0084 0F6A     		ldr	r7, [r1, #32]
 487 0086 496A     		ldr	r1, [r1, #36]
 488 0088 3B43     		orrs	r3, r7
 489 008a 0B43     		orrs	r3, r1
 490 008c 2168     		ldr	r1, [r4]
 491 008e 0C6C     		ldr	r4, [r1, #64]
 492 0090 9443     		bics	r4, r2
 493 0092 0C64     		str	r4, [r1, #64]
 494 0094 0A6C     		ldr	r2, [r1, #64]
 495 0096 1343     		orrs	r3, r2
 496 0098 8022     		movs	r2, #128
 497 009a 0B64     		str	r3, [r1, #64]
 498 009c 0B4B     		ldr	r3, .L76+4
 499 009e 1203     		lsls	r2, r2, #12
 500 00a0 1968     		ldr	r1, [r3]
 501 00a2 1143     		orrs	r1, r2
 502 00a4 1960     		str	r1, [r3]
 503 00a6 9968     		ldr	r1, [r3, #8]
 504 00a8 0A43     		orrs	r2, r1
 505 00aa 9A60     		str	r2, [r3, #8]
 506 00ac 0123     		movs	r3, #1
 507 00ae C377     		strb	r3, [r0, #31]
 508 00b0 0020     		movs	r0, #0
 509 00b2 E877     		strb	r0, [r5, #31]
 510              	.L50:
 511              		@ sp needed
 512 00b4 F0BD     		pop	{r4, r5, r6, r7, pc}
 513              	.L54:
 514 00b6 8027     		movs	r7, #128
 515 00b8 7F03     		lsls	r7, r7, #13
 516 00ba 3B43     		orrs	r3, r7
 517 00bc B9E7     		b	.L74
 518              	.L59:
 519 00be 8027     		movs	r7, #128
 520 00c0 BF03     		lsls	r7, r7, #14
 521 00c2 3B43     		orrs	r3, r7
 522 00c4 C5E7     		b	.L75
 523              	.L77:
 524 00c6 C046     		.align	2
ARM GAS  /tmp/ccJJmYHT.s 			page 10


 525              	.L76:
 526 00c8 84FFFF01 		.word	33554308
 527 00cc 00040140 		.word	1073808384
 529              		.section	.text.HAL_RTCEx_DeactivateTamper,"ax",%progbits
 530              		.align	1
 531              		.global	HAL_RTCEx_DeactivateTamper
 532              		.syntax unified
 533              		.code	16
 534              		.thumb_func
 536              	HAL_RTCEx_DeactivateTamper:
 537              		@ args = 0, pretend = 0, frame = 0
 538              		@ frame_needed = 0, uses_anonymous_args = 0
 539 0000 0222     		movs	r2, #2
 540 0002 30B5     		push	{r4, r5, lr}
 541 0004 441C     		adds	r4, r0, #1
 542 0006 E57F     		ldrb	r5, [r4, #31]
 543 0008 0300     		movs	r3, r0
 544 000a 1000     		movs	r0, r2
 545 000c 012D     		cmp	r5, #1
 546 000e 1BD0     		beq	.L79
 547 0010 9818     		adds	r0, r3, r2
 548 0012 C277     		strb	r2, [r0, #31]
 549 0014 1B68     		ldr	r3, [r3]
 550 0016 1A6C     		ldr	r2, [r3, #64]
 551 0018 8A43     		bics	r2, r1
 552 001a 1A64     		str	r2, [r3, #64]
 553 001c CA07     		lsls	r2, r1, #31
 554 001e 03D5     		bpl	.L80
 555 0020 1A6C     		ldr	r2, [r3, #64]
 556 0022 0A4D     		ldr	r5, .L96
 557 0024 2A40     		ands	r2, r5
 558 0026 1A64     		str	r2, [r3, #64]
 559              	.L80:
 560 0028 0A07     		lsls	r2, r1, #28
 561 002a 03D5     		bpl	.L81
 562 002c 1A6C     		ldr	r2, [r3, #64]
 563 002e 084D     		ldr	r5, .L96+4
 564 0030 2A40     		ands	r2, r5
 565 0032 1A64     		str	r2, [r3, #64]
 566              	.L81:
 567 0034 8906     		lsls	r1, r1, #26
 568 0036 03D5     		bpl	.L82
 569 0038 1A6C     		ldr	r2, [r3, #64]
 570 003a 0649     		ldr	r1, .L96+8
 571 003c 0A40     		ands	r2, r1
 572 003e 1A64     		str	r2, [r3, #64]
 573              	.L82:
 574 0040 0123     		movs	r3, #1
 575 0042 C377     		strb	r3, [r0, #31]
 576 0044 0020     		movs	r0, #0
 577 0046 E077     		strb	r0, [r4, #31]
 578              	.L79:
 579              		@ sp needed
 580 0048 30BD     		pop	{r4, r5, pc}
 581              	.L97:
 582 004a C046     		.align	2
 583              	.L96:
ARM GAS  /tmp/ccJJmYHT.s 			page 11


 584 004c FBFFFEFF 		.word	-65541
 585 0050 FBFFF7FF 		.word	-524293
 586 0054 FBFFBFFF 		.word	-4194309
 588              		.section	.text.HAL_RTCEx_TimeStampEventCallback,"ax",%progbits
 589              		.align	1
 590              		.weak	HAL_RTCEx_TimeStampEventCallback
 591              		.syntax unified
 592              		.code	16
 593              		.thumb_func
 595              	HAL_RTCEx_TimeStampEventCallback:
 596              		@ args = 0, pretend = 0, frame = 0
 597              		@ frame_needed = 0, uses_anonymous_args = 0
 598              		@ link register save eliminated.
 599              		@ sp needed
 600 0000 7047     		bx	lr
 602              		.section	.text.HAL_RTCEx_Tamper1EventCallback,"ax",%progbits
 603              		.align	1
 604              		.weak	HAL_RTCEx_Tamper1EventCallback
 605              		.syntax unified
 606              		.code	16
 607              		.thumb_func
 609              	HAL_RTCEx_Tamper1EventCallback:
 610              		@ args = 0, pretend = 0, frame = 0
 611              		@ frame_needed = 0, uses_anonymous_args = 0
 612              		@ link register save eliminated.
 613              		@ sp needed
 614 0000 7047     		bx	lr
 616              		.section	.text.HAL_RTCEx_Tamper2EventCallback,"ax",%progbits
 617              		.align	1
 618              		.weak	HAL_RTCEx_Tamper2EventCallback
 619              		.syntax unified
 620              		.code	16
 621              		.thumb_func
 623              	HAL_RTCEx_Tamper2EventCallback:
 624              		@ args = 0, pretend = 0, frame = 0
 625              		@ frame_needed = 0, uses_anonymous_args = 0
 626              		@ link register save eliminated.
 627              		@ sp needed
 628 0000 7047     		bx	lr
 630              		.section	.text.HAL_RTCEx_Tamper3EventCallback,"ax",%progbits
 631              		.align	1
 632              		.weak	HAL_RTCEx_Tamper3EventCallback
 633              		.syntax unified
 634              		.code	16
 635              		.thumb_func
 637              	HAL_RTCEx_Tamper3EventCallback:
 638              		@ args = 0, pretend = 0, frame = 0
 639              		@ frame_needed = 0, uses_anonymous_args = 0
 640              		@ link register save eliminated.
 641              		@ sp needed
 642 0000 7047     		bx	lr
 644              		.section	.text.HAL_RTCEx_TamperTimeStampIRQHandler,"ax",%progbits
 645              		.align	1
 646              		.global	HAL_RTCEx_TamperTimeStampIRQHandler
 647              		.syntax unified
 648              		.code	16
 649              		.thumb_func
ARM GAS  /tmp/ccJJmYHT.s 			page 12


 651              	HAL_RTCEx_TamperTimeStampIRQHandler:
 652              		@ args = 0, pretend = 0, frame = 0
 653              		@ frame_needed = 0, uses_anonymous_args = 0
 654 0000 0368     		ldr	r3, [r0]
 655 0002 10B5     		push	{r4, lr}
 656 0004 9A68     		ldr	r2, [r3, #8]
 657 0006 0400     		movs	r4, r0
 658 0008 1204     		lsls	r2, r2, #16
 659 000a 0AD5     		bpl	.L103
 660 000c DB68     		ldr	r3, [r3, #12]
 661 000e 1B05     		lsls	r3, r3, #20
 662 0010 07D5     		bpl	.L103
 663 0012 FFF7FEFF 		bl	HAL_RTCEx_TimeStampEventCallback
 664 0016 2168     		ldr	r1, [r4]
 665 0018 1F4B     		ldr	r3, .L136
 666 001a CA68     		ldr	r2, [r1, #12]
 667 001c D2B2     		uxtb	r2, r2
 668 001e 1343     		orrs	r3, r2
 669 0020 CB60     		str	r3, [r1, #12]
 670              	.L103:
 671 0022 2368     		ldr	r3, [r4]
 672 0024 1D4A     		ldr	r2, .L136+4
 673 0026 196C     		ldr	r1, [r3, #64]
 674 0028 1142     		tst	r1, r2
 675 002a 0BD0     		beq	.L104
 676 002c DB68     		ldr	r3, [r3, #12]
 677 002e 9B04     		lsls	r3, r3, #18
 678 0030 08D5     		bpl	.L104
 679 0032 2000     		movs	r0, r4
 680 0034 FFF7FEFF 		bl	HAL_RTCEx_Tamper1EventCallback
 681 0038 2168     		ldr	r1, [r4]
 682 003a 194B     		ldr	r3, .L136+8
 683 003c CA68     		ldr	r2, [r1, #12]
 684 003e D2B2     		uxtb	r2, r2
 685 0040 1343     		orrs	r3, r2
 686 0042 CB60     		str	r3, [r1, #12]
 687              	.L104:
 688 0044 2368     		ldr	r3, [r4]
 689 0046 174A     		ldr	r2, .L136+12
 690 0048 196C     		ldr	r1, [r3, #64]
 691 004a 1142     		tst	r1, r2
 692 004c 0BD0     		beq	.L105
 693 004e DB68     		ldr	r3, [r3, #12]
 694 0050 5B04     		lsls	r3, r3, #17
 695 0052 08D5     		bpl	.L105
 696 0054 2000     		movs	r0, r4
 697 0056 FFF7FEFF 		bl	HAL_RTCEx_Tamper2EventCallback
 698 005a 2168     		ldr	r1, [r4]
 699 005c 124B     		ldr	r3, .L136+16
 700 005e CA68     		ldr	r2, [r1, #12]
 701 0060 D2B2     		uxtb	r2, r2
 702 0062 1343     		orrs	r3, r2
 703 0064 CB60     		str	r3, [r1, #12]
 704              	.L105:
 705 0066 2368     		ldr	r3, [r4]
 706 0068 104A     		ldr	r2, .L136+20
 707 006a 196C     		ldr	r1, [r3, #64]
ARM GAS  /tmp/ccJJmYHT.s 			page 13


 708 006c 1142     		tst	r1, r2
 709 006e 0BD0     		beq	.L106
 710 0070 DB68     		ldr	r3, [r3, #12]
 711 0072 1B04     		lsls	r3, r3, #16
 712 0074 08D5     		bpl	.L106
 713 0076 2000     		movs	r0, r4
 714 0078 FFF7FEFF 		bl	HAL_RTCEx_Tamper3EventCallback
 715 007c 2168     		ldr	r1, [r4]
 716 007e 0C4B     		ldr	r3, .L136+24
 717 0080 CA68     		ldr	r2, [r1, #12]
 718 0082 D2B2     		uxtb	r2, r2
 719 0084 1343     		orrs	r3, r2
 720 0086 CB60     		str	r3, [r1, #12]
 721              	.L106:
 722 0088 8022     		movs	r2, #128
 723              		@ sp needed
 724 008a 0A4B     		ldr	r3, .L136+28
 725 008c 1203     		lsls	r2, r2, #12
 726 008e 5A61     		str	r2, [r3, #20]
 727 0090 0123     		movs	r3, #1
 728 0092 0234     		adds	r4, r4, #2
 729 0094 E377     		strb	r3, [r4, #31]
 730 0096 10BD     		pop	{r4, pc}
 731              	.L137:
 732              		.align	2
 733              	.L136:
 734 0098 7FF7FFFF 		.word	-2177
 735 009c 04000100 		.word	65540
 736 00a0 7FDFFFFF 		.word	-8321
 737 00a4 04000800 		.word	524292
 738 00a8 7FBFFFFF 		.word	-16513
 739 00ac 04004000 		.word	4194308
 740 00b0 7F7FFFFF 		.word	-32897
 741 00b4 00040140 		.word	1073808384
 743              		.section	.text.HAL_RTCEx_PollForTimeStampEvent,"ax",%progbits
 744              		.align	1
 745              		.global	HAL_RTCEx_PollForTimeStampEvent
 746              		.syntax unified
 747              		.code	16
 748              		.thumb_func
 750              	HAL_RTCEx_PollForTimeStampEvent:
 751              		@ args = 0, pretend = 0, frame = 0
 752              		@ frame_needed = 0, uses_anonymous_args = 0
 753 0000 F8B5     		push	{r3, r4, r5, r6, r7, lr}
 754 0002 0400     		movs	r4, r0
 755 0004 0D00     		movs	r5, r1
 756 0006 FFF7FEFF 		bl	HAL_GetTick
 757 000a 8027     		movs	r7, #128
 758 000c 0600     		movs	r6, r0
 759 000e 7F01     		lsls	r7, r7, #5
 760              	.L139:
 761 0010 2368     		ldr	r3, [r4]
 762              	.L142:
 763 0012 8021     		movs	r1, #128
 764 0014 DA68     		ldr	r2, [r3, #12]
 765 0016 0901     		lsls	r1, r1, #4
 766 0018 0A42     		tst	r2, r1
ARM GAS  /tmp/ccJJmYHT.s 			page 14


 767 001a 04D0     		beq	.L145
 768 001c 0123     		movs	r3, #1
 769 001e 0234     		adds	r4, r4, #2
 770 0020 0020     		movs	r0, #0
 771 0022 E377     		strb	r3, [r4, #31]
 772 0024 0BE0     		b	.L141
 773              	.L145:
 774 0026 DA68     		ldr	r2, [r3, #12]
 775 0028 3A42     		tst	r2, r7
 776 002a 09D0     		beq	.L140
 777 002c D968     		ldr	r1, [r3, #12]
 778 002e 0B4A     		ldr	r2, .L152
 779 0030 C9B2     		uxtb	r1, r1
 780 0032 0A43     		orrs	r2, r1
 781 0034 DA60     		str	r2, [r3, #12]
 782 0036 0423     		movs	r3, #4
 783 0038 0120     		movs	r0, #1
 784 003a 0234     		adds	r4, r4, #2
 785 003c E377     		strb	r3, [r4, #31]
 786              	.L141:
 787              		@ sp needed
 788 003e F8BD     		pop	{r3, r4, r5, r6, r7, pc}
 789              	.L140:
 790 0040 6A1C     		adds	r2, r5, #1
 791 0042 E6D0     		beq	.L142
 792 0044 FFF7FEFF 		bl	HAL_GetTick
 793 0048 801B     		subs	r0, r0, r6
 794 004a A842     		cmp	r0, r5
 795 004c 03D9     		bls	.L143
 796              	.L144:
 797 004e 0320     		movs	r0, #3
 798 0050 0234     		adds	r4, r4, #2
 799 0052 E077     		strb	r0, [r4, #31]
 800 0054 F3E7     		b	.L141
 801              	.L143:
 802 0056 002D     		cmp	r5, #0
 803 0058 DAD1     		bne	.L139
 804 005a F8E7     		b	.L144
 805              	.L153:
 806              		.align	2
 807              	.L152:
 808 005c 7FEFFFFF 		.word	-4225
 810              		.section	.text.HAL_RTCEx_PollForTamper1Event,"ax",%progbits
 811              		.align	1
 812              		.global	HAL_RTCEx_PollForTamper1Event
 813              		.syntax unified
 814              		.code	16
 815              		.thumb_func
 817              	HAL_RTCEx_PollForTamper1Event:
 818              		@ args = 0, pretend = 0, frame = 0
 819              		@ frame_needed = 0, uses_anonymous_args = 0
 820 0000 F8B5     		push	{r3, r4, r5, r6, r7, lr}
 821 0002 0400     		movs	r4, r0
 822 0004 0D00     		movs	r5, r1
 823 0006 FFF7FEFF 		bl	HAL_GetTick
 824 000a 8027     		movs	r7, #128
 825 000c 0600     		movs	r6, r0
ARM GAS  /tmp/ccJJmYHT.s 			page 15


 826 000e BF01     		lsls	r7, r7, #6
 827              	.L155:
 828 0010 2368     		ldr	r3, [r4]
 829              	.L156:
 830 0012 DA68     		ldr	r2, [r3, #12]
 831 0014 3A42     		tst	r2, r7
 832 0016 09D0     		beq	.L160
 833 0018 D968     		ldr	r1, [r3, #12]
 834 001a 0B4A     		ldr	r2, .L167
 835 001c C9B2     		uxtb	r1, r1
 836 001e 0A43     		orrs	r2, r1
 837 0020 DA60     		str	r2, [r3, #12]
 838 0022 0123     		movs	r3, #1
 839 0024 0234     		adds	r4, r4, #2
 840 0026 0020     		movs	r0, #0
 841 0028 E377     		strb	r3, [r4, #31]
 842 002a 09E0     		b	.L158
 843              	.L160:
 844 002c 6A1C     		adds	r2, r5, #1
 845 002e F0D0     		beq	.L156
 846 0030 FFF7FEFF 		bl	HAL_GetTick
 847 0034 801B     		subs	r0, r0, r6
 848 0036 A842     		cmp	r0, r5
 849 0038 03D9     		bls	.L157
 850              	.L159:
 851 003a 0320     		movs	r0, #3
 852 003c 0234     		adds	r4, r4, #2
 853 003e E077     		strb	r0, [r4, #31]
 854              	.L158:
 855              		@ sp needed
 856 0040 F8BD     		pop	{r3, r4, r5, r6, r7, pc}
 857              	.L157:
 858 0042 002D     		cmp	r5, #0
 859 0044 E4D1     		bne	.L155
 860 0046 F8E7     		b	.L159
 861              	.L168:
 862              		.align	2
 863              	.L167:
 864 0048 7FDFFFFF 		.word	-8321
 866              		.section	.text.HAL_RTCEx_PollForTamper2Event,"ax",%progbits
 867              		.align	1
 868              		.global	HAL_RTCEx_PollForTamper2Event
 869              		.syntax unified
 870              		.code	16
 871              		.thumb_func
 873              	HAL_RTCEx_PollForTamper2Event:
 874              		@ args = 0, pretend = 0, frame = 0
 875              		@ frame_needed = 0, uses_anonymous_args = 0
 876 0000 F8B5     		push	{r3, r4, r5, r6, r7, lr}
 877 0002 0400     		movs	r4, r0
 878 0004 0D00     		movs	r5, r1
 879 0006 FFF7FEFF 		bl	HAL_GetTick
 880 000a 8027     		movs	r7, #128
 881 000c 0600     		movs	r6, r0
 882 000e FF01     		lsls	r7, r7, #7
 883              	.L170:
 884 0010 2368     		ldr	r3, [r4]
ARM GAS  /tmp/ccJJmYHT.s 			page 16


 885              	.L171:
 886 0012 DA68     		ldr	r2, [r3, #12]
 887 0014 3A42     		tst	r2, r7
 888 0016 09D0     		beq	.L175
 889 0018 D968     		ldr	r1, [r3, #12]
 890 001a 0B4A     		ldr	r2, .L182
 891 001c C9B2     		uxtb	r1, r1
 892 001e 0A43     		orrs	r2, r1
 893 0020 DA60     		str	r2, [r3, #12]
 894 0022 0123     		movs	r3, #1
 895 0024 0234     		adds	r4, r4, #2
 896 0026 0020     		movs	r0, #0
 897 0028 E377     		strb	r3, [r4, #31]
 898 002a 09E0     		b	.L173
 899              	.L175:
 900 002c 6A1C     		adds	r2, r5, #1
 901 002e F0D0     		beq	.L171
 902 0030 FFF7FEFF 		bl	HAL_GetTick
 903 0034 801B     		subs	r0, r0, r6
 904 0036 A842     		cmp	r0, r5
 905 0038 03D9     		bls	.L172
 906              	.L174:
 907 003a 0320     		movs	r0, #3
 908 003c 0234     		adds	r4, r4, #2
 909 003e E077     		strb	r0, [r4, #31]
 910              	.L173:
 911              		@ sp needed
 912 0040 F8BD     		pop	{r3, r4, r5, r6, r7, pc}
 913              	.L172:
 914 0042 002D     		cmp	r5, #0
 915 0044 E4D1     		bne	.L170
 916 0046 F8E7     		b	.L174
 917              	.L183:
 918              		.align	2
 919              	.L182:
 920 0048 7FBFFFFF 		.word	-16513
 922              		.section	.text.HAL_RTCEx_PollForTamper3Event,"ax",%progbits
 923              		.align	1
 924              		.global	HAL_RTCEx_PollForTamper3Event
 925              		.syntax unified
 926              		.code	16
 927              		.thumb_func
 929              	HAL_RTCEx_PollForTamper3Event:
 930              		@ args = 0, pretend = 0, frame = 0
 931              		@ frame_needed = 0, uses_anonymous_args = 0
 932 0000 F8B5     		push	{r3, r4, r5, r6, r7, lr}
 933 0002 0400     		movs	r4, r0
 934 0004 0D00     		movs	r5, r1
 935 0006 FFF7FEFF 		bl	HAL_GetTick
 936 000a 8027     		movs	r7, #128
 937 000c 0600     		movs	r6, r0
 938 000e 3F02     		lsls	r7, r7, #8
 939              	.L185:
 940 0010 2368     		ldr	r3, [r4]
 941              	.L186:
 942 0012 DA68     		ldr	r2, [r3, #12]
 943 0014 3A42     		tst	r2, r7
ARM GAS  /tmp/ccJJmYHT.s 			page 17


 944 0016 09D0     		beq	.L190
 945 0018 D968     		ldr	r1, [r3, #12]
 946 001a 0B4A     		ldr	r2, .L197
 947 001c C9B2     		uxtb	r1, r1
 948 001e 0A43     		orrs	r2, r1
 949 0020 DA60     		str	r2, [r3, #12]
 950 0022 0123     		movs	r3, #1
 951 0024 0234     		adds	r4, r4, #2
 952 0026 0020     		movs	r0, #0
 953 0028 E377     		strb	r3, [r4, #31]
 954 002a 09E0     		b	.L188
 955              	.L190:
 956 002c 6A1C     		adds	r2, r5, #1
 957 002e F0D0     		beq	.L186
 958 0030 FFF7FEFF 		bl	HAL_GetTick
 959 0034 801B     		subs	r0, r0, r6
 960 0036 A842     		cmp	r0, r5
 961 0038 03D9     		bls	.L187
 962              	.L189:
 963 003a 0320     		movs	r0, #3
 964 003c 0234     		adds	r4, r4, #2
 965 003e E077     		strb	r0, [r4, #31]
 966              	.L188:
 967              		@ sp needed
 968 0040 F8BD     		pop	{r3, r4, r5, r6, r7, pc}
 969              	.L187:
 970 0042 002D     		cmp	r5, #0
 971 0044 E4D1     		bne	.L185
 972 0046 F8E7     		b	.L189
 973              	.L198:
 974              		.align	2
 975              	.L197:
 976 0048 7F7FFFFF 		.word	-32897
 978              		.section	.text.HAL_RTCEx_SetWakeUpTimer,"ax",%progbits
 979              		.align	1
 980              		.global	HAL_RTCEx_SetWakeUpTimer
 981              		.syntax unified
 982              		.code	16
 983              		.thumb_func
 985              	HAL_RTCEx_SetWakeUpTimer:
 986              		@ args = 0, pretend = 0, frame = 16
 987              		@ frame_needed = 0, uses_anonymous_args = 0
 988 0000 0223     		movs	r3, #2
 989 0002 F0B5     		push	{r4, r5, r6, r7, lr}
 990 0004 85B0     		sub	sp, sp, #20
 991 0006 451C     		adds	r5, r0, #1
 992 0008 0291     		str	r1, [sp, #8]
 993 000a 0392     		str	r2, [sp, #12]
 994 000c EA7F     		ldrb	r2, [r5, #31]
 995 000e 0400     		movs	r4, r0
 996 0010 1800     		movs	r0, r3
 997 0012 012A     		cmp	r2, #1
 998 0014 48D0     		beq	.L200
 999 0016 0122     		movs	r2, #1
 1000 0018 E618     		adds	r6, r4, r3
 1001 001a EA77     		strb	r2, [r5, #31]
 1002 001c F377     		strb	r3, [r6, #31]
ARM GAS  /tmp/ccJJmYHT.s 			page 18


 1003 001e 2368     		ldr	r3, [r4]
 1004 0020 C932     		adds	r2, r2, #201
 1005 0022 5A62     		str	r2, [r3, #36]
 1006 0024 773A     		subs	r2, r2, #119
 1007 0026 5A62     		str	r2, [r3, #36]
 1008 0028 9B68     		ldr	r3, [r3, #8]
 1009 002a 5B05     		lsls	r3, r3, #21
 1010 002c 24D4     		bmi	.L201
 1011              	.L206:
 1012 002e 2268     		ldr	r2, [r4]
 1013 0030 2249     		ldr	r1, .L212
 1014 0032 9368     		ldr	r3, [r2, #8]
 1015 0034 FA27     		movs	r7, #250
 1016 0036 0B40     		ands	r3, r1
 1017 0038 9360     		str	r3, [r2, #8]
 1018 003a FFF7FEFF 		bl	HAL_GetTick
 1019 003e BF00     		lsls	r7, r7, #2
 1020 0040 0190     		str	r0, [sp, #4]
 1021              	.L202:
 1022 0042 0421     		movs	r1, #4
 1023 0044 2368     		ldr	r3, [r4]
 1024 0046 DA68     		ldr	r2, [r3, #12]
 1025 0048 0A42     		tst	r2, r1
 1026 004a 2FD0     		beq	.L207
 1027 004c 9A68     		ldr	r2, [r3, #8]
 1028 004e 0331     		adds	r1, r1, #3
 1029 0050 8A43     		bics	r2, r1
 1030 0052 9A60     		str	r2, [r3, #8]
 1031 0054 9A68     		ldr	r2, [r3, #8]
 1032 0056 0399     		ldr	r1, [sp, #12]
 1033 0058 0020     		movs	r0, #0
 1034 005a 0A43     		orrs	r2, r1
 1035 005c 9A60     		str	r2, [r3, #8]
 1036 005e 029A     		ldr	r2, [sp, #8]
 1037 0060 5A61     		str	r2, [r3, #20]
 1038 0062 8022     		movs	r2, #128
 1039 0064 9968     		ldr	r1, [r3, #8]
 1040 0066 D200     		lsls	r2, r2, #3
 1041 0068 0A43     		orrs	r2, r1
 1042 006a 9A60     		str	r2, [r3, #8]
 1043 006c FF22     		movs	r2, #255
 1044 006e 5A62     		str	r2, [r3, #36]
 1045 0070 0123     		movs	r3, #1
 1046 0072 F377     		strb	r3, [r6, #31]
 1047 0074 E877     		strb	r0, [r5, #31]
 1048 0076 17E0     		b	.L200
 1049              	.L201:
 1050 0078 FFF7FEFF 		bl	HAL_GetTick
 1051 007c FA27     		movs	r7, #250
 1052 007e 0190     		str	r0, [sp, #4]
 1053 0080 BF00     		lsls	r7, r7, #2
 1054              	.L203:
 1055 0082 0422     		movs	r2, #4
 1056 0084 2368     		ldr	r3, [r4]
 1057 0086 DB68     		ldr	r3, [r3, #12]
 1058 0088 1342     		tst	r3, r2
 1059 008a D0D0     		beq	.L206
ARM GAS  /tmp/ccJJmYHT.s 			page 19


 1060 008c FFF7FEFF 		bl	HAL_GetTick
 1061 0090 019B     		ldr	r3, [sp, #4]
 1062 0092 C01A     		subs	r0, r0, r3
 1063 0094 B842     		cmp	r0, r7
 1064 0096 F4D9     		bls	.L203
 1065              	.L211:
 1066 0098 FF22     		movs	r2, #255
 1067 009a 2368     		ldr	r3, [r4]
 1068 009c 0320     		movs	r0, #3
 1069 009e 5A62     		str	r2, [r3, #36]
 1070 00a0 0323     		movs	r3, #3
 1071 00a2 F377     		strb	r3, [r6, #31]
 1072 00a4 0023     		movs	r3, #0
 1073 00a6 EB77     		strb	r3, [r5, #31]
 1074              	.L200:
 1075 00a8 05B0     		add	sp, sp, #20
 1076              		@ sp needed
 1077 00aa F0BD     		pop	{r4, r5, r6, r7, pc}
 1078              	.L207:
 1079 00ac FFF7FEFF 		bl	HAL_GetTick
 1080 00b0 019B     		ldr	r3, [sp, #4]
 1081 00b2 C01A     		subs	r0, r0, r3
 1082 00b4 B842     		cmp	r0, r7
 1083 00b6 C4D9     		bls	.L202
 1084 00b8 EEE7     		b	.L211
 1085              	.L213:
 1086 00ba C046     		.align	2
 1087              	.L212:
 1088 00bc FFFBFFFF 		.word	-1025
 1090              		.section	.text.HAL_RTCEx_SetWakeUpTimer_IT,"ax",%progbits
 1091              		.align	1
 1092              		.global	HAL_RTCEx_SetWakeUpTimer_IT
 1093              		.syntax unified
 1094              		.code	16
 1095              		.thumb_func
 1097              	HAL_RTCEx_SetWakeUpTimer_IT:
 1098              		@ args = 0, pretend = 0, frame = 16
 1099              		@ frame_needed = 0, uses_anonymous_args = 0
 1100 0000 0223     		movs	r3, #2
 1101 0002 F0B5     		push	{r4, r5, r6, r7, lr}
 1102 0004 85B0     		sub	sp, sp, #20
 1103 0006 451C     		adds	r5, r0, #1
 1104 0008 0291     		str	r1, [sp, #8]
 1105 000a 0392     		str	r2, [sp, #12]
 1106 000c EA7F     		ldrb	r2, [r5, #31]
 1107 000e 0400     		movs	r4, r0
 1108 0010 1800     		movs	r0, r3
 1109 0012 012A     		cmp	r2, #1
 1110 0014 5BD0     		beq	.L215
 1111 0016 0122     		movs	r2, #1
 1112 0018 E618     		adds	r6, r4, r3
 1113 001a EA77     		strb	r2, [r5, #31]
 1114 001c F377     		strb	r3, [r6, #31]
 1115 001e 2368     		ldr	r3, [r4]
 1116 0020 C932     		adds	r2, r2, #201
 1117 0022 5A62     		str	r2, [r3, #36]
 1118 0024 773A     		subs	r2, r2, #119
ARM GAS  /tmp/ccJJmYHT.s 			page 20


 1119 0026 5A62     		str	r2, [r3, #36]
 1120 0028 9B68     		ldr	r3, [r3, #8]
 1121 002a 5B05     		lsls	r3, r3, #21
 1122 002c 37D4     		bmi	.L216
 1123              	.L221:
 1124 002e 2368     		ldr	r3, [r4]
 1125 0030 2B49     		ldr	r1, .L227
 1126 0032 9A68     		ldr	r2, [r3, #8]
 1127 0034 FA27     		movs	r7, #250
 1128 0036 0A40     		ands	r2, r1
 1129 0038 9A60     		str	r2, [r3, #8]
 1130 003a D968     		ldr	r1, [r3, #12]
 1131 003c 294A     		ldr	r2, .L227+4
 1132 003e C9B2     		uxtb	r1, r1
 1133 0040 0A43     		orrs	r2, r1
 1134 0042 DA60     		str	r2, [r3, #12]
 1135 0044 FFF7FEFF 		bl	HAL_GetTick
 1136 0048 BF00     		lsls	r7, r7, #2
 1137 004a 0190     		str	r0, [sp, #4]
 1138              	.L217:
 1139 004c 0421     		movs	r1, #4
 1140 004e 2368     		ldr	r3, [r4]
 1141 0050 DA68     		ldr	r2, [r3, #12]
 1142 0052 0A42     		tst	r2, r1
 1143 0054 3DD0     		beq	.L222
 1144 0056 029A     		ldr	r2, [sp, #8]
 1145 0058 0331     		adds	r1, r1, #3
 1146 005a 5A61     		str	r2, [r3, #20]
 1147 005c 9A68     		ldr	r2, [r3, #8]
 1148 005e 8A43     		bics	r2, r1
 1149 0060 9A60     		str	r2, [r3, #8]
 1150 0062 9A68     		ldr	r2, [r3, #8]
 1151 0064 0399     		ldr	r1, [sp, #12]
 1152 0066 0A43     		orrs	r2, r1
 1153 0068 8021     		movs	r1, #128
 1154 006a 9A60     		str	r2, [r3, #8]
 1155 006c 1E4A     		ldr	r2, .L227+8
 1156 006e 4903     		lsls	r1, r1, #13
 1157 0070 1068     		ldr	r0, [r2]
 1158 0072 0843     		orrs	r0, r1
 1159 0074 1060     		str	r0, [r2]
 1160 0076 9068     		ldr	r0, [r2, #8]
 1161 0078 0143     		orrs	r1, r0
 1162 007a 9160     		str	r1, [r2, #8]
 1163 007c 8022     		movs	r2, #128
 1164 007e 9968     		ldr	r1, [r3, #8]
 1165 0080 D201     		lsls	r2, r2, #7
 1166 0082 0A43     		orrs	r2, r1
 1167 0084 9A60     		str	r2, [r3, #8]
 1168 0086 8022     		movs	r2, #128
 1169 0088 9968     		ldr	r1, [r3, #8]
 1170 008a D200     		lsls	r2, r2, #3
 1171 008c 0A43     		orrs	r2, r1
 1172 008e 9A60     		str	r2, [r3, #8]
 1173 0090 FF22     		movs	r2, #255
 1174 0092 0020     		movs	r0, #0
 1175 0094 5A62     		str	r2, [r3, #36]
ARM GAS  /tmp/ccJJmYHT.s 			page 21


 1176 0096 0123     		movs	r3, #1
 1177 0098 F377     		strb	r3, [r6, #31]
 1178 009a E877     		strb	r0, [r5, #31]
 1179 009c 17E0     		b	.L215
 1180              	.L216:
 1181 009e FFF7FEFF 		bl	HAL_GetTick
 1182 00a2 FA27     		movs	r7, #250
 1183 00a4 0190     		str	r0, [sp, #4]
 1184 00a6 BF00     		lsls	r7, r7, #2
 1185              	.L218:
 1186 00a8 0422     		movs	r2, #4
 1187 00aa 2368     		ldr	r3, [r4]
 1188 00ac DB68     		ldr	r3, [r3, #12]
 1189 00ae 1342     		tst	r3, r2
 1190 00b0 BDD0     		beq	.L221
 1191 00b2 FFF7FEFF 		bl	HAL_GetTick
 1192 00b6 019B     		ldr	r3, [sp, #4]
 1193 00b8 C01A     		subs	r0, r0, r3
 1194 00ba B842     		cmp	r0, r7
 1195 00bc F4D9     		bls	.L218
 1196              	.L226:
 1197 00be FF22     		movs	r2, #255
 1198 00c0 2368     		ldr	r3, [r4]
 1199 00c2 0320     		movs	r0, #3
 1200 00c4 5A62     		str	r2, [r3, #36]
 1201 00c6 0323     		movs	r3, #3
 1202 00c8 F377     		strb	r3, [r6, #31]
 1203 00ca 0023     		movs	r3, #0
 1204 00cc EB77     		strb	r3, [r5, #31]
 1205              	.L215:
 1206 00ce 05B0     		add	sp, sp, #20
 1207              		@ sp needed
 1208 00d0 F0BD     		pop	{r4, r5, r6, r7, pc}
 1209              	.L222:
 1210 00d2 FFF7FEFF 		bl	HAL_GetTick
 1211 00d6 019B     		ldr	r3, [sp, #4]
 1212 00d8 C01A     		subs	r0, r0, r3
 1213 00da B842     		cmp	r0, r7
 1214 00dc B6D9     		bls	.L217
 1215 00de EEE7     		b	.L226
 1216              	.L228:
 1217              		.align	2
 1218              	.L227:
 1219 00e0 FFFBFFFF 		.word	-1025
 1220 00e4 7FFBFFFF 		.word	-1153
 1221 00e8 00040140 		.word	1073808384
 1223              		.section	.text.HAL_RTCEx_DeactivateWakeUpTimer,"ax",%progbits
 1224              		.align	1
 1225              		.global	HAL_RTCEx_DeactivateWakeUpTimer
 1226              		.syntax unified
 1227              		.code	16
 1228              		.thumb_func
 1230              	HAL_RTCEx_DeactivateWakeUpTimer:
 1231              		@ args = 0, pretend = 0, frame = 8
 1232              		@ frame_needed = 0, uses_anonymous_args = 0
 1233 0000 0223     		movs	r3, #2
 1234 0002 F7B5     		push	{r0, r1, r2, r4, r5, r6, r7, lr}
ARM GAS  /tmp/ccJJmYHT.s 			page 22


 1235 0004 451C     		adds	r5, r0, #1
 1236 0006 EA7F     		ldrb	r2, [r5, #31]
 1237 0008 0400     		movs	r4, r0
 1238 000a 1800     		movs	r0, r3
 1239 000c 012A     		cmp	r2, #1
 1240 000e 31D0     		beq	.L230
 1241 0010 0122     		movs	r2, #1
 1242 0012 E618     		adds	r6, r4, r3
 1243 0014 EA77     		strb	r2, [r5, #31]
 1244 0016 F377     		strb	r3, [r6, #31]
 1245 0018 2368     		ldr	r3, [r4]
 1246 001a C932     		adds	r2, r2, #201
 1247 001c 5A62     		str	r2, [r3, #36]
 1248 001e 773A     		subs	r2, r2, #119
 1249 0020 5A62     		str	r2, [r3, #36]
 1250 0022 9A68     		ldr	r2, [r3, #8]
 1251 0024 1449     		ldr	r1, .L235
 1252 0026 0427     		movs	r7, #4
 1253 0028 0A40     		ands	r2, r1
 1254 002a 9A60     		str	r2, [r3, #8]
 1255 002c 9A68     		ldr	r2, [r3, #8]
 1256 002e 1349     		ldr	r1, .L235+4
 1257 0030 0A40     		ands	r2, r1
 1258 0032 9A60     		str	r2, [r3, #8]
 1259 0034 FFF7FEFF 		bl	HAL_GetTick
 1260 0038 0090     		str	r0, [sp]
 1261              	.L231:
 1262 003a 2368     		ldr	r3, [r4]
 1263 003c DA68     		ldr	r2, [r3, #12]
 1264 003e 1100     		movs	r1, r2
 1265 0040 3940     		ands	r1, r7
 1266 0042 0191     		str	r1, [sp, #4]
 1267 0044 3A42     		tst	r2, r7
 1268 0046 06D0     		beq	.L232
 1269 0048 FF22     		movs	r2, #255
 1270 004a 0020     		movs	r0, #0
 1271 004c 5A62     		str	r2, [r3, #36]
 1272 004e 0123     		movs	r3, #1
 1273 0050 F377     		strb	r3, [r6, #31]
 1274 0052 E877     		strb	r0, [r5, #31]
 1275 0054 0EE0     		b	.L230
 1276              	.L232:
 1277 0056 FFF7FEFF 		bl	HAL_GetTick
 1278 005a 009B     		ldr	r3, [sp]
 1279 005c C01A     		subs	r0, r0, r3
 1280 005e FA23     		movs	r3, #250
 1281 0060 9B00     		lsls	r3, r3, #2
 1282 0062 9842     		cmp	r0, r3
 1283 0064 E9D9     		bls	.L231
 1284 0066 FF22     		movs	r2, #255
 1285 0068 0320     		movs	r0, #3
 1286 006a 2368     		ldr	r3, [r4]
 1287 006c 5A62     		str	r2, [r3, #36]
 1288 006e 019B     		ldr	r3, [sp, #4]
 1289 0070 F077     		strb	r0, [r6, #31]
 1290 0072 EB77     		strb	r3, [r5, #31]
 1291              	.L230:
ARM GAS  /tmp/ccJJmYHT.s 			page 23


 1292              		@ sp needed
 1293 0074 FEBD     		pop	{r1, r2, r3, r4, r5, r6, r7, pc}
 1294              	.L236:
 1295 0076 C046     		.align	2
 1296              	.L235:
 1297 0078 FFFBFFFF 		.word	-1025
 1298 007c FFBFFFFF 		.word	-16385
 1300              		.section	.text.HAL_RTCEx_GetWakeUpTimer,"ax",%progbits
 1301              		.align	1
 1302              		.global	HAL_RTCEx_GetWakeUpTimer
 1303              		.syntax unified
 1304              		.code	16
 1305              		.thumb_func
 1307              	HAL_RTCEx_GetWakeUpTimer:
 1308              		@ args = 0, pretend = 0, frame = 0
 1309              		@ frame_needed = 0, uses_anonymous_args = 0
 1310              		@ link register save eliminated.
 1311 0000 0368     		ldr	r3, [r0]
 1312              		@ sp needed
 1313 0002 5869     		ldr	r0, [r3, #20]
 1314 0004 80B2     		uxth	r0, r0
 1315 0006 7047     		bx	lr
 1317              		.section	.text.HAL_RTCEx_WakeUpTimerEventCallback,"ax",%progbits
 1318              		.align	1
 1319              		.weak	HAL_RTCEx_WakeUpTimerEventCallback
 1320              		.syntax unified
 1321              		.code	16
 1322              		.thumb_func
 1324              	HAL_RTCEx_WakeUpTimerEventCallback:
 1325              		@ args = 0, pretend = 0, frame = 0
 1326              		@ frame_needed = 0, uses_anonymous_args = 0
 1327              		@ link register save eliminated.
 1328              		@ sp needed
 1329 0000 7047     		bx	lr
 1331              		.section	.text.HAL_RTCEx_WakeUpTimerIRQHandler,"ax",%progbits
 1332              		.align	1
 1333              		.global	HAL_RTCEx_WakeUpTimerIRQHandler
 1334              		.syntax unified
 1335              		.code	16
 1336              		.thumb_func
 1338              	HAL_RTCEx_WakeUpTimerIRQHandler:
 1339              		@ args = 0, pretend = 0, frame = 0
 1340              		@ frame_needed = 0, uses_anonymous_args = 0
 1341 0000 0368     		ldr	r3, [r0]
 1342 0002 10B5     		push	{r4, lr}
 1343 0004 DB68     		ldr	r3, [r3, #12]
 1344 0006 0400     		movs	r4, r0
 1345 0008 5B05     		lsls	r3, r3, #21
 1346 000a 07D5     		bpl	.L240
 1347 000c FFF7FEFF 		bl	HAL_RTCEx_WakeUpTimerEventCallback
 1348 0010 2168     		ldr	r1, [r4]
 1349 0012 064B     		ldr	r3, .L245
 1350 0014 CA68     		ldr	r2, [r1, #12]
 1351 0016 D2B2     		uxtb	r2, r2
 1352 0018 1343     		orrs	r3, r2
 1353 001a CB60     		str	r3, [r1, #12]
 1354              	.L240:
ARM GAS  /tmp/ccJJmYHT.s 			page 24


 1355 001c 8022     		movs	r2, #128
 1356              		@ sp needed
 1357 001e 044B     		ldr	r3, .L245+4
 1358 0020 5203     		lsls	r2, r2, #13
 1359 0022 5A61     		str	r2, [r3, #20]
 1360 0024 0123     		movs	r3, #1
 1361 0026 0234     		adds	r4, r4, #2
 1362 0028 E377     		strb	r3, [r4, #31]
 1363 002a 10BD     		pop	{r4, pc}
 1364              	.L246:
 1365              		.align	2
 1366              	.L245:
 1367 002c 7FFBFFFF 		.word	-1153
 1368 0030 00040140 		.word	1073808384
 1370              		.section	.text.HAL_RTCEx_PollForWakeUpTimerEvent,"ax",%progbits
 1371              		.align	1
 1372              		.global	HAL_RTCEx_PollForWakeUpTimerEvent
 1373              		.syntax unified
 1374              		.code	16
 1375              		.thumb_func
 1377              	HAL_RTCEx_PollForWakeUpTimerEvent:
 1378              		@ args = 0, pretend = 0, frame = 0
 1379              		@ frame_needed = 0, uses_anonymous_args = 0
 1380 0000 F8B5     		push	{r3, r4, r5, r6, r7, lr}
 1381 0002 0400     		movs	r4, r0
 1382 0004 0D00     		movs	r5, r1
 1383 0006 FFF7FEFF 		bl	HAL_GetTick
 1384 000a 8027     		movs	r7, #128
 1385 000c 0600     		movs	r6, r0
 1386 000e FF00     		lsls	r7, r7, #3
 1387              	.L248:
 1388 0010 2368     		ldr	r3, [r4]
 1389              	.L249:
 1390 0012 DA68     		ldr	r2, [r3, #12]
 1391 0014 3A42     		tst	r2, r7
 1392 0016 09D0     		beq	.L253
 1393 0018 D968     		ldr	r1, [r3, #12]
 1394 001a 0B4A     		ldr	r2, .L260
 1395 001c C9B2     		uxtb	r1, r1
 1396 001e 0A43     		orrs	r2, r1
 1397 0020 DA60     		str	r2, [r3, #12]
 1398 0022 0123     		movs	r3, #1
 1399 0024 0234     		adds	r4, r4, #2
 1400 0026 0020     		movs	r0, #0
 1401 0028 E377     		strb	r3, [r4, #31]
 1402 002a 09E0     		b	.L251
 1403              	.L253:
 1404 002c 6A1C     		adds	r2, r5, #1
 1405 002e F0D0     		beq	.L249
 1406 0030 FFF7FEFF 		bl	HAL_GetTick
 1407 0034 801B     		subs	r0, r0, r6
 1408 0036 A842     		cmp	r0, r5
 1409 0038 03D9     		bls	.L250
 1410              	.L252:
 1411 003a 0320     		movs	r0, #3
 1412 003c 0234     		adds	r4, r4, #2
 1413 003e E077     		strb	r0, [r4, #31]
ARM GAS  /tmp/ccJJmYHT.s 			page 25


 1414              	.L251:
 1415              		@ sp needed
 1416 0040 F8BD     		pop	{r3, r4, r5, r6, r7, pc}
 1417              	.L250:
 1418 0042 002D     		cmp	r5, #0
 1419 0044 E4D1     		bne	.L248
 1420 0046 F8E7     		b	.L252
 1421              	.L261:
 1422              		.align	2
 1423              	.L260:
 1424 0048 7FFBFFFF 		.word	-1153
 1426              		.section	.text.HAL_RTCEx_BKUPWrite,"ax",%progbits
 1427              		.align	1
 1428              		.global	HAL_RTCEx_BKUPWrite
 1429              		.syntax unified
 1430              		.code	16
 1431              		.thumb_func
 1433              	HAL_RTCEx_BKUPWrite:
 1434              		@ args = 0, pretend = 0, frame = 0
 1435              		@ frame_needed = 0, uses_anonymous_args = 0
 1436              		@ link register save eliminated.
 1437 0000 0368     		ldr	r3, [r0]
 1438 0002 8900     		lsls	r1, r1, #2
 1439 0004 5033     		adds	r3, r3, #80
 1440 0006 C918     		adds	r1, r1, r3
 1441 0008 0A60     		str	r2, [r1]
 1442              		@ sp needed
 1443 000a 7047     		bx	lr
 1445              		.section	.text.HAL_RTCEx_BKUPRead,"ax",%progbits
 1446              		.align	1
 1447              		.global	HAL_RTCEx_BKUPRead
 1448              		.syntax unified
 1449              		.code	16
 1450              		.thumb_func
 1452              	HAL_RTCEx_BKUPRead:
 1453              		@ args = 0, pretend = 0, frame = 0
 1454              		@ frame_needed = 0, uses_anonymous_args = 0
 1455              		@ link register save eliminated.
 1456 0000 0368     		ldr	r3, [r0]
 1457 0002 8900     		lsls	r1, r1, #2
 1458 0004 5033     		adds	r3, r3, #80
 1459 0006 C918     		adds	r1, r1, r3
 1460 0008 0868     		ldr	r0, [r1]
 1461              		@ sp needed
 1462 000a 7047     		bx	lr
 1464              		.section	.text.HAL_RTCEx_SetSmoothCalib,"ax",%progbits
 1465              		.align	1
 1466              		.global	HAL_RTCEx_SetSmoothCalib
 1467              		.syntax unified
 1468              		.code	16
 1469              		.thumb_func
 1471              	HAL_RTCEx_SetSmoothCalib:
 1472              		@ args = 0, pretend = 0, frame = 16
 1473              		@ frame_needed = 0, uses_anonymous_args = 0
 1474 0000 F0B5     		push	{r4, r5, r6, r7, lr}
 1475 0002 85B0     		sub	sp, sp, #20
 1476 0004 0393     		str	r3, [sp, #12]
ARM GAS  /tmp/ccJJmYHT.s 			page 26


 1477 0006 0223     		movs	r3, #2
 1478 0008 451C     		adds	r5, r0, #1
 1479 000a 0191     		str	r1, [sp, #4]
 1480 000c 0292     		str	r2, [sp, #8]
 1481 000e EA7F     		ldrb	r2, [r5, #31]
 1482 0010 0400     		movs	r4, r0
 1483 0012 1800     		movs	r0, r3
 1484 0014 012A     		cmp	r2, #1
 1485 0016 1AD0     		beq	.L265
 1486 0018 0122     		movs	r2, #1
 1487 001a 8027     		movs	r7, #128
 1488 001c E618     		adds	r6, r4, r3
 1489 001e EA77     		strb	r2, [r5, #31]
 1490 0020 F377     		strb	r3, [r6, #31]
 1491 0022 2368     		ldr	r3, [r4]
 1492 0024 C932     		adds	r2, r2, #201
 1493 0026 5A62     		str	r2, [r3, #36]
 1494 0028 773A     		subs	r2, r2, #119
 1495 002a 5A62     		str	r2, [r3, #36]
 1496 002c DB68     		ldr	r3, [r3, #12]
 1497 002e 7F02     		lsls	r7, r7, #9
 1498 0030 3B42     		tst	r3, r7
 1499 0032 0ED1     		bne	.L266
 1500              	.L269:
 1501 0034 0399     		ldr	r1, [sp, #12]
 1502 0036 029B     		ldr	r3, [sp, #8]
 1503 0038 2268     		ldr	r2, [r4]
 1504 003a 0B43     		orrs	r3, r1
 1505 003c 0199     		ldr	r1, [sp, #4]
 1506 003e 0020     		movs	r0, #0
 1507 0040 0B43     		orrs	r3, r1
 1508 0042 D363     		str	r3, [r2, #60]
 1509 0044 FF23     		movs	r3, #255
 1510 0046 5362     		str	r3, [r2, #36]
 1511 0048 FE3B     		subs	r3, r3, #254
 1512 004a F377     		strb	r3, [r6, #31]
 1513 004c E877     		strb	r0, [r5, #31]
 1514              	.L265:
 1515 004e 05B0     		add	sp, sp, #20
 1516              		@ sp needed
 1517 0050 F0BD     		pop	{r4, r5, r6, r7, pc}
 1518              	.L266:
 1519 0052 FFF7FEFF 		bl	HAL_GetTick
 1520 0056 0090     		str	r0, [sp]
 1521              	.L267:
 1522 0058 2368     		ldr	r3, [r4]
 1523 005a DB68     		ldr	r3, [r3, #12]
 1524 005c 3B42     		tst	r3, r7
 1525 005e E9D0     		beq	.L269
 1526 0060 FFF7FEFF 		bl	HAL_GetTick
 1527 0064 009B     		ldr	r3, [sp]
 1528 0066 C01A     		subs	r0, r0, r3
 1529 0068 FA23     		movs	r3, #250
 1530 006a 9B00     		lsls	r3, r3, #2
 1531 006c 9842     		cmp	r0, r3
 1532 006e F3D9     		bls	.L267
 1533 0070 FF22     		movs	r2, #255
ARM GAS  /tmp/ccJJmYHT.s 			page 27


 1534 0072 2368     		ldr	r3, [r4]
 1535 0074 0320     		movs	r0, #3
 1536 0076 5A62     		str	r2, [r3, #36]
 1537 0078 0023     		movs	r3, #0
 1538 007a F077     		strb	r0, [r6, #31]
 1539 007c EB77     		strb	r3, [r5, #31]
 1540 007e E6E7     		b	.L265
 1542              		.section	.text.HAL_RTCEx_SetSynchroShift,"ax",%progbits
 1543              		.align	1
 1544              		.global	HAL_RTCEx_SetSynchroShift
 1545              		.syntax unified
 1546              		.code	16
 1547              		.thumb_func
 1549              	HAL_RTCEx_SetSynchroShift:
 1550              		@ args = 0, pretend = 0, frame = 16
 1551              		@ frame_needed = 0, uses_anonymous_args = 0
 1552 0000 0223     		movs	r3, #2
 1553 0002 F0B5     		push	{r4, r5, r6, r7, lr}
 1554 0004 85B0     		sub	sp, sp, #20
 1555 0006 451C     		adds	r5, r0, #1
 1556 0008 0291     		str	r1, [sp, #8]
 1557 000a 0392     		str	r2, [sp, #12]
 1558 000c EA7F     		ldrb	r2, [r5, #31]
 1559 000e 0400     		movs	r4, r0
 1560 0010 1800     		movs	r0, r3
 1561 0012 012A     		cmp	r2, #1
 1562 0014 37D0     		beq	.L273
 1563 0016 0122     		movs	r2, #1
 1564 0018 E618     		adds	r6, r4, r3
 1565 001a EA77     		strb	r2, [r5, #31]
 1566 001c F377     		strb	r3, [r6, #31]
 1567 001e 2368     		ldr	r3, [r4]
 1568 0020 C932     		adds	r2, r2, #201
 1569 0022 5A62     		str	r2, [r3, #36]
 1570 0024 773A     		subs	r2, r2, #119
 1571 0026 5A62     		str	r2, [r3, #36]
 1572 0028 FFF7FEFF 		bl	HAL_GetTick
 1573 002c FA27     		movs	r7, #250
 1574 002e 0190     		str	r0, [sp, #4]
 1575 0030 BF00     		lsls	r7, r7, #2
 1576              	.L274:
 1577 0032 0821     		movs	r1, #8
 1578 0034 2368     		ldr	r3, [r4]
 1579 0036 DA68     		ldr	r2, [r3, #12]
 1580 0038 0A42     		tst	r2, r1
 1581 003a 17D1     		bne	.L275
 1582 003c 9A68     		ldr	r2, [r3, #8]
 1583 003e D206     		lsls	r2, r2, #27
 1584 0040 0CD4     		bmi	.L276
 1585 0042 039A     		ldr	r2, [sp, #12]
 1586 0044 0299     		ldr	r1, [sp, #8]
 1587 0046 0A43     		orrs	r2, r1
 1588 0048 DA62     		str	r2, [r3, #44]
 1589 004a 9B68     		ldr	r3, [r3, #8]
 1590 004c 9B06     		lsls	r3, r3, #26
 1591 004e 1CD4     		bmi	.L277
 1592 0050 2000     		movs	r0, r4
ARM GAS  /tmp/ccJJmYHT.s 			page 28


 1593 0052 FFF7FEFF 		bl	HAL_RTC_WaitForSynchro
 1594 0056 0028     		cmp	r0, #0
 1595 0058 17D0     		beq	.L277
 1596 005a 2368     		ldr	r3, [r4]
 1597              	.L276:
 1598 005c FF22     		movs	r2, #255
 1599 005e 5A62     		str	r2, [r3, #36]
 1600 0060 0423     		movs	r3, #4
 1601 0062 F377     		strb	r3, [r6, #31]
 1602 0064 0023     		movs	r3, #0
 1603 0066 0120     		movs	r0, #1
 1604 0068 EB77     		strb	r3, [r5, #31]
 1605 006a 0CE0     		b	.L273
 1606              	.L275:
 1607 006c FFF7FEFF 		bl	HAL_GetTick
 1608 0070 019B     		ldr	r3, [sp, #4]
 1609 0072 C01A     		subs	r0, r0, r3
 1610 0074 B842     		cmp	r0, r7
 1611 0076 DCD9     		bls	.L274
 1612 0078 FF22     		movs	r2, #255
 1613 007a 2368     		ldr	r3, [r4]
 1614 007c 0320     		movs	r0, #3
 1615 007e 5A62     		str	r2, [r3, #36]
 1616 0080 0023     		movs	r3, #0
 1617 0082 F077     		strb	r0, [r6, #31]
 1618 0084 EB77     		strb	r3, [r5, #31]
 1619              	.L273:
 1620 0086 05B0     		add	sp, sp, #20
 1621              		@ sp needed
 1622 0088 F0BD     		pop	{r4, r5, r6, r7, pc}
 1623              	.L277:
 1624 008a FF22     		movs	r2, #255
 1625 008c 2368     		ldr	r3, [r4]
 1626 008e 0020     		movs	r0, #0
 1627 0090 5A62     		str	r2, [r3, #36]
 1628 0092 0123     		movs	r3, #1
 1629 0094 F377     		strb	r3, [r6, #31]
 1630 0096 E877     		strb	r0, [r5, #31]
 1631 0098 F5E7     		b	.L273
 1633              		.section	.text.HAL_RTCEx_SetCalibrationOutPut,"ax",%progbits
 1634              		.align	1
 1635              		.global	HAL_RTCEx_SetCalibrationOutPut
 1636              		.syntax unified
 1637              		.code	16
 1638              		.thumb_func
 1640              	HAL_RTCEx_SetCalibrationOutPut:
 1641              		@ args = 0, pretend = 0, frame = 0
 1642              		@ frame_needed = 0, uses_anonymous_args = 0
 1643 0000 0A00     		movs	r2, r1
 1644 0002 0221     		movs	r1, #2
 1645 0004 30B5     		push	{r4, r5, lr}
 1646 0006 441C     		adds	r4, r0, #1
 1647 0008 E57F     		ldrb	r5, [r4, #31]
 1648 000a 0300     		movs	r3, r0
 1649 000c 0800     		movs	r0, r1
 1650 000e 012D     		cmp	r5, #1
 1651 0010 18D0     		beq	.L286
ARM GAS  /tmp/ccJJmYHT.s 			page 29


 1652 0012 5818     		adds	r0, r3, r1
 1653 0014 C177     		strb	r1, [r0, #31]
 1654 0016 1B68     		ldr	r3, [r3]
 1655 0018 C831     		adds	r1, r1, #200
 1656 001a 5962     		str	r1, [r3, #36]
 1657 001c 7739     		subs	r1, r1, #119
 1658 001e 5962     		str	r1, [r3, #36]
 1659 0020 9968     		ldr	r1, [r3, #8]
 1660 0022 094D     		ldr	r5, .L288
 1661 0024 2940     		ands	r1, r5
 1662 0026 9960     		str	r1, [r3, #8]
 1663 0028 9968     		ldr	r1, [r3, #8]
 1664 002a 1143     		orrs	r1, r2
 1665 002c 8022     		movs	r2, #128
 1666 002e 9960     		str	r1, [r3, #8]
 1667 0030 9968     		ldr	r1, [r3, #8]
 1668 0032 1204     		lsls	r2, r2, #16
 1669 0034 0A43     		orrs	r2, r1
 1670 0036 9A60     		str	r2, [r3, #8]
 1671 0038 FF22     		movs	r2, #255
 1672 003a 5A62     		str	r2, [r3, #36]
 1673 003c 0123     		movs	r3, #1
 1674 003e C377     		strb	r3, [r0, #31]
 1675 0040 0020     		movs	r0, #0
 1676 0042 E077     		strb	r0, [r4, #31]
 1677              	.L286:
 1678              		@ sp needed
 1679 0044 30BD     		pop	{r4, r5, pc}
 1680              	.L289:
 1681 0046 C046     		.align	2
 1682              	.L288:
 1683 0048 FFFFF7FF 		.word	-524289
 1685              		.section	.text.HAL_RTCEx_DeactivateCalibrationOutPut,"ax",%progbits
 1686              		.align	1
 1687              		.global	HAL_RTCEx_DeactivateCalibrationOutPut
 1688              		.syntax unified
 1689              		.code	16
 1690              		.thumb_func
 1692              	HAL_RTCEx_DeactivateCalibrationOutPut:
 1693              		@ args = 0, pretend = 0, frame = 0
 1694              		@ frame_needed = 0, uses_anonymous_args = 0
 1695 0000 0222     		movs	r2, #2
 1696 0002 10B5     		push	{r4, lr}
 1697 0004 411C     		adds	r1, r0, #1
 1698 0006 CC7F     		ldrb	r4, [r1, #31]
 1699 0008 0300     		movs	r3, r0
 1700 000a 1000     		movs	r0, r2
 1701 000c 012C     		cmp	r4, #1
 1702 000e 10D0     		beq	.L291
 1703 0010 9818     		adds	r0, r3, r2
 1704 0012 C277     		strb	r2, [r0, #31]
 1705 0014 1B68     		ldr	r3, [r3]
 1706 0016 C832     		adds	r2, r2, #200
 1707 0018 5A62     		str	r2, [r3, #36]
 1708 001a 773A     		subs	r2, r2, #119
 1709 001c 5A62     		str	r2, [r3, #36]
 1710 001e 9A68     		ldr	r2, [r3, #8]
ARM GAS  /tmp/ccJJmYHT.s 			page 30


 1711 0020 044C     		ldr	r4, .L293
 1712 0022 2240     		ands	r2, r4
 1713 0024 9A60     		str	r2, [r3, #8]
 1714 0026 FF22     		movs	r2, #255
 1715 0028 5A62     		str	r2, [r3, #36]
 1716 002a 0123     		movs	r3, #1
 1717 002c C377     		strb	r3, [r0, #31]
 1718 002e 0020     		movs	r0, #0
 1719 0030 C877     		strb	r0, [r1, #31]
 1720              	.L291:
 1721              		@ sp needed
 1722 0032 10BD     		pop	{r4, pc}
 1723              	.L294:
 1724              		.align	2
 1725              	.L293:
 1726 0034 FFFF7FFF 		.word	-8388609
 1728              		.section	.text.HAL_RTCEx_SetRefClock,"ax",%progbits
 1729              		.align	1
 1730              		.global	HAL_RTCEx_SetRefClock
 1731              		.syntax unified
 1732              		.code	16
 1733              		.thumb_func
 1735              	HAL_RTCEx_SetRefClock:
 1736              		@ args = 0, pretend = 0, frame = 0
 1737              		@ frame_needed = 0, uses_anonymous_args = 0
 1738 0000 F8B5     		push	{r3, r4, r5, r6, r7, lr}
 1739 0002 0223     		movs	r3, #2
 1740 0004 451C     		adds	r5, r0, #1
 1741 0006 EA7F     		ldrb	r2, [r5, #31]
 1742 0008 0400     		movs	r4, r0
 1743 000a 1800     		movs	r0, r3
 1744 000c 012A     		cmp	r2, #1
 1745 000e 15D0     		beq	.L296
 1746 0010 0127     		movs	r7, #1
 1747 0012 CA22     		movs	r2, #202
 1748 0014 E618     		adds	r6, r4, r3
 1749 0016 EF77     		strb	r7, [r5, #31]
 1750 0018 F377     		strb	r3, [r6, #31]
 1751 001a 2368     		ldr	r3, [r4]
 1752 001c 2000     		movs	r0, r4
 1753 001e 5A62     		str	r2, [r3, #36]
 1754 0020 773A     		subs	r2, r2, #119
 1755 0022 5A62     		str	r2, [r3, #36]
 1756 0024 FFF7FEFF 		bl	RTC_EnterInitMode
 1757 0028 2368     		ldr	r3, [r4]
 1758 002a 0028     		cmp	r0, #0
 1759 002c 07D0     		beq	.L297
 1760 002e FF22     		movs	r2, #255
 1761 0030 5A62     		str	r2, [r3, #36]
 1762 0032 0423     		movs	r3, #4
 1763 0034 F377     		strb	r3, [r6, #31]
 1764 0036 0023     		movs	r3, #0
 1765 0038 3800     		movs	r0, r7
 1766 003a EB77     		strb	r3, [r5, #31]
 1767              	.L296:
 1768              		@ sp needed
 1769 003c F8BD     		pop	{r3, r4, r5, r6, r7, pc}
ARM GAS  /tmp/ccJJmYHT.s 			page 31


 1770              	.L297:
 1771 003e 1022     		movs	r2, #16
 1772 0040 9968     		ldr	r1, [r3, #8]
 1773 0042 0A43     		orrs	r2, r1
 1774 0044 8021     		movs	r1, #128
 1775 0046 9A60     		str	r2, [r3, #8]
 1776 0048 DA68     		ldr	r2, [r3, #12]
 1777 004a 8A43     		bics	r2, r1
 1778 004c DA60     		str	r2, [r3, #12]
 1779 004e FF22     		movs	r2, #255
 1780 0050 5A62     		str	r2, [r3, #36]
 1781 0052 F777     		strb	r7, [r6, #31]
 1782 0054 E877     		strb	r0, [r5, #31]
 1783 0056 F1E7     		b	.L296
 1785              		.section	.text.HAL_RTCEx_DeactivateRefClock,"ax",%progbits
 1786              		.align	1
 1787              		.global	HAL_RTCEx_DeactivateRefClock
 1788              		.syntax unified
 1789              		.code	16
 1790              		.thumb_func
 1792              	HAL_RTCEx_DeactivateRefClock:
 1793              		@ args = 0, pretend = 0, frame = 0
 1794              		@ frame_needed = 0, uses_anonymous_args = 0
 1795 0000 F8B5     		push	{r3, r4, r5, r6, r7, lr}
 1796 0002 0223     		movs	r3, #2
 1797 0004 451C     		adds	r5, r0, #1
 1798 0006 EA7F     		ldrb	r2, [r5, #31]
 1799 0008 0400     		movs	r4, r0
 1800 000a 1800     		movs	r0, r3
 1801 000c 012A     		cmp	r2, #1
 1802 000e 15D0     		beq	.L300
 1803 0010 0127     		movs	r7, #1
 1804 0012 CA22     		movs	r2, #202
 1805 0014 E618     		adds	r6, r4, r3
 1806 0016 EF77     		strb	r7, [r5, #31]
 1807 0018 F377     		strb	r3, [r6, #31]
 1808 001a 2368     		ldr	r3, [r4]
 1809 001c 2000     		movs	r0, r4
 1810 001e 5A62     		str	r2, [r3, #36]
 1811 0020 773A     		subs	r2, r2, #119
 1812 0022 5A62     		str	r2, [r3, #36]
 1813 0024 FFF7FEFF 		bl	RTC_EnterInitMode
 1814 0028 2368     		ldr	r3, [r4]
 1815 002a 0028     		cmp	r0, #0
 1816 002c 07D0     		beq	.L301
 1817 002e FF22     		movs	r2, #255
 1818 0030 5A62     		str	r2, [r3, #36]
 1819 0032 0423     		movs	r3, #4
 1820 0034 F377     		strb	r3, [r6, #31]
 1821 0036 0023     		movs	r3, #0
 1822 0038 3800     		movs	r0, r7
 1823 003a EB77     		strb	r3, [r5, #31]
 1824              	.L300:
 1825              		@ sp needed
 1826 003c F8BD     		pop	{r3, r4, r5, r6, r7, pc}
 1827              	.L301:
 1828 003e 1021     		movs	r1, #16
ARM GAS  /tmp/ccJJmYHT.s 			page 32


 1829 0040 9A68     		ldr	r2, [r3, #8]
 1830 0042 8A43     		bics	r2, r1
 1831 0044 9A60     		str	r2, [r3, #8]
 1832 0046 DA68     		ldr	r2, [r3, #12]
 1833 0048 7031     		adds	r1, r1, #112
 1834 004a 8A43     		bics	r2, r1
 1835 004c DA60     		str	r2, [r3, #12]
 1836 004e FF22     		movs	r2, #255
 1837 0050 5A62     		str	r2, [r3, #36]
 1838 0052 F777     		strb	r7, [r6, #31]
 1839 0054 E877     		strb	r0, [r5, #31]
 1840 0056 F1E7     		b	.L300
 1842              		.section	.text.HAL_RTCEx_EnableBypassShadow,"ax",%progbits
 1843              		.align	1
 1844              		.global	HAL_RTCEx_EnableBypassShadow
 1845              		.syntax unified
 1846              		.code	16
 1847              		.thumb_func
 1849              	HAL_RTCEx_EnableBypassShadow:
 1850              		@ args = 0, pretend = 0, frame = 0
 1851              		@ frame_needed = 0, uses_anonymous_args = 0
 1852 0000 0222     		movs	r2, #2
 1853 0002 10B5     		push	{r4, lr}
 1854 0004 411C     		adds	r1, r0, #1
 1855 0006 CC7F     		ldrb	r4, [r1, #31]
 1856 0008 0300     		movs	r3, r0
 1857 000a 1000     		movs	r0, r2
 1858 000c 012C     		cmp	r4, #1
 1859 000e 10D0     		beq	.L304
 1860 0010 9818     		adds	r0, r3, r2
 1861 0012 C277     		strb	r2, [r0, #31]
 1862 0014 1B68     		ldr	r3, [r3]
 1863 0016 C832     		adds	r2, r2, #200
 1864 0018 5A62     		str	r2, [r3, #36]
 1865 001a 773A     		subs	r2, r2, #119
 1866 001c 5A62     		str	r2, [r3, #36]
 1867 001e 9C68     		ldr	r4, [r3, #8]
 1868 0020 333A     		subs	r2, r2, #51
 1869 0022 2243     		orrs	r2, r4
 1870 0024 9A60     		str	r2, [r3, #8]
 1871 0026 FF22     		movs	r2, #255
 1872 0028 5A62     		str	r2, [r3, #36]
 1873 002a 0123     		movs	r3, #1
 1874 002c C377     		strb	r3, [r0, #31]
 1875 002e 0020     		movs	r0, #0
 1876 0030 C877     		strb	r0, [r1, #31]
 1877              	.L304:
 1878              		@ sp needed
 1879 0032 10BD     		pop	{r4, pc}
 1881              		.section	.text.HAL_RTCEx_DisableBypassShadow,"ax",%progbits
 1882              		.align	1
 1883              		.global	HAL_RTCEx_DisableBypassShadow
 1884              		.syntax unified
 1885              		.code	16
 1886              		.thumb_func
 1888              	HAL_RTCEx_DisableBypassShadow:
 1889              		@ args = 0, pretend = 0, frame = 0
ARM GAS  /tmp/ccJJmYHT.s 			page 33


 1890              		@ frame_needed = 0, uses_anonymous_args = 0
 1891 0000 0222     		movs	r2, #2
 1892 0002 10B5     		push	{r4, lr}
 1893 0004 411C     		adds	r1, r0, #1
 1894 0006 CC7F     		ldrb	r4, [r1, #31]
 1895 0008 0300     		movs	r3, r0
 1896 000a 1000     		movs	r0, r2
 1897 000c 012C     		cmp	r4, #1
 1898 000e 10D0     		beq	.L307
 1899 0010 DF24     		movs	r4, #223
 1900 0012 9818     		adds	r0, r3, r2
 1901 0014 C277     		strb	r2, [r0, #31]
 1902 0016 1B68     		ldr	r3, [r3]
 1903 0018 C832     		adds	r2, r2, #200
 1904 001a 5A62     		str	r2, [r3, #36]
 1905 001c 773A     		subs	r2, r2, #119
 1906 001e 5A62     		str	r2, [r3, #36]
 1907 0020 9A68     		ldr	r2, [r3, #8]
 1908 0022 2240     		ands	r2, r4
 1909 0024 9A60     		str	r2, [r3, #8]
 1910 0026 FF22     		movs	r2, #255
 1911 0028 5A62     		str	r2, [r3, #36]
 1912 002a 0123     		movs	r3, #1
 1913 002c C377     		strb	r3, [r0, #31]
 1914 002e 0020     		movs	r0, #0
 1915 0030 C877     		strb	r0, [r1, #31]
 1916              	.L307:
 1917              		@ sp needed
 1918 0032 10BD     		pop	{r4, pc}
 1920              		.section	.text.HAL_RTCEx_AlarmBEventCallback,"ax",%progbits
 1921              		.align	1
 1922              		.weak	HAL_RTCEx_AlarmBEventCallback
 1923              		.syntax unified
 1924              		.code	16
 1925              		.thumb_func
 1927              	HAL_RTCEx_AlarmBEventCallback:
 1928              		@ args = 0, pretend = 0, frame = 0
 1929              		@ frame_needed = 0, uses_anonymous_args = 0
 1930              		@ link register save eliminated.
 1931              		@ sp needed
 1932 0000 7047     		bx	lr
 1934              		.section	.text.HAL_RTCEx_PollForAlarmBEvent,"ax",%progbits
 1935              		.align	1
 1936              		.global	HAL_RTCEx_PollForAlarmBEvent
 1937              		.syntax unified
 1938              		.code	16
 1939              		.thumb_func
 1941              	HAL_RTCEx_PollForAlarmBEvent:
 1942              		@ args = 0, pretend = 0, frame = 0
 1943              		@ frame_needed = 0, uses_anonymous_args = 0
 1944 0000 F8B5     		push	{r3, r4, r5, r6, r7, lr}
 1945 0002 0400     		movs	r4, r0
 1946 0004 0D00     		movs	r5, r1
 1947 0006 FFF7FEFF 		bl	HAL_GetTick
 1948 000a 8027     		movs	r7, #128
 1949 000c 0600     		movs	r6, r0
 1950 000e BF00     		lsls	r7, r7, #2
ARM GAS  /tmp/ccJJmYHT.s 			page 34


 1951              	.L311:
 1952 0010 2368     		ldr	r3, [r4]
 1953              	.L312:
 1954 0012 DA68     		ldr	r2, [r3, #12]
 1955 0014 3A42     		tst	r2, r7
 1956 0016 09D0     		beq	.L316
 1957 0018 D968     		ldr	r1, [r3, #12]
 1958 001a 0B4A     		ldr	r2, .L323
 1959 001c C9B2     		uxtb	r1, r1
 1960 001e 0A43     		orrs	r2, r1
 1961 0020 DA60     		str	r2, [r3, #12]
 1962 0022 0123     		movs	r3, #1
 1963 0024 0234     		adds	r4, r4, #2
 1964 0026 0020     		movs	r0, #0
 1965 0028 E377     		strb	r3, [r4, #31]
 1966 002a 09E0     		b	.L314
 1967              	.L316:
 1968 002c 6A1C     		adds	r2, r5, #1
 1969 002e F0D0     		beq	.L312
 1970 0030 FFF7FEFF 		bl	HAL_GetTick
 1971 0034 801B     		subs	r0, r0, r6
 1972 0036 A842     		cmp	r0, r5
 1973 0038 03D9     		bls	.L313
 1974              	.L315:
 1975 003a 0320     		movs	r0, #3
 1976 003c 0234     		adds	r4, r4, #2
 1977 003e E077     		strb	r0, [r4, #31]
 1978              	.L314:
 1979              		@ sp needed
 1980 0040 F8BD     		pop	{r3, r4, r5, r6, r7, pc}
 1981              	.L313:
 1982 0042 002D     		cmp	r5, #0
 1983 0044 E4D1     		bne	.L311
 1984 0046 F8E7     		b	.L315
 1985              	.L324:
 1986              		.align	2
 1987              	.L323:
 1988 0048 7FFDFFFF 		.word	-641
 1990              		.ident	"GCC: (Arch Repository) 13.2.0"
ARM GAS  /tmp/ccJJmYHT.s 			page 35


DEFINED SYMBOLS
                            *ABS*:00000000 stm32l0xx_hal_rtc_ex.c
     /tmp/ccJJmYHT.s:14     .text.HAL_RTCEx_SetTimeStamp:00000000 $t
     /tmp/ccJJmYHT.s:20     .text.HAL_RTCEx_SetTimeStamp:00000000 HAL_RTCEx_SetTimeStamp
     /tmp/ccJJmYHT.s:71     .text.HAL_RTCEx_SetTimeStamp:00000058 $d
     /tmp/ccJJmYHT.s:76     .text.HAL_RTCEx_SetTimeStamp_IT:00000000 $t
     /tmp/ccJJmYHT.s:82     .text.HAL_RTCEx_SetTimeStamp_IT:00000000 HAL_RTCEx_SetTimeStamp_IT
     /tmp/ccJJmYHT.s:147    .text.HAL_RTCEx_SetTimeStamp_IT:00000074 $d
     /tmp/ccJJmYHT.s:153    .text.HAL_RTCEx_DeactivateTimeStamp:00000000 $t
     /tmp/ccJJmYHT.s:159    .text.HAL_RTCEx_DeactivateTimeStamp:00000000 HAL_RTCEx_DeactivateTimeStamp
     /tmp/ccJJmYHT.s:197    .text.HAL_RTCEx_DeactivateTimeStamp:0000003c $d
     /tmp/ccJJmYHT.s:201    .text.HAL_RTCEx_GetTimeStamp:00000000 $t
     /tmp/ccJJmYHT.s:207    .text.HAL_RTCEx_GetTimeStamp:00000000 HAL_RTCEx_GetTimeStamp
     /tmp/ccJJmYHT.s:289    .text.HAL_RTCEx_GetTimeStamp:000000a0 $d
     /tmp/ccJJmYHT.s:294    .text.HAL_RTCEx_SetTamper:00000000 $t
     /tmp/ccJJmYHT.s:300    .text.HAL_RTCEx_SetTamper:00000000 HAL_RTCEx_SetTamper
     /tmp/ccJJmYHT.s:403    .text.HAL_RTCEx_SetTamper:000000b0 $d
     /tmp/ccJJmYHT.s:406    .text.HAL_RTCEx_SetTamper_IT:00000000 $t
     /tmp/ccJJmYHT.s:412    .text.HAL_RTCEx_SetTamper_IT:00000000 HAL_RTCEx_SetTamper_IT
     /tmp/ccJJmYHT.s:526    .text.HAL_RTCEx_SetTamper_IT:000000c8 $d
     /tmp/ccJJmYHT.s:530    .text.HAL_RTCEx_DeactivateTamper:00000000 $t
     /tmp/ccJJmYHT.s:536    .text.HAL_RTCEx_DeactivateTamper:00000000 HAL_RTCEx_DeactivateTamper
     /tmp/ccJJmYHT.s:584    .text.HAL_RTCEx_DeactivateTamper:0000004c $d
     /tmp/ccJJmYHT.s:589    .text.HAL_RTCEx_TimeStampEventCallback:00000000 $t
     /tmp/ccJJmYHT.s:595    .text.HAL_RTCEx_TimeStampEventCallback:00000000 HAL_RTCEx_TimeStampEventCallback
     /tmp/ccJJmYHT.s:603    .text.HAL_RTCEx_Tamper1EventCallback:00000000 $t
     /tmp/ccJJmYHT.s:609    .text.HAL_RTCEx_Tamper1EventCallback:00000000 HAL_RTCEx_Tamper1EventCallback
     /tmp/ccJJmYHT.s:617    .text.HAL_RTCEx_Tamper2EventCallback:00000000 $t
     /tmp/ccJJmYHT.s:623    .text.HAL_RTCEx_Tamper2EventCallback:00000000 HAL_RTCEx_Tamper2EventCallback
     /tmp/ccJJmYHT.s:631    .text.HAL_RTCEx_Tamper3EventCallback:00000000 $t
     /tmp/ccJJmYHT.s:637    .text.HAL_RTCEx_Tamper3EventCallback:00000000 HAL_RTCEx_Tamper3EventCallback
     /tmp/ccJJmYHT.s:645    .text.HAL_RTCEx_TamperTimeStampIRQHandler:00000000 $t
     /tmp/ccJJmYHT.s:651    .text.HAL_RTCEx_TamperTimeStampIRQHandler:00000000 HAL_RTCEx_TamperTimeStampIRQHandler
     /tmp/ccJJmYHT.s:734    .text.HAL_RTCEx_TamperTimeStampIRQHandler:00000098 $d
     /tmp/ccJJmYHT.s:744    .text.HAL_RTCEx_PollForTimeStampEvent:00000000 $t
     /tmp/ccJJmYHT.s:750    .text.HAL_RTCEx_PollForTimeStampEvent:00000000 HAL_RTCEx_PollForTimeStampEvent
     /tmp/ccJJmYHT.s:808    .text.HAL_RTCEx_PollForTimeStampEvent:0000005c $d
     /tmp/ccJJmYHT.s:811    .text.HAL_RTCEx_PollForTamper1Event:00000000 $t
     /tmp/ccJJmYHT.s:817    .text.HAL_RTCEx_PollForTamper1Event:00000000 HAL_RTCEx_PollForTamper1Event
     /tmp/ccJJmYHT.s:864    .text.HAL_RTCEx_PollForTamper1Event:00000048 $d
     /tmp/ccJJmYHT.s:867    .text.HAL_RTCEx_PollForTamper2Event:00000000 $t
     /tmp/ccJJmYHT.s:873    .text.HAL_RTCEx_PollForTamper2Event:00000000 HAL_RTCEx_PollForTamper2Event
     /tmp/ccJJmYHT.s:920    .text.HAL_RTCEx_PollForTamper2Event:00000048 $d
     /tmp/ccJJmYHT.s:923    .text.HAL_RTCEx_PollForTamper3Event:00000000 $t
     /tmp/ccJJmYHT.s:929    .text.HAL_RTCEx_PollForTamper3Event:00000000 HAL_RTCEx_PollForTamper3Event
     /tmp/ccJJmYHT.s:976    .text.HAL_RTCEx_PollForTamper3Event:00000048 $d
     /tmp/ccJJmYHT.s:979    .text.HAL_RTCEx_SetWakeUpTimer:00000000 $t
     /tmp/ccJJmYHT.s:985    .text.HAL_RTCEx_SetWakeUpTimer:00000000 HAL_RTCEx_SetWakeUpTimer
     /tmp/ccJJmYHT.s:1088   .text.HAL_RTCEx_SetWakeUpTimer:000000bc $d
     /tmp/ccJJmYHT.s:1091   .text.HAL_RTCEx_SetWakeUpTimer_IT:00000000 $t
     /tmp/ccJJmYHT.s:1097   .text.HAL_RTCEx_SetWakeUpTimer_IT:00000000 HAL_RTCEx_SetWakeUpTimer_IT
     /tmp/ccJJmYHT.s:1219   .text.HAL_RTCEx_SetWakeUpTimer_IT:000000e0 $d
     /tmp/ccJJmYHT.s:1224   .text.HAL_RTCEx_DeactivateWakeUpTimer:00000000 $t
     /tmp/ccJJmYHT.s:1230   .text.HAL_RTCEx_DeactivateWakeUpTimer:00000000 HAL_RTCEx_DeactivateWakeUpTimer
     /tmp/ccJJmYHT.s:1297   .text.HAL_RTCEx_DeactivateWakeUpTimer:00000078 $d
     /tmp/ccJJmYHT.s:1301   .text.HAL_RTCEx_GetWakeUpTimer:00000000 $t
     /tmp/ccJJmYHT.s:1307   .text.HAL_RTCEx_GetWakeUpTimer:00000000 HAL_RTCEx_GetWakeUpTimer
ARM GAS  /tmp/ccJJmYHT.s 			page 36


     /tmp/ccJJmYHT.s:1318   .text.HAL_RTCEx_WakeUpTimerEventCallback:00000000 $t
     /tmp/ccJJmYHT.s:1324   .text.HAL_RTCEx_WakeUpTimerEventCallback:00000000 HAL_RTCEx_WakeUpTimerEventCallback
     /tmp/ccJJmYHT.s:1332   .text.HAL_RTCEx_WakeUpTimerIRQHandler:00000000 $t
     /tmp/ccJJmYHT.s:1338   .text.HAL_RTCEx_WakeUpTimerIRQHandler:00000000 HAL_RTCEx_WakeUpTimerIRQHandler
     /tmp/ccJJmYHT.s:1367   .text.HAL_RTCEx_WakeUpTimerIRQHandler:0000002c $d
     /tmp/ccJJmYHT.s:1371   .text.HAL_RTCEx_PollForWakeUpTimerEvent:00000000 $t
     /tmp/ccJJmYHT.s:1377   .text.HAL_RTCEx_PollForWakeUpTimerEvent:00000000 HAL_RTCEx_PollForWakeUpTimerEvent
     /tmp/ccJJmYHT.s:1424   .text.HAL_RTCEx_PollForWakeUpTimerEvent:00000048 $d
     /tmp/ccJJmYHT.s:1427   .text.HAL_RTCEx_BKUPWrite:00000000 $t
     /tmp/ccJJmYHT.s:1433   .text.HAL_RTCEx_BKUPWrite:00000000 HAL_RTCEx_BKUPWrite
     /tmp/ccJJmYHT.s:1446   .text.HAL_RTCEx_BKUPRead:00000000 $t
     /tmp/ccJJmYHT.s:1452   .text.HAL_RTCEx_BKUPRead:00000000 HAL_RTCEx_BKUPRead
     /tmp/ccJJmYHT.s:1465   .text.HAL_RTCEx_SetSmoothCalib:00000000 $t
     /tmp/ccJJmYHT.s:1471   .text.HAL_RTCEx_SetSmoothCalib:00000000 HAL_RTCEx_SetSmoothCalib
     /tmp/ccJJmYHT.s:1543   .text.HAL_RTCEx_SetSynchroShift:00000000 $t
     /tmp/ccJJmYHT.s:1549   .text.HAL_RTCEx_SetSynchroShift:00000000 HAL_RTCEx_SetSynchroShift
     /tmp/ccJJmYHT.s:1634   .text.HAL_RTCEx_SetCalibrationOutPut:00000000 $t
     /tmp/ccJJmYHT.s:1640   .text.HAL_RTCEx_SetCalibrationOutPut:00000000 HAL_RTCEx_SetCalibrationOutPut
     /tmp/ccJJmYHT.s:1683   .text.HAL_RTCEx_SetCalibrationOutPut:00000048 $d
     /tmp/ccJJmYHT.s:1686   .text.HAL_RTCEx_DeactivateCalibrationOutPut:00000000 $t
     /tmp/ccJJmYHT.s:1692   .text.HAL_RTCEx_DeactivateCalibrationOutPut:00000000 HAL_RTCEx_DeactivateCalibrationOutPut
     /tmp/ccJJmYHT.s:1726   .text.HAL_RTCEx_DeactivateCalibrationOutPut:00000034 $d
     /tmp/ccJJmYHT.s:1729   .text.HAL_RTCEx_SetRefClock:00000000 $t
     /tmp/ccJJmYHT.s:1735   .text.HAL_RTCEx_SetRefClock:00000000 HAL_RTCEx_SetRefClock
     /tmp/ccJJmYHT.s:1786   .text.HAL_RTCEx_DeactivateRefClock:00000000 $t
     /tmp/ccJJmYHT.s:1792   .text.HAL_RTCEx_DeactivateRefClock:00000000 HAL_RTCEx_DeactivateRefClock
     /tmp/ccJJmYHT.s:1843   .text.HAL_RTCEx_EnableBypassShadow:00000000 $t
     /tmp/ccJJmYHT.s:1849   .text.HAL_RTCEx_EnableBypassShadow:00000000 HAL_RTCEx_EnableBypassShadow
     /tmp/ccJJmYHT.s:1882   .text.HAL_RTCEx_DisableBypassShadow:00000000 $t
     /tmp/ccJJmYHT.s:1888   .text.HAL_RTCEx_DisableBypassShadow:00000000 HAL_RTCEx_DisableBypassShadow
     /tmp/ccJJmYHT.s:1921   .text.HAL_RTCEx_AlarmBEventCallback:00000000 $t
     /tmp/ccJJmYHT.s:1927   .text.HAL_RTCEx_AlarmBEventCallback:00000000 HAL_RTCEx_AlarmBEventCallback
     /tmp/ccJJmYHT.s:1935   .text.HAL_RTCEx_PollForAlarmBEvent:00000000 $t
     /tmp/ccJJmYHT.s:1941   .text.HAL_RTCEx_PollForAlarmBEvent:00000000 HAL_RTCEx_PollForAlarmBEvent
     /tmp/ccJJmYHT.s:1988   .text.HAL_RTCEx_PollForAlarmBEvent:00000048 $d

UNDEFINED SYMBOLS
RTC_Bcd2ToByte
HAL_GetTick
HAL_RTC_WaitForSynchro
RTC_EnterInitMode
